Log file open, 04/18/18 15:05:45
LogWindows: Failed to load 'aqProf.dll' (GetLastError=126)
LogWindows: File 'aqProf.dll' does not exist
LogWindows: Failed to load 'VtuneApi.dll' (GetLastError=126)
LogWindows: File 'VtuneApi.dll' does not exist
LogWindows: Failed to load 'VtuneApi32e.dll' (GetLastError=126)
LogWindows: File 'VtuneApi32e.dll' does not exist
LogInit: Display: Running engine for game: CyberWar
LogPlatformFile: Not using cached read wrapper
LogInit: Display: RandInit(1543801817) SRandInit(1543801817).
LogInit: Read version file with build ID '3709383'
LogInit: Overriding engine version to CL 3832480, compatible CL 3709383
LogInit: Registered custom module enumerator with build ID '3709383'
LogTaskGraph: Started task graph with 5 named threads and 8 total threads with 3 sets of task threads.
LogStats: Stats thread started at 0.127895
LogD3D11RHI: Aftermath initialized
LogModuleManager: Display: Found up-to-date module file ../../../Engine/Plugins/Marketplace/VaRestPlugin/Binaries/Win64/UE4Editor-VaRestPlugin.dll (API version 3709383).
LogModuleManager: Display: Found up-to-date module file ../../../Engine/Plugins/Marketplace/VaRestPlugin/Binaries/Win64/UE4Editor-VaRestEditorPlugin.dll (API version 3709383).
LogModuleManager: Display: Found up-to-date module file ../../../Engine/Plugins/Marketplace/LowEntrySocketConnection/Binaries/Win64/UE4Editor-LowEntrySocketConnection.dll (API version 3709383).
LogModuleManager: Display: Found up-to-date module file ../../../Engine/Plugins/Marketplace/LowEntryExtStdLib/Binaries/Win64/UE4Editor-LowEntryExtendedStandardLibrary.dll (API version 3709383).
LogModuleManager: Display: Found up-to-date module file ../../../Engine/Plugins/Marketplace/LowEntryExtStdLib/Binaries/Win64/UE4Editor-LowEntryExtendedStandardLibraryEditor.dll (API version 3709383).
LogModuleManager: Display: Found up-to-date module file ../../../Engine/Plugins/Online/OnlineFramework/Binaries/Win64/UE4Editor-Qos.dll (API version 3709383).
LogModuleManager: Display: Found up-to-date module file ../../../Engine/Plugins/Online/OnlineFramework/Binaries/Win64/UE4Editor-Party.dll (API version 3709383).
LogModuleManager: Display: Found up-to-date module file ../../../Engine/Plugins/Online/OnlineFramework/Binaries/Win64/UE4Editor-Lobby.dll (API version 3709383).
LogModuleManager: Display: Found up-to-date module file ../../../Engine/Plugins/Online/OnlineFramework/Binaries/Win64/UE4Editor-Hotfix.dll (API version 3709383).
LogModuleManager: Display: Found up-to-date module file ../../../Engine/Plugins/Online/OnlineFramework/Binaries/Win64/UE4Editor-Rejoin.dll (API version 3709383).
LogModuleManager: Display: Found up-to-date module file ../../../Engine/Plugins/Online/OnlineFramework/Binaries/Win64/UE4Editor-LoginFlow.dll (API version 3709383).
LogModuleManager: Display: Found up-to-date module file ../../../Engine/Plugins/Online/OnlineSubsystem/Binaries/Win64/UE4Editor-OnlineSubsystem.dll (API version 3709383).
LogModuleManager: Display: Found up-to-date module file ../../../Engine/Plugins/Online/OnlineSubsystemUtils/Binaries/Win64/UE4Editor-OnlineSubsystemUtils.dll (API version 3709383).
LogModuleManager: Display: Found up-to-date module file ../../../Engine/Plugins/Online/OnlineSubsystemUtils/Binaries/Win64/UE4Editor-OnlineBlueprintSupport.dll (API version 3709383).
LogModuleManager: Display: Found up-to-date module file ../../../Engine/Plugins/2D/Paper2D/Binaries/Win64/UE4Editor-Paper2D.dll (API version 3709383).
LogModuleManager: Display: Found up-to-date module file ../../../Engine/Plugins/2D/Paper2D/Binaries/Win64/UE4Editor-Paper2DEditor.dll (API version 3709383).
LogModuleManager: Display: Found up-to-date module file ../../../Engine/Plugins/2D/Paper2D/Binaries/Win64/UE4Editor-PaperSpriteSheetImporter.dll (API version 3709383).
LogModuleManager: Display: Found up-to-date module file ../../../Engine/Plugins/2D/Paper2D/Binaries/Win64/UE4Editor-PaperTiledImporter.dll (API version 3709383).
LogModuleManager: Display: Found up-to-date module file ../../../Engine/Plugins/2D/Paper2D/Binaries/Win64/UE4Editor-SmartSnapping.dll (API version 3709383).
LogModuleManager: Display: Found up-to-date module file ../../../Engine/Plugins/Blendables/LightPropagationVolume/Binaries/Win64/UE4Editor-LightPropagationVolumeRuntime.dll (API version 3709383).
LogModuleManager: Display: Found up-to-date module file ../../../Engine/Plugins/Blendables/LightPropagationVolume/Binaries/Win64/UE4Editor-LightPropagationVolumeEditor.dll (API version 3709383).
LogModuleManager: Display: Found up-to-date module file ../../../Engine/Plugins/Developer/GitSourceControl/Binaries/Win64/UE4Editor-GitSourceControl.dll (API version 3709383).
LogModuleManager: Display: Found up-to-date module file ../../../Engine/Plugins/Developer/PerforceSourceControl/Binaries/Win64/UE4Editor-PerforceSourceControl.dll (API version 3709383).
LogModuleManager: Display: Found up-to-date module file ../../../Engine/Plugins/Developer/SubversionSourceControl/Binaries/Win64/UE4Editor-SubversionSourceControl.dll (API version 3709383).
LogModuleManager: Display: Found up-to-date module file ../../../Engine/Plugins/Developer/UObjectPlugin/Binaries/Win64/UE4Editor-UObjectPlugin.dll (API version 3709383).
LogModuleManager: Display: Found up-to-date module file ../../../Engine/Plugins/Developer/VisualStudioSourceCodeAccess/Binaries/Win64/UE4Editor-VisualStudioSourceCodeAccess.dll (API version 3709383).
LogModuleManager: Display: Found up-to-date module file ../../../Engine/Plugins/Editor/AssetManagerEditor/Binaries/Win64/UE4Editor-AssetManagerEditor.dll (API version 3709383).
LogModuleManager: Display: Found up-to-date module file ../../../Engine/Plugins/Editor/AudioCapture/Binaries/Win64/UE4Editor-AudioCapture.dll (API version 3709383).
LogModuleManager: Display: Found up-to-date module file ../../../Engine/Plugins/Editor/FacialAnimation/Binaries/Win64/UE4Editor-FacialAnimation.dll (API version 3709383).
LogModuleManager: Display: Found up-to-date module file ../../../Engine/Plugins/Editor/FacialAnimation/Binaries/Win64/UE4Editor-FacialAnimationEditor.dll (API version 3709383).
LogModuleManager: Display: Found up-to-date module file ../../../Engine/Plugins/Editor/GameplayTagsEditor/Binaries/Win64/UE4Editor-GameplayTagsEditor.dll (API version 3709383).
LogModuleManager: Display: Found up-to-date module file ../../../Engine/Plugins/Editor/MobileLauncherProfileWizard/Binaries/Win64/UE4Editor-MobileLauncherProfileWizard.dll (API version 3709383).
LogModuleManager: Display: Found up-to-date module file ../../../Engine/Plugins/Editor/PluginBrowser/Binaries/Win64/UE4Editor-PluginBrowser.dll (API version 3709383).
LogModuleManager: Display: Found up-to-date module file ../../../Engine/Plugins/Editor/SpeedTreeImporter/Binaries/Win64/UE4Editor-SpeedTreeImporter.dll (API version 3709383).
LogModuleManager: Display: Found up-to-date module file ../../../Engine/Plugins/Experimental/AlembicImporter/Binaries/Win64/UE4Editor-AlembicImporter.dll (API version 3709383).
LogModuleManager: Display: Found up-to-date module file ../../../Engine/Plugins/Experimental/AlembicImporter/Binaries/Win64/UE4Editor-AlembicLibrary.dll (API version 3709383).
LogModuleManager: Display: Found up-to-date module file ../../../Engine/Plugins/Experimental/CharacterAI/Binaries/Win64/UE4Editor-CharacterAI.dll (API version 3709383).
LogModuleManager: Display: Found up-to-date module file ../../../Engine/Plugins/Experimental/HTML5Networking/Binaries/Win64/UE4Editor-HTML5Networking.dll (API version 3709383).
LogModuleManager: Display: Found up-to-date module file ../../../Engine/Plugins/Media/AvfMedia/Binaries/Win64/UE4Editor-AvfMediaEditor.dll (API version 3709383).
LogModuleManager: Display: Found up-to-date module file ../../../Engine/Plugins/Media/AvfMedia/Binaries/Win64/UE4Editor-AvfMediaFactory.dll (API version 3709383).
LogModuleManager: Display: Found up-to-date module file ../../../Engine/Plugins/Media/AvfMedia/Binaries/Win64/UE4Editor-AvfMediaFactory.dll (API version 3709383).
LogModuleManager: Display: Found up-to-date module file ../../../Engine/Plugins/Media/ImgMedia/Binaries/Win64/UE4Editor-ImgMedia.dll (API version 3709383).
LogModuleManager: Display: Found up-to-date module file ../../../Engine/Plugins/Media/ImgMedia/Binaries/Win64/UE4Editor-ImgMediaEditor.dll (API version 3709383).
LogModuleManager: Display: Found up-to-date module file ../../../Engine/Plugins/Media/ImgMedia/Binaries/Win64/UE4Editor-ImgMediaFactory.dll (API version 3709383).
LogModuleManager: Display: Found up-to-date module file ../../../Engine/Plugins/Media/ImgMedia/Binaries/Win64/UE4Editor-ImgMediaFactory.dll (API version 3709383).
LogModuleManager: Display: Found up-to-date module file ../../../Engine/Plugins/Media/ImgMedia/Binaries/Win64/UE4Editor-OpenExrWrapper.dll (API version 3709383).
LogModuleManager: Display: Found up-to-date module file ../../../Engine/Plugins/Media/MediaCompositing/Binaries/Win64/UE4Editor-MediaCompositing.dll (API version 3709383).
LogModuleManager: Display: Found up-to-date module file ../../../Engine/Plugins/Media/MediaCompositing/Binaries/Win64/UE4Editor-MediaCompositingEditor.dll (API version 3709383).
LogModuleManager: Display: Found up-to-date module file ../../../Engine/Plugins/Media/MediaPlayerEditor/Binaries/Win64/UE4Editor-MediaPlayerEditor.dll (API version 3709383).
LogModuleManager: Display: Found up-to-date module file ../../../Engine/Plugins/Media/WmfMedia/Binaries/Win64/UE4Editor-WmfMedia.dll (API version 3709383).
LogModuleManager: Display: Found up-to-date module file ../../../Engine/Plugins/Media/WmfMedia/Binaries/Win64/UE4Editor-WmfMediaEditor.dll (API version 3709383).
LogModuleManager: Display: Found up-to-date module file ../../../Engine/Plugins/Media/WmfMedia/Binaries/Win64/UE4Editor-WmfMediaFactory.dll (API version 3709383).
LogModuleManager: Display: Found up-to-date module file ../../../Engine/Plugins/Media/WmfMedia/Binaries/Win64/UE4Editor-WmfMediaFactory.dll (API version 3709383).
LogModuleManager: Display: Found up-to-date module file ../../../Engine/Plugins/Messaging/TcpMessaging/Binaries/Win64/UE4Editor-TcpMessaging.dll (API version 3709383).
LogModuleManager: Display: Found up-to-date module file ../../../Engine/Plugins/Messaging/UdpMessaging/Binaries/Win64/UE4Editor-UdpMessaging.dll (API version 3709383).
LogModuleManager: Display: Found up-to-date module file ../../../Engine/Plugins/MovieScene/ActorSequence/Binaries/Win64/UE4Editor-ActorSequence.dll (API version 3709383).
LogModuleManager: Display: Found up-to-date module file ../../../Engine/Plugins/MovieScene/LevelSequenceEditor/Binaries/Win64/UE4Editor-LevelSequenceEditor.dll (API version 3709383).
LogModuleManager: Display: Found up-to-date module file ../../../Engine/Plugins/MovieScene/MatineeToLevelSequence/Binaries/Win64/UE4Editor-MatineeToLevelSequence.dll (API version 3709383).
LogModuleManager: Display: Found up-to-date module file ../../../Engine/Plugins/Runtime/AndroidDeviceProfileSelector/Binaries/Win64/UE4Editor-AndroidDeviceProfileSelector.dll (API version 3709383).
LogModuleManager: Display: Found up-to-date module file ../../../Engine/Plugins/Runtime/ArchVisCharacter/Binaries/Win64/UE4Editor-ArchVisCharacter.dll (API version 3709383).
LogModuleManager: Display: Found up-to-date module file ../../../Engine/Plugins/Runtime/CableComponent/Binaries/Win64/UE4Editor-CableComponent.dll (API version 3709383).
LogModuleManager: Display: Found up-to-date module file ../../../Engine/Plugins/Runtime/CustomMeshComponent/Binaries/Win64/UE4Editor-CustomMeshComponent.dll (API version 3709383).
LogModuleManager: Display: Found up-to-date module file ../../../Engine/Plugins/Runtime/ExampleDeviceProfileSelector/Binaries/Win64/UE4Editor-ExampleDeviceProfileSelector.dll (API version 3709383).
LogModuleManager: Display: Found up-to-date module file ../../../Engine/Plugins/Runtime/ImmediatePhysics/Binaries/Win64/UE4Editor-ImmediatePhysics.dll (API version 3709383).
LogModuleManager: Display: Found up-to-date module file ../../../Engine/Plugins/Runtime/ImmediatePhysics/Binaries/Win64/UE4Editor-ImmediatePhysicsEditor.dll (API version 3709383).
LogModuleManager: Display: Found up-to-date module file ../../../Engine/Plugins/Runtime/Oculus/OculusVR/Binaries/Win64/UE4Editor-OculusHMD.dll (API version 3709383).
LogModuleManager: Display: Found up-to-date module file ../../../Engine/Plugins/Runtime/Oculus/OculusVR/Binaries/Win64/UE4Editor-OculusInput.dll (API version 3709383).
LogModuleManager: Display: Found up-to-date module file ../../../Engine/Plugins/Runtime/Oculus/OculusVR/Binaries/Win64/UE4Editor-OculusEditor.dll (API version 3709383).
LogModuleManager: Display: Found up-to-date module file ../../../Engine/Plugins/Runtime/PhysXVehicles/Binaries/Win64/UE4Editor-PhysXVehicles.dll (API version 3709383).
LogModuleManager: Display: Found up-to-date module file ../../../Engine/Plugins/Runtime/PhysXVehicles/Binaries/Win64/UE4Editor-PhysXVehiclesEditor.dll (API version 3709383).
LogModuleManager: Display: Found up-to-date module file ../../../Engine/Plugins/Runtime/ProceduralMeshComponent/Binaries/Win64/UE4Editor-ProceduralMeshComponent.dll (API version 3709383).
LogModuleManager: Display: Found up-to-date module file ../../../Engine/Plugins/Runtime/ProceduralMeshComponent/Binaries/Win64/UE4Editor-ProceduralMeshComponentEditor.dll (API version 3709383).
LogModuleManager: Display: Found up-to-date module file ../../../Engine/Plugins/Runtime/RuntimePhysXCooking/Binaries/Win64/UE4Editor-RuntimePhysXCooking.dll (API version 3709383).
LogModuleManager: Display: Found up-to-date module file ../../../Engine/Plugins/Runtime/Steam/SteamVR/Binaries/Win64/UE4Editor-SteamVR.dll (API version 3709383).
LogModuleManager: Display: Found up-to-date module file ../../../Engine/Plugins/Runtime/Steam/SteamVR/Binaries/Win64/UE4Editor-SteamVRController.dll (API version 3709383).
LogModuleManager: Display: Found up-to-date module file ../../../Engine/Plugins/Runtime/WindowsMoviePlayer/Binaries/Win64/UE4Editor-WindowsMoviePlayer.dll (API version 3709383).
LogPluginManager: Mounting plugin Paper2D
LogPluginManager: Mounting plugin LightPropagationVolume
LogPluginManager: Mounting plugin GitSourceControl
LogPluginManager: Mounting plugin KDevelopSourceCodeAccess
LogPluginManager: Mounting plugin NullSourceCodeAccess
LogPluginManager: Mounting plugin PerforceSourceControl
LogPluginManager: Mounting plugin SubversionSourceControl
LogPluginManager: Mounting plugin UObjectPlugin
LogPluginManager: Mounting plugin VisualStudioSourceCodeAccess
LogPluginManager: Mounting plugin AssetManagerEditor
LogPluginManager: Mounting plugin AudioCapture
LogPluginManager: Mounting plugin FacialAnimation
LogPluginManager: Mounting plugin GameplayTagsEditor
LogPluginManager: Mounting plugin MobileLauncherProfileWizard
LogPluginManager: Mounting plugin PluginBrowser
LogPluginManager: Mounting plugin SpeedTreeImporter
LogPluginManager: Mounting plugin AlembicImporter
LogPluginManager: Mounting plugin CharacterAI
LogPluginManager: Mounting plugin HTML5Networking
LogPluginManager: Mounting plugin LowEntryExtStdLib
LogPluginManager: Mounting plugin LowEntrySocketConnection
LogPluginManager: Mounting plugin VaRestPlugin
LogPluginManager: Mounting plugin AvfMedia
LogPluginManager: Mounting plugin ImgMedia
LogPluginManager: Mounting plugin MediaCompositing
LogPluginManager: Mounting plugin MediaPlayerEditor
LogPluginManager: Mounting plugin WmfMedia
LogPluginManager: Mounting plugin TcpMessaging
LogPluginManager: Mounting plugin UdpMessaging
LogPluginManager: Mounting plugin ActorSequence
LogPluginManager: Mounting plugin LevelSequenceEditor
LogPluginManager: Mounting plugin MatineeToLevelSequence
LogPluginManager: Mounting plugin OnlineFramework
LogPluginManager: Mounting plugin OnlineSubsystem
LogPluginManager: Mounting plugin OnlineSubsystemUtils
LogPluginManager: Mounting plugin AndroidDeviceProfileSelector
LogPluginManager: Mounting plugin ArchVisCharacter
LogPluginManager: Mounting plugin CableComponent
LogPluginManager: Mounting plugin CustomMeshComponent
LogPluginManager: Mounting plugin ExampleDeviceProfileSelector
LogPluginManager: Mounting plugin ImmediatePhysics
LogPluginManager: Mounting plugin IOSDeviceProfileSelector
LogPluginManager: Mounting plugin LinuxDeviceProfileSelector
LogPluginManager: Mounting plugin OculusVR
LogPluginManager: Plugin shader directory ../../../Engine/Plugins/Runtime/Oculus/OculusVR/Shaders found
LogPluginManager: Mapping shader source directory ../../../Engine/Plugins/Runtime/Oculus/OculusVR/Shaders to virtual directory /Plugin/OculusVR
LogPluginManager: Mounting plugin PhysXVehicles
LogPluginManager: Mounting plugin ProceduralMeshComponent
LogPluginManager: Mounting plugin RuntimePhysXCooking
LogPluginManager: Mounting plugin SteamVR
LogPluginManager: Mounting plugin WindowsMoviePlayer
LogInit: Using libcurl 7.47.1
LogInit:  - built for x86_64-pc-win32
LogInit:  - supports SSL with OpenSSL/1.0.2g
LogInit:  - supports HTTP deflate (compression) using libz 1.2.8
LogInit:  - other features:
LogInit:      CURL_VERSION_SSL
LogInit:      CURL_VERSION_LIBZ
LogInit:      CURL_VERSION_IPV6
LogInit:      CURL_VERSION_ASYNCHDNS
LogInit:      CURL_VERSION_LARGEFILE
LogInit:      CURL_VERSION_IDN
LogInit:  CurlRequestOptions (configurable via config and command line):
LogInit:  - bVerifyPeer = false  - Libcurl will NOT verify peer certificate
LogInit:  - bUseHttpProxy = false  - Libcurl will NOT use HTTP proxy
LogInit:  - bDontReuseConnections = false  - Libcurl will reuse connections
LogInit:  - CertBundlePath = nullptr  - Libcurl will use whatever was configured at build time.
LogInit: Build: ++UE4+Release-4.18-CL-3832480
LogInit: Engine Version: 4.18.3-3832480+++UE4+Release-4.18
LogInit: Compatible Engine Version: 4.18.0-3709383+++UE4+Release-4.18
LogInit: Net CL: 3709383
LogDevObjectVersion: Number of dev versions registered: 16
LogDevObjectVersion:   Dev-Blueprints (B0D832E4-1F89-4F0D-ACCF-7EB736FD4AA2): 10
LogDevObjectVersion:   Dev-Build (E1C64328-A22C-4D53-A36C-8E866417BD8C): 0
LogDevObjectVersion:   Dev-Core (375EC13C-06E4-48FB-B500-84F0262A717E): 2
LogDevObjectVersion:   Dev-Editor (E4B068ED-F494-42E9-A231-DA0B2E46BB41): 20
LogDevObjectVersion:   Dev-Framework (CFFC743F-43B0-4480-9391-14DF171D2073): 30
LogDevObjectVersion:   Dev-Mobile (B02B49B5-BB20-44E9-A304-32B752E40360): 0
LogDevObjectVersion:   Dev-Networking (A4E4105C-59A1-49B5-A7C5-40C4547EDFEE): 0
LogDevObjectVersion:   Dev-Online (39C831C9-5AE6-47DC-9A44-9C173E1C8E7C): 0
LogDevObjectVersion:   Dev-Physics (78F01B33-EBEA-4F98-B9B4-84EACCB95AA2): 0
LogDevObjectVersion:   Dev-Platform (6631380F-2D4D-43E0-8009-CF276956A95A): 0
LogDevObjectVersion:   Dev-Rendering (12F88B9F-8875-4AFC-A67C-D90C383ABD29): 20
LogDevObjectVersion:   Dev-Sequencer (7B5AE74C-D270-4C10-A958-57980B212A5A): 4
LogDevObjectVersion:   Dev-VR (D7296918-1DD6-4BDD-9DE2-64A83CC13884): 0
LogDevObjectVersion:   Dev-LoadTimes (C2A15278-BFE7-4AFE-6C17-90FF531DF755): 1
LogDevObjectVersion:   Private-Geometry (6EACA3D4-40EC-4CC1-B786-8BED09428FC5): 1
LogDevObjectVersion:   Dev-AnimPhys (29E575DD-E0A3-4627-9D10-D276232CDCEA): 12
LogInit: Compiled (64-bit): Jan 12 2018 02:04:55
LogInit: Compiled with Visual C++: 19.00.24215.01
LogInit: Build Configuration: Development
LogInit: Branch Name: ++UE4+Release-4.18
LogInit: Command line:  -game
LogInit: Base directory: F:/Soft/Epic Games/UE_4.18/Engine/Binaries/Win64/
LogInit: Installed Engine Build: 1
LogInit: Presizing for max 8388607 objects, including 0 objects not considered by GC, pre-allocating 0 bytes for permanent pool.
LogInit: Object subsystem initialized
[2018.04.18-12.05.47:160][  0]LogInit: Selected Device Profile: [Windows]
[2018.04.18-12.05.47:160][  0]LogInit: Applying CVar settings loaded from the selected device profile: [Windows]
[2018.04.18-12.05.47:192][  0]LogInit: Computer: DESKTOP-38OIRC4
[2018.04.18-12.05.47:192][  0]LogInit: User: root
[2018.04.18-12.05.47:192][  0]LogInit: CPU Page size=4096, Cores=2
[2018.04.18-12.05.47:192][  0]LogInit: High frequency timer resolution =2.825504 MHz
[2018.04.18-12.05.47:192][  0]LogMemory: Memory total: Physical=7.9GB (8GB approx)
[2018.04.18-12.05.47:192][  0]LogMemory: Platform Memory Stats for Windows
[2018.04.18-12.05.47:192][  0]LogMemory: Process Physical Memory: 272.43 MB used, 272.43 MB peak
[2018.04.18-12.05.47:193][  0]LogMemory: Process Virtual Memory: 269.43 MB used, 269.43 MB peak
[2018.04.18-12.05.47:193][  0]LogMemory: Physical Memory: 7007.72 MB used,  1101.57 MB free, 8109.29 MB total
[2018.04.18-12.05.47:193][  0]LogMemory: Virtual Memory: 673.14 MB used,  1101.57 MB free, 134217728.00 MB total
[2018.04.18-12.05.47:301][  0]LogInit: Using OS detected language (ru-RU).
[2018.04.18-12.05.47:301][  0]LogInit: Using OS detected locale (ru-RU).
[2018.04.18-12.05.47:303][  0]LogTextLocalizationManager: No localization for 'ru-RU' exists, so 'en' will be used for the language.
[2018.04.18-12.05.47:304][  0]LogTextLocalizationManager: No localization for 'ru-RU' exists, so 'en' will be used for the locale.
[2018.04.18-12.05.47:947][  0]LogD3D11RHI: D3D11 adapters:
[2018.04.18-12.05.48:701][  0]LogD3D11RHI:    0. 'NVIDIA GeForce 840M' (Feature Level 11_0)
[2018.04.18-12.05.48:702][  0]LogD3D11RHI:       2020/0/4054 MB DedicatedVideo/DedicatedSystem/SharedSystem, Outputs:1, VendorId:0x10de
[2018.04.18-12.05.48:750][  0]LogD3D11RHI:    1. 'Intel(R) HD Graphics 4600' (Feature Level 11_0)
[2018.04.18-12.05.48:750][  0]LogD3D11RHI:       112/0/2048 MB DedicatedVideo/DedicatedSystem/SharedSystem, Outputs:0, VendorId:0x8086
[2018.04.18-12.05.48:791][  0]LogD3D11RHI:    2. 'Microsoft Basic Render Driver' (Feature Level 11_0)
[2018.04.18-12.05.48:791][  0]LogD3D11RHI:       0/0/4054 MB DedicatedVideo/DedicatedSystem/SharedSystem, Outputs:0, VendorId:0x1414
[2018.04.18-12.05.48:791][  0]LogD3D11RHI: Chosen D3D11 Adapter: 0
[2018.04.18-12.05.48:798][  0]LogD3D11RHI: Creating new Direct3DDevice
[2018.04.18-12.05.48:798][  0]LogD3D11RHI:     GPU DeviceId: 0x1341 (for the marketing name, search the web for "GPU Device Id")
[2018.04.18-12.05.48:798][  0]LogWindows: EnumDisplayDevices:
[2018.04.18-12.05.48:798][  0]LogWindows:    0. 'Intel(R) HD Graphics 4600' (P:1 D:1)
[2018.04.18-12.05.48:799][  0]LogWindows:    1. 'Intel(R) HD Graphics 4600' (P:0 D:0)
[2018.04.18-12.05.48:799][  0]LogWindows:    2. 'Intel(R) HD Graphics 4600' (P:0 D:0)
[2018.04.18-12.05.48:799][  0]LogWindows: DebugString: GetVideoDriverDetailsInvalid PrimaryIsNotTheChoosenAdapter GetVideoDriverDetailsInvalid PrimaryIsNotTheChoosenAdapter GetVideoDriverDetailsInvalid PrimaryIsNotTheChoosenAdapter FoundDriverCount:0 
[2018.04.18-12.05.48:799][  0]LogD3D11RHI:     Adapter Name: NVIDIA GeForce 840M
[2018.04.18-12.05.48:799][  0]LogD3D11RHI:   Driver Version: Unknown (internal:Unknown, unified:Unknown)
[2018.04.18-12.05.48:799][  0]LogD3D11RHI:      Driver Date: Unknown
[2018.04.18-12.05.48:799][  0]LogRHI: Texture pool is 1414 MB (70% of 2020 MB)
[2018.04.18-12.05.48:822][  0]LogD3D11RHI: Async texture creation enabled
[2018.04.18-12.05.48:836][  0]LogD3D11RHI: GPU Timing Frequency: 1000.000000 (Debug: 2 1)
[2018.04.18-12.05.48:837][  0]LogShaderCompilers: Guid format shader working directory is -7 characters bigger than the processId version (../../../../../../Development/Mary/Cyber-War/CyberWar/Intermediate/Shaders/WorkingDirectory/328/).
[2018.04.18-12.05.48:837][  0]LogShaderCompilers: Cleaned the shader compiler working directory 'C:/Users/root/AppData/Local/Temp/UnrealShaderWorkingDir/6705FC514AA09764D79D33994E11AA77/'.
[2018.04.18-12.05.48:837][  0]LogShaderCompilers: Display: Using Local Shader Compiler.
[2018.04.18-12.05.50:137][  0]LogTemp: Display: Loaded TP WindowsClientTargetPlatform
[2018.04.18-12.05.50:212][  0]LogTemp: Display: Loaded TP WindowsNoEditorTargetPlatform
[2018.04.18-12.05.50:292][  0]LogTemp: Display: Loaded TP WindowsServerTargetPlatform
[2018.04.18-12.05.50:343][  0]LogTemp: Display: Loaded TP WindowsTargetPlatform
[2018.04.18-12.05.50:343][  0]LogTargetPlatformManager: Display: Building Assets For Windows
[2018.04.18-12.05.50:629][  0]LogDerivedDataCache: Display: Max Cache Size: 512 MB
[2018.04.18-12.05.50:742][  0]LogDerivedDataCache: Loaded boot cache 0.11s 84MB C:/Users/root/AppData/Local/UnrealEngine/4.18/DerivedDataCache/Boot.ddc.
[2018.04.18-12.05.50:742][  0]LogDerivedDataCache: Display: Loaded Boot cache: C:/Users/root/AppData/Local/UnrealEngine/4.18/DerivedDataCache/Boot.ddc
[2018.04.18-12.05.50:742][  0]LogDerivedDataCache: FDerivedDataBackendGraph:  Pak pak cache file ../../../../../../Development/Mary/Cyber-War/CyberWar/DerivedDataCache/DDC.ddp not found, will not use a pak cache.
[2018.04.18-12.05.50:742][  0]LogDerivedDataCache: Unable to find inner node Pak for hierarchical cache Hierarchy.
[2018.04.18-12.05.50:742][  0]LogDerivedDataCache: FDerivedDataBackendGraph:  CompressedPak pak cache file ../../../../../../Development/Mary/Cyber-War/CyberWar/DerivedDataCache/Compressed.ddp not found, will not use a pak cache.
[2018.04.18-12.05.50:742][  0]LogDerivedDataCache: Unable to find inner node CompressedPak for hierarchical cache Hierarchy.
[2018.04.18-12.05.50:760][  0]LogDerivedDataCache: Display: Pak cache opened for reading ../../../Engine/DerivedDataCache/Compressed.ddp.
[2018.04.18-12.05.50:773][  0]LogDerivedDataCache: Using Local data cache path C:/Users/root/AppData/Local/UnrealEngine/Common/DerivedDataCache: Writable
[2018.04.18-12.05.50:785][  0]LogMaterial: Verifying Global Shaders for PCD3D_SM5
[2018.04.18-12.05.50:819][  0]LogSlate: Using Freetype 2.6.0
[2018.04.18-12.05.50:831][  0]LogSlate: SlateFontCache - WITH_FREETYPE: 1, WITH_HARFBUZZ: 1
[2018.04.18-12.05.50:831][  0]LogSlate: SlateFontCache - WITH_FREETYPE: 1, WITH_HARFBUZZ: 1
[2018.04.18-12.05.52:477][  0]LogAssetRegistry: FAssetRegistry took 0.0046 seconds to start up
[2018.04.18-12.05.52:579][  0]LogPackageLocalizationCache: Processed 7 localized package path(s) for 1 prioritized culture(s) in 0.102256 seconds
[2018.04.18-12.05.52:735][  0]LogInit: Selected Device Profile: [Windows]
[2018.04.18-12.05.53:477][  0]LogSimplygon: Simplygon DLL not present - disabling.
[2018.04.18-12.05.53:540][  0]LogMeshReduction: Using SimplygonSwarm for distributed automatic mesh merging
[2018.04.18-12.05.53:540][  0]LogMeshReduction: Using QuadricMeshReduction for automatic static mesh reduction
[2018.04.18-12.05.53:540][  0]LogMeshReduction: No automatic skeletal mesh reduction module available
[2018.04.18-12.05.53:540][  0]LogMeshReduction: No automatic mesh merging module available
[2018.04.18-12.05.53:540][  0]LogMeshMerging: No automatic mesh merging module available
[2018.04.18-12.05.53:577][  0]LogNetVersion: CyberWar , NetCL: 3709383, EngineNetVer: 2, GameNetVer: 0 (Checksum: 2311747216)
[2018.04.18-12.05.54:184][  0]LogInit: WinSock: version 1.1 (2.2), MaxSocks=32767, MaxUdp=65467
[2018.04.18-12.05.56:608][  0]LogMoviePlayer: Initializing movie player
[2018.04.18-12.05.56:804][  0]LogWindowsTextInputMethodSystem: Display: IME system now deactivated.
[2018.04.18-12.05.57:358][  0]LogCollectionManager: Loaded 0 collections in 0.000985 seconds
[2018.04.18-12.05.57:401][  0]LogFileCache: Scanning file cache for directory 'F:/Development/Mary/Cyber-War/CyberWar/Saved/Collections/' took 0.01s
[2018.04.18-12.05.57:401][  0]LogFileCache: Scanning file cache for directory 'F:/Development/Mary/Cyber-War/CyberWar/Content/Developers/root/Collections/' took 0.01s
[2018.04.18-12.05.57:401][  0]LogFileCache: Scanning file cache for directory 'F:/Development/Mary/Cyber-War/CyberWar/Content/Collections/' took 0.01s
[2018.04.18-12.05.57:401][  0]LogCollectionManager: Rebuilt the object cache for 0 collections in 0.000000 seconds (found 0 objects)
[2018.04.18-12.05.57:401][  0]LogCollectionManager: Fixed up redirectors for 0 collections in 0.000091 seconds (updated 0 objects)
[2018.04.18-12.05.58:712][  0]SourceControl: Source control is disabled
[2018.04.18-12.05.58:712][  0]SourceControl: Source control is disabled
[2018.04.18-12.05.58:789][  0]SourceControl: Source control is disabled
[2018.04.18-12.06.00:930][  0]LogOcInput: OculusInput pre-init called
[2018.04.18-12.06.01:066][  0]LogUObjectArray: 41277 objects as part of root set at end of initial load.
[2018.04.18-12.06.01:066][  0]LogUObjectAllocator: 8748064 out of 0 bytes used by permanent object pool.
[2018.04.18-12.06.01:066][  0]LogUObjectArray: CloseDisregardForGC: 0/0 objects in disregard for GC pool
[2018.04.18-12.06.01:841][  0]LogEngine: Initializing Engine...
[2018.04.18-12.06.01:844][  0]LogHMD: Failed to initialize OpenVR with code 110
[2018.04.18-12.06.02:083][  0]LogStats: UGameplayTagsManager::ConstructGameplayTagTree: Construct from data asset -  0.000 s
[2018.04.18-12.06.02:083][  0]LogStats: UGameplayTagsManager::ConstructGameplayTagTree: GameplayTagTreeChangedEvent.Broadcast -  0.000 s
[2018.04.18-12.06.02:197][  0]LogInit: XAudio2 using 'Динамики (Realtek High Definition Audio)' : 2 channels at 44.1 kHz using 32 bits per sample (channel mask 0x3)
[2018.04.18-12.06.02:255][  0]LogInit: FAudioDevice initialized.
[2018.04.18-12.06.03:099][  0]LogDerivedDataCache: Saved boot cache 0.80s 84MB C:/Users/root/AppData/Local/UnrealEngine/4.18/DerivedDataCache/Boot.ddc.
[2018.04.18-12.06.03:125][  0]LogInit: Texture streaming: Enabled
[2018.04.18-12.06.03:226][  0]LogMaterial: Missing cached shader map for material BaseColor, compiling. 
[2018.04.18-12.06.03:226][  0]LogMaterial: Warning: F:\Soft\Epic Games\UE_4.18\Engine\Content\BufferVisualization\BaseColor.uasset: Failed to compile Material for platform PCD3D_SM5, Default Material will be used in game.
[2018.04.18-12.06.03:226][  0]LogMaterial: 	(Node SceneTexture) GBuffer scene textures not available with forward shading.
[2018.04.18-12.06.03:291][  0]LogMaterial: Uniform references updated for custom material expression Custom.
[2018.04.18-12.06.03:379][  0]LogMaterial: Missing cached shader map for material LightingModel, compiling. 
[2018.04.18-12.06.03:380][  0]LogMaterial: Warning: F:\Soft\Epic Games\UE_4.18\Engine\Content\BufferVisualization\LightingModel.uasset: Failed to compile Material for platform PCD3D_SM5, Default Material will be used in game.
[2018.04.18-12.06.03:380][  0]LogMaterial: 	(Node SceneTexture) GBuffer scene textures not available with forward shading.
[2018.04.18-12.06.03:382][  0]LogMaterial: Missing cached shader map for material MaterialAO, compiling. 
[2018.04.18-12.06.03:383][  0]LogMaterial: Warning: F:\Soft\Epic Games\UE_4.18\Engine\Content\BufferVisualization\MaterialAO.uasset: Failed to compile Material for platform PCD3D_SM5, Default Material will be used in game.
[2018.04.18-12.06.03:383][  0]LogMaterial: 	(Node SceneTexture) GBuffer scene textures not available with forward shading.
[2018.04.18-12.06.03:386][  0]LogMaterial: Missing cached shader map for material Metallic, compiling. 
[2018.04.18-12.06.03:386][  0]LogMaterial: Warning: F:\Soft\Epic Games\UE_4.18\Engine\Content\BufferVisualization\Metallic.uasset: Failed to compile Material for platform PCD3D_SM5, Default Material will be used in game.
[2018.04.18-12.06.03:386][  0]LogMaterial: 	(Node SceneTexture) GBuffer scene textures not available with forward shading.
[2018.04.18-12.06.03:388][  0]LogMaterial: Missing cached shader map for material Opacity, compiling. 
[2018.04.18-12.06.03:389][  0]LogMaterial: Warning: F:\Soft\Epic Games\UE_4.18\Engine\Content\BufferVisualization\Opacity.uasset: Failed to compile Material for platform PCD3D_SM5, Default Material will be used in game.
[2018.04.18-12.06.03:389][  0]LogMaterial: 	(Node SceneTexture) GBuffer scene textures not available with forward shading.
[2018.04.18-12.06.03:391][  0]LogMaterial: Missing cached shader map for material Roughness, compiling. 
[2018.04.18-12.06.03:392][  0]LogMaterial: Warning: F:\Soft\Epic Games\UE_4.18\Engine\Content\BufferVisualization\Roughness.uasset: Failed to compile Material for platform PCD3D_SM5, Default Material will be used in game.
[2018.04.18-12.06.03:392][  0]LogMaterial: 	(Node SceneTexture) GBuffer scene textures not available with forward shading.
[2018.04.18-12.06.05:281][  0]LogMaterial: Missing cached shader map for material Specular, compiling. 
[2018.04.18-12.06.05:281][  0]LogMaterial: Warning: F:\Soft\Epic Games\UE_4.18\Engine\Content\BufferVisualization\Specular.uasset: Failed to compile Material for platform PCD3D_SM5, Default Material will be used in game.
[2018.04.18-12.06.05:281][  0]LogMaterial: 	(Node SceneTexture) GBuffer scene textures not available with forward shading.
[2018.04.18-12.06.05:589][  0]LogMaterial: Missing cached shader map for material SubsurfaceColor, compiling. 
[2018.04.18-12.06.05:590][  0]LogMaterial: Warning: F:\Soft\Epic Games\UE_4.18\Engine\Content\BufferVisualization\SubsurfaceColor.uasset: Failed to compile Material for platform PCD3D_SM5, Default Material will be used in game.
[2018.04.18-12.06.05:590][  0]LogMaterial: 	(Node SceneTexture) GBuffer scene textures not available with forward shading.
[2018.04.18-12.06.05:630][  0]LogMaterial: Missing cached shader map for material WorldNormal, compiling. 
[2018.04.18-12.06.05:631][  0]LogMaterial: Warning: F:\Soft\Epic Games\UE_4.18\Engine\Content\BufferVisualization\WorldNormal.uasset: Failed to compile Material for platform PCD3D_SM5, Default Material will be used in game.
[2018.04.18-12.06.05:631][  0]LogMaterial: 	(Node SceneTexture) GBuffer scene textures not available with forward shading.
[2018.04.18-12.06.15:094][  0]LogMaterial: Uniform references updated for custom material expression Custom.
[2018.04.18-12.06.38:808][  0]LogPackageName: SearchForPackageOnDisk took   1.468s to resolve Login.umap.
[2018.04.18-12.06.38:991][  0]LogInit: Display: Game Engine Initialized.
[2018.04.18-12.06.38:991][  0]LogGameplayTags: Display: UGameplayTagsManager::DoneAddingNativeTags. DelegateIsBound: 0
[2018.04.18-12.06.39:695][  0]LogInit: Display: Starting Game.
[2018.04.18-12.06.39:695][  0]LogNet: Browse: /Game/Maps/Login?Name=Player
[2018.04.18-12.06.39:706][  0]LogLoad: LoadMap: /Game/Maps/Login?Name=Player
[2018.04.18-12.06.40:024][  0]LogAIModule: Creating AISystem for world Login
[2018.04.18-12.06.40:063][  0]LogLoad: Game class is 'CW_Login_GameMode_C'
[2018.04.18-12.06.40:076][  0]LogWorld: Bringing World /Game/Maps/Login.Login up for play (max tick rate 0) at 2018.04.18-15.06.40
[2018.04.18-12.06.40:076][  0]LogWorld: Bringing up level for play took: 0.000778
[2018.04.18-12.06.40:077][  0]LogGameMode: FindPlayerStart: PATHS NOT DEFINED or NO PLAYERSTART with positive rating
[2018.04.18-12.06.40:784][  0]LogLowEntrySocket: SocketConnection SendBufferSize changed to 5242880
[2018.04.18-12.06.40:784][  0]LogLowEntrySocket: SocketConnection ReceiveBufferSize changed to 5242880
[2018.04.18-12.06.40:784][  0]LogLoad: Took 1.078198 seconds to LoadMap(/Game/Maps/Login)
[2018.04.18-12.06.41:259][  0]LogRenderer: Reallocating scene render targets to support 1920x1080 Format 10 NumSamples 1 (Frame:1).
[2018.04.18-12.06.41:259][  0]LogLoad: (Engine Initialization) Total time: 57.30 seconds
[2018.04.18-12.06.41:259][  0]LogLoad: (Engine Initialization) Total Blueprint compile time: 0.00 seconds
[2018.04.18-12.06.41:259][  0]LogExternalProfiler: Found external profiler: VSPerf
[2018.04.18-12.06.41:259][  0]LogExternalProfiler: Using external profiler: VSPerf
[2018.04.18-12.06.41:280][  0]LogContentStreaming: Texture pool size now 1000 MB
[2018.04.18-12.06.41:452][  1]LogBlueprintUserMessages: [CW_GameInstance_C_0] [ CW_GameInstance_C_0 ]: ( 41:452 ) - Соединение с сервером установлено
[2018.04.18-12.06.41:452][  1]LogBlueprintUserMessages: [CW_GameInstance_C_0] [ CW_GameInstance_C_0 ]: ( 41:452 ) - Send Package: {"action":"Authentication","data":{"version":"1.0.0.0"}}
[2018.04.18-12.06.42:951][ 49]LogAudio: Warning: Waited 69.936905ms for audio thread.
[2018.04.18-12.06.42:956][ 49]LogAudio: Warning: Waited 75.048561ms for audio thread.
[2018.04.18-12.06.43:956][ 91]LogAudio: Warning: Waited 56.604061ms for audio thread.
[2018.04.18-12.06.44:023][ 95]LogBlueprintUserMessages: [CW_GameInstance_C_0] [ CW_GameInstance_C_0 ]: ( 44:22 ) - Аутентификация прошла успешно
[2018.04.18-12.06.47:672][272]LogBlueprintUserMessages: [CW_GameInstance_C_0] [ CW_GameInstance_C_0 ]: ( 47:672 ) - Send Package: {"action":"Authorization","data":{"login":"test","password":"test","name":""}}
[2018.04.18-12.06.48:276][302]LogBlueprintUserMessages: [CW_GameInstance_C_0] [ CW_GameInstance_C_0 ]: ( 48:275 ) - Авторизация прошла успешно
[2018.04.18-12.06.48:296][302]LogBlueprintUserMessages: [CW_GameInstance_C_0] [ CW_GameInstance_C_0 ]: ( 48:295 ) - Send Package: {"action":"get_server_list","data":{"type":1}}
[2018.04.18-12.06.48:297][302]LogBlueprintUserMessages: [CW_GameInstance_C_0] [ CW_GameInstance_C_0 ]: ( 48:296 ) - Master server: 127.0.0.1:7783
[2018.04.18-12.06.48:307][303]LogLowEntrySocket: SocketConnection SendBufferSize changed to 5242880
[2018.04.18-12.06.48:307][303]LogLowEntrySocket: SocketConnection ReceiveBufferSize changed to 5242880
[2018.04.18-12.06.48:349][305]LogBlueprintUserMessages: [CW_GameInstance_C_0] [ CW_GameInstance_C_0 ]: ( 48:348 ) - Соединение с сервером установлено
[2018.04.18-12.06.48:351][305]LogBlueprintUserMessages: [CW_GameInstance_C_0] [ CW_GameInstance_C_0 ]: ( 48:351 ) - Send Package: {"action":"get_server_list","data":{"type":1}}
[2018.04.18-12.06.48:563][315]LogBlueprintUserMessages: [CW_GameInstance_C_0] [ CW_GameInstance_C_0 ]: ( 48:562 ) - Type: 1, IP: 127.0.0.1:8,314, Mode: Lobby (0/100)
[2018.04.18-12.06.53:656][581]LogLowEntrySocket: SocketConnection SendBufferSize changed to 5242880
[2018.04.18-12.06.53:657][581]LogLowEntrySocket: SocketConnection ReceiveBufferSize changed to 5242880
[2018.04.18-12.06.53:698][583]LogBlueprintUserMessages: [CW_GameInstance_C_0] [ CW_GameInstance_C_0 ]: ( 53:698 ) - Соединение с сервером установлено
[2018.04.18-12.06.53:699][583]LogBlueprintUserMessages: [CW_GameInstance_C_0] [ CW_GameInstance_C_0 ]: ( 53:699 ) - Send Package: {"action":"auth","data":{"session_key":"460ee481405c5b68ff90e5ef3bcfc486ee12b61378a44b86a7d61b5cd111b728"}}
[2018.04.18-12.06.54:241][603]LogPackageName: SearchForPackageOnDisk took   0.097s to resolve Lobby.umap.
[2018.04.18-12.06.54:414][604]LogPackageName: SearchForPackageOnDisk took   0.083s to resolve Lobby.umap.
[2018.04.18-12.06.54:414][604]LogNet: Browse: /Game/Maps/Lobby
[2018.04.18-12.06.54:414][604]LogLoad: LoadMap: /Game/Maps/Lobby
[2018.04.18-12.06.57:522][604]LogAIModule: Creating AISystem for world Lobby
[2018.04.18-12.06.57:523][604]LogLoad: Game class is 'CW_Lobby_GameMode_C'
[2018.04.18-12.06.57:525][604]LogWorld: Bringing World /Game/Maps/Lobby.Lobby up for play (max tick rate 0) at 2018.04.18-15.06.57
[2018.04.18-12.06.57:526][604]LogWorld: Bringing up level for play took: 0.001948
[2018.04.18-12.06.57:527][604]LogGameMode: Display: Match State Changed from EnteringMap to WaitingToStart
[2018.04.18-12.06.57:528][604]LogBlueprintUserMessages: [CW_GameInstance_C_0] [ CW_GameInstance_C_0 ]: ( 57:527 ) - Send Package: {"action":"get_player","data":{}}
[2018.04.18-12.06.57:528][604]LogGameState: Match State Changed from EnteringMap to WaitingToStart
[2018.04.18-12.06.57:528][604]LogLoad: Took 3.113871 seconds to LoadMap(/Game/Maps/Lobby)
[2018.04.18-12.06.58:060][617]LogBlueprintUserMessages: [CW_GameInstance_C_0] [ CW_GameInstance_C_0 ]: ( 58:60 ) - Send Package: {"action":"get_server_list","data":{"type":2}}
[2018.04.18-12.06.58:060][617]LogGameMode: Display: Match State Changed from WaitingToStart to InProgress
[2018.04.18-12.06.58:069][617]LogSkinnedMeshComp: Warning: GetSocketByName(Weapon): No SkeletalMesh for Component(Arms) Actor(CW_Character_C_0)
[2018.04.18-12.06.58:069][617]LogSkinnedMeshComp: Warning: GetSocketByName(Weapon): No SkeletalMesh for Component(Arms) Actor(CW_Character_C_0)
[2018.04.18-12.06.58:069][617]LogSkinnedMeshComp: Warning: GetSocketByName(Weapon): No SkeletalMesh for Component(CharacterMesh0) Actor(CW_Character_C_0)
[2018.04.18-12.06.58:069][617]LogSkinnedMeshComp: Warning: GetSocketByName(Weapon): No SkeletalMesh for Component(CharacterMesh0) Actor(CW_Character_C_0)
[2018.04.18-12.06.58:069][617]LogBlueprintUserMessages: [Weap_AK47_Blue_C_0] [ Weap_AK47_Blue_C_0 ]: ( 58:69 ) - Оружие прикреплено к владельцу
[2018.04.18-12.06.58:070][617]LogBlueprintUserMessages: [Weap_AK47_Blue_C_0] [ Weap_AK47_Blue_C_0 ]: ( 58:70 ) - Новый владелец
[2018.04.18-12.06.58:071][617]LogSkinnedMeshComp: Warning: GetSocketByName(Weapon): No SkeletalMesh for Component(Arms) Actor(CW_Character_C_0)
[2018.04.18-12.06.58:072][617]LogSkinnedMeshComp: Warning: GetSocketByName(Weapon): No SkeletalMesh for Component(Arms) Actor(CW_Character_C_0)
[2018.04.18-12.06.58:072][617]LogSkinnedMeshComp: Warning: GetSocketByName(Weapon): No SkeletalMesh for Component(CharacterMesh0) Actor(CW_Character_C_0)
[2018.04.18-12.06.58:072][617]LogSkinnedMeshComp: Warning: GetSocketByName(Weapon): No SkeletalMesh for Component(CharacterMesh0) Actor(CW_Character_C_0)
[2018.04.18-12.06.58:072][617]LogBlueprintUserMessages: [Weap_Deagle_C_0] [ Weap_Deagle_C_0 ]: ( 58:72 ) - Оружие прикреплено к владельцу
[2018.04.18-12.06.58:072][617]LogBlueprintUserMessages: [Weap_Deagle_C_0] [ Weap_Deagle_C_0 ]: ( 58:72 ) - Новый владелец
[2018.04.18-12.06.58:072][617]LogSkinnedMeshComp: Warning: GetSocketByName(Weapon): No SkeletalMesh for Component(Arms) Actor(CW_Character_C_0)
[2018.04.18-12.06.58:073][617]LogSkinnedMeshComp: Warning: GetSocketByName(Weapon): No SkeletalMesh for Component(Arms) Actor(CW_Character_C_0)
[2018.04.18-12.06.58:073][617]LogSkinnedMeshComp: Warning: GetSocketByName(Weapon): No SkeletalMesh for Component(CharacterMesh0) Actor(CW_Character_C_0)
[2018.04.18-12.06.58:073][617]LogSkinnedMeshComp: Warning: GetSocketByName(Weapon): No SkeletalMesh for Component(CharacterMesh0) Actor(CW_Character_C_0)
[2018.04.18-12.06.58:073][617]LogBlueprintUserMessages: [Weap_KnifeCombat_C_0] [ Weap_KnifeCombat_C_0 ]: ( 58:73 ) - Оружие прикреплено к владельцу
[2018.04.18-12.06.58:073][617]LogBlueprintUserMessages: [Weap_KnifeCombat_C_0] [ Weap_KnifeCombat_C_0 ]: ( 58:73 ) - Новый владелец
[2018.04.18-12.06.58:073][617]LogBlueprintUserMessages: [Weap_AK47_Blue_C_0] [ Weap_AK47_Blue_C_0 ]: ( 58:73 ) - OnSelectedWeapon
[2018.04.18-12.06.58:073][617]LogSkinnedMeshComp: Warning: GetSocketByName(Weapon): No SkeletalMesh for Component(Arms) Actor(CW_Character_C_0)
[2018.04.18-12.06.58:073][617]LogSkinnedMeshComp: Warning: GetSocketByName(Weapon): No SkeletalMesh for Component(Arms) Actor(CW_Character_C_0)
[2018.04.18-12.06.58:074][617]LogSkinnedMeshComp: Warning: GetSocketByName(Weapon): No SkeletalMesh for Component(Arms) Actor(CW_Character_C_0)
[2018.04.18-12.06.58:074][617]LogSkinnedMeshComp: Warning: GetSocketByName(Weapon): No SkeletalMesh for Component(Arms) Actor(CW_Character_C_0)
[2018.04.18-12.06.58:074][617]LogGameState: Match State Changed from WaitingToStart to InProgress
[2018.04.18-12.06.58:107][617]LogSkinnedMeshComp: Warning: GetSocketByName(Weapon): No SkeletalMesh for Component(Arms) Actor(CW_Character_C_0)
[2018.04.18-12.06.58:107][617]LogSkinnedMeshComp: Warning: GetSocketByName(Weapon): No SkeletalMesh for Component(Arms) Actor(CW_Character_C_0)
[2018.04.18-12.06.58:108][617]LogSkinnedMeshComp: Warning: GetSocketByName(Weapon): No SkeletalMesh for Component(Arms) Actor(CW_Character_C_0)
[2018.04.18-12.06.58:108][617]LogSkinnedMeshComp: Warning: GetSocketByName(Weapon): No SkeletalMesh for Component(Arms) Actor(CW_Character_C_0)
[2018.04.18-12.06.58:108][617]LogSkinnedMeshComp: Warning: GetSocketByName(Weapon): No SkeletalMesh for Component(Arms) Actor(CW_Character_C_0)
[2018.04.18-12.06.58:108][617]LogSkinnedMeshComp: Warning: GetSocketByName(Weapon): No SkeletalMesh for Component(Arms) Actor(CW_Character_C_0)
[2018.04.18-12.06.58:255][618]LogBlueprintUserMessages: [Weap_AK47_Blue_C_0] [ Weap_AK47_Blue_C_0 ]: ( 58:255 ) - Анимации от 3-го лица загружены
[2018.04.18-12.06.58:255][618]LogBlueprintUserMessages: [Weap_AK47_Blue_C_0] [ Weap_AK47_Blue_C_0 ]: ( 58:255 ) - Анимации от 1-го лица загружены
[2018.04.18-12.06.58:256][618]LogBlueprintUserMessages: [Weap_Deagle_C_0] [ Weap_Deagle_C_0 ]: ( 58:256 ) - Анимации от 3-го лица загружены
[2018.04.18-12.06.58:256][618]LogBlueprintUserMessages: [Weap_Deagle_C_0] [ Weap_Deagle_C_0 ]: ( 58:256 ) - Анимации от 1-го лица загружены
[2018.04.18-12.06.58:256][618]LogBlueprintUserMessages: [Weap_KnifeCombat_C_0] [ Weap_KnifeCombat_C_0 ]: ( 58:256 ) - Анимации от 3-го лица загружены
[2018.04.18-12.06.58:256][618]LogBlueprintUserMessages: [Weap_KnifeCombat_C_0] [ Weap_KnifeCombat_C_0 ]: ( 58:256 ) - Анимации от 1-го лица загружены
[2018.04.18-12.06.58:725][638]LogBlueprintUserMessages: [CW_GameInstance_C_0] [ CW_GameInstance_C_0 ]: ( 58:724 ) - Type: 2, IP: 127.0.0.1:17,777, Mode: CW_GameMode (0/12)
[2018.04.18-12.07.03:039][825]LogBlueprintUserMessages: [CW_GameInstance_C_0] [ CW_GameInstance_C_0 ]: ( 3:39 ) - Send Package: {"action":"get_inventory","data":{}}
[2018.04.18-12.07.04:286][869]LogAudio: Warning: Waited 50.964359ms for audio thread.
[2018.04.18-12.07.04:425][875]LogBlueprintUserMessages: [CW_GameInstance_C_0] [ CW_GameInstance_C_0 ]: ( 4:425 ) - Send Package: {"action":"selected_item_inventory","data":{"item_id":100,"slot":0,"sub_slot":1,"team":1}}
[2018.04.18-12.07.05:877][933]LogBlueprintUserMessages: [CW_GameInstance_C_0] [ CW_GameInstance_C_0 ]: ( 5:877 ) - Send Package: {"action":"selected_item_inventory","data":{"item_id":102,"slot":0,"sub_slot":1,"team":1}}
[2018.04.18-12.07.07:323][991]LogBlueprintUserMessages: [CW_GameInstance_C_0] [ CW_GameInstance_C_0 ]: ( 7:323 ) - Send Package: {"action":"selected_item_inventory","data":{"item_id":104,"slot":0,"sub_slot":1,"team":1}}
[2018.04.18-12.07.12:124][199]LogBlueprintUserMessages: [CW_GameInstance_C_0] [ CW_GameInstance_C_0 ]: ( 12:124 ) - Send Package: {"action":"selected_item_inventory","data":{"item_id":101,"slot":0,"sub_slot":1,"team":2}}
[2018.04.18-12.07.14:118][275]LogBlueprintUserMessages: [CW_GameInstance_C_0] [ CW_GameInstance_C_0 ]: ( 14:118 ) - Send Package: {"action":"selected_item_inventory","data":{"item_id":103,"slot":0,"sub_slot":1,"team":2}}
[2018.04.18-12.07.16:847][387]LogBlueprintUserMessages: [CW_GameInstance_C_0] [ CW_GameInstance_C_0 ]: ( 16:847 ) - Send Package: {"action":"selected_item_inventory","data":{"item_id":105,"slot":0,"sub_slot":1,"team":2}}
[2018.04.18-12.07.21:862][607]LogBlueprintUserMessages: [CW_GameInstance_C_0] [ CW_GameInstance_C_0 ]: ( 21:861 ) - Send Package: {"action":"selected_item_inventory","data":{"item_id":102,"slot":0,"sub_slot":1,"team":1}}
[2018.04.18-12.07.24:448][716]LogScript: Warning: Switch statement failed to match case for index property Temp_byte_Variable
	WeaponManager_C /Game/Maps/Lobby.Lobby:PersistentLevel.CW_Character_C_0.WeaponManager
	Function /Game/Blueprints/Weapon/WeaponManager.WeaponManager_C:GetWeapon:0080
[2018.04.18-12.07.24:449][716]LogScript: Warning: Script call stack:
	Function /Game/UI/Pages/PageInventory.PageInventory_C:BndEvt__Weapons_K2Node_ComponentBoundEvent_117_OnClicked__DelegateSignature
	Function /Game/UI/Pages/PageInventory.PageInventory_C:ExecuteUbergraph_PageInventory
	Function /Game/UI/Pages/PageInventory.PageInventory_C:SetActiveSlot
	Function /Game/UI/Pages/PageInventory.PageInventory_C:SetActiveSubSlot
	Function /Game/Blueprints/Character/CW_Character.CW_Character_C:SwitchToWeapon
	Function /Game/Blueprints/Weapon/WeaponManager.WeaponManager_C:SelectedWeapon
	Function /Game/Blueprints/Weapon/WeaponManager.WeaponManager_C:CanEquippingWeapon
	Function /Game/Blueprints/Weapon/WeaponManager.WeaponManager_C:GetWeapon

[2018.04.18-12.07.26:129][788]LogBlueprintUserMessages: [Weap_AK47_Blue_C_0] [ Weap_AK47_Blue_C_0 ]: ( 26:129 ) - OnCaseWeapon
[2018.04.18-12.07.26:144][788]LogBlueprintUserMessages: [Weap_KnifeCombat_C_0] [ Weap_KnifeCombat_C_0 ]: ( 26:144 ) - OnSelectedWeapon
[2018.04.18-12.07.26:146][788]LogBlueprintUserMessages: [Weap_KnifeCombat_C_0] [ Weap_KnifeCombat_C_0 ]: ( 26:146 ) - Анимации от 1-го лица загружены
[2018.04.18-12.07.28:745][901]LogBlueprintUserMessages: [CW_GameInstance_C_0] [ CW_GameInstance_C_0 ]: ( 28:745 ) - Send Package: {"action":"selected_item_inventory","data":{"item_id":1001,"slot":1,"sub_slot":1,"team":0}}
[2018.04.18-12.07.29:003][911]LogBlueprintUserMessages: [Weap_AK47_C_0] [ Weap_AK47_C_0 ]: ( 29:3 ) - Оружие прикреплено к владельцу
[2018.04.18-12.07.29:004][911]LogBlueprintUserMessages: [Weap_AK47_C_0] [ Weap_AK47_C_0 ]: ( 29:4 ) - Новый владелец
[2018.04.18-12.07.29:005][911]LogBlueprintUserMessages: [Weap_KnifeCombat_C_0] [ Weap_KnifeCombat_C_0 ]: ( 29:4 ) - OnCaseWeapon
[2018.04.18-12.07.29:006][911]LogBlueprintUserMessages: [Weap_AK47_C_0] [ Weap_AK47_C_0 ]: ( 29:6 ) - OnSelectedWeapon
[2018.04.18-12.07.29:007][911]LogBlueprintUserMessages: [Weap_AK47_C_0] [ Weap_AK47_C_0 ]: ( 29:7 ) - Анимации от 1-го лица загружены
[2018.04.18-12.07.29:020][911]LogBlueprintUserMessages: [Weap_AK47_C_0] [ Weap_AK47_C_0 ]: ( 29:20 ) - Анимации от 3-го лица загружены
[2018.04.18-12.07.31:589][ 19]LogBlueprintUserMessages: [Weap_AK47_C_0] [ Weap_AK47_C_0 ]: ( 31:589 ) - OnCaseWeapon
[2018.04.18-12.07.31:589][ 19]LogBlueprintUserMessages: [Weap_Deagle_C_0] [ Weap_Deagle_C_0 ]: ( 31:589 ) - OnSelectedWeapon
[2018.04.18-12.07.31:590][ 19]LogBlueprintUserMessages: [Weap_Deagle_C_0] [ Weap_Deagle_C_0 ]: ( 31:590 ) - Анимации от 1-го лица загружены
[2018.04.18-12.07.34:262][138]LogBlueprintUserMessages: [CW_GameInstance_C_0] [ CW_GameInstance_C_0 ]: ( 34:262 ) - Send Package: {"action":"selected_item_inventory","data":{"item_id":2002,"slot":1,"sub_slot":2,"team":0}}
[2018.04.18-12.07.34:426][144]LogBlueprintUserMessages: [Weap_Anaconda_C_0] [ Weap_Anaconda_C_0 ]: ( 34:426 ) - Оружие прикреплено к владельцу
[2018.04.18-12.07.34:426][144]LogBlueprintUserMessages: [Weap_Anaconda_C_0] [ Weap_Anaconda_C_0 ]: ( 34:426 ) - Новый владелец
[2018.04.18-12.07.34:426][144]LogBlueprintUserMessages: [Weap_Anaconda_C_0] [ Weap_Anaconda_C_0 ]: ( 34:426 ) - OnSelectedWeapon
[2018.04.18-12.07.34:427][144]LogBlueprintUserMessages: [Weap_Anaconda_C_0] [ Weap_Anaconda_C_0 ]: ( 34:427 ) - Анимации от 1-го лица загружены
[2018.04.18-12.07.34:441][144]LogBlueprintUserMessages: [Weap_Anaconda_C_0] [ Weap_Anaconda_C_0 ]: ( 34:441 ) - Анимации от 3-го лица загружены
[2018.04.18-12.07.40:657][417]LogBlueprintUserMessages: [CW_GameInstance_C_0] [ CW_GameInstance_C_0 ]: ( 40:657 ) - Send Package: {"action":"selected_item_inventory","data":{"item_id":1002,"slot":1,"sub_slot":1,"team":0}}
[2018.04.18-12.07.40:844][424]LogBlueprintUserMessages: [Weap_AK47_Flame_C_0] [ Weap_AK47_Flame_C_0 ]: ( 40:844 ) - Оружие прикреплено к владельцу
[2018.04.18-12.07.40:845][424]LogBlueprintUserMessages: [Weap_AK47_Flame_C_0] [ Weap_AK47_Flame_C_0 ]: ( 40:845 ) - Новый владелец
[2018.04.18-12.07.40:845][424]LogBlueprintUserMessages: [Weap_Anaconda_C_0] [ Weap_Anaconda_C_0 ]: ( 40:845 ) - OnCaseWeapon
[2018.04.18-12.07.40:845][424]LogBlueprintUserMessages: [Weap_AK47_Flame_C_0] [ Weap_AK47_Flame_C_0 ]: ( 40:845 ) - OnSelectedWeapon
[2018.04.18-12.07.40:847][424]LogBlueprintUserMessages: [Weap_AK47_Flame_C_0] [ Weap_AK47_Flame_C_0 ]: ( 40:847 ) - Анимации от 1-го лица загружены
[2018.04.18-12.07.40:868][424]LogBlueprintUserMessages: [Weap_AK47_Flame_C_0] [ Weap_AK47_Flame_C_0 ]: ( 40:868 ) - Анимации от 3-го лица загружены
[2018.04.18-12.07.45:239][609]LogBlueprintUserMessages: [CW_GameInstance_C_0] [ CW_GameInstance_C_0 ]: ( 45:239 ) - Send Package: {"action":"selected_item_inventory","data":{"item_id":1003,"slot":1,"sub_slot":1,"team":0}}
[2018.04.18-12.07.45:373][615]LogBlueprintUserMessages: [Weap_AK47_Blue_C_1] [ Weap_AK47_Blue_C_1 ]: ( 45:373 ) - Оружие прикреплено к владельцу
[2018.04.18-12.07.45:374][615]LogBlueprintUserMessages: [Weap_AK47_Blue_C_1] [ Weap_AK47_Blue_C_1 ]: ( 45:374 ) - Новый владелец
[2018.04.18-12.07.45:374][615]LogBlueprintUserMessages: [Weap_AK47_Blue_C_1] [ Weap_AK47_Blue_C_1 ]: ( 45:374 ) - OnSelectedWeapon
[2018.04.18-12.07.45:375][615]LogBlueprintUserMessages: [Weap_AK47_Blue_C_1] [ Weap_AK47_Blue_C_1 ]: ( 45:375 ) - Анимации от 1-го лица загружены
[2018.04.18-12.07.45:402][615]LogBlueprintUserMessages: [Weap_AK47_Blue_C_1] [ Weap_AK47_Blue_C_1 ]: ( 45:402 ) - Анимации от 3-го лица загружены
[2018.04.18-12.07.52:285][904]LogBlueprintUserMessages: [Weap_AK47_Blue_C_1] [ Weap_AK47_Blue_C_1 ]: ( 52:284 ) - OnCaseWeapon
[2018.04.18-12.07.52:285][904]LogBlueprintUserMessages: [Weap_Anaconda_C_0] [ Weap_Anaconda_C_0 ]: ( 52:285 ) - OnSelectedWeapon
[2018.04.18-12.07.52:287][904]LogBlueprintUserMessages: [Weap_Anaconda_C_0] [ Weap_Anaconda_C_0 ]: ( 52:286 ) - Анимации от 1-го лица загружены
[2018.04.18-12.07.54:154][988]LogBlueprintUserMessages: [CW_GameInstance_C_0] [ CW_GameInstance_C_0 ]: ( 54:154 ) - Send Package: {"action":"selected_item_inventory","data":{"item_id":2001,"slot":1,"sub_slot":2,"team":0}}
[2018.04.18-12.07.54:400][998]LogBlueprintUserMessages: [Weap_Deagle_C_1] [ Weap_Deagle_C_1 ]: ( 54:400 ) - Оружие прикреплено к владельцу
[2018.04.18-12.07.54:400][998]LogBlueprintUserMessages: [Weap_Deagle_C_1] [ Weap_Deagle_C_1 ]: ( 54:400 ) - Новый владелец
[2018.04.18-12.07.54:401][998]LogBlueprintUserMessages: [Weap_Deagle_C_1] [ Weap_Deagle_C_1 ]: ( 54:401 ) - OnSelectedWeapon
[2018.04.18-12.07.54:402][998]LogBlueprintUserMessages: [Weap_Deagle_C_1] [ Weap_Deagle_C_1 ]: ( 54:402 ) - Анимации от 1-го лица загружены
[2018.04.18-12.07.54:415][998]LogBlueprintUserMessages: [Weap_Deagle_C_1] [ Weap_Deagle_C_1 ]: ( 54:415 ) - Анимации от 3-го лица загружены
[2018.04.18-12.07.56:362][ 80]LogBlueprintUserMessages: [Weap_Deagle_C_1] [ Weap_Deagle_C_1 ]: ( 56:362 ) - OnCaseWeapon
[2018.04.18-12.07.56:363][ 80]LogBlueprintUserMessages: [Weap_KnifeCombat_C_0] [ Weap_KnifeCombat_C_0 ]: ( 56:363 ) - OnSelectedWeapon
[2018.04.18-12.07.56:363][ 80]LogBlueprintUserMessages: [Weap_KnifeCombat_C_0] [ Weap_KnifeCombat_C_0 ]: ( 56:363 ) - Анимации от 1-го лица загружены
[2018.04.18-12.07.59:430][218]LogScript: Warning: Switch statement failed to match case for index property Temp_byte_Variable
	WeaponManager_C /Game/Maps/Lobby.Lobby:PersistentLevel.CW_Character_C_0.WeaponManager
	Function /Game/Blueprints/Weapon/WeaponManager.WeaponManager_C:GetWeapon:0080
[2018.04.18-12.07.59:431][218]LogScript: Warning: Script call stack:
	Function /Game/UI/Pages/PageInventory.PageInventory_C:BndEvt__AllWeapons_K2Node_ComponentBoundEvent_16_OnClicked__DelegateSignature
	Function /Game/UI/Pages/PageInventory.PageInventory_C:ExecuteUbergraph_PageInventory
	Function /Game/UI/Pages/PageInventory.PageInventory_C:SetActiveSubSlot
	Function /Game/Blueprints/Character/CW_Character.CW_Character_C:SwitchToWeapon
	Function /Game/Blueprints/Weapon/WeaponManager.WeaponManager_C:SelectedWeapon
	Function /Game/Blueprints/Weapon/WeaponManager.WeaponManager_C:CanEquippingWeapon
	Function /Game/Blueprints/Weapon/WeaponManager.WeaponManager_C:GetWeapon

[2018.04.18-12.08.06:580][528]LogBlueprintUserMessages: [Weap_KnifeCombat_C_0] [ Weap_KnifeCombat_C_0 ]: ( 6:579 ) - OnCaseWeapon
[2018.04.18-12.08.06:580][528]LogBlueprintUserMessages: [Weap_AK47_Blue_C_1] [ Weap_AK47_Blue_C_1 ]: ( 6:580 ) - OnSelectedWeapon
[2018.04.18-12.08.06:582][528]LogBlueprintUserMessages: [Weap_AK47_Blue_C_1] [ Weap_AK47_Blue_C_1 ]: ( 6:581 ) - Анимации от 1-го лица загружены
[2018.04.18-12.08.06:597][528]LogBlueprintUserMessages: [CW_GameInstance_C_0] [ CW_GameInstance_C_0 ]: ( 6:597 ) - Send Package: {"action":"get_server_list","data":{"type":2}}
[2018.04.18-12.08.06:984][543]LogBlueprintUserMessages: [CW_GameInstance_C_0] [ CW_GameInstance_C_0 ]: ( 6:984 ) - Type: 2, IP: 127.0.0.1:17,777, Mode: CW_GameMode (0/12)
[2018.04.18-12.08.11:947][759]LogAudio: Warning: Waited 36.566219ms for audio thread.
[2018.04.18-12.08.12:137][768]LogGameMode: Display: Match State Changed from InProgress to LeavingMap
[2018.04.18-12.08.12:137][768]LogGameState: Match State Changed from InProgress to LeavingMap
[2018.04.18-12.08.12:137][768]LogNet: Browse: 127.0.0.1:17777//Game/Maps/Login
[2018.04.18-12.08.12:139][768]LogTemp: Display: ParseSettings for GameNetDriver
[2018.04.18-12.08.12:139][768]LogTemp: Display: ParseSettings for IpNetDriver_0
[2018.04.18-12.08.12:139][768]LogTemp: Display: ParseSettings for PendingNetDriver
[2018.04.18-12.08.12:140][768]LogInit: WinSock: Socket queue 32768 / 32768
[2018.04.18-12.08.12:255][768]LogInit: WinSock: I am DESKTOP-38OIRC4 (192.168.1.100:0)
[2018.04.18-12.08.12:255][768]PacketHandlerLog: Loaded PacketHandler component: Engine.EngineHandlerComponentFactory (StatelessConnectHandlerComponent)
[2018.04.18-12.08.12:256][768]LogNet: Game client on port 17777, rate 10000
[2018.04.18-12.08.12:328][772]LogHandshake: SendChallengeResponse. Timestamp: 244.582275, Cookie: 143193224094031164009184056142122218169187145203216167255206
[2018.04.18-12.08.12:376][774]LogNetVersion: CyberWar 1.0.0.0, NetCL: 3709383, EngineNetVer: 2, GameNetVer: 0 (Checksum: 2574365049)
[2018.04.18-12.08.12:376][774]LogNet: UPendingNetGame::SendInitialJoin: Sending hello. [UNetConnection] RemoteAddr: 127.0.0.1:17777, Name: IpConnection_0, Driver: PendingNetDriver IpNetDriver_0, IsServer: NO, PC: NULL, Owner: NULL
[2018.04.18-12.08.12:559][782]LogNet: Welcomed by server (Level: /Game/Maps/Testing, Game: /Game/Blueprints/Online/CW_GameMode.CW_GameMode_C)
[2018.04.18-12.08.12:560][782]LogLoad: LoadMap: 127.0.0.1:17777//Game/Maps/Testing?game=/Game/Blueprints/Online/CW_GameMode.CW_GameMode_C
[2018.04.18-12.08.13:269][782]LogAIModule: Creating AISystem for world Testing
[2018.04.18-12.08.13:270][782]LogTemp: Display: ParseSettings for GameNetDriver
[2018.04.18-12.08.13:273][782]LogWorld: Bringing World /Game/Maps/Testing.Testing up for play (max tick rate 0) at 2018.04.18-15.08.13
[2018.04.18-12.08.13:273][782]LogWorld: Bringing up level for play took: 0.002630
[2018.04.18-12.08.13:285][782]LogLoad: Took 0.724400 seconds to LoadMap(/Game/Maps/Testing)
[2018.04.18-12.08.13:489][784]LogSkinnedMeshComp: Warning: GetSocketByName(Weapon): No SkeletalMesh for Component(Arms) Actor(CW_Character_C_0)
[2018.04.18-12.08.13:489][784]LogSkinnedMeshComp: Warning: GetSocketByName(Weapon): No SkeletalMesh for Component(Arms) Actor(CW_Character_C_0)
[2018.04.18-12.08.13:489][784]LogSkinnedMeshComp: Warning: GetSocketByName(Weapon): No SkeletalMesh for Component(CharacterMesh0) Actor(CW_Character_C_0)
[2018.04.18-12.08.13:489][784]LogSkinnedMeshComp: Warning: GetSocketByName(Weapon): No SkeletalMesh for Component(CharacterMesh0) Actor(CW_Character_C_0)
[2018.04.18-12.08.13:489][784]LogBlueprintUserMessages: [Weap_Deagle_C_0] [ Weap_Deagle_C_0 ]: ( 13:489 ) - Оружие прикреплено к владельцу
[2018.04.18-12.08.13:490][784]LogSkinnedMeshComp: Warning: GetSocketByName(Weapon): No SkeletalMesh for Component(Arms) Actor(CW_Character_C_0)
[2018.04.18-12.08.13:490][784]LogSkinnedMeshComp: Warning: GetSocketByName(Weapon): No SkeletalMesh for Component(Arms) Actor(CW_Character_C_0)
[2018.04.18-12.08.13:490][784]LogSkinnedMeshComp: Warning: GetSocketByName(Weapon): No SkeletalMesh for Component(CharacterMesh0) Actor(CW_Character_C_0)
[2018.04.18-12.08.13:490][784]LogSkinnedMeshComp: Warning: GetSocketByName(Weapon): No SkeletalMesh for Component(CharacterMesh0) Actor(CW_Character_C_0)
[2018.04.18-12.08.13:490][784]LogBlueprintUserMessages: [Weap_Deagle_C_1] [ Weap_Deagle_C_1 ]: ( 13:490 ) - Оружие прикреплено к владельцу
[2018.04.18-12.08.13:491][784]LogSkinnedMeshComp: Warning: GetSocketByName(Weapon): No SkeletalMesh for Component(Arms) Actor(CW_Character_C_0)
[2018.04.18-12.08.13:491][784]LogSkinnedMeshComp: Warning: GetSocketByName(Weapon): No SkeletalMesh for Component(Arms) Actor(CW_Character_C_0)
[2018.04.18-12.08.13:491][784]LogSkinnedMeshComp: Warning: GetSocketByName(Weapon): No SkeletalMesh for Component(CharacterMesh0) Actor(CW_Character_C_0)
[2018.04.18-12.08.13:491][784]LogSkinnedMeshComp: Warning: GetSocketByName(Weapon): No SkeletalMesh for Component(CharacterMesh0) Actor(CW_Character_C_0)
[2018.04.18-12.08.13:492][784]LogBlueprintUserMessages: [Weap_AK47_Blue_C_0] [ Weap_AK47_Blue_C_0 ]: ( 13:491 ) - Оружие прикреплено к владельцу
[2018.04.18-12.08.13:492][784]LogSkinnedMeshComp: Warning: GetSocketByName(Weapon): No SkeletalMesh for Component(Arms) Actor(CW_Character_C_0)
[2018.04.18-12.08.13:492][784]LogSkinnedMeshComp: Warning: GetSocketByName(Weapon): No SkeletalMesh for Component(Arms) Actor(CW_Character_C_0)
[2018.04.18-12.08.13:492][784]LogSkinnedMeshComp: Warning: GetSocketByName(Weapon): No SkeletalMesh for Component(CharacterMesh0) Actor(CW_Character_C_0)
[2018.04.18-12.08.13:492][784]LogSkinnedMeshComp: Warning: GetSocketByName(Weapon): No SkeletalMesh for Component(CharacterMesh0) Actor(CW_Character_C_0)
[2018.04.18-12.08.13:492][784]LogBlueprintUserMessages: [Weap_KnifeCombat_C_0] [ Weap_KnifeCombat_C_0 ]: ( 13:492 ) - Оружие прикреплено к владельцу
[2018.04.18-12.08.13:510][784]LogSkinnedMeshComp: Warning: GetSocketByName(Weapon): No SkeletalMesh for Component(Arms) Actor(CW_Character_C_1)
[2018.04.18-12.08.13:510][784]LogSkinnedMeshComp: Warning: GetSocketByName(Weapon): No SkeletalMesh for Component(Arms) Actor(CW_Character_C_1)
[2018.04.18-12.08.13:510][784]LogSkinnedMeshComp: Warning: GetSocketByName(Weapon): No SkeletalMesh for Component(CharacterMesh0) Actor(CW_Character_C_1)
[2018.04.18-12.08.13:510][784]LogSkinnedMeshComp: Warning: GetSocketByName(Weapon): No SkeletalMesh for Component(CharacterMesh0) Actor(CW_Character_C_1)
[2018.04.18-12.08.13:510][784]LogBlueprintUserMessages: [Weap_KnifeCombat_C_1] [ Weap_KnifeCombat_C_1 ]: ( 13:510 ) - Оружие прикреплено к владельцу
[2018.04.18-12.08.13:511][784]LogBlueprintUserMessages: [Weap_AK47_Blue_C_0] [ Weap_AK47_Blue_C_0 ]: ( 13:511 ) - OnSelectedWeapon
[2018.04.18-12.08.13:512][784]LogSkinnedMeshComp: Warning: GetSocketByName(Weapon): No SkeletalMesh for Component(Arms) Actor(CW_Character_C_0)
[2018.04.18-12.08.13:512][784]LogSkinnedMeshComp: Warning: GetSocketByName(Weapon): No SkeletalMesh for Component(Arms) Actor(CW_Character_C_0)
[2018.04.18-12.08.13:512][784]LogSkinnedMeshComp: Warning: GetSocketByName(Weapon): No SkeletalMesh for Component(Arms) Actor(CW_Character_C_0)
[2018.04.18-12.08.13:512][784]LogSkinnedMeshComp: Warning: GetSocketByName(Weapon): No SkeletalMesh for Component(Arms) Actor(CW_Character_C_0)
[2018.04.18-12.08.13:512][784]LogSkinnedMeshComp: Warning: GetSocketByName(Weapon): No SkeletalMesh for Component(Arms) Actor(CW_Character_C_0)
[2018.04.18-12.08.13:642][787]LogSkinnedMeshComp: Warning: GetSocketByName(Weapon): No SkeletalMesh for Component(CharacterMesh0) Actor(CW_Character_C_1)
[2018.04.18-12.08.13:642][787]LogSkinnedMeshComp: Warning: GetSocketByName(Weapon): No SkeletalMesh for Component(Arms) Actor(CW_Character_C_0)
[2018.04.18-12.08.13:643][787]LogSkinnedMeshComp: Warning: GetSocketByName(Weapon): No SkeletalMesh for Component(Arms) Actor(CW_Character_C_0)
[2018.04.18-12.08.13:643][787]LogSkinnedMeshComp: Warning: GetSocketByName(Weapon): No SkeletalMesh for Component(Arms) Actor(CW_Character_C_0)
[2018.04.18-12.08.13:643][787]LogSkinnedMeshComp: Warning: GetSocketByName(Weapon): No SkeletalMesh for Component(Arms) Actor(CW_Character_C_1)
[2018.04.18-12.08.13:643][787]LogSkinnedMeshComp: Warning: GetSocketByName(Weapon): No SkeletalMesh for Component(Arms) Actor(CW_Character_C_0)
[2018.04.18-12.08.13:650][787]LogSkinnedMeshComp: Warning: GetSocketByName(Weapon): No SkeletalMesh for Component(Arms) Actor(CW_Character_C_1)
[2018.04.18-12.08.13:669][788]LogNet: Warning: UIpNetDriver::ProcessRemoteFunction: No owning connection for actor CW_Character_C_1. Function HandleRaise will not be processed.
[2018.04.18-12.08.13:669][788]LogBlueprintUserMessages: [Weap_AK47_Blue_C_1] [ Weap_AK47_Blue_C_1 ]: ( 13:669 ) - Оружие прикреплено к владельцу
[2018.04.18-12.08.13:670][788]LogSkinnedMeshComp: Warning: GetSocketByName(Weapon): No SkeletalMesh for Component(CharacterMesh0) Actor(CW_Character_C_1)
[2018.04.18-12.08.13:670][788]LogBlueprintUserMessages: [Weap_Deagle_C_0] [ Weap_Deagle_C_0 ]: ( 13:670 ) - Анимации от 3-го лица загружены
[2018.04.18-12.08.13:671][788]LogBlueprintUserMessages: [Weap_Deagle_C_0] [ Weap_Deagle_C_0 ]: ( 13:670 ) - Анимации от 1-го лица загружены
[2018.04.18-12.08.13:671][788]LogBlueprintUserMessages: [Weap_Deagle_C_1] [ Weap_Deagle_C_1 ]: ( 13:671 ) - Анимации от 3-го лица загружены
[2018.04.18-12.08.13:671][788]LogBlueprintUserMessages: [Weap_Deagle_C_1] [ Weap_Deagle_C_1 ]: ( 13:671 ) - Анимации от 1-го лица загружены
[2018.04.18-12.08.13:671][788]LogBlueprintUserMessages: [Weap_KnifeCombat_C_0] [ Weap_KnifeCombat_C_0 ]: ( 13:671 ) - Анимации от 3-го лица загружены
[2018.04.18-12.08.13:671][788]LogBlueprintUserMessages: [Weap_KnifeCombat_C_0] [ Weap_KnifeCombat_C_0 ]: ( 13:671 ) - Анимации от 1-го лица загружены
[2018.04.18-12.08.13:671][788]LogSkinnedMeshComp: Warning: GetSocketByName(Weapon): No SkeletalMesh for Component(Arms) Actor(CW_Character_C_1)
[2018.04.18-12.08.13:672][788]LogBlueprintUserMessages: [Weap_AK47_Blue_C_0] [ Weap_AK47_Blue_C_0 ]: ( 13:671 ) - Анимации от 3-го лица загружены
[2018.04.18-12.08.13:672][788]LogBlueprintUserMessages: [Weap_AK47_Blue_C_0] [ Weap_AK47_Blue_C_0 ]: ( 13:672 ) - Анимации от 1-го лица загружены
[2018.04.18-12.08.13:672][788]LogBlueprintUserMessages: [Weap_AK47_Blue_C_1] [ Weap_AK47_Blue_C_1 ]: ( 13:672 ) - Анимации от 3-го лица загружены
[2018.04.18-12.08.13:673][788]LogBlueprintUserMessages: [Weap_AK47_Blue_C_1] [ Weap_AK47_Blue_C_1 ]: ( 13:672 ) - Анимации от 1-го лица загружены
[2018.04.18-12.08.13:676][788]LogBlueprintUserMessages: [Weap_AK47_Blue_C_1] [ Weap_AK47_Blue_C_1 ]: ( 13:676 ) - OnSelectedWeapon
[2018.04.18-12.08.13:677][788]LogBlueprintUserMessages: [Weap_AK47_Blue_C_1] [ Weap_AK47_Blue_C_1 ]: ( 13:676 ) - Анимации от 1-го лица загружены
[2018.04.18-12.08.13:684][789]LogBlueprintUserMessages: [Weap_KnifeCombat_C_1] [ Weap_KnifeCombat_C_1 ]: ( 13:684 ) - Анимации от 3-го лица загружены
[2018.04.18-12.08.13:685][789]LogBlueprintUserMessages: [Weap_KnifeCombat_C_1] [ Weap_KnifeCombat_C_1 ]: ( 13:685 ) - Анимации от 1-го лица загружены
[2018.04.18-12.08.21:219][ 72]LogWindowsTextInputMethodSystem: Display: IME system now deactivated.
[2018.04.18-12.08.21:233][ 72]LogWindowsTextInputMethodSystem: Display: IME system now deactivated.
[2018.04.18-12.08.21:234][ 72]LogEngine: All Windows Closed
[2018.04.18-12.08.21:234][ 72]LogWindows: FPlatformMisc::RequestExit(0)
[2018.04.18-12.08.21:305][ 73]LogNet: World NetDriver shutdown IpNetDriver_0 [GameNetDriver]
[2018.04.18-12.08.21:305][ 73]LogNet: DestroyNamedNetDriver IpNetDriver_0 [GameNetDriver]
[2018.04.18-12.08.21:305][ 73]LogNet: UNetConnection::Close: [UNetConnection] RemoteAddr: 127.0.0.1:17777, Name: IpConnection_0, Driver: GameNetDriver IpNetDriver_0, IsServer: NO, PC: CW_PlayerController_C_0, Owner: CW_PlayerController_C_0, Channels: 16, Time: 2018.04.18-12.08.21
[2018.04.18-12.08.21:322][ 73]LogNet: UChannel::Close: Sending CloseBunch. ChIndex == 0. Name: [UChannel] ChIndex: 0, Closing: 0 [UNetConnection] RemoteAddr: 127.0.0.1:17777, Name: IpConnection_0, Driver: GameNetDriver IpNetDriver_0, IsServer: NO, PC: CW_PlayerController_C_0, Owner: CW_PlayerController_C_0
[2018.04.18-12.08.21:335][ 73]LogExit: GameNetDriver IpNetDriver_0 shut down
[2018.04.18-12.08.21:424][ 73]LogPackageName: SearchForPackageOnDisk took   0.089s to resolve Login.umap.
[2018.04.18-12.08.22:040][ 73]LogExit: Preparing to exit.
[2018.04.18-12.08.22:063][ 73]LogMoviePlayer: Shutting down movie player
[2018.04.18-12.08.22:820][ 73]LogExit: Game engine shut down
[2018.04.18-12.08.24:647][ 73]LogExit: Object subsystem successfully closed.
[2018.04.18-12.08.26:083][ 73]LogD3D11RHI: Shutdown
[2018.04.18-12.08.26:126][ 73]LogD3D11RHI: CleanupD3DDevice
[2018.04.18-12.08.26:194][ 73]LogD3D11RHI: ~FD3D11DynamicRHI
[2018.04.18-12.08.26:887][ 73]LogModuleManager: Shutting down and abandoning module SequenceRecorderSections (320)
[2018.04.18-12.08.26:887][ 73]LogModuleManager: Shutting down and abandoning module SequenceRecorder (318)
[2018.04.18-12.08.26:903][ 73]LogModuleManager: Shutting down and abandoning module AutomationController (316)
[2018.04.18-12.08.26:932][ 73]LogModuleManager: Shutting down and abandoning module AutomationWorker (314)
[2018.04.18-12.08.26:940][ 73]LogModuleManager: Shutting down and abandoning module AIModule (312)
[2018.04.18-12.08.26:940][ 73]LogModuleManager: Shutting down and abandoning module GameplayDebugger (311)
[2018.04.18-12.08.26:960][ 73]LogModuleManager: Shutting down and abandoning module AITestSuite (309)
[2018.04.18-12.08.26:975][ 73]LogModuleManager: Shutting down and abandoning module WmfMediaFactory (306)
[2018.04.18-12.08.26:975][ 73]LogModuleManager: Shutting down and abandoning module OpenExrWrapper (304)
[2018.04.18-12.08.26:975][ 73]LogModuleManager: Shutting down and abandoning module ImgMediaFactory (302)
[2018.04.18-12.08.26:975][ 73]LogModuleManager: Shutting down and abandoning module AvfMediaFactory (300)
[2018.04.18-12.08.26:975][ 73]LogModuleManager: Shutting down and abandoning module CharacterAI (298)
[2018.04.18-12.08.26:975][ 73]LogModuleManager: Shutting down and abandoning module SessionServices (296)
[2018.04.18-12.08.26:976][ 73]LogModuleManager: Shutting down and abandoning module MovieSceneCapture (294)
[2018.04.18-12.08.26:976][ 73]LogModuleManager: Shutting down and abandoning module MovieSceneTracks (292)
[2018.04.18-12.08.26:976][ 73]LogModuleManager: Shutting down and abandoning module MovieScene (290)
[2018.04.18-12.08.26:976][ 73]LogModuleManager: Shutting down and abandoning module GeometryCache (288)
[2018.04.18-12.08.26:980][ 73]LogModuleManager: Shutting down and abandoning module GeometryCacheEd (287)
[2018.04.18-12.08.26:980][ 73]LogModuleManager: Shutting down and abandoning module StreamingPauseRendering (284)
[2018.04.18-12.08.26:980][ 73]LogModuleManager: Shutting down and abandoning module PortalServices (282)
[2018.04.18-12.08.26:980][ 73]LogModuleManager: Shutting down and abandoning module PortalRpc (280)
[2018.04.18-12.08.26:980][ 73]LogModuleManager: Shutting down and abandoning module MessagingRpc (278)
[2018.04.18-12.08.26:980][ 73]LogModuleManager: Shutting down and abandoning module ProfilerService (276)
[2018.04.18-12.08.27:017][ 73]LogModuleManager: Shutting down and abandoning module TaskGraph (274)
[2018.04.18-12.08.27:064][ 73]LogModuleManager: Shutting down and abandoning module SteamVRController (272)
[2018.04.18-12.08.27:064][ 73]LogModuleManager: Shutting down and abandoning module ProceduralMeshComponent (270)
[2018.04.18-12.08.27:075][ 73]LogModuleManager: Shutting down and abandoning module OculusInput (268)
[2018.04.18-12.08.27:080][ 73]LogModuleManager: Shutting down and abandoning module CustomMeshComponent (266)
[2018.04.18-12.08.27:080][ 73]LogModuleManager: Shutting down and abandoning module CableComponent (264)
[2018.04.18-12.08.27:087][ 73]LogModuleManager: Shutting down and abandoning module ArchVisCharacter (262)
[2018.04.18-12.08.27:087][ 73]LogModuleManager: Shutting down and abandoning module LoginFlow (260)
[2018.04.18-12.08.27:096][ 73]LogModuleManager: Shutting down and abandoning module Rejoin (258)
[2018.04.18-12.08.27:096][ 73]LogModuleManager: Shutting down and abandoning module Hotfix (256)
[2018.04.18-12.08.27:108][ 73]LogModuleManager: Shutting down and abandoning module Lobby (254)
[2018.04.18-12.08.27:108][ 73]LogModuleManager: Shutting down and abandoning module Party (252)
[2018.04.18-12.08.27:108][ 73]LogModuleManager: Shutting down and abandoning module Qos (250)
[2018.04.18-12.08.27:108][ 73]LogModuleManager: Shutting down and abandoning module ActorSequence (248)
[2018.04.18-12.08.27:108][ 73]LogModuleManager: Shutting down and abandoning module MediaCompositing (246)
[2018.04.18-12.08.27:108][ 73]LogModuleManager: Shutting down and abandoning module VaRestEditorPlugin (244)
[2018.04.18-12.08.27:108][ 73]LogModuleManager: Shutting down and abandoning module LowEntryExtendedStandardLibraryEditor (242)
[2018.04.18-12.08.27:108][ 73]LogModuleManager: Shutting down and abandoning module HTML5Networking (240)
[2018.04.18-12.08.27:108][ 73]LogModuleManager: Shutting down and abandoning module VisualStudioSourceCodeAccess (238)
[2018.04.18-12.08.27:108][ 73]LogModuleManager: Shutting down and abandoning module HotReload (237)
[2018.04.18-12.08.27:123][ 73]LogModuleManager: Shutting down and abandoning module UObjectPlugin (234)
[2018.04.18-12.08.27:123][ 73]LogModuleManager: Shutting down and abandoning module SubversionSourceControl (232)
[2018.04.18-12.08.27:131][ 73]LogModuleManager: Shutting down and abandoning module PerforceSourceControl (230)
[2018.04.18-12.08.27:150][ 73]LogModuleManager: Shutting down and abandoning module SourceControl (229)
[2018.04.18-12.08.27:160][ 73]LogModuleManager: Shutting down and abandoning module RuntimePhysXCooking (226)
[2018.04.18-12.08.27:160][ 73]LogModuleManager: Shutting down and abandoning module PhysXVehiclesEditor (224)
[2018.04.18-12.08.27:172][ 73]LogModuleManager: Shutting down and abandoning module PhysXVehicles (222)
[2018.04.18-12.08.27:172][ 73]LogModuleManager: Shutting down and abandoning module ImmediatePhysicsEditor (220)
[2018.04.18-12.08.27:173][ 73]LogModuleManager: Shutting down and abandoning module ImmediatePhysics (218)
[2018.04.18-12.08.27:181][ 73]LogModuleManager: Shutting down and abandoning module UdpMessaging (216)
[2018.04.18-12.08.27:181][ 73]LogModuleManager: Shutting down and abandoning module TcpMessaging (214)
[2018.04.18-12.08.27:193][ 73]LogModuleManager: Shutting down and abandoning module VaRestPlugin (212)
[2018.04.18-12.08.27:200][ 73]LogModuleManager: Shutting down and abandoning module LowEntrySocketConnection (210)
[2018.04.18-12.08.27:200][ 73]LogModuleManager: Shutting down and abandoning module LowEntryExtendedStandardLibrary (208)
[2018.04.18-12.08.27:200][ 73]LogModuleManager: Shutting down and abandoning module GameplayTagsEditor (206)
[2018.04.18-12.08.27:210][ 73]LogModuleManager: Shutting down and abandoning module FacialAnimation (204)
[2018.04.18-12.08.27:210][ 73]LogModuleManager: Shutting down and abandoning module AssetManagerEditor (202)
[2018.04.18-12.08.27:225][ 73]LogModuleManager: Shutting down and abandoning module GraphEditor (201)
[2018.04.18-12.08.27:253][ 73]LogModuleManager: Shutting down and abandoning module ContentBrowser (199)
[2018.04.18-12.08.27:262][ 73]LogModuleManager: Shutting down and abandoning module CollectionManager (198)
[2018.04.18-12.08.27:271][ 73]LogDirectoryWatcher: A directory notification for 'F:/Development/Mary/Cyber-War/CyberWar/Content/Collections/' was aborted.
[2018.04.18-12.08.27:271][ 73]LogDirectoryWatcher: A directory notification for 'F:/Development/Mary/Cyber-War/CyberWar/Content/Developers/root/Collections/' was aborted.
[2018.04.18-12.08.27:271][ 73]LogDirectoryWatcher: A directory notification for 'F:/Development/Mary/Cyber-War/CyberWar/Saved/Collections/' was aborted.
[2018.04.18-12.08.27:271][ 73]LogModuleManager: Shutting down and abandoning module DirectoryWatcher (197)
[2018.04.18-12.08.27:271][ 73]LogModuleManager: Shutting down and abandoning module LightPropagationVolumeRuntime (192)
[2018.04.18-12.08.27:271][ 73]LogModuleManager: Shutting down and abandoning module Paper2D (190)
[2018.04.18-12.08.27:271][ 73]LogModuleManager: Shutting down and abandoning module WindowsMoviePlayer (188)
[2018.04.18-12.08.27:285][ 73]LogModuleManager: Shutting down and abandoning module WmfMedia (186)
[2018.04.18-12.08.27:300][ 73]LogModuleManager: Shutting down and abandoning module ImgMedia (184)
[2018.04.18-12.08.27:300][ 73]LogModuleManager: Shutting down and abandoning module PacketHandler (182)
[2018.04.18-12.08.27:300][ 73]LogModuleManager: Shutting down and abandoning module ClothingSystemEditor (180)
[2018.04.18-12.08.27:300][ 73]LogModuleManager: Shutting down and abandoning module ClothingSystemRuntime (178)
[2018.04.18-12.08.27:327][ 73]LogModuleManager: Shutting down and abandoning module MediaAssets (176)
[2018.04.18-12.08.27:327][ 73]LogModuleManager: Shutting down and abandoning module Media (175)
[2018.04.18-12.08.27:333][ 73]LogModuleManager: Shutting down and abandoning module Overlay (172)
[2018.04.18-12.08.27:333][ 73]LogModuleManager: Shutting down and abandoning module OverlayEditor (171)
[2018.04.18-12.08.27:333][ 73]LogModuleManager: Shutting down and abandoning module VREditor (168)
[2018.04.18-12.08.27:366][ 73]LogModuleManager: Shutting down and abandoning module StringTableEditor (166)
[2018.04.18-12.08.27:371][ 73]LogModuleManager: Shutting down and abandoning module GameplayTasksEditor (164)
[2018.04.18-12.08.27:371][ 73]LogModuleManager: Shutting down and abandoning module BehaviorTreeEditor (162)
[2018.04.18-12.08.27:430][ 73]LogModuleManager: Shutting down and abandoning module FunctionalTesting (160)
[2018.04.18-12.08.27:447][ 73]LogModuleManager: Shutting down and abandoning module CollisionAnalyzer (158)
[2018.04.18-12.08.27:464][ 73]LogModuleManager: Shutting down and abandoning module WorkspaceMenuStructure (157)
[2018.04.18-12.08.27:464][ 73]LogModuleManager: Shutting down and abandoning module UMG (154)
[2018.04.18-12.08.27:464][ 73]LogModuleManager: Shutting down and abandoning module UMGEditor (153)
[2018.04.18-12.08.27:472][ 73]LogModuleManager: Shutting down and abandoning module Sequencer (152)
[2018.04.18-12.08.27:472][ 73]LogModuleManager: Shutting down and abandoning module MessageLog (149)
[2018.04.18-12.08.27:473][ 73]LogModuleManager: Shutting down and abandoning module SlateReflector (144)
[2018.04.18-12.08.27:511][ 73]LogModuleManager: Shutting down and abandoning module Slate (142)
[2018.04.18-12.08.27:512][ 73]LogModuleManager: Shutting down and abandoning module EditorStyle (140)
[2018.04.18-12.08.27:527][ 73]LogModuleManager: Shutting down and abandoning module MRMesh (138)
[2018.04.18-12.08.27:527][ 73]LogModuleManager: Shutting down and abandoning module Messaging (136)
[2018.04.18-12.08.27:527][ 73]LogModuleManager: Shutting down and abandoning module SourceCodeAccess (134)
[2018.04.18-12.08.27:527][ 73]LogModuleManager: Shutting down and abandoning module HeadMountedDisplay (132)
[2018.04.18-12.08.27:527][ 73]LogModuleManager: Shutting down and abandoning module XAudio2 (130)
[2018.04.18-12.08.27:527][ 73]LogModuleManager: Shutting down and abandoning module Networking (128)
[2018.04.18-12.08.27:527][ 73]LogModuleManager: Shutting down and abandoning module Core (124)
[2018.04.18-12.08.27:527][ 73]LogModuleManager: Shutting down and abandoning module LevelSequence (122)
[2018.04.18-12.08.27:542][ 73]LogModuleManager: Shutting down and abandoning module KismetCompiler (120)
[2018.04.18-12.08.27:542][ 73]LogModuleManager: Shutting down and abandoning module MeshUtilities (118)
[2018.04.18-12.08.27:580][ 73]LogModuleManager: Shutting down and abandoning module MeshMergeUtilities (117)
[2018.04.18-12.08.27:593][ 73]LogModuleManager: Shutting down and abandoning module MeshReductionInterface (116)
[2018.04.18-12.08.27:593][ 73]LogModuleManager: Shutting down and abandoning module SimplygonSwarm (115)
[2018.04.18-12.08.27:600][ 73]LogModuleManager: Shutting down and abandoning module SimplygonMeshReduction (113)
[2018.04.18-12.08.27:600][ 73]LogModuleManager: Shutting down and abandoning module QuadricMeshReduction (111)
[2018.04.18-12.08.27:608][ 73]LogModuleManager: Shutting down and abandoning module MaterialBaking (107)
[2018.04.18-12.08.27:616][ 73]LogModuleManager: Shutting down and abandoning module DerivedDataCache (102)
[2018.04.18-12.08.27:626][ 73]LogDerivedDataCache: Shutdown
[2018.04.18-12.08.27:626][ 73]LogModuleManager: Shutting down and abandoning module TargetPlatform (100)
[2018.04.18-12.08.27:627][ 73]LogModuleManager: Shutting down and abandoning module VulkanShaderFormat (99)
[2018.04.18-12.08.27:633][ 73]LogModuleManager: Shutting down and abandoning module ShaderFormatVectorVM (97)
[2018.04.18-12.08.27:637][ 73]LogModuleManager: Shutting down and abandoning module ShaderFormatOpenGL (95)
[2018.04.18-12.08.27:649][ 73]LogModuleManager: Shutting down and abandoning module ShaderFormatD3D (93)
[2018.04.18-12.08.27:661][ 73]LogModuleManager: Shutting down and abandoning module MetalShaderFormat (91)
[2018.04.18-12.08.27:679][ 73]LogModuleManager: Shutting down and abandoning module TextureFormatUncompressed (89)
[2018.04.18-12.08.27:679][ 73]LogModuleManager: Shutting down and abandoning module TextureFormatPVR (87)
[2018.04.18-12.08.27:679][ 73]LogModuleManager: Shutting down and abandoning module TextureFormatDXT (85)
[2018.04.18-12.08.27:692][ 73]LogModuleManager: Shutting down and abandoning module TextureFormatIntelISPCTexComp (83)
[2018.04.18-12.08.27:735][ 73]LogModuleManager: Shutting down and abandoning module TextureFormatASTC (81)
[2018.04.18-12.08.27:735][ 73]LogModuleManager: Shutting down and abandoning module ImageWrapper (80)
[2018.04.18-12.08.27:735][ 73]LogModuleManager: Shutting down and abandoning module TextureFormatAndroid (77)
[2018.04.18-12.08.27:736][ 73]LogModuleManager: Shutting down and abandoning module AudioFormatOpus (75)
[2018.04.18-12.08.27:736][ 73]LogModuleManager: Shutting down and abandoning module AudioFormatOgg (73)
[2018.04.18-12.08.27:736][ 73]LogModuleManager: Shutting down and abandoning module AudioFormatADPCM (71)
[2018.04.18-12.08.27:736][ 73]LogModuleManager: Shutting down and abandoning module WindowsTargetPlatform (69)
[2018.04.18-12.08.27:736][ 73]LogModuleManager: Shutting down and abandoning module WindowsServerTargetPlatform (67)
[2018.04.18-12.08.27:736][ 73]LogModuleManager: Shutting down and abandoning module WindowsNoEditorTargetPlatform (65)
[2018.04.18-12.08.27:736][ 73]LogModuleManager: Shutting down and abandoning module WindowsClientTargetPlatform (63)
[2018.04.18-12.08.27:736][ 73]LogModuleManager: Shutting down and abandoning module InputCore (60)
[2018.04.18-12.08.27:736][ 73]LogModuleManager: Shutting down and abandoning module Settings (58)
[2018.04.18-12.08.27:736][ 73]LogModuleManager: Shutting down and abandoning module PhysXCooking (56)
[2018.04.18-12.08.27:736][ 73]LogModuleManager: Shutting down and abandoning module SteamVR (54)
[2018.04.18-12.08.27:736][ 73]LogModuleManager: Shutting down and abandoning module OculusHMD (52)
[2018.04.18-12.08.27:761][ 73]LogModuleManager: Shutting down and abandoning module ExampleDeviceProfileSelector (50)
[2018.04.18-12.08.27:761][ 73]LogModuleManager: Shutting down and abandoning module OnlineBlueprintSupport (48)
[2018.04.18-12.08.27:761][ 73]LogModuleManager: Shutting down and abandoning module OnlineSubsystem (44)
[2018.04.18-12.08.27:761][ 73]LogModuleManager: Shutting down and abandoning module XMPP (43)
[2018.04.18-12.08.27:926][ 73]LogModuleManager: Shutting down and abandoning module HTTP (41)
[2018.04.18-12.08.27:951][ 73]LogModuleManager: Shutting down and abandoning module SSL (40)
[2018.04.18-12.08.28:011][ 73]LogModuleManager: Shutting down and abandoning module AnimationModifiers (36)
[2018.04.18-12.08.28:094][ 73]LogModuleManager: Shutting down and abandoning module PropertyEditor (35)
[2018.04.18-12.08.28:094][ 73]LogModuleManager: Shutting down and abandoning module AudioEditor (32)
[2018.04.18-12.08.28:214][ 73]LogModuleManager: Shutting down and abandoning module TextureCompressor (30)
[2018.04.18-12.08.28:294][ 73]LogModuleManager: Shutting down and abandoning module ShaderCore (28)
[2018.04.18-12.08.28:294][ 73]LogModuleManager: Shutting down and abandoning module Landscape (26)
[2018.04.18-12.08.28:294][ 73]LogModuleManager: Shutting down and abandoning module SlateRHIRenderer (24)
[2018.04.18-12.08.28:316][ 73]LogModuleManager: Shutting down and abandoning module OpenGLDrv (22)
[2018.04.18-12.08.28:384][ 73]LogModuleManager: Shutting down and abandoning module D3D11RHI (20)
[2018.04.18-12.08.28:385][ 73]LogModuleManager: Shutting down and abandoning module AnimGraphRuntime (18)
[2018.04.18-12.08.28:385][ 73]LogModuleManager: Shutting down and abandoning module Renderer (16)
[2018.04.18-12.08.28:385][ 73]LogModuleManager: Shutting down and abandoning module Engine (14)
[2018.04.18-12.08.28:424][ 73]LogModuleManager: Shutting down and abandoning module CoreUObject (12)
[2018.04.18-12.08.28:424][ 73]LogModuleManager: Shutting down and abandoning module NetworkFile (10)
[2018.04.18-12.08.28:497][ 73]LogModuleManager: Shutting down and abandoning module CookedIterativeFile (8)
[2018.04.18-12.08.28:497][ 73]LogModuleManager: Shutting down and abandoning module StreamingFile (6)
[2018.04.18-12.08.28:570][ 73]LogModuleManager: Shutting down and abandoning module SandboxFile (4)
[2018.04.18-12.08.28:570][ 73]LogModuleManager: Shutting down and abandoning module PakFile (2)
[2018.04.18-12.08.28:779][ 73]LogExit: Exiting.
[2018.04.18-12.08.28:785][ 73]Log file closed, 04/18/18 15:08:28
