Log file open, 04/17/18 04:29:05
LogWindows: Failed to load 'aqProf.dll' (GetLastError=126)
LogWindows: File 'aqProf.dll' does not exist
LogWindows: Failed to load 'VtuneApi.dll' (GetLastError=126)
LogWindows: File 'VtuneApi.dll' does not exist
LogWindows: Failed to load 'VtuneApi32e.dll' (GetLastError=126)
LogWindows: File 'VtuneApi32e.dll' does not exist
LogInit: Display: Running engine for game: CyberWar
LogPlatformFile: Not using cached read wrapper
LogInit: Display: RandInit(1576324489) SRandInit(1576324489).
LogInit: Read version file with build ID '3709383'
LogInit: Overriding engine version to CL 3832480, compatible CL 3709383
LogInit: Registered custom module enumerator with build ID '3709383'
LogTaskGraph: Started task graph with 5 named threads and 8 total threads with 3 sets of task threads.
LogStats: Stats thread started at 0.414402
LogD3D11RHI: Aftermath initialized
LogModuleManager: Display: Found up-to-date module file ../../../Engine/Plugins/Marketplace/VaRestPlugin/Binaries/Win64/UE4Editor-VaRestPlugin.dll (API version 3709383).
LogModuleManager: Display: Found up-to-date module file ../../../Engine/Plugins/Marketplace/VaRestPlugin/Binaries/Win64/UE4Editor-VaRestEditorPlugin.dll (API version 3709383).
LogModuleManager: Display: Found up-to-date module file ../../../Engine/Plugins/Marketplace/LowEntrySocketConnection/Binaries/Win64/UE4Editor-LowEntrySocketConnection.dll (API version 3709383).
LogModuleManager: Display: Found up-to-date module file ../../../Engine/Plugins/Marketplace/LowEntryExtStdLib/Binaries/Win64/UE4Editor-LowEntryExtendedStandardLibrary.dll (API version 3709383).
LogModuleManager: Display: Found up-to-date module file ../../../Engine/Plugins/Marketplace/LowEntryExtStdLib/Binaries/Win64/UE4Editor-LowEntryExtendedStandardLibraryEditor.dll (API version 3709383).
LogModuleManager: Display: Found up-to-date module file ../../../Engine/Plugins/Online/OnlineFramework/Binaries/Win64/UE4Editor-Qos.dll (API version 3709383).
LogModuleManager: Display: Found up-to-date module file ../../../Engine/Plugins/Online/OnlineFramework/Binaries/Win64/UE4Editor-Party.dll (API version 3709383).
LogModuleManager: Display: Found up-to-date module file ../../../Engine/Plugins/Online/OnlineFramework/Binaries/Win64/UE4Editor-Lobby.dll (API version 3709383).
LogModuleManager: Display: Found up-to-date module file ../../../Engine/Plugins/Online/OnlineFramework/Binaries/Win64/UE4Editor-Hotfix.dll (API version 3709383).
LogModuleManager: Display: Found up-to-date module file ../../../Engine/Plugins/Online/OnlineFramework/Binaries/Win64/UE4Editor-Rejoin.dll (API version 3709383).
LogModuleManager: Display: Found up-to-date module file ../../../Engine/Plugins/Online/OnlineFramework/Binaries/Win64/UE4Editor-LoginFlow.dll (API version 3709383).
LogModuleManager: Display: Found up-to-date module file ../../../Engine/Plugins/Online/OnlineSubsystem/Binaries/Win64/UE4Editor-OnlineSubsystem.dll (API version 3709383).
LogModuleManager: Display: Found up-to-date module file ../../../Engine/Plugins/Online/OnlineSubsystemUtils/Binaries/Win64/UE4Editor-OnlineSubsystemUtils.dll (API version 3709383).
LogModuleManager: Display: Found up-to-date module file ../../../Engine/Plugins/Online/OnlineSubsystemUtils/Binaries/Win64/UE4Editor-OnlineBlueprintSupport.dll (API version 3709383).
LogModuleManager: Display: Found up-to-date module file ../../../Engine/Plugins/2D/Paper2D/Binaries/Win64/UE4Editor-Paper2D.dll (API version 3709383).
LogModuleManager: Display: Found up-to-date module file ../../../Engine/Plugins/2D/Paper2D/Binaries/Win64/UE4Editor-Paper2DEditor.dll (API version 3709383).
LogModuleManager: Display: Found up-to-date module file ../../../Engine/Plugins/2D/Paper2D/Binaries/Win64/UE4Editor-PaperSpriteSheetImporter.dll (API version 3709383).
LogModuleManager: Display: Found up-to-date module file ../../../Engine/Plugins/2D/Paper2D/Binaries/Win64/UE4Editor-PaperTiledImporter.dll (API version 3709383).
LogModuleManager: Display: Found up-to-date module file ../../../Engine/Plugins/2D/Paper2D/Binaries/Win64/UE4Editor-SmartSnapping.dll (API version 3709383).
LogModuleManager: Display: Found up-to-date module file ../../../Engine/Plugins/Blendables/LightPropagationVolume/Binaries/Win64/UE4Editor-LightPropagationVolumeRuntime.dll (API version 3709383).
LogModuleManager: Display: Found up-to-date module file ../../../Engine/Plugins/Blendables/LightPropagationVolume/Binaries/Win64/UE4Editor-LightPropagationVolumeEditor.dll (API version 3709383).
LogModuleManager: Display: Found up-to-date module file ../../../Engine/Plugins/Developer/GitSourceControl/Binaries/Win64/UE4Editor-GitSourceControl.dll (API version 3709383).
LogModuleManager: Display: Found up-to-date module file ../../../Engine/Plugins/Developer/PerforceSourceControl/Binaries/Win64/UE4Editor-PerforceSourceControl.dll (API version 3709383).
LogModuleManager: Display: Found up-to-date module file ../../../Engine/Plugins/Developer/SubversionSourceControl/Binaries/Win64/UE4Editor-SubversionSourceControl.dll (API version 3709383).
LogModuleManager: Display: Found up-to-date module file ../../../Engine/Plugins/Developer/UObjectPlugin/Binaries/Win64/UE4Editor-UObjectPlugin.dll (API version 3709383).
LogModuleManager: Display: Found up-to-date module file ../../../Engine/Plugins/Developer/VisualStudioSourceCodeAccess/Binaries/Win64/UE4Editor-VisualStudioSourceCodeAccess.dll (API version 3709383).
LogModuleManager: Display: Found up-to-date module file ../../../Engine/Plugins/Editor/AssetManagerEditor/Binaries/Win64/UE4Editor-AssetManagerEditor.dll (API version 3709383).
LogModuleManager: Display: Found up-to-date module file ../../../Engine/Plugins/Editor/AudioCapture/Binaries/Win64/UE4Editor-AudioCapture.dll (API version 3709383).
LogModuleManager: Display: Found up-to-date module file ../../../Engine/Plugins/Editor/FacialAnimation/Binaries/Win64/UE4Editor-FacialAnimation.dll (API version 3709383).
LogModuleManager: Display: Found up-to-date module file ../../../Engine/Plugins/Editor/FacialAnimation/Binaries/Win64/UE4Editor-FacialAnimationEditor.dll (API version 3709383).
LogModuleManager: Display: Found up-to-date module file ../../../Engine/Plugins/Editor/GameplayTagsEditor/Binaries/Win64/UE4Editor-GameplayTagsEditor.dll (API version 3709383).
LogModuleManager: Display: Found up-to-date module file ../../../Engine/Plugins/Editor/MobileLauncherProfileWizard/Binaries/Win64/UE4Editor-MobileLauncherProfileWizard.dll (API version 3709383).
LogModuleManager: Display: Found up-to-date module file ../../../Engine/Plugins/Editor/PluginBrowser/Binaries/Win64/UE4Editor-PluginBrowser.dll (API version 3709383).
LogModuleManager: Display: Found up-to-date module file ../../../Engine/Plugins/Editor/SpeedTreeImporter/Binaries/Win64/UE4Editor-SpeedTreeImporter.dll (API version 3709383).
LogModuleManager: Display: Found up-to-date module file ../../../Engine/Plugins/Experimental/AlembicImporter/Binaries/Win64/UE4Editor-AlembicImporter.dll (API version 3709383).
LogModuleManager: Display: Found up-to-date module file ../../../Engine/Plugins/Experimental/AlembicImporter/Binaries/Win64/UE4Editor-AlembicLibrary.dll (API version 3709383).
LogModuleManager: Display: Found up-to-date module file ../../../Engine/Plugins/Experimental/CharacterAI/Binaries/Win64/UE4Editor-CharacterAI.dll (API version 3709383).
LogModuleManager: Display: Found up-to-date module file ../../../Engine/Plugins/Experimental/HTML5Networking/Binaries/Win64/UE4Editor-HTML5Networking.dll (API version 3709383).
LogModuleManager: Display: Found up-to-date module file ../../../Engine/Plugins/Media/AvfMedia/Binaries/Win64/UE4Editor-AvfMediaEditor.dll (API version 3709383).
LogModuleManager: Display: Found up-to-date module file ../../../Engine/Plugins/Media/AvfMedia/Binaries/Win64/UE4Editor-AvfMediaFactory.dll (API version 3709383).
LogModuleManager: Display: Found up-to-date module file ../../../Engine/Plugins/Media/AvfMedia/Binaries/Win64/UE4Editor-AvfMediaFactory.dll (API version 3709383).
LogModuleManager: Display: Found up-to-date module file ../../../Engine/Plugins/Media/ImgMedia/Binaries/Win64/UE4Editor-ImgMedia.dll (API version 3709383).
LogModuleManager: Display: Found up-to-date module file ../../../Engine/Plugins/Media/ImgMedia/Binaries/Win64/UE4Editor-ImgMediaEditor.dll (API version 3709383).
LogModuleManager: Display: Found up-to-date module file ../../../Engine/Plugins/Media/ImgMedia/Binaries/Win64/UE4Editor-ImgMediaFactory.dll (API version 3709383).
LogModuleManager: Display: Found up-to-date module file ../../../Engine/Plugins/Media/ImgMedia/Binaries/Win64/UE4Editor-ImgMediaFactory.dll (API version 3709383).
LogModuleManager: Display: Found up-to-date module file ../../../Engine/Plugins/Media/ImgMedia/Binaries/Win64/UE4Editor-OpenExrWrapper.dll (API version 3709383).
LogModuleManager: Display: Found up-to-date module file ../../../Engine/Plugins/Media/MediaCompositing/Binaries/Win64/UE4Editor-MediaCompositing.dll (API version 3709383).
LogModuleManager: Display: Found up-to-date module file ../../../Engine/Plugins/Media/MediaCompositing/Binaries/Win64/UE4Editor-MediaCompositingEditor.dll (API version 3709383).
LogModuleManager: Display: Found up-to-date module file ../../../Engine/Plugins/Media/MediaPlayerEditor/Binaries/Win64/UE4Editor-MediaPlayerEditor.dll (API version 3709383).
LogModuleManager: Display: Found up-to-date module file ../../../Engine/Plugins/Media/WmfMedia/Binaries/Win64/UE4Editor-WmfMedia.dll (API version 3709383).
LogModuleManager: Display: Found up-to-date module file ../../../Engine/Plugins/Media/WmfMedia/Binaries/Win64/UE4Editor-WmfMediaEditor.dll (API version 3709383).
LogModuleManager: Display: Found up-to-date module file ../../../Engine/Plugins/Media/WmfMedia/Binaries/Win64/UE4Editor-WmfMediaFactory.dll (API version 3709383).
LogModuleManager: Display: Found up-to-date module file ../../../Engine/Plugins/Media/WmfMedia/Binaries/Win64/UE4Editor-WmfMediaFactory.dll (API version 3709383).
LogModuleManager: Display: Found up-to-date module file ../../../Engine/Plugins/Messaging/TcpMessaging/Binaries/Win64/UE4Editor-TcpMessaging.dll (API version 3709383).
LogModuleManager: Display: Found up-to-date module file ../../../Engine/Plugins/Messaging/UdpMessaging/Binaries/Win64/UE4Editor-UdpMessaging.dll (API version 3709383).
LogModuleManager: Display: Found up-to-date module file ../../../Engine/Plugins/MovieScene/ActorSequence/Binaries/Win64/UE4Editor-ActorSequence.dll (API version 3709383).
LogModuleManager: Display: Found up-to-date module file ../../../Engine/Plugins/MovieScene/LevelSequenceEditor/Binaries/Win64/UE4Editor-LevelSequenceEditor.dll (API version 3709383).
LogModuleManager: Display: Found up-to-date module file ../../../Engine/Plugins/MovieScene/MatineeToLevelSequence/Binaries/Win64/UE4Editor-MatineeToLevelSequence.dll (API version 3709383).
LogModuleManager: Display: Found up-to-date module file ../../../Engine/Plugins/Runtime/AndroidDeviceProfileSelector/Binaries/Win64/UE4Editor-AndroidDeviceProfileSelector.dll (API version 3709383).
LogModuleManager: Display: Found up-to-date module file ../../../Engine/Plugins/Runtime/ArchVisCharacter/Binaries/Win64/UE4Editor-ArchVisCharacter.dll (API version 3709383).
LogModuleManager: Display: Found up-to-date module file ../../../Engine/Plugins/Runtime/CableComponent/Binaries/Win64/UE4Editor-CableComponent.dll (API version 3709383).
LogModuleManager: Display: Found up-to-date module file ../../../Engine/Plugins/Runtime/CustomMeshComponent/Binaries/Win64/UE4Editor-CustomMeshComponent.dll (API version 3709383).
LogModuleManager: Display: Found up-to-date module file ../../../Engine/Plugins/Runtime/ExampleDeviceProfileSelector/Binaries/Win64/UE4Editor-ExampleDeviceProfileSelector.dll (API version 3709383).
LogModuleManager: Display: Found up-to-date module file ../../../Engine/Plugins/Runtime/ImmediatePhysics/Binaries/Win64/UE4Editor-ImmediatePhysics.dll (API version 3709383).
LogModuleManager: Display: Found up-to-date module file ../../../Engine/Plugins/Runtime/ImmediatePhysics/Binaries/Win64/UE4Editor-ImmediatePhysicsEditor.dll (API version 3709383).
LogModuleManager: Display: Found up-to-date module file ../../../Engine/Plugins/Runtime/Oculus/OculusVR/Binaries/Win64/UE4Editor-OculusHMD.dll (API version 3709383).
LogModuleManager: Display: Found up-to-date module file ../../../Engine/Plugins/Runtime/Oculus/OculusVR/Binaries/Win64/UE4Editor-OculusInput.dll (API version 3709383).
LogModuleManager: Display: Found up-to-date module file ../../../Engine/Plugins/Runtime/Oculus/OculusVR/Binaries/Win64/UE4Editor-OculusEditor.dll (API version 3709383).
LogModuleManager: Display: Found up-to-date module file ../../../Engine/Plugins/Runtime/PhysXVehicles/Binaries/Win64/UE4Editor-PhysXVehicles.dll (API version 3709383).
LogModuleManager: Display: Found up-to-date module file ../../../Engine/Plugins/Runtime/PhysXVehicles/Binaries/Win64/UE4Editor-PhysXVehiclesEditor.dll (API version 3709383).
LogModuleManager: Display: Found up-to-date module file ../../../Engine/Plugins/Runtime/ProceduralMeshComponent/Binaries/Win64/UE4Editor-ProceduralMeshComponent.dll (API version 3709383).
LogModuleManager: Display: Found up-to-date module file ../../../Engine/Plugins/Runtime/ProceduralMeshComponent/Binaries/Win64/UE4Editor-ProceduralMeshComponentEditor.dll (API version 3709383).
LogModuleManager: Display: Found up-to-date module file ../../../Engine/Plugins/Runtime/RuntimePhysXCooking/Binaries/Win64/UE4Editor-RuntimePhysXCooking.dll (API version 3709383).
LogModuleManager: Display: Found up-to-date module file ../../../Engine/Plugins/Runtime/Steam/SteamVR/Binaries/Win64/UE4Editor-SteamVR.dll (API version 3709383).
LogModuleManager: Display: Found up-to-date module file ../../../Engine/Plugins/Runtime/Steam/SteamVR/Binaries/Win64/UE4Editor-SteamVRController.dll (API version 3709383).
LogModuleManager: Display: Found up-to-date module file ../../../Engine/Plugins/Runtime/WindowsMoviePlayer/Binaries/Win64/UE4Editor-WindowsMoviePlayer.dll (API version 3709383).
LogPluginManager: Mounting plugin Paper2D
LogPluginManager: Mounting plugin LightPropagationVolume
LogPluginManager: Mounting plugin GitSourceControl
LogPluginManager: Mounting plugin KDevelopSourceCodeAccess
LogPluginManager: Mounting plugin NullSourceCodeAccess
LogPluginManager: Mounting plugin PerforceSourceControl
LogPluginManager: Mounting plugin SubversionSourceControl
LogPluginManager: Mounting plugin UObjectPlugin
LogPluginManager: Mounting plugin VisualStudioSourceCodeAccess
LogPluginManager: Mounting plugin AssetManagerEditor
LogPluginManager: Mounting plugin AudioCapture
LogPluginManager: Mounting plugin FacialAnimation
LogPluginManager: Mounting plugin GameplayTagsEditor
LogPluginManager: Mounting plugin MobileLauncherProfileWizard
LogPluginManager: Mounting plugin PluginBrowser
LogPluginManager: Mounting plugin SpeedTreeImporter
LogPluginManager: Mounting plugin AlembicImporter
LogPluginManager: Mounting plugin CharacterAI
LogPluginManager: Mounting plugin HTML5Networking
LogPluginManager: Mounting plugin LowEntryExtStdLib
LogPluginManager: Mounting plugin LowEntrySocketConnection
LogPluginManager: Mounting plugin VaRestPlugin
LogPluginManager: Mounting plugin AvfMedia
LogPluginManager: Mounting plugin ImgMedia
LogPluginManager: Mounting plugin MediaCompositing
LogPluginManager: Mounting plugin MediaPlayerEditor
LogPluginManager: Mounting plugin WmfMedia
LogPluginManager: Mounting plugin TcpMessaging
LogPluginManager: Mounting plugin UdpMessaging
LogPluginManager: Mounting plugin ActorSequence
LogPluginManager: Mounting plugin LevelSequenceEditor
LogPluginManager: Mounting plugin MatineeToLevelSequence
LogPluginManager: Mounting plugin OnlineFramework
LogPluginManager: Mounting plugin OnlineSubsystem
LogPluginManager: Mounting plugin OnlineSubsystemUtils
LogPluginManager: Mounting plugin AndroidDeviceProfileSelector
LogPluginManager: Mounting plugin ArchVisCharacter
LogPluginManager: Mounting plugin CableComponent
LogPluginManager: Mounting plugin CustomMeshComponent
LogPluginManager: Mounting plugin ExampleDeviceProfileSelector
LogPluginManager: Mounting plugin ImmediatePhysics
LogPluginManager: Mounting plugin IOSDeviceProfileSelector
LogPluginManager: Mounting plugin LinuxDeviceProfileSelector
LogPluginManager: Mounting plugin OculusVR
LogPluginManager: Plugin shader directory ../../../Engine/Plugins/Runtime/Oculus/OculusVR/Shaders found
LogPluginManager: Mapping shader source directory ../../../Engine/Plugins/Runtime/Oculus/OculusVR/Shaders to virtual directory /Plugin/OculusVR
LogPluginManager: Mounting plugin PhysXVehicles
LogPluginManager: Mounting plugin ProceduralMeshComponent
LogPluginManager: Mounting plugin RuntimePhysXCooking
LogPluginManager: Mounting plugin SteamVR
LogPluginManager: Mounting plugin WindowsMoviePlayer
LogInit: Using libcurl 7.47.1
LogInit:  - built for x86_64-pc-win32
LogInit:  - supports SSL with OpenSSL/1.0.2g
LogInit:  - supports HTTP deflate (compression) using libz 1.2.8
LogInit:  - other features:
LogInit:      CURL_VERSION_SSL
LogInit:      CURL_VERSION_LIBZ
LogInit:      CURL_VERSION_IPV6
LogInit:      CURL_VERSION_ASYNCHDNS
LogInit:      CURL_VERSION_LARGEFILE
LogInit:      CURL_VERSION_IDN
LogInit:  CurlRequestOptions (configurable via config and command line):
LogInit:  - bVerifyPeer = false  - Libcurl will NOT verify peer certificate
LogInit:  - bUseHttpProxy = false  - Libcurl will NOT use HTTP proxy
LogInit:  - bDontReuseConnections = false  - Libcurl will reuse connections
LogInit:  - CertBundlePath = nullptr  - Libcurl will use whatever was configured at build time.
LogInit: Build: ++UE4+Release-4.18-CL-3832480
LogInit: Engine Version: 4.18.3-3832480+++UE4+Release-4.18
LogInit: Compatible Engine Version: 4.18.0-3709383+++UE4+Release-4.18
LogInit: Net CL: 3709383
LogDevObjectVersion: Number of dev versions registered: 16
LogDevObjectVersion:   Dev-Blueprints (B0D832E4-1F89-4F0D-ACCF-7EB736FD4AA2): 10
LogDevObjectVersion:   Dev-Build (E1C64328-A22C-4D53-A36C-8E866417BD8C): 0
LogDevObjectVersion:   Dev-Core (375EC13C-06E4-48FB-B500-84F0262A717E): 2
LogDevObjectVersion:   Dev-Editor (E4B068ED-F494-42E9-A231-DA0B2E46BB41): 20
LogDevObjectVersion:   Dev-Framework (CFFC743F-43B0-4480-9391-14DF171D2073): 30
LogDevObjectVersion:   Dev-Mobile (B02B49B5-BB20-44E9-A304-32B752E40360): 0
LogDevObjectVersion:   Dev-Networking (A4E4105C-59A1-49B5-A7C5-40C4547EDFEE): 0
LogDevObjectVersion:   Dev-Online (39C831C9-5AE6-47DC-9A44-9C173E1C8E7C): 0
LogDevObjectVersion:   Dev-Physics (78F01B33-EBEA-4F98-B9B4-84EACCB95AA2): 0
LogDevObjectVersion:   Dev-Platform (6631380F-2D4D-43E0-8009-CF276956A95A): 0
LogDevObjectVersion:   Dev-Rendering (12F88B9F-8875-4AFC-A67C-D90C383ABD29): 20
LogDevObjectVersion:   Dev-Sequencer (7B5AE74C-D270-4C10-A958-57980B212A5A): 4
LogDevObjectVersion:   Dev-VR (D7296918-1DD6-4BDD-9DE2-64A83CC13884): 0
LogDevObjectVersion:   Dev-LoadTimes (C2A15278-BFE7-4AFE-6C17-90FF531DF755): 1
LogDevObjectVersion:   Private-Geometry (6EACA3D4-40EC-4CC1-B786-8BED09428FC5): 1
LogDevObjectVersion:   Dev-AnimPhys (29E575DD-E0A3-4627-9D10-D276232CDCEA): 12
LogInit: Compiled (64-bit): Jan 12 2018 02:04:55
LogInit: Compiled with Visual C++: 19.00.24215.01
LogInit: Build Configuration: Development
LogInit: Branch Name: ++UE4+Release-4.18
LogInit: Command line:  
LogInit: Base directory: F:/Soft/Epic Games/UE_4.18/Engine/Binaries/Win64/
LogInit: Installed Engine Build: 1
LogInit: Presizing for max 8388607 objects, including 0 objects not considered by GC, pre-allocating 0 bytes for permanent pool.
LogInit: Object subsystem initialized
[2018.04.17-01.29.14:033][  0]LogInit: Selected Device Profile: [Windows]
[2018.04.17-01.29.14:033][  0]LogInit: Applying CVar settings loaded from the selected device profile: [Windows]
[2018.04.17-01.29.14:217][  0]LogInit: Computer: DESKTOP-38OIRC4
[2018.04.17-01.29.14:217][  0]LogInit: User: root
[2018.04.17-01.29.14:217][  0]LogInit: CPU Page size=4096, Cores=2
[2018.04.17-01.29.14:217][  0]LogInit: High frequency timer resolution =2.825504 MHz
[2018.04.17-01.29.14:249][  0]LogMemory: Memory total: Physical=7.9GB (8GB approx)
[2018.04.17-01.29.14:262][  0]LogMemory: Platform Memory Stats for Windows
[2018.04.17-01.29.14:262][  0]LogMemory: Process Physical Memory: 275.41 MB used, 275.41 MB peak
[2018.04.17-01.29.14:262][  0]LogMemory: Process Virtual Memory: 264.39 MB used, 264.39 MB peak
[2018.04.17-01.29.14:262][  0]LogMemory: Physical Memory: 4336.77 MB used,  3772.52 MB free, 8109.29 MB total
[2018.04.17-01.29.14:262][  0]LogMemory: Virtual Memory: 668.73 MB used,  3772.52 MB free, 134217728.00 MB total
[2018.04.17-01.29.15:902][  0]LogInit: Using OS detected language (ru-RU).
[2018.04.17-01.29.15:903][  0]LogInit: Using OS detected locale (ru-RU).
[2018.04.17-01.29.16:178][  0]LogTextLocalizationManager: No localization for 'ru-RU' exists, so 'en' will be used for the language.
[2018.04.17-01.29.16:178][  0]LogTextLocalizationManager: No localization for 'ru-RU' exists, so 'en' will be used for the locale.
[2018.04.17-01.29.17:388][  0]LogInit: Setting process to per monitor DPI aware
[2018.04.17-01.29.23:095][  0]LogD3D11RHI: D3D11 adapters:
[2018.04.17-01.29.23:955][  0]LogD3D11RHI:    0. 'NVIDIA GeForce 840M' (Feature Level 11_0)
[2018.04.17-01.29.23:955][  0]LogD3D11RHI:       2020/0/4054 MB DedicatedVideo/DedicatedSystem/SharedSystem, Outputs:1, VendorId:0x10de
[2018.04.17-01.29.24:036][  0]LogD3D11RHI:    1. 'Intel(R) HD Graphics 4600' (Feature Level 11_0)
[2018.04.17-01.29.24:036][  0]LogD3D11RHI:       112/0/2048 MB DedicatedVideo/DedicatedSystem/SharedSystem, Outputs:0, VendorId:0x8086
[2018.04.17-01.29.24:110][  0]LogD3D11RHI:    2. 'Microsoft Basic Render Driver' (Feature Level 11_0)
[2018.04.17-01.29.24:110][  0]LogD3D11RHI:       0/0/4054 MB DedicatedVideo/DedicatedSystem/SharedSystem, Outputs:0, VendorId:0x1414
[2018.04.17-01.29.24:110][  0]LogD3D11RHI: Chosen D3D11 Adapter: 0
[2018.04.17-01.29.24:189][  0]LogD3D11RHI: Creating new Direct3DDevice
[2018.04.17-01.29.24:221][  0]LogD3D11RHI:     GPU DeviceId: 0x1341 (for the marketing name, search the web for "GPU Device Id")
[2018.04.17-01.29.24:221][  0]LogWindows: EnumDisplayDevices:
[2018.04.17-01.29.24:221][  0]LogWindows:    0. 'Intel(R) HD Graphics 4600' (P:1 D:1)
[2018.04.17-01.29.24:221][  0]LogWindows:    1. 'Intel(R) HD Graphics 4600' (P:0 D:0)
[2018.04.17-01.29.24:221][  0]LogWindows:    2. 'Intel(R) HD Graphics 4600' (P:0 D:0)
[2018.04.17-01.29.24:221][  0]LogWindows: DebugString: GetVideoDriverDetailsInvalid PrimaryIsNotTheChoosenAdapter GetVideoDriverDetailsInvalid PrimaryIsNotTheChoosenAdapter GetVideoDriverDetailsInvalid PrimaryIsNotTheChoosenAdapter FoundDriverCount:0 
[2018.04.17-01.29.24:221][  0]LogD3D11RHI:     Adapter Name: NVIDIA GeForce 840M
[2018.04.17-01.29.24:221][  0]LogD3D11RHI:   Driver Version: Unknown (internal:Unknown, unified:Unknown)
[2018.04.17-01.29.24:221][  0]LogD3D11RHI:      Driver Date: Unknown
[2018.04.17-01.29.24:221][  0]LogRHI: Texture pool is 1414 MB (70% of 2020 MB)
[2018.04.17-01.29.24:471][  0]LogD3D11RHI: Async texture creation enabled
[2018.04.17-01.29.25:199][  0]LogD3D11RHI: GPU Timing Frequency: 1000.000000 (Debug: 2 1)
[2018.04.17-01.29.25:330][  0]LogShaderCompilers: Guid format shader working directory is -9 characters bigger than the processId version (../../../../../../Development/Mary/Cyber-War/CyberWar/Intermediate/Shaders/WorkingDirectory/11032/).
[2018.04.17-01.29.25:330][  0]LogShaderCompilers: Cleaned the shader compiler working directory 'C:/Users/root/AppData/Local/Temp/UnrealShaderWorkingDir/14E62E704A8E6B7D8DC740B042D3FA1C/'.
[2018.04.17-01.29.25:333][  0]LogShaderCompilers: Display: Using Local Shader Compiler.
[2018.04.17-01.29.37:624][  0]LogTemp: Display: Loaded TP AllDesktopTargetPlatform
[2018.04.17-01.29.37:684][  0]LogTemp: Display: Loaded TP MacClientTargetPlatform
[2018.04.17-01.29.37:980][  0]LogTemp: Display: Loaded TP MacNoEditorTargetPlatform
[2018.04.17-01.29.38:053][  0]LogTemp: Display: Loaded TP MacServerTargetPlatform
[2018.04.17-01.29.38:216][  0]LogTemp: Display: Loaded TP MacTargetPlatform
[2018.04.17-01.29.38:307][  0]LogTemp: Display: Loaded TP WindowsClientTargetPlatform
[2018.04.17-01.29.38:395][  0]LogTemp: Display: Loaded TP WindowsNoEditorTargetPlatform
[2018.04.17-01.29.38:464][  0]LogTemp: Display: Loaded TP WindowsServerTargetPlatform
[2018.04.17-01.29.38:530][  0]LogTemp: Display: Loaded TP WindowsTargetPlatform
[2018.04.17-01.29.38:906][  0]LogTemp: Display: Loaded TP Android_ASTCTargetPlatform
[2018.04.17-01.29.39:067][  0]LogTemp: Display: Loaded TP Android_ATCTargetPlatform
[2018.04.17-01.29.39:119][  0]LogTemp: Display: Loaded TP Android_DXTTargetPlatform
[2018.04.17-01.29.39:188][  0]LogTemp: Display: Loaded TP Android_ETC1TargetPlatform
[2018.04.17-01.29.39:239][  0]LogTemp: Display: Loaded TP Android_ETC2TargetPlatform
[2018.04.17-01.29.39:416][  0]LogTemp: Display: Loaded TP Android_MultiTargetPlatform
[2018.04.17-01.29.39:416][  0]LogTemp: Display: Loaded TP Android_PVRTCTargetPlatform
[2018.04.17-01.29.39:551][  0]LogTemp: Display: Loaded TP AndroidTargetPlatform
[2018.04.17-01.29.39:627][  0]LogTemp: Display: Loaded TP HTML5TargetPlatform
[2018.04.17-01.29.39:947][  0]LogTemp: Display: Loaded TP IOSTargetPlatform
[2018.04.17-01.29.40:014][  0]LogTemp: Display: Loaded TP TVOSTargetPlatform
[2018.04.17-01.29.40:128][  0]LogTemp: Display: Loaded TP LinuxClientTargetPlatform
[2018.04.17-01.29.40:191][  0]LogTemp: Display: Loaded TP LinuxNoEditorTargetPlatform
[2018.04.17-01.29.40:287][  0]LogTemp: Display: Loaded TP LinuxServerTargetPlatform
[2018.04.17-01.29.40:422][  0]LogTemp: Display: Loaded TP LinuxTargetPlatform
[2018.04.17-01.29.40:423][  0]LogTargetPlatformManager: Display: Building Assets For Windows
[2018.04.17-01.29.41:781][  0]LogDerivedDataCache: Display: Max Cache Size: 512 MB
[2018.04.17-01.29.42:842][  0]LogDerivedDataCache: Loaded boot cache 1.01s 84MB C:/Users/root/AppData/Local/UnrealEngine/4.18/DerivedDataCache/Boot.ddc.
[2018.04.17-01.29.42:842][  0]LogDerivedDataCache: Display: Loaded Boot cache: C:/Users/root/AppData/Local/UnrealEngine/4.18/DerivedDataCache/Boot.ddc
[2018.04.17-01.29.42:842][  0]LogDerivedDataCache: FDerivedDataBackendGraph:  Pak pak cache file ../../../../../../Development/Mary/Cyber-War/CyberWar/DerivedDataCache/DDC.ddp not found, will not use a pak cache.
[2018.04.17-01.29.42:842][  0]LogDerivedDataCache: Unable to find inner node Pak for hierarchical cache Hierarchy.
[2018.04.17-01.29.42:842][  0]LogDerivedDataCache: FDerivedDataBackendGraph:  CompressedPak pak cache file ../../../../../../Development/Mary/Cyber-War/CyberWar/DerivedDataCache/Compressed.ddp not found, will not use a pak cache.
[2018.04.17-01.29.42:842][  0]LogDerivedDataCache: Unable to find inner node CompressedPak for hierarchical cache Hierarchy.
[2018.04.17-01.29.42:926][  0]LogDerivedDataCache: Display: Pak cache opened for reading ../../../Engine/DerivedDataCache/Compressed.ddp.
[2018.04.17-01.29.42:994][  0]LogDerivedDataCache: Using Local data cache path C:/Users/root/AppData/Local/UnrealEngine/Common/DerivedDataCache: Writable
[2018.04.17-01.29.43:282][  0]LogMaterial: Verifying Global Shaders for PCD3D_SM5
[2018.04.17-01.29.43:361][  0]LogSlate: Using Freetype 2.6.0
[2018.04.17-01.29.43:476][  0]LogSlate: SlateFontCache - WITH_FREETYPE: 1, WITH_HARFBUZZ: 1
[2018.04.17-01.29.43:476][  0]LogSlate: SlateFontCache - WITH_FREETYPE: 1, WITH_HARFBUZZ: 1
[2018.04.17-01.29.54:376][  0]LogInit: Selected Device Profile: [Windows]
[2018.04.17-01.29.58:043][  0]LogSimplygon: Simplygon DLL not present - disabling.
[2018.04.17-01.29.58:157][  0]LogMeshReduction: Using SimplygonSwarm for distributed automatic mesh merging
[2018.04.17-01.29.58:175][  0]LogMeshReduction: Using QuadricMeshReduction for automatic static mesh reduction
[2018.04.17-01.29.58:175][  0]LogMeshReduction: No automatic skeletal mesh reduction module available
[2018.04.17-01.29.58:175][  0]LogMeshReduction: No automatic mesh merging module available
[2018.04.17-01.29.58:175][  0]LogMeshMerging: No automatic mesh merging module available
[2018.04.17-01.29.59:732][  0]LogNetVersion: CyberWar , NetCL: 3709383, EngineNetVer: 2, GameNetVer: 0 (Checksum: 2311747216)
[2018.04.17-01.30.02:119][  0]LogAssetRegistry: FAssetRegistry took 0.0398 seconds to start up
[2018.04.17-01.30.27:335][  0]LogPackageLocalizationCache: Processed 7 localized package path(s) for 1 prioritized culture(s) in 0.415692 seconds
[2018.04.17-01.30.27:344][  0]LogUObjectArray: 35775 objects as part of root set at end of initial load.
[2018.04.17-01.30.27:344][  0]LogUObjectAllocator: 7340528 out of 0 bytes used by permanent object pool.
[2018.04.17-01.30.27:344][  0]LogUObjectArray: CloseDisregardForGC: 0/0 objects in disregard for GC pool
[2018.04.17-01.30.27:455][  0]LogInit: WinSock: version 1.1 (2.2), MaxSocks=32767, MaxUdp=65467
[2018.04.17-01.31.06:210][  0]LogTcpMessaging: Initializing TcpMessaging bridge
[2018.04.17-01.31.06:261][  0]LogUdpMessaging: Initializing bridge on interface 0.0.0.0:0 to multicast group 230.0.0.1:6666.
[2018.04.17-01.31.08:491][  0]LogMaterial: Missing cached shader map for material BaseColor, compiling. 
[2018.04.17-01.31.08:533][  0]LogMaterial: Warning: F:\Soft\Epic Games\UE_4.18\Engine\Content\BufferVisualization\BaseColor.uasset: Failed to compile Material for platform PCD3D_SM5, Default Material will be used in game.
[2018.04.17-01.31.08:533][  0]LogMaterial: 	(Node SceneTexture) GBuffer scene textures not available with forward shading.
[2018.04.17-01.31.08:760][  0]LogMaterial: Uniform references updated for custom material expression Custom.
[2018.04.17-01.31.08:863][  0]LogMaterial: Missing cached shader map for material LightingModel, compiling. 
[2018.04.17-01.31.08:863][  0]LogMaterial: Warning: F:\Soft\Epic Games\UE_4.18\Engine\Content\BufferVisualization\LightingModel.uasset: Failed to compile Material for platform PCD3D_SM5, Default Material will be used in game.
[2018.04.17-01.31.08:863][  0]LogMaterial: 	(Node SceneTexture) GBuffer scene textures not available with forward shading.
[2018.04.17-01.31.08:947][  0]LogMaterial: Missing cached shader map for material MaterialAO, compiling. 
[2018.04.17-01.31.08:948][  0]LogMaterial: Warning: F:\Soft\Epic Games\UE_4.18\Engine\Content\BufferVisualization\MaterialAO.uasset: Failed to compile Material for platform PCD3D_SM5, Default Material will be used in game.
[2018.04.17-01.31.08:948][  0]LogMaterial: 	(Node SceneTexture) GBuffer scene textures not available with forward shading.
[2018.04.17-01.31.09:045][  0]LogMaterial: Missing cached shader map for material Metallic, compiling. 
[2018.04.17-01.31.09:045][  0]LogMaterial: Warning: F:\Soft\Epic Games\UE_4.18\Engine\Content\BufferVisualization\Metallic.uasset: Failed to compile Material for platform PCD3D_SM5, Default Material will be used in game.
[2018.04.17-01.31.09:045][  0]LogMaterial: 	(Node SceneTexture) GBuffer scene textures not available with forward shading.
[2018.04.17-01.31.09:098][  0]LogMaterial: Missing cached shader map for material Opacity, compiling. 
[2018.04.17-01.31.09:099][  0]LogMaterial: Warning: F:\Soft\Epic Games\UE_4.18\Engine\Content\BufferVisualization\Opacity.uasset: Failed to compile Material for platform PCD3D_SM5, Default Material will be used in game.
[2018.04.17-01.31.09:099][  0]LogMaterial: 	(Node SceneTexture) GBuffer scene textures not available with forward shading.
[2018.04.17-01.31.09:150][  0]LogMaterial: Missing cached shader map for material Roughness, compiling. 
[2018.04.17-01.31.09:151][  0]LogMaterial: Warning: F:\Soft\Epic Games\UE_4.18\Engine\Content\BufferVisualization\Roughness.uasset: Failed to compile Material for platform PCD3D_SM5, Default Material will be used in game.
[2018.04.17-01.31.09:151][  0]LogMaterial: 	(Node SceneTexture) GBuffer scene textures not available with forward shading.
[2018.04.17-01.31.09:461][  0]LogMaterial: Missing cached shader map for material Specular, compiling. 
[2018.04.17-01.31.09:461][  0]LogMaterial: Warning: F:\Soft\Epic Games\UE_4.18\Engine\Content\BufferVisualization\Specular.uasset: Failed to compile Material for platform PCD3D_SM5, Default Material will be used in game.
[2018.04.17-01.31.09:461][  0]LogMaterial: 	(Node SceneTexture) GBuffer scene textures not available with forward shading.
[2018.04.17-01.31.09:570][  0]LogMaterial: Missing cached shader map for material SubsurfaceColor, compiling. 
[2018.04.17-01.31.09:571][  0]LogMaterial: Warning: F:\Soft\Epic Games\UE_4.18\Engine\Content\BufferVisualization\SubsurfaceColor.uasset: Failed to compile Material for platform PCD3D_SM5, Default Material will be used in game.
[2018.04.17-01.31.09:571][  0]LogMaterial: 	(Node SceneTexture) GBuffer scene textures not available with forward shading.
[2018.04.17-01.31.09:633][  0]LogMaterial: Missing cached shader map for material WorldNormal, compiling. 
[2018.04.17-01.31.09:634][  0]LogMaterial: Warning: F:\Soft\Epic Games\UE_4.18\Engine\Content\BufferVisualization\WorldNormal.uasset: Failed to compile Material for platform PCD3D_SM5, Default Material will be used in game.
[2018.04.17-01.31.09:634][  0]LogMaterial: 	(Node SceneTexture) GBuffer scene textures not available with forward shading.
[2018.04.17-01.31.11:089][  0]SourceControl: Source control is disabled
[2018.04.17-01.31.11:089][  0]SourceControl: Source control is disabled
[2018.04.17-01.31.11:245][  0]SourceControl: Source control is disabled
[2018.04.17-01.31.11:372][  0]SourceControl: Source control is disabled
[2018.04.17-01.31.14:012][  0]LogOcInput: OculusInput pre-init called
[2018.04.17-01.31.15:283][  0]LogEngine: Initializing Engine...
[2018.04.17-01.31.15:364][  0]LogHMD: Failed to initialize OpenVR with code 110
[2018.04.17-01.31.18:087][  0]LogStats: UGameplayTagsManager::ConstructGameplayTagTree: Construct from data asset -  0.000 s
[2018.04.17-01.31.18:088][  0]LogStats: UGameplayTagsManager::ConstructGameplayTagTree: GameplayTagTreeChangedEvent.Broadcast -  0.000 s
[2018.04.17-01.31.18:903][  0]LogAIModule: Creating AISystem for world Untitled
[2018.04.17-01.31.19:144][  0]LogInit: XAudio2 using 'Динамики (Realtek High Definition Audio)' : 2 channels at 44.1 kHz using 32 bits per sample (channel mask 0x3)
[2018.04.17-01.31.19:249][  0]LogInit: FAudioDevice initialized.
[2018.04.17-01.31.20:533][  0]LogDerivedDataCache: Saved boot cache 1.26s 84MB C:/Users/root/AppData/Local/UnrealEngine/4.18/DerivedDataCache/Boot.ddc.
[2018.04.17-01.31.20:603][  0]LogInit: Texture streaming: Enabled
[2018.04.17-01.31.21:434][  0]LogEngineSessionManager: EngineSessionManager initialized
[2018.04.17-01.31.22:183][  0]LogInit: Transaction tracking system initialized
[2018.04.17-01.31.22:993][  0]BlueprintLog: New page: Editor Load
[2018.04.17-01.31.26:395][  0]LocalizationService: Localization service is disabled
[2018.04.17-01.31.28:738][  0]LogConsoleResponse: Display: 
[2018.04.17-01.31.35:375][  0]LogFileCache: Scanning file cache for directory 'F:/Development/Mary/Cyber-War/CyberWar/Content/' took 0.11s
[2018.04.17-01.31.35:375][  0]LogCook: Display: Max memory allowance for cook 16384mb min free memory 0mb
[2018.04.17-01.31.35:375][  0]LogCook: Display: Mobile HDR setting 1
[2018.04.17-01.31.35:389][  0]LogGameplayTags: Display: UGameplayTagsManager::DoneAddingNativeTags. DelegateIsBound: 0
[2018.04.17-01.31.38:803][  0]SourceControl: Source control is disabled
[2018.04.17-01.31.38:857][  0]Cmd: MAP LOAD FILE="../../../../../../Development/Mary/Cyber-War/CyberWar/Content/Maps/Testing.umap" TEMPLATE=0 SHOWPROGRESS=1 FEATURELEVEL=3
[2018.04.17-01.31.38:933][  0]LightingResults: New page: Lighting Build
[2018.04.17-01.31.39:108][  0]MapCheck: New page: Map Check
[2018.04.17-01.31.39:108][  0]LightingResults: New page: Lighting Build
[2018.04.17-01.32.33:443][  0]LogMaterial: Uniform references updated for custom material expression Custom.
[2018.04.17-01.33.11:725][  0]LogAIModule: Creating AISystem for world Testing
[2018.04.17-01.33.14:204][  0]LogEditorServer: Finished looking for orphan Actors (0.000 secs)
[2018.04.17-01.33.14:872][  0]Cmd: MAP CHECKDEP NOCLEARLOG
[2018.04.17-01.33.15:110][  0]MapCheck: Map check complete: 0 Error(s), 0 Warning(s), took 229.755ms to complete.
[2018.04.17-01.33.15:110][  0]LogFileHelpers: Loading map 'Testing' took 96.273
[2018.04.17-01.33.19:531][  0]LogCollectionManager: Loaded 0 collections in 0.001650 seconds
[2018.04.17-01.33.19:977][  0]LogFileCache: Scanning file cache for directory 'F:/Development/Mary/Cyber-War/CyberWar/Saved/Collections/' took 0.01s
[2018.04.17-01.33.19:977][  0]LogFileCache: Scanning file cache for directory 'F:/Development/Mary/Cyber-War/CyberWar/Content/Developers/root/Collections/' took 0.01s
[2018.04.17-01.33.19:977][  0]LogFileCache: Scanning file cache for directory 'F:/Development/Mary/Cyber-War/CyberWar/Content/Collections/' took 0.01s
[2018.04.17-01.33.19:977][  0]LogCollectionManager: Rebuilt the GUID cache for 0 collections in 0.000000 seconds
[2018.04.17-01.33.20:010][  0]LogContentBrowser: Native class hierarchy populated in 0.0219 seconds. Added 2398 classes and 530 folders.
[2018.04.17-01.33.20:277][  0]LogContentBrowser: Native class hierarchy updated for 'WidgetCarousel' in 0.0002 seconds. Added 0 classes and 0 folders.
[2018.04.17-01.33.22:081][  0]LogContentBrowser: Native class hierarchy updated for 'AddContentDialog' in 0.0004 seconds. Added 0 classes and 0 folders.
[2018.04.17-01.33.23:291][  0]LogContentBrowser: Native class hierarchy updated for 'SceneOutliner' in 0.0003 seconds. Added 1 classes and 2 folders.
[2018.04.17-01.33.23:906][  0]LogContentBrowser: Native class hierarchy updated for 'WorldBrowser' in 0.0003 seconds. Added 2 classes and 3 folders.
[2018.04.17-01.33.27:446][  0]LogSlate: Took 0.010196 seconds to synchronously load lazily loaded font '../../../Engine/Content/Slate/Fonts/Roboto-Regular.ttf' (155K)
[2018.04.17-01.33.27:538][  0]LogSlate: Took 0.014649 seconds to synchronously load lazily loaded font '../../../Engine/Content/Slate/Fonts/Roboto-Bold.ttf' (160K)
[2018.04.17-01.33.27:559][  0]LogSlate: Took 0.010178 seconds to synchronously load lazily loaded font '../../../Engine/Content/Editor/Slate/Fonts/FontAwesome.ttf' (139K)
[2018.04.17-01.33.28:662][  0]LogContentBrowser: Native class hierarchy updated for 'HierarchicalLODOutliner' in 0.0004 seconds. Added 1 classes and 2 folders.
[2018.04.17-01.33.28:662][  0]LogLoad: (Engine Initialization) Total time: 286.75 seconds
[2018.04.17-01.33.28:662][  0]LogLoad: (Engine Initialization) Total Blueprint compile time: 0.00 seconds
[2018.04.17-01.33.28:677][  0]LogExternalProfiler: Found external profiler: VSPerf
[2018.04.17-01.33.28:677][  0]LogExternalProfiler: Using external profiler: VSPerf
[2018.04.17-01.33.30:727][  0]LogContentStreaming: Texture pool size now 1000 MB
[2018.04.17-01.33.32:610][  1]LogRenderer: Reallocating scene render targets to support 128x128 Format 10 NumSamples 1 (Frame:0).
[2018.04.17-01.33.32:610][  1]LogSlate: Took 0.033907 seconds to synchronously load lazily loaded font '../../../Engine/Content/Slate/Fonts/Roboto-Light.ttf' (159K)
[2018.04.17-01.33.34:728][  2]LogSlate: Took 0.000309 seconds to synchronously load lazily loaded font '../../../Engine/Content/Slate/Fonts/Roboto-Light.ttf' (159K)
[2018.04.17-01.33.35:604][  2]LogContentBrowser: Native class hierarchy updated for 'BlueprintGraph' in 0.0367 seconds. Added 116 classes and 0 folders.
[2018.04.17-01.33.42:897][  2]LogSlate: Took 0.016527 seconds to synchronously load lazily loaded font '../../../Engine/Content/Editor/Slate/Fonts/Roboto-BoldCondensed.ttf' (158K)
[2018.04.17-01.33.59:296][ 48]LogAssetRegistry: Asset discovery search completed in 237.2008 seconds
[2018.04.17-01.33.59:337][ 48]LogCollectionManager: Rebuilt the object cache for 0 collections in 0.000001 seconds (found 0 objects)
[2018.04.17-01.33.59:338][ 48]LogCollectionManager: Fixed up redirectors for 0 collections in 0.008994 seconds (updated 0 objects)
[2018.04.17-01.40.26:405][442]Cmd: QUIT_EDITOR
[2018.04.17-01.40.30:368][442]LogExit: Preparing to exit.
[2018.04.17-01.40.33:883][442]LogDirectoryWatcher: A directory notification for 'F:/Development/Mary/Cyber-War/CyberWar/Content/' was aborted.
[2018.04.17-01.40.35:005][442]LogExit: Editor shut down
[2018.04.17-01.40.35:009][442]LogExit: Transaction tracking system shut down
[2018.04.17-01.40.36:884][442]LogDirectoryWatcher: A directory notification for '../../../Engine/Plugins/2D/Paper2D/Content/' was aborted.
[2018.04.17-01.40.36:884][442]LogDirectoryWatcher: A directory notification for '../../../Engine/Plugins/Marketplace/LowEntryExtStdLib/Content/' was aborted.
[2018.04.17-01.40.36:884][442]LogDirectoryWatcher: A directory notification for '../../../Engine/Plugins/Media/MediaCompositing/Content/' was aborted.
[2018.04.17-01.40.36:884][442]LogDirectoryWatcher: A directory notification for '../../../Engine/Plugins/Runtime/Oculus/OculusVR/Content/' was aborted.
[2018.04.17-01.40.36:884][442]LogDirectoryWatcher: A directory notification for '../../../Engine/Plugins/Runtime/Steam/SteamVR/Content/' was aborted.
[2018.04.17-01.40.40:864][442]LogExit: Object subsystem successfully closed.
[2018.04.17-01.40.42:687][442]LogD3D11RHI: Shutdown
[2018.04.17-01.40.42:713][442]LogD3D11RHI: CleanupD3DDevice
[2018.04.17-01.40.42:786][442]LogD3D11RHI: ~FD3D11DynamicRHI
[2018.04.17-01.40.45:284][442]LogModuleManager: Shutting down and abandoning module SequencerWidgets (558)
[2018.04.17-01.40.45:284][442]LogModuleManager: Shutting down and abandoning module BlueprintGraph (556)
[2018.04.17-01.40.45:284][442]LogModuleManager: Shutting down and abandoning module HierarchicalLODOutliner (554)
[2018.04.17-01.40.45:284][442]LogModuleManager: Shutting down and abandoning module WorldBrowser (552)
[2018.04.17-01.40.45:321][442]LogModuleManager: Shutting down and abandoning module SceneOutliner (550)
[2018.04.17-01.40.45:330][442]LogModuleManager: Shutting down and abandoning module AddContentDialog (548)
[2018.04.17-01.40.45:354][442]LogDirectoryWatcher: A directory notification for 'F:/Soft/Epic Games/UE_4.18/FeaturePacks/' was aborted.
[2018.04.17-01.40.45:367][442]LogModuleManager: Shutting down and abandoning module WidgetCarousel (547)
[2018.04.17-01.40.45:367][442]LogModuleManager: Shutting down and abandoning module EditorWidgets (544)
[2018.04.17-01.40.45:367][442]LogModuleManager: Shutting down and abandoning module CollectionManager (542)
[2018.04.17-01.40.45:397][442]LogDirectoryWatcher: A directory notification for 'F:/Development/Mary/Cyber-War/CyberWar/Content/Collections/' was aborted.
[2018.04.17-01.40.45:397][442]LogDirectoryWatcher: A directory notification for 'F:/Development/Mary/Cyber-War/CyberWar/Content/Developers/root/Collections/' was aborted.
[2018.04.17-01.40.45:397][442]LogDirectoryWatcher: A directory notification for 'F:/Development/Mary/Cyber-War/CyberWar/Saved/Collections/' was aborted.
[2018.04.17-01.40.45:397][442]LogModuleManager: Shutting down and abandoning module StatsViewer (540)
[2018.04.17-01.40.45:437][442]LogModuleManager: Shutting down and abandoning module FoliageEdit (538)
[2018.04.17-01.40.45:451][442]LogModuleManager: Shutting down and abandoning module LandscapeEditor (536)
[2018.04.17-01.40.45:532][442]LogModuleManager: Shutting down and abandoning module MeshPaintMode (534)
[2018.04.17-01.40.45:548][442]LogModuleManager: Shutting down and abandoning module SceneDepthPickerMode (532)
[2018.04.17-01.40.45:548][442]LogModuleManager: Shutting down and abandoning module ActorPickerMode (530)
[2018.04.17-01.40.45:548][442]LogModuleManager: Shutting down and abandoning module GeometryMode (528)
[2018.04.17-01.40.45:548][442]LogModuleManager: Shutting down and abandoning module TextureAlignMode (526)
[2018.04.17-01.40.45:548][442]LogModuleManager: Shutting down and abandoning module BspMode (524)
[2018.04.17-01.40.45:548][442]LogModuleManager: Shutting down and abandoning module PIEPreviewDeviceProfileSelector (522)
[2018.04.17-01.40.45:548][442]LogModuleManager: Shutting down and abandoning module HardwareSurvey (520)
[2018.04.17-01.40.45:548][442]LogModuleManager: Shutting down and abandoning module SequenceRecorderSections (518)
[2018.04.17-01.40.45:548][442]LogModuleManager: Shutting down and abandoning module AutomationWorker (516)
[2018.04.17-01.40.45:587][442]LogModuleManager: Shutting down and abandoning module MatineeToLevelSequence (514)
[2018.04.17-01.40.45:594][442]LogModuleManager: Shutting down and abandoning module LevelSequenceEditor (512)
[2018.04.17-01.40.45:640][442]LogModuleManager: Shutting down and abandoning module PlacementMode (511)
[2018.04.17-01.40.45:640][442]LogModuleManager: Shutting down and abandoning module WmfMediaFactory (508)
[2018.04.17-01.40.45:640][442]LogModuleManager: Shutting down and abandoning module WmfMediaEditor (506)
[2018.04.17-01.40.45:640][442]LogModuleManager: Shutting down and abandoning module OpenExrWrapper (504)
[2018.04.17-01.40.45:640][442]LogModuleManager: Shutting down and abandoning module ImgMediaFactory (502)
[2018.04.17-01.40.45:640][442]LogModuleManager: Shutting down and abandoning module ImgMediaEditor (500)
[2018.04.17-01.40.45:640][442]LogModuleManager: Shutting down and abandoning module AvfMediaFactory (498)
[2018.04.17-01.40.45:640][442]LogModuleManager: Shutting down and abandoning module AvfMediaEditor (496)
[2018.04.17-01.40.45:640][442]LogModuleManager: Shutting down and abandoning module CharacterAI (494)
[2018.04.17-01.40.45:640][442]LogModuleManager: Shutting down and abandoning module AudioCapture (492)
[2018.04.17-01.40.45:682][442]LogModuleManager: Shutting down and abandoning module SequenceRecorder (491)
[2018.04.17-01.40.45:704][442]LogModuleManager: Shutting down and abandoning module SmartSnapping (488)
[2018.04.17-01.40.45:704][442]LogModuleManager: Shutting down and abandoning module SessionServices (486)
[2018.04.17-01.40.45:704][442]LogModuleManager: Shutting down and abandoning module ViewportSnapping (484)
[2018.04.17-01.40.45:704][442]LogModuleManager: Shutting down and abandoning module ViewportInteraction (482)
[2018.04.17-01.40.45:704][442]LogModuleManager: Shutting down and abandoning module ClothPainter (480)
[2018.04.17-01.40.45:734][442]LogModuleManager: Shutting down and abandoning module SkeletalMeshEditor (479)
[2018.04.17-01.40.45:812][442]LogModuleManager: Shutting down and abandoning module LogVisualizer (476)
[2018.04.17-01.40.45:856][442]LogModuleManager: Shutting down and abandoning module IntroTutorials (474)
[2018.04.17-01.40.45:895][442]LogModuleManager: Shutting down and abandoning module GameProjectGeneration (473)
[2018.04.17-01.40.45:944][442]LogModuleManager: Shutting down and abandoning module IOSPlatformEditor (470)
[2018.04.17-01.40.45:944][442]LogModuleManager: Shutting down and abandoning module HTML5PlatformEditor (468)
[2018.04.17-01.40.45:944][442]LogModuleManager: Shutting down and abandoning module AndroidPlatformEditor (466)
[2018.04.17-01.40.45:944][442]LogModuleManager: Shutting down and abandoning module AndroidDeviceDetection (465)
[2018.04.17-01.40.46:166][442]LogModuleManager: Shutting down and abandoning module WindowsPlatformEditor (462)
[2018.04.17-01.40.46:166][442]LogModuleManager: Shutting down and abandoning module IOSRuntimeSettings (460)
[2018.04.17-01.40.46:166][442]LogModuleManager: Shutting down and abandoning module AndroidRuntimeSettings (458)
[2018.04.17-01.40.46:166][442]LogModuleManager: Shutting down and abandoning module InputBindingEditor (456)
[2018.04.17-01.40.46:180][442]LogModuleManager: Shutting down and abandoning module MergeActors (454)
[2018.04.17-01.40.46:242][442]LogModuleManager: Shutting down and abandoning module SizeMap (452)
[2018.04.17-01.40.46:243][442]LogModuleManager: Shutting down and abandoning module TreeMap (450)
[2018.04.17-01.40.46:298][442]LogModuleManager: Shutting down and abandoning module ReferenceViewer (448)
[2018.04.17-01.40.46:298][442]LogModuleManager: Shutting down and abandoning module LocalizationDashboard (446)
[2018.04.17-01.40.46:346][442]LogModuleManager: Shutting down and abandoning module LocalizationService (445)
[2018.04.17-01.40.46:377][442]LogModuleManager: Shutting down and abandoning module HardwareTargeting (442)
[2018.04.17-01.40.46:377][442]LogModuleManager: Shutting down and abandoning module DeviceProfileEditor (440)
[2018.04.17-01.40.46:377][442]LogModuleManager: Shutting down and abandoning module UndoHistory (438)
[2018.04.17-01.40.46:377][442]LogModuleManager: Shutting down and abandoning module XmlParser (436)
[2018.04.17-01.40.46:377][442]LogModuleManager: Shutting down and abandoning module Blutility (434)
[2018.04.17-01.40.46:377][442]LogModuleManager: Shutting down and abandoning module ProjectSettingsViewer (432)
[2018.04.17-01.40.46:377][442]LogModuleManager: Shutting down and abandoning module ProjectTargetPlatformEditor (431)
[2018.04.17-01.40.46:377][442]LogModuleManager: Shutting down and abandoning module EditorSettingsViewer (428)
[2018.04.17-01.40.46:377][442]LogModuleManager: Shutting down and abandoning module SettingsEditor (426)
[2018.04.17-01.40.46:440][442]LogModuleManager: Shutting down and abandoning module ProjectLauncher (424)
[2018.04.17-01.40.46:488][442]LogModuleManager: Shutting down and abandoning module SessionFrontend (422)
[2018.04.17-01.40.46:546][442]LogModuleManager: Shutting down and abandoning module ProfilerClient (420)
[2018.04.17-01.40.46:590][442]LogModuleManager: Shutting down and abandoning module DeviceManager (418)
[2018.04.17-01.40.46:615][442]LogModuleManager: Shutting down and abandoning module TargetDeviceServices (417)
[2018.04.17-01.40.46:658][442]LogModuleManager: Shutting down and abandoning module AutomationController (414)
[2018.04.17-01.40.46:729][442]LogModuleManager: Shutting down and abandoning module AutomationWindow (412)
[2018.04.17-01.40.46:828][442]LogModuleManager: Shutting down and abandoning module Layers (410)
[2018.04.17-01.40.46:993][442]LogModuleManager: Shutting down and abandoning module ComponentVisualizers (408)
[2018.04.17-01.40.46:993][442]LogModuleManager: Shutting down and abandoning module DetailCustomizations (406)
[2018.04.17-01.40.47:013][442]LogModuleManager: Shutting down and abandoning module PackagesDialog (404)
[2018.04.17-01.40.47:082][442]LogModuleManager: Shutting down and abandoning module Persona (402)
[2018.04.17-01.40.47:220][442]LogModuleManager: Shutting down and abandoning module AdvancedPreviewScene (401)
[2018.04.17-01.40.47:220][442]LogModuleManager: Shutting down and abandoning module AnimGraph (399)
[2018.04.17-01.40.47:220][442]LogModuleManager: Shutting down and abandoning module Kismet (396)
[2018.04.17-01.40.47:318][442]LogModuleManager: Shutting down and abandoning module ClassViewer (394)
[2018.04.17-01.40.47:318][442]LogModuleManager: Shutting down and abandoning module Toolbox (392)
[2018.04.17-01.40.47:318][442]LogModuleManager: Shutting down and abandoning module ModuleUI (390)
[2018.04.17-01.40.47:338][442]LogModuleManager: Shutting down and abandoning module MovieSceneTools (388)
[2018.04.17-01.40.47:425][442]LogModuleManager: Shutting down and abandoning module OutputLog (386)
[2018.04.17-01.40.47:425][442]LogModuleManager: Shutting down and abandoning module GammaUI (384)
[2018.04.17-01.40.47:460][442]LogModuleManager: Shutting down and abandoning module Documentation (382)
[2018.04.17-01.40.47:461][442]LogModuleManager: Shutting down and abandoning module MovieSceneTracks (380)
[2018.04.17-01.40.47:461][442]LogModuleManager: Shutting down and abandoning module MovieScene (378)
[2018.04.17-01.40.47:461][442]LogModuleManager: Shutting down and abandoning module StreamingPauseRendering (376)
[2018.04.17-01.40.47:461][442]LogModuleManager: Shutting down and abandoning module LauncherPlatform (374)
[2018.04.17-01.40.47:461][442]LogModuleManager: Shutting down and abandoning module AnalyticsET (372)
[2018.04.17-01.40.47:461][442]LogModuleManager: Shutting down and abandoning module PortalServices (370)
[2018.04.17-01.40.47:461][442]LogModuleManager: Shutting down and abandoning module PortalRpc (368)
[2018.04.17-01.40.47:461][442]LogModuleManager: Shutting down and abandoning module MessagingRpc (366)
[2018.04.17-01.40.47:461][442]LogModuleManager: Shutting down and abandoning module AIModule (364)
[2018.04.17-01.40.47:461][442]LogModuleManager: Shutting down and abandoning module GameplayDebugger (363)
[2018.04.17-01.40.47:527][442]LogModuleManager: Shutting down and abandoning module AITestSuite (361)
[2018.04.17-01.40.47:559][442]LogModuleManager: Shutting down and abandoning module DesktopPlatform (358)
[2018.04.17-01.40.47:559][442]LogModuleManager: Shutting down and abandoning module ProfilerService (356)
[2018.04.17-01.40.47:625][442]LogModuleManager: Shutting down and abandoning module TaskGraph (354)
[2018.04.17-01.40.47:702][442]LogModuleManager: Shutting down and abandoning module SteamVRController (352)
[2018.04.17-01.40.47:702][442]LogModuleManager: Shutting down and abandoning module ProceduralMeshComponentEditor (350)
[2018.04.17-01.40.47:702][442]LogModuleManager: Shutting down and abandoning module ProceduralMeshComponent (348)
[2018.04.17-01.40.47:702][442]LogModuleManager: Shutting down and abandoning module OculusInput (346)
[2018.04.17-01.40.47:702][442]LogModuleManager: Shutting down and abandoning module CustomMeshComponent (344)
[2018.04.17-01.40.47:702][442]LogModuleManager: Shutting down and abandoning module CableComponent (342)
[2018.04.17-01.40.47:702][442]LogModuleManager: Shutting down and abandoning module ArchVisCharacter (340)
[2018.04.17-01.40.47:702][442]LogModuleManager: Shutting down and abandoning module LoginFlow (338)
[2018.04.17-01.40.47:724][442]LogModuleManager: Shutting down and abandoning module Rejoin (336)
[2018.04.17-01.40.47:724][442]LogModuleManager: Shutting down and abandoning module Hotfix (334)
[2018.04.17-01.40.47:760][442]LogModuleManager: Shutting down and abandoning module Lobby (332)
[2018.04.17-01.40.47:760][442]LogModuleManager: Shutting down and abandoning module Party (330)
[2018.04.17-01.40.47:760][442]LogModuleManager: Shutting down and abandoning module Qos (328)
[2018.04.17-01.40.47:760][442]LogModuleManager: Shutting down and abandoning module ActorSequence (326)
[2018.04.17-01.40.47:760][442]LogModuleManager: Shutting down and abandoning module MediaPlayerEditor (324)
[2018.04.17-01.40.48:001][442]LogModuleManager: Shutting down and abandoning module MediaCompositingEditor (322)
[2018.04.17-01.40.48:001][442]LogModuleManager: Shutting down and abandoning module MediaCompositing (320)
[2018.04.17-01.40.48:001][442]LogModuleManager: Shutting down and abandoning module VaRestEditorPlugin (318)
[2018.04.17-01.40.48:001][442]LogModuleManager: Shutting down and abandoning module LowEntryExtendedStandardLibraryEditor (316)
[2018.04.17-01.40.48:001][442]LogModuleManager: Shutting down and abandoning module HTML5Networking (314)
[2018.04.17-01.40.48:001][442]LogModuleManager: Shutting down and abandoning module AlembicImporter (312)
[2018.04.17-01.40.48:022][442]LogModuleManager: Shutting down and abandoning module AlembicLibrary (311)
[2018.04.17-01.40.48:023][442]LogModuleManager: Shutting down and abandoning module GeometryCache (310)
[2018.04.17-01.40.48:051][442]LogModuleManager: Shutting down and abandoning module GeometryCacheEd (309)
[2018.04.17-01.40.48:051][442]LogModuleManager: Shutting down and abandoning module SpeedTreeImporter (304)
[2018.04.17-01.40.48:051][442]LogModuleManager: Shutting down and abandoning module PluginBrowser (302)
[2018.04.17-01.40.48:260][442]LogModuleManager: Shutting down and abandoning module MobileLauncherProfileWizard (300)
[2018.04.17-01.40.48:365][442]LogModuleManager: Shutting down and abandoning module VisualStudioSourceCodeAccess (298)
[2018.04.17-01.40.48:365][442]LogModuleManager: Shutting down and abandoning module UObjectPlugin (296)
[2018.04.17-01.40.48:365][442]LogModuleManager: Shutting down and abandoning module SubversionSourceControl (294)
[2018.04.17-01.40.48:422][442]LogModuleManager: Shutting down and abandoning module PerforceSourceControl (292)
[2018.04.17-01.40.48:497][442]LogModuleManager: Shutting down and abandoning module GitSourceControl (290)
[2018.04.17-01.40.48:586][442]LogModuleManager: Shutting down and abandoning module SourceControl (289)
[2018.04.17-01.40.48:728][442]LogModuleManager: Shutting down and abandoning module LightPropagationVolumeEditor (286)
[2018.04.17-01.40.48:728][442]LogModuleManager: Shutting down and abandoning module PaperTiledImporter (284)
[2018.04.17-01.40.48:728][442]LogModuleManager: Shutting down and abandoning module PaperSpriteSheetImporter (282)
[2018.04.17-01.40.48:728][442]LogModuleManager: Shutting down and abandoning module Paper2DEditor (280)
[2018.04.17-01.40.48:805][442]LogModuleManager: Shutting down and abandoning module MeshPaint (279)
[2018.04.17-01.40.48:835][442]LogModuleManager: Shutting down and abandoning module LevelEditor (277)
[2018.04.17-01.40.48:876][442]LogModuleManager: Shutting down and abandoning module PixelInspectorModule (276)
[2018.04.17-01.40.48:899][442]LogModuleManager: Shutting down and abandoning module MainFrame (274)
[2018.04.17-01.40.48:900][442]LogModuleManager: Shutting down and abandoning module HotReload (273)
[2018.04.17-01.40.48:936][442]LogModuleManager: Shutting down and abandoning module RuntimePhysXCooking (268)
[2018.04.17-01.40.48:936][442]LogModuleManager: Shutting down and abandoning module PhysXVehiclesEditor (266)
[2018.04.17-01.40.48:936][442]LogModuleManager: Shutting down and abandoning module PhysXVehicles (264)
[2018.04.17-01.40.48:936][442]LogModuleManager: Shutting down and abandoning module OculusEditor (262)
[2018.04.17-01.40.48:936][442]LogModuleManager: Shutting down and abandoning module ImmediatePhysicsEditor (260)
[2018.04.17-01.40.48:936][442]LogModuleManager: Shutting down and abandoning module ImmediatePhysics (258)
[2018.04.17-01.40.48:961][442]LogModuleManager: Shutting down and abandoning module UdpMessaging (256)
[2018.04.17-01.40.49:081][442]LogModuleManager: Shutting down and abandoning module TcpMessaging (254)
[2018.04.17-01.40.49:205][442]LogModuleManager: Shutting down and abandoning module VaRestPlugin (252)
[2018.04.17-01.40.49:205][442]LogModuleManager: Shutting down and abandoning module LowEntrySocketConnection (250)
[2018.04.17-01.40.49:205][442]LogModuleManager: Shutting down and abandoning module LowEntryExtendedStandardLibrary (248)
[2018.04.17-01.40.49:205][442]LogModuleManager: Shutting down and abandoning module GameplayTagsEditor (246)
[2018.04.17-01.40.49:288][442]LogModuleManager: Shutting down and abandoning module FacialAnimationEditor (244)
[2018.04.17-01.40.49:288][442]LogModuleManager: Shutting down and abandoning module FacialAnimation (242)
[2018.04.17-01.40.49:288][442]LogModuleManager: Shutting down and abandoning module AssetManagerEditor (240)
[2018.04.17-01.40.49:345][442]LogModuleManager: Shutting down and abandoning module GraphEditor (239)
[2018.04.17-01.40.49:345][442]LogModuleManager: Shutting down and abandoning module ContentBrowser (237)
[2018.04.17-01.40.49:346][442]LogModuleManager: Shutting down and abandoning module LightPropagationVolumeRuntime (234)
[2018.04.17-01.40.49:346][442]LogModuleManager: Shutting down and abandoning module Paper2D (232)
[2018.04.17-01.40.49:346][442]LogModuleManager: Shutting down and abandoning module WindowsMoviePlayer (230)
[2018.04.17-01.40.49:347][442]LogModuleManager: Shutting down and abandoning module WmfMedia (228)
[2018.04.17-01.40.49:367][442]LogModuleManager: Shutting down and abandoning module ImgMedia (226)
[2018.04.17-01.40.49:368][442]LogModuleManager: Shutting down and abandoning module PacketHandler (224)
[2018.04.17-01.40.49:368][442]LogModuleManager: Shutting down and abandoning module ClothingSystemEditor (222)
[2018.04.17-01.40.49:368][442]LogModuleManager: Shutting down and abandoning module ClothingSystemRuntime (220)
[2018.04.17-01.40.49:416][442]LogModuleManager: Shutting down and abandoning module MediaAssets (218)
[2018.04.17-01.40.49:416][442]LogModuleManager: Shutting down and abandoning module Media (217)
[2018.04.17-01.40.49:422][442]LogModuleManager: Shutting down and abandoning module Overlay (214)
[2018.04.17-01.40.49:422][442]LogModuleManager: Shutting down and abandoning module OverlayEditor (213)
[2018.04.17-01.40.49:422][442]LogModuleManager: Shutting down and abandoning module VREditor (210)
[2018.04.17-01.40.49:507][442]LogModuleManager: Shutting down and abandoning module StringTableEditor (208)
[2018.04.17-01.40.49:537][442]LogModuleManager: Shutting down and abandoning module GameplayTasksEditor (206)
[2018.04.17-01.40.49:537][442]LogModuleManager: Shutting down and abandoning module BehaviorTreeEditor (204)
[2018.04.17-01.40.49:652][442]LogModuleManager: Shutting down and abandoning module FunctionalTesting (202)
[2018.04.17-01.40.49:668][442]LogModuleManager: Shutting down and abandoning module CollisionAnalyzer (200)
[2018.04.17-01.40.49:732][442]LogModuleManager: Shutting down and abandoning module WorkspaceMenuStructure (199)
[2018.04.17-01.40.49:732][442]LogModuleManager: Shutting down and abandoning module UMG (196)
[2018.04.17-01.40.49:808][442]LogModuleManager: Shutting down and abandoning module UMGEditor (195)
[2018.04.17-01.40.49:808][442]LogModuleManager: Shutting down and abandoning module Sequencer (194)
[2018.04.17-01.40.49:808][442]LogModuleManager: Shutting down and abandoning module MessageLog (191)
[2018.04.17-01.40.49:808][442]LogModuleManager: Shutting down and abandoning module SlateReflector (186)
[2018.04.17-01.40.49:954][442]LogModuleManager: Shutting down and abandoning module Slate (184)
[2018.04.17-01.40.49:954][442]LogModuleManager: Shutting down and abandoning module EditorStyle (182)
[2018.04.17-01.40.49:957][442]LogModuleManager: Shutting down and abandoning module MRMesh (180)
[2018.04.17-01.40.49:957][442]LogModuleManager: Shutting down and abandoning module SourceCodeAccess (178)
[2018.04.17-01.40.49:957][442]LogModuleManager: Shutting down and abandoning module HeadMountedDisplay (176)
[2018.04.17-01.40.49:957][442]LogModuleManager: Shutting down and abandoning module XAudio2 (174)
[2018.04.17-01.40.49:957][442]LogModuleManager: Shutting down and abandoning module Networking (172)
[2018.04.17-01.40.49:957][442]LogModuleManager: Shutting down and abandoning module Core (168)
[2018.04.17-01.40.49:957][442]LogModuleManager: Shutting down and abandoning module LevelSequence (164)
[2018.04.17-01.40.49:974][442]LogModuleManager: Shutting down and abandoning module DirectoryWatcher (162)
[2018.04.17-01.40.49:974][442]LogDirectoryWatcher: A directory notification for '../../../Engine/Content/' was aborted.
[2018.04.17-01.40.49:974][442]LogDirectoryWatcher: A directory notification for '../../../../../../Development/Mary/Cyber-War/CyberWar/Content/' was aborted.
[2018.04.17-01.40.49:975][442]LogModuleManager: Shutting down and abandoning module KismetCompiler (160)
[2018.04.17-01.40.49:975][442]LogModuleManager: Shutting down and abandoning module MeshUtilities (158)
[2018.04.17-01.40.50:034][442]LogModuleManager: Shutting down and abandoning module MeshMergeUtilities (157)
[2018.04.17-01.40.50:048][442]LogModuleManager: Shutting down and abandoning module MeshReductionInterface (156)
[2018.04.17-01.40.50:048][442]LogModuleManager: Shutting down and abandoning module SimplygonSwarm (155)
[2018.04.17-01.40.50:054][442]LogModuleManager: Shutting down and abandoning module SimplygonMeshReduction (153)
[2018.04.17-01.40.50:054][442]LogModuleManager: Shutting down and abandoning module QuadricMeshReduction (151)
[2018.04.17-01.40.50:054][442]LogModuleManager: Shutting down and abandoning module MaterialBaking (147)
[2018.04.17-01.40.50:082][442]LogModuleManager: Shutting down and abandoning module DerivedDataCache (144)
[2018.04.17-01.40.50:158][442]LogDerivedDataCache: Shutdown
[2018.04.17-01.40.50:158][442]LogModuleManager: Shutting down and abandoning module TargetPlatform (142)
[2018.04.17-01.40.50:158][442]LogModuleManager: Shutting down and abandoning module VulkanShaderFormat (141)
[2018.04.17-01.40.50:165][442]LogModuleManager: Shutting down and abandoning module ShaderFormatVectorVM (139)
[2018.04.17-01.40.50:191][442]LogModuleManager: Shutting down and abandoning module ShaderFormatOpenGL (137)
[2018.04.17-01.40.50:203][442]LogModuleManager: Shutting down and abandoning module ShaderFormatD3D (135)
[2018.04.17-01.40.50:203][442]LogModuleManager: Shutting down and abandoning module MetalShaderFormat (133)
[2018.04.17-01.40.50:244][442]LogModuleManager: Shutting down and abandoning module TextureFormatUncompressed (131)
[2018.04.17-01.40.50:244][442]LogModuleManager: Shutting down and abandoning module TextureFormatPVR (129)
[2018.04.17-01.40.50:244][442]LogModuleManager: Shutting down and abandoning module TextureFormatDXT (127)
[2018.04.17-01.40.50:244][442]LogModuleManager: Shutting down and abandoning module TextureFormatIntelISPCTexComp (125)
[2018.04.17-01.40.50:244][442]LogModuleManager: Shutting down and abandoning module TextureFormatASTC (123)
[2018.04.17-01.40.50:244][442]LogModuleManager: Shutting down and abandoning module ImageWrapper (122)
[2018.04.17-01.40.50:244][442]LogModuleManager: Shutting down and abandoning module TextureFormatAndroid (119)
[2018.04.17-01.40.50:244][442]LogModuleManager: Shutting down and abandoning module AudioFormatOpus (117)
[2018.04.17-01.40.50:244][442]LogModuleManager: Shutting down and abandoning module AudioFormatOgg (115)
[2018.04.17-01.40.50:244][442]LogModuleManager: Shutting down and abandoning module AudioFormatADPCM (113)
[2018.04.17-01.40.50:244][442]LogModuleManager: Shutting down and abandoning module LinuxTargetPlatform (111)
[2018.04.17-01.40.50:244][442]LogModuleManager: Shutting down and abandoning module LinuxServerTargetPlatform (109)
[2018.04.17-01.40.50:244][442]LogModuleManager: Shutting down and abandoning module LinuxNoEditorTargetPlatform (107)
[2018.04.17-01.40.50:244][442]LogModuleManager: Shutting down and abandoning module LinuxClientTargetPlatform (105)
[2018.04.17-01.40.50:244][442]LogModuleManager: Shutting down and abandoning module TVOSTargetPlatform (103)
[2018.04.17-01.40.50:244][442]LogModuleManager: Shutting down and abandoning module Messaging (101)
[2018.04.17-01.40.50:244][442]LogModuleManager: Shutting down and abandoning module IOSTargetPlatform (99)
[2018.04.17-01.40.50:245][442]LogModuleManager: Shutting down and abandoning module HTML5TargetPlatform (97)
[2018.04.17-01.40.50:245][442]LogModuleManager: Shutting down and abandoning module AndroidTargetPlatform (95)
[2018.04.17-01.40.50:245][442]LogModuleManager: Shutting down and abandoning module Android_PVRTCTargetPlatform (93)
[2018.04.17-01.40.50:245][442]LogModuleManager: Shutting down and abandoning module Android_MultiTargetPlatform (91)
[2018.04.17-01.40.50:245][442]LogModuleManager: Shutting down and abandoning module Android_ETC2TargetPlatform (89)
[2018.04.17-01.40.50:245][442]LogModuleManager: Shutting down and abandoning module Android_ETC1TargetPlatform (87)
[2018.04.17-01.40.50:245][442]LogModuleManager: Shutting down and abandoning module Android_DXTTargetPlatform (85)
[2018.04.17-01.40.50:245][442]LogModuleManager: Shutting down and abandoning module Android_ATCTargetPlatform (83)
[2018.04.17-01.40.50:245][442]LogModuleManager: Shutting down and abandoning module Android_ASTCTargetPlatform (81)
[2018.04.17-01.40.50:245][442]LogModuleManager: Shutting down and abandoning module WindowsTargetPlatform (79)
[2018.04.17-01.40.50:245][442]LogModuleManager: Shutting down and abandoning module WindowsServerTargetPlatform (77)
[2018.04.17-01.40.50:245][442]LogModuleManager: Shutting down and abandoning module WindowsNoEditorTargetPlatform (75)
[2018.04.17-01.40.50:245][442]LogModuleManager: Shutting down and abandoning module WindowsClientTargetPlatform (73)
[2018.04.17-01.40.50:245][442]LogModuleManager: Shutting down and abandoning module MacTargetPlatform (71)
[2018.04.17-01.40.50:245][442]LogModuleManager: Shutting down and abandoning module MacServerTargetPlatform (69)
[2018.04.17-01.40.50:245][442]LogModuleManager: Shutting down and abandoning module MacNoEditorTargetPlatform (67)
[2018.04.17-01.40.50:245][442]LogModuleManager: Shutting down and abandoning module MacClientTargetPlatform (65)
[2018.04.17-01.40.50:245][442]LogModuleManager: Shutting down and abandoning module AllDesktopTargetPlatform (63)
[2018.04.17-01.40.50:245][442]LogModuleManager: Shutting down and abandoning module InputCore (60)
[2018.04.17-01.40.50:245][442]LogModuleManager: Shutting down and abandoning module Settings (58)
[2018.04.17-01.40.50:245][442]LogModuleManager: Shutting down and abandoning module PhysXCooking (56)
[2018.04.17-01.40.50:245][442]LogModuleManager: Shutting down and abandoning module SteamVR (54)
[2018.04.17-01.40.50:245][442]LogModuleManager: Shutting down and abandoning module OculusHMD (52)
[2018.04.17-01.40.50:270][442]LogModuleManager: Shutting down and abandoning module ExampleDeviceProfileSelector (50)
[2018.04.17-01.40.50:270][442]LogModuleManager: Shutting down and abandoning module OnlineBlueprintSupport (48)
[2018.04.17-01.40.50:270][442]LogModuleManager: Shutting down and abandoning module OnlineSubsystem (44)
[2018.04.17-01.40.50:270][442]LogModuleManager: Shutting down and abandoning module XMPP (43)
[2018.04.17-01.40.50:336][442]LogModuleManager: Shutting down and abandoning module HTTP (41)
[2018.04.17-01.40.50:336][442]LogHttp: Display: Http module shutting down, but needs to wait on 1 outstanding Http requests:
[2018.04.17-01.40.50:346][442]LogHttp: Display: 	verb=[POST] url=[https://datarouter.ol.epicgames.com/datarouter/api/v1/public/data?SessionID=%7B54659360-4436-C60D-4D43-A1A849C193B0%7D&AppID=UEEditor.Rocket.Release&AppVersion=4.18.3-3832480%2B%2B%2BUE4%2BRelease-4.18&UserID=2c6610f74f8cdf95741746a9d3e8185a%7C8167cdcf23284d0f90b0e1e46bc72afd%7C057141d7-b98d-4be3-b125-df727f93db6b&AppEnvironment=datacollector-binary&UploadType=eteventstream] status=Processing
[2018.04.17-01.40.50:366][442]LogModuleManager: Shutting down and abandoning module SSL (40)
[2018.04.17-01.40.50:393][442]LogModuleManager: Shutting down and abandoning module AnimationModifiers (36)
[2018.04.17-01.40.50:426][442]LogModuleManager: Shutting down and abandoning module PropertyEditor (35)
[2018.04.17-01.40.50:426][442]LogModuleManager: Shutting down and abandoning module AudioEditor (32)
[2018.04.17-01.40.50:480][442]LogModuleManager: Shutting down and abandoning module TextureCompressor (30)
[2018.04.17-01.40.50:527][442]LogModuleManager: Shutting down and abandoning module ShaderCore (28)
[2018.04.17-01.40.50:527][442]LogModuleManager: Shutting down and abandoning module Landscape (26)
[2018.04.17-01.40.50:527][442]LogModuleManager: Shutting down and abandoning module SlateRHIRenderer (24)
[2018.04.17-01.40.50:582][442]LogModuleManager: Shutting down and abandoning module OpenGLDrv (22)
[2018.04.17-01.40.50:639][442]LogModuleManager: Shutting down and abandoning module D3D11RHI (20)
[2018.04.17-01.40.50:640][442]LogModuleManager: Shutting down and abandoning module AnimGraphRuntime (18)
[2018.04.17-01.40.50:689][442]LogModuleManager: Shutting down and abandoning module Renderer (16)
[2018.04.17-01.40.50:689][442]LogModuleManager: Shutting down and abandoning module Engine (14)
[2018.04.17-01.40.50:722][442]LogModuleManager: Shutting down and abandoning module CoreUObject (12)
[2018.04.17-01.40.50:722][442]LogModuleManager: Shutting down and abandoning module NetworkFile (10)
[2018.04.17-01.40.50:722][442]LogModuleManager: Shutting down and abandoning module CookedIterativeFile (8)
[2018.04.17-01.40.50:722][442]LogModuleManager: Shutting down and abandoning module StreamingFile (6)
[2018.04.17-01.40.50:722][442]LogModuleManager: Shutting down and abandoning module SandboxFile (4)
[2018.04.17-01.40.50:722][442]LogModuleManager: Shutting down and abandoning module PakFile (2)
[2018.04.17-01.40.50:837][442]LogExit: Exiting.
[2018.04.17-01.40.50:857][442]Log file closed, 04/17/18 04:40:50
