Log file open, 03/31/18 15:09:58
LogWindows: Failed to load 'aqProf.dll' (GetLastError=126)
LogWindows: File 'aqProf.dll' does not exist
LogWindows: Failed to load 'VtuneApi.dll' (GetLastError=126)
LogWindows: File 'VtuneApi.dll' does not exist
LogWindows: Failed to load 'VtuneApi32e.dll' (GetLastError=126)
LogWindows: File 'VtuneApi32e.dll' does not exist
LogInit: Display: Running engine for game: CyberWar
LogPlatformFile: Not using cached read wrapper
LogInit: Display: RandInit(-693098945) SRandInit(-693098945).
LogInit: Read version file with build ID '3709383'
LogInit: Overriding engine version to CL 3832480, compatible CL 3709383
LogInit: Registered custom module enumerator with build ID '3709383'
LogInit: Warning: Passing commandline switches using / instead of - has been deprecated and will be removed in future versions of Unreal Engine.
LogTaskGraph: Started task graph with 5 named threads and 8 total threads with 3 sets of task threads.
LogStats: Stats thread started at 0.137072
LogD3D11RHI: Aftermath initialized
LogInit: Warning: Passing commandline switches using / instead of - has been deprecated and will be removed in future versions of Unreal Engine.
LogPluginManager: Mounting plugin Paper2D
LogPluginManager: Mounting plugin LightPropagationVolume
LogPluginManager: Mounting plugin GitSourceControl
LogPluginManager: Mounting plugin KDevelopSourceCodeAccess
LogPluginManager: Mounting plugin NullSourceCodeAccess
LogPluginManager: Mounting plugin PerforceSourceControl
LogPluginManager: Mounting plugin SubversionSourceControl
LogPluginManager: Mounting plugin UObjectPlugin
LogPluginManager: Mounting plugin VisualStudioSourceCodeAccess
LogPluginManager: Mounting plugin AssetManagerEditor
LogPluginManager: Mounting plugin AudioCapture
LogPluginManager: Mounting plugin FacialAnimation
LogPluginManager: Mounting plugin GameplayTagsEditor
LogPluginManager: Mounting plugin MobileLauncherProfileWizard
LogPluginManager: Mounting plugin PluginBrowser
LogPluginManager: Mounting plugin SpeedTreeImporter
LogPluginManager: Mounting plugin AlembicImporter
LogPluginManager: Mounting plugin CharacterAI
LogPluginManager: Mounting plugin HTML5Networking
LogPluginManager: Mounting plugin LowEntryExtStdLib
LogPluginManager: Mounting plugin LowEntrySocketConnection
LogPluginManager: Mounting plugin VaRestPlugin
LogPluginManager: Mounting plugin AvfMedia
LogPluginManager: Mounting plugin ImgMedia
LogPluginManager: Mounting plugin MediaCompositing
LogPluginManager: Mounting plugin MediaPlayerEditor
LogPluginManager: Mounting plugin WmfMedia
LogPluginManager: Mounting plugin TcpMessaging
LogPluginManager: Mounting plugin UdpMessaging
LogPluginManager: Mounting plugin ActorSequence
LogPluginManager: Mounting plugin LevelSequenceEditor
LogPluginManager: Mounting plugin MatineeToLevelSequence
LogPluginManager: Mounting plugin AndroidDeviceProfileSelector
LogPluginManager: Mounting plugin ArchVisCharacter
LogPluginManager: Mounting plugin CableComponent
LogPluginManager: Mounting plugin CustomMeshComponent
LogPluginManager: Mounting plugin ExampleDeviceProfileSelector
LogPluginManager: Mounting plugin ImmediatePhysics
LogPluginManager: Mounting plugin IOSDeviceProfileSelector
LogPluginManager: Mounting plugin LinuxDeviceProfileSelector
LogPluginManager: Mounting plugin OculusVR
LogPluginManager: Plugin shader directory ../../../Engine/Plugins/Runtime/Oculus/OculusVR/Shaders found
LogPluginManager: Mapping shader source directory ../../../Engine/Plugins/Runtime/Oculus/OculusVR/Shaders to virtual directory /Plugin/OculusVR
LogPluginManager: Mounting plugin PhysXVehicles
LogPluginManager: Mounting plugin ProceduralMeshComponent
LogPluginManager: Mounting plugin RuntimePhysXCooking
LogPluginManager: Mounting plugin SteamVR
LogPluginManager: Mounting plugin WindowsMoviePlayer
LogModuleManager: Display: Found up-to-date module file ../../../../../../Development/UnrealProject/Netlex/Cyber-War/CyberWar/Binaries/Win64/UE4Editor-CyberWar-1134.dll (API version 3709383).
LogModuleManager: Display: Found up-to-date module file ../../../Engine/Plugins/2D/Paper2D/Binaries/Win64/UE4Editor-Paper2D.dll (API version 3709383).
LogModuleManager: Display: Found up-to-date module file ../../../Engine/Plugins/2D/Paper2D/Binaries/Win64/UE4Editor-Paper2DEditor.dll (API version 3709383).
LogModuleManager: Display: Found up-to-date module file ../../../Engine/Plugins/2D/Paper2D/Binaries/Win64/UE4Editor-PaperSpriteSheetImporter.dll (API version 3709383).
LogModuleManager: Display: Found up-to-date module file ../../../Engine/Plugins/2D/Paper2D/Binaries/Win64/UE4Editor-PaperTiledImporter.dll (API version 3709383).
LogModuleManager: Display: Found up-to-date module file ../../../Engine/Plugins/2D/Paper2D/Binaries/Win64/UE4Editor-SmartSnapping.dll (API version 3709383).
LogModuleManager: Display: Found up-to-date module file ../../../Engine/Plugins/Blendables/LightPropagationVolume/Binaries/Win64/UE4Editor-LightPropagationVolumeRuntime.dll (API version 3709383).
LogModuleManager: Display: Found up-to-date module file ../../../Engine/Plugins/Blendables/LightPropagationVolume/Binaries/Win64/UE4Editor-LightPropagationVolumeEditor.dll (API version 3709383).
LogModuleManager: Display: Found up-to-date module file ../../../Engine/Plugins/Developer/GitSourceControl/Binaries/Win64/UE4Editor-GitSourceControl.dll (API version 3709383).
LogModuleManager: Display: Found up-to-date module file ../../../Engine/Plugins/Developer/PerforceSourceControl/Binaries/Win64/UE4Editor-PerforceSourceControl.dll (API version 3709383).
LogModuleManager: Display: Found up-to-date module file ../../../Engine/Plugins/Developer/SubversionSourceControl/Binaries/Win64/UE4Editor-SubversionSourceControl.dll (API version 3709383).
LogModuleManager: Display: Found up-to-date module file ../../../Engine/Plugins/Developer/UObjectPlugin/Binaries/Win64/UE4Editor-UObjectPlugin.dll (API version 3709383).
LogModuleManager: Display: Found up-to-date module file ../../../Engine/Plugins/Developer/VisualStudioSourceCodeAccess/Binaries/Win64/UE4Editor-VisualStudioSourceCodeAccess.dll (API version 3709383).
LogModuleManager: Display: Found up-to-date module file ../../../Engine/Plugins/Editor/AssetManagerEditor/Binaries/Win64/UE4Editor-AssetManagerEditor.dll (API version 3709383).
LogModuleManager: Display: Found up-to-date module file ../../../Engine/Plugins/Editor/AudioCapture/Binaries/Win64/UE4Editor-AudioCapture.dll (API version 3709383).
LogModuleManager: Display: Found up-to-date module file ../../../Engine/Plugins/Editor/FacialAnimation/Binaries/Win64/UE4Editor-FacialAnimation.dll (API version 3709383).
LogModuleManager: Display: Found up-to-date module file ../../../Engine/Plugins/Editor/FacialAnimation/Binaries/Win64/UE4Editor-FacialAnimationEditor.dll (API version 3709383).
LogModuleManager: Display: Found up-to-date module file ../../../Engine/Plugins/Editor/GameplayTagsEditor/Binaries/Win64/UE4Editor-GameplayTagsEditor.dll (API version 3709383).
LogModuleManager: Display: Found up-to-date module file ../../../Engine/Plugins/Editor/MobileLauncherProfileWizard/Binaries/Win64/UE4Editor-MobileLauncherProfileWizard.dll (API version 3709383).
LogModuleManager: Display: Found up-to-date module file ../../../Engine/Plugins/Editor/PluginBrowser/Binaries/Win64/UE4Editor-PluginBrowser.dll (API version 3709383).
LogModuleManager: Display: Found up-to-date module file ../../../Engine/Plugins/Editor/SpeedTreeImporter/Binaries/Win64/UE4Editor-SpeedTreeImporter.dll (API version 3709383).
LogModuleManager: Display: Found up-to-date module file ../../../Engine/Plugins/Experimental/AlembicImporter/Binaries/Win64/UE4Editor-AlembicImporter.dll (API version 3709383).
LogModuleManager: Display: Found up-to-date module file ../../../Engine/Plugins/Experimental/AlembicImporter/Binaries/Win64/UE4Editor-AlembicLibrary.dll (API version 3709383).
LogModuleManager: Display: Found up-to-date module file ../../../Engine/Plugins/Experimental/CharacterAI/Binaries/Win64/UE4Editor-CharacterAI.dll (API version 3709383).
LogModuleManager: Display: Found up-to-date module file ../../../Engine/Plugins/Experimental/HTML5Networking/Binaries/Win64/UE4Editor-HTML5Networking.dll (API version 3709383).
LogModuleManager: Display: Found up-to-date module file ../../../Engine/Plugins/Marketplace/LowEntryExtStdLib/Binaries/Win64/UE4Editor-LowEntryExtendedStandardLibrary.dll (API version 3709383).
LogModuleManager: Display: Found up-to-date module file ../../../Engine/Plugins/Marketplace/LowEntryExtStdLib/Binaries/Win64/UE4Editor-LowEntryExtendedStandardLibraryEditor.dll (API version 3709383).
LogModuleManager: Display: Found up-to-date module file ../../../Engine/Plugins/Marketplace/LowEntrySocketConnection/Binaries/Win64/UE4Editor-LowEntrySocketConnection.dll (API version 3709383).
LogModuleManager: Display: Found up-to-date module file ../../../Engine/Plugins/Marketplace/VaRestPlugin/Binaries/Win64/UE4Editor-VaRestPlugin.dll (API version 3709383).
LogModuleManager: Display: Found up-to-date module file ../../../Engine/Plugins/Marketplace/VaRestPlugin/Binaries/Win64/UE4Editor-VaRestEditorPlugin.dll (API version 3709383).
LogModuleManager: Display: Found up-to-date module file ../../../Engine/Plugins/Media/AvfMedia/Binaries/Win64/UE4Editor-AvfMediaEditor.dll (API version 3709383).
LogModuleManager: Display: Found up-to-date module file ../../../Engine/Plugins/Media/AvfMedia/Binaries/Win64/UE4Editor-AvfMediaFactory.dll (API version 3709383).
LogModuleManager: Display: Found up-to-date module file ../../../Engine/Plugins/Media/AvfMedia/Binaries/Win64/UE4Editor-AvfMediaFactory.dll (API version 3709383).
LogModuleManager: Display: Found up-to-date module file ../../../Engine/Plugins/Media/ImgMedia/Binaries/Win64/UE4Editor-ImgMedia.dll (API version 3709383).
LogModuleManager: Display: Found up-to-date module file ../../../Engine/Plugins/Media/ImgMedia/Binaries/Win64/UE4Editor-ImgMediaEditor.dll (API version 3709383).
LogModuleManager: Display: Found up-to-date module file ../../../Engine/Plugins/Media/ImgMedia/Binaries/Win64/UE4Editor-ImgMediaFactory.dll (API version 3709383).
LogModuleManager: Display: Found up-to-date module file ../../../Engine/Plugins/Media/ImgMedia/Binaries/Win64/UE4Editor-ImgMediaFactory.dll (API version 3709383).
LogModuleManager: Display: Found up-to-date module file ../../../Engine/Plugins/Media/ImgMedia/Binaries/Win64/UE4Editor-OpenExrWrapper.dll (API version 3709383).
LogModuleManager: Display: Found up-to-date module file ../../../Engine/Plugins/Media/MediaCompositing/Binaries/Win64/UE4Editor-MediaCompositing.dll (API version 3709383).
LogModuleManager: Display: Found up-to-date module file ../../../Engine/Plugins/Media/MediaCompositing/Binaries/Win64/UE4Editor-MediaCompositingEditor.dll (API version 3709383).
LogModuleManager: Display: Found up-to-date module file ../../../Engine/Plugins/Media/MediaPlayerEditor/Binaries/Win64/UE4Editor-MediaPlayerEditor.dll (API version 3709383).
LogModuleManager: Display: Found up-to-date module file ../../../Engine/Plugins/Media/WmfMedia/Binaries/Win64/UE4Editor-WmfMedia.dll (API version 3709383).
LogModuleManager: Display: Found up-to-date module file ../../../Engine/Plugins/Media/WmfMedia/Binaries/Win64/UE4Editor-WmfMediaEditor.dll (API version 3709383).
LogModuleManager: Display: Found up-to-date module file ../../../Engine/Plugins/Media/WmfMedia/Binaries/Win64/UE4Editor-WmfMediaFactory.dll (API version 3709383).
LogModuleManager: Display: Found up-to-date module file ../../../Engine/Plugins/Media/WmfMedia/Binaries/Win64/UE4Editor-WmfMediaFactory.dll (API version 3709383).
LogModuleManager: Display: Found up-to-date module file ../../../Engine/Plugins/Messaging/TcpMessaging/Binaries/Win64/UE4Editor-TcpMessaging.dll (API version 3709383).
LogModuleManager: Display: Found up-to-date module file ../../../Engine/Plugins/Messaging/UdpMessaging/Binaries/Win64/UE4Editor-UdpMessaging.dll (API version 3709383).
LogModuleManager: Display: Found up-to-date module file ../../../Engine/Plugins/MovieScene/ActorSequence/Binaries/Win64/UE4Editor-ActorSequence.dll (API version 3709383).
LogModuleManager: Display: Found up-to-date module file ../../../Engine/Plugins/MovieScene/LevelSequenceEditor/Binaries/Win64/UE4Editor-LevelSequenceEditor.dll (API version 3709383).
LogModuleManager: Display: Found up-to-date module file ../../../Engine/Plugins/MovieScene/MatineeToLevelSequence/Binaries/Win64/UE4Editor-MatineeToLevelSequence.dll (API version 3709383).
LogModuleManager: Display: Found up-to-date module file ../../../Engine/Plugins/Runtime/AndroidDeviceProfileSelector/Binaries/Win64/UE4Editor-AndroidDeviceProfileSelector.dll (API version 3709383).
LogModuleManager: Display: Found up-to-date module file ../../../Engine/Plugins/Runtime/ArchVisCharacter/Binaries/Win64/UE4Editor-ArchVisCharacter.dll (API version 3709383).
LogModuleManager: Display: Found up-to-date module file ../../../Engine/Plugins/Runtime/CableComponent/Binaries/Win64/UE4Editor-CableComponent.dll (API version 3709383).
LogModuleManager: Display: Found up-to-date module file ../../../Engine/Plugins/Runtime/CustomMeshComponent/Binaries/Win64/UE4Editor-CustomMeshComponent.dll (API version 3709383).
LogModuleManager: Display: Found up-to-date module file ../../../Engine/Plugins/Runtime/ExampleDeviceProfileSelector/Binaries/Win64/UE4Editor-ExampleDeviceProfileSelector.dll (API version 3709383).
LogModuleManager: Display: Found up-to-date module file ../../../Engine/Plugins/Runtime/ImmediatePhysics/Binaries/Win64/UE4Editor-ImmediatePhysics.dll (API version 3709383).
LogModuleManager: Display: Found up-to-date module file ../../../Engine/Plugins/Runtime/ImmediatePhysics/Binaries/Win64/UE4Editor-ImmediatePhysicsEditor.dll (API version 3709383).
LogModuleManager: Display: Found up-to-date module file ../../../Engine/Plugins/Runtime/Oculus/OculusVR/Binaries/Win64/UE4Editor-OculusHMD.dll (API version 3709383).
LogModuleManager: Display: Found up-to-date module file ../../../Engine/Plugins/Runtime/Oculus/OculusVR/Binaries/Win64/UE4Editor-OculusInput.dll (API version 3709383).
LogModuleManager: Display: Found up-to-date module file ../../../Engine/Plugins/Runtime/Oculus/OculusVR/Binaries/Win64/UE4Editor-OculusEditor.dll (API version 3709383).
LogModuleManager: Display: Found up-to-date module file ../../../Engine/Plugins/Runtime/PhysXVehicles/Binaries/Win64/UE4Editor-PhysXVehicles.dll (API version 3709383).
LogModuleManager: Display: Found up-to-date module file ../../../Engine/Plugins/Runtime/PhysXVehicles/Binaries/Win64/UE4Editor-PhysXVehiclesEditor.dll (API version 3709383).
LogModuleManager: Display: Found up-to-date module file ../../../Engine/Plugins/Runtime/ProceduralMeshComponent/Binaries/Win64/UE4Editor-ProceduralMeshComponent.dll (API version 3709383).
LogModuleManager: Display: Found up-to-date module file ../../../Engine/Plugins/Runtime/ProceduralMeshComponent/Binaries/Win64/UE4Editor-ProceduralMeshComponentEditor.dll (API version 3709383).
LogModuleManager: Display: Found up-to-date module file ../../../Engine/Plugins/Runtime/RuntimePhysXCooking/Binaries/Win64/UE4Editor-RuntimePhysXCooking.dll (API version 3709383).
LogModuleManager: Display: Found up-to-date module file ../../../Engine/Plugins/Runtime/Steam/SteamVR/Binaries/Win64/UE4Editor-SteamVR.dll (API version 3709383).
LogModuleManager: Display: Found up-to-date module file ../../../Engine/Plugins/Runtime/Steam/SteamVR/Binaries/Win64/UE4Editor-SteamVRController.dll (API version 3709383).
LogModuleManager: Display: Found up-to-date module file ../../../Engine/Plugins/Runtime/WindowsMoviePlayer/Binaries/Win64/UE4Editor-WindowsMoviePlayer.dll (API version 3709383).
LogInit: Build: ++UE4+Release-4.18-CL-3832480
LogInit: Engine Version: 4.18.3-3832480+++UE4+Release-4.18
LogInit: Compatible Engine Version: 4.18.0-3709383+++UE4+Release-4.18
LogInit: Net CL: 3709383
LogDevObjectVersion: Number of dev versions registered: 16
LogDevObjectVersion:   Dev-Blueprints (B0D832E4-1F89-4F0D-ACCF-7EB736FD4AA2): 10
LogDevObjectVersion:   Dev-Build (E1C64328-A22C-4D53-A36C-8E866417BD8C): 0
LogDevObjectVersion:   Dev-Core (375EC13C-06E4-48FB-B500-84F0262A717E): 2
LogDevObjectVersion:   Dev-Editor (E4B068ED-F494-42E9-A231-DA0B2E46BB41): 20
LogDevObjectVersion:   Dev-Framework (CFFC743F-43B0-4480-9391-14DF171D2073): 30
LogDevObjectVersion:   Dev-Mobile (B02B49B5-BB20-44E9-A304-32B752E40360): 0
LogDevObjectVersion:   Dev-Networking (A4E4105C-59A1-49B5-A7C5-40C4547EDFEE): 0
LogDevObjectVersion:   Dev-Online (39C831C9-5AE6-47DC-9A44-9C173E1C8E7C): 0
LogDevObjectVersion:   Dev-Physics (78F01B33-EBEA-4F98-B9B4-84EACCB95AA2): 0
LogDevObjectVersion:   Dev-Platform (6631380F-2D4D-43E0-8009-CF276956A95A): 0
LogDevObjectVersion:   Dev-Rendering (12F88B9F-8875-4AFC-A67C-D90C383ABD29): 20
LogDevObjectVersion:   Dev-Sequencer (7B5AE74C-D270-4C10-A958-57980B212A5A): 4
LogDevObjectVersion:   Dev-VR (D7296918-1DD6-4BDD-9DE2-64A83CC13884): 0
LogDevObjectVersion:   Dev-LoadTimes (C2A15278-BFE7-4AFE-6C17-90FF531DF755): 1
LogDevObjectVersion:   Private-Geometry (6EACA3D4-40EC-4CC1-B786-8BED09428FC5): 1
LogDevObjectVersion:   Dev-AnimPhys (29E575DD-E0A3-4627-9D10-D276232CDCEA): 12
LogInit: Compiled (64-bit): Jan 12 2018 02:04:55
LogInit: Compiled with Visual C++: 19.00.24215.01
LogInit: Build Configuration: Development
LogInit: Branch Name: ++UE4+Release-4.18
LogInit: Command line:  /Game/Maps/Login?Listen -game -PIEVIACONSOLE -ResX=640 -ResY=480  -Multiprocess -messaging -SessionName="Play in Standalone Game" -port=17777 -windowed GameUserSettingsINI="F:/Development/UnrealProject/Netlex/Cyber-War/CyberWar/Saved/Config/Windows/PIEGameUserSettings0.ini" -MultiprocessSaveConfig  -MultiprocessOSS WinX=8 WinY=550 SAVEWINPOS=1
LogInit: Base directory: F:/Soft/Epic Games/UE_4.18/Engine/Binaries/Win64/
LogInit: Installed Engine Build: 1
LogInit: Presizing for max 8388607 objects, including 0 objects not considered by GC, pre-allocating 0 bytes for permanent pool.
LogInit: Object subsystem initialized
[2018.03.31-12.09.58:888][  0]LogInit: Selected Device Profile: [Windows]
[2018.03.31-12.09.58:888][  0]LogInit: Applying CVar settings loaded from the selected device profile: [Windows]
[2018.03.31-12.09.58:892][  0]LogInit: Computer: DESKTOP-38OIRC4
[2018.03.31-12.09.58:892][  0]LogInit: User: root
[2018.03.31-12.09.58:892][  0]LogInit: CPU Page size=4096, Cores=2
[2018.03.31-12.09.58:892][  0]LogInit: High frequency timer resolution =2.825500 MHz
[2018.03.31-12.09.58:892][  0]LogMemory: Memory total: Physical=7.9GB (8GB approx)
[2018.03.31-12.09.58:892][  0]LogMemory: Platform Memory Stats for Windows
[2018.03.31-12.09.58:892][  0]LogMemory: Process Physical Memory: 271.05 MB used, 271.05 MB peak
[2018.03.31-12.09.58:892][  0]LogMemory: Process Virtual Memory: 269.43 MB used, 269.43 MB peak
[2018.03.31-12.09.58:892][  0]LogMemory: Physical Memory: 5602.77 MB used,  2506.52 MB free, 8109.29 MB total
[2018.03.31-12.09.58:892][  0]LogMemory: Virtual Memory: 666.70 MB used,  2506.52 MB free, 134217728.00 MB total
[2018.03.31-12.09.58:998][  0]LogInit: Using OS detected language (ru-RU).
[2018.03.31-12.09.58:998][  0]LogInit: Using OS detected locale (ru-RU).
[2018.03.31-12.09.59:000][  0]LogTextLocalizationManager: No localization for 'ru-RU' exists, so 'en' will be used for the language.
[2018.03.31-12.09.59:000][  0]LogTextLocalizationManager: No localization for 'ru-RU' exists, so 'en' will be used for the locale.
[2018.03.31-12.09.59:490][  0]LogD3D11RHI: D3D11 adapters:
[2018.03.31-12.09.59:531][  0]LogD3D11RHI:    0. 'NVIDIA GeForce 840M' (Feature Level 11_0)
[2018.03.31-12.09.59:531][  0]LogD3D11RHI:       2020/0/4054 MB DedicatedVideo/DedicatedSystem/SharedSystem, Outputs:1, VendorId:0x10de
[2018.03.31-12.09.59:536][  0]LogD3D11RHI:    1. 'Intel(R) HD Graphics 4600' (Feature Level 11_0)
[2018.03.31-12.09.59:536][  0]LogD3D11RHI:       112/0/2048 MB DedicatedVideo/DedicatedSystem/SharedSystem, Outputs:0, VendorId:0x8086
[2018.03.31-12.09.59:538][  0]LogD3D11RHI:    2. 'Microsoft Basic Render Driver' (Feature Level 11_0)
[2018.03.31-12.09.59:539][  0]LogD3D11RHI:       0/0/4054 MB DedicatedVideo/DedicatedSystem/SharedSystem, Outputs:0, VendorId:0x1414
[2018.03.31-12.09.59:539][  0]LogD3D11RHI: Chosen D3D11 Adapter: 0
[2018.03.31-12.09.59:546][  0]LogD3D11RHI: Creating new Direct3DDevice
[2018.03.31-12.09.59:546][  0]LogD3D11RHI:     GPU DeviceId: 0x1341 (for the marketing name, search the web for "GPU Device Id")
[2018.03.31-12.09.59:546][  0]LogWindows: EnumDisplayDevices:
[2018.03.31-12.09.59:546][  0]LogWindows:    0. 'Intel(R) HD Graphics 4600' (P:1 D:1)
[2018.03.31-12.09.59:547][  0]LogWindows:    1. 'Intel(R) HD Graphics 4600' (P:0 D:0)
[2018.03.31-12.09.59:547][  0]LogWindows:    2. 'Intel(R) HD Graphics 4600' (P:0 D:0)
[2018.03.31-12.09.59:547][  0]LogWindows: DebugString: GetVideoDriverDetailsInvalid PrimaryIsNotTheChoosenAdapter GetVideoDriverDetailsInvalid PrimaryIsNotTheChoosenAdapter GetVideoDriverDetailsInvalid PrimaryIsNotTheChoosenAdapter FoundDriverCount:0 
[2018.03.31-12.09.59:547][  0]LogD3D11RHI:     Adapter Name: NVIDIA GeForce 840M
[2018.03.31-12.09.59:547][  0]LogD3D11RHI:   Driver Version: Unknown (internal:Unknown, unified:Unknown)
[2018.03.31-12.09.59:547][  0]LogD3D11RHI:      Driver Date: Unknown
[2018.03.31-12.09.59:547][  0]LogRHI: Texture pool is 1414 MB (70% of 2020 MB)
[2018.03.31-12.09.59:572][  0]LogD3D11RHI: Async texture creation enabled
[2018.03.31-12.09.59:586][  0]LogD3D11RHI: GPU Timing Frequency: 1000.000000 (Debug: 2 1)
[2018.03.31-12.09.59:587][  0]LogShaderCompilers: Guid format shader working directory is -24 characters bigger than the processId version (../../../../../../Development/UnrealProject/Netlex/Cyber-War/CyberWar/Intermediate/Shaders/WorkingDirectory/8144/).
[2018.03.31-12.09.59:587][  0]LogShaderCompilers: Cleaned the shader compiler working directory 'C:/Users/root/AppData/Local/Temp/UnrealShaderWorkingDir/46B03EB6489CB311A81CD3B2BB9A1624/'.
[2018.03.31-12.09.59:587][  0]LogShaderCompilers: Display: Using Local Shader Compiler.
[2018.03.31-12.10.00:480][  0]LogTemp: Display: Loaded TP WindowsClientTargetPlatform
[2018.03.31-12.10.00:515][  0]LogTemp: Display: Loaded TP WindowsNoEditorTargetPlatform
[2018.03.31-12.10.00:549][  0]LogTemp: Display: Loaded TP WindowsServerTargetPlatform
[2018.03.31-12.10.00:586][  0]LogTemp: Display: Loaded TP WindowsTargetPlatform
[2018.03.31-12.10.00:586][  0]LogTargetPlatformManager: Display: Building Assets For Windows
[2018.03.31-12.10.00:838][  0]LogDerivedDataCache: Display: Max Cache Size: 512 MB
[2018.03.31-12.10.00:942][  0]LogDerivedDataCache: Loaded boot cache 0.10s 99MB C:/Users/root/AppData/Local/UnrealEngine/4.18/DerivedDataCache/Boot.ddc.
[2018.03.31-12.10.00:943][  0]LogDerivedDataCache: Display: Loaded Boot cache: C:/Users/root/AppData/Local/UnrealEngine/4.18/DerivedDataCache/Boot.ddc
[2018.03.31-12.10.00:943][  0]LogDerivedDataCache: FDerivedDataBackendGraph:  Pak pak cache file ../../../../../../Development/UnrealProject/Netlex/Cyber-War/CyberWar/DerivedDataCache/DDC.ddp not found, will not use a pak cache.
[2018.03.31-12.10.00:943][  0]LogDerivedDataCache: Unable to find inner node Pak for hierarchical cache Hierarchy.
[2018.03.31-12.10.00:943][  0]LogDerivedDataCache: FDerivedDataBackendGraph:  CompressedPak pak cache file ../../../../../../Development/UnrealProject/Netlex/Cyber-War/CyberWar/DerivedDataCache/Compressed.ddp not found, will not use a pak cache.
[2018.03.31-12.10.00:943][  0]LogDerivedDataCache: Unable to find inner node CompressedPak for hierarchical cache Hierarchy.
[2018.03.31-12.10.00:960][  0]LogDerivedDataCache: Display: Pak cache opened for reading ../../../Engine/DerivedDataCache/Compressed.ddp.
[2018.03.31-12.10.00:973][  0]LogDerivedDataCache: Using Local data cache path C:/Users/root/AppData/Local/UnrealEngine/Common/DerivedDataCache: Writable
[2018.03.31-12.10.00:985][  0]LogMaterial: Verifying Global Shaders for PCD3D_SM5
[2018.03.31-12.10.00:986][  0]LogSlate: Using Freetype 2.6.0
[2018.03.31-12.10.00:986][  0]LogSlate: SlateFontCache - WITH_FREETYPE: 1, WITH_HARFBUZZ: 1
[2018.03.31-12.10.00:986][  0]LogSlate: SlateFontCache - WITH_FREETYPE: 1, WITH_HARFBUZZ: 1
[2018.03.31-12.10.01:244][  0]LogAssetRegistry: FAssetRegistry took 0.0047 seconds to start up
[2018.03.31-12.10.01:252][  0]LogPackageLocalizationCache: Processed 7 localized package path(s) for 1 prioritized culture(s) in 0.008471 seconds
[2018.03.31-12.10.01:345][  0]LogInit: Selected Device Profile: [Windows]
[2018.03.31-12.10.01:572][  0]LogSimplygon: Simplygon DLL not present - disabling.
[2018.03.31-12.10.01:595][  0]LogMeshReduction: Using SimplygonSwarm for distributed automatic mesh merging
[2018.03.31-12.10.01:595][  0]LogMeshReduction: Using QuadricMeshReduction for automatic static mesh reduction
[2018.03.31-12.10.01:595][  0]LogMeshReduction: No automatic skeletal mesh reduction module available
[2018.03.31-12.10.01:595][  0]LogMeshReduction: No automatic mesh merging module available
[2018.03.31-12.10.01:595][  0]LogMeshMerging: No automatic mesh merging module available
[2018.03.31-12.10.01:616][  0]LogNetVersion: CyberWar , NetCL: 3709383, EngineNetVer: 2, GameNetVer: 0 (Checksum: 2311747216)
[2018.03.31-12.10.01:802][  0]LogInit: Warning: Passing commandline switches using / instead of - has been deprecated and will be removed in future versions of Unreal Engine.
[2018.03.31-12.10.01:802][  0]LogInit: Warning: Passing commandline switches using / instead of - has been deprecated and will be removed in future versions of Unreal Engine.
[2018.03.31-12.10.01:802][  0]LogInit: Warning: Passing commandline switches using / instead of - has been deprecated and will be removed in future versions of Unreal Engine.
[2018.03.31-12.10.02:081][  0]LogInit: WinSock: version 1.1 (2.2), MaxSocks=32767, MaxUdp=65467
[2018.03.31-12.10.02:889][  0]LogMoviePlayer: Initializing movie player
[2018.03.31-12.10.02:940][  0]LogWindowsTextInputMethodSystem: Display: IME system now deactivated.
[2018.03.31-12.10.03:164][  0]LogCollectionManager: Loaded 0 collections in 0.000814 seconds
[2018.03.31-12.10.03:207][  0]LogFileCache: Scanning file cache for directory 'F:/Development/UnrealProject/Netlex/Cyber-War/CyberWar/Saved/Collections/' took 0.01s
[2018.03.31-12.10.03:207][  0]LogFileCache: Scanning file cache for directory 'F:/Development/UnrealProject/Netlex/Cyber-War/CyberWar/Content/Developers/root/Collections/' took 0.01s
[2018.03.31-12.10.03:207][  0]LogFileCache: Scanning file cache for directory 'F:/Development/UnrealProject/Netlex/Cyber-War/CyberWar/Content/Collections/' took 0.01s
[2018.03.31-12.10.03:207][  0]LogCollectionManager: Rebuilt the object cache for 0 collections in 0.000000 seconds (found 0 objects)
[2018.03.31-12.10.03:207][  0]LogCollectionManager: Fixed up redirectors for 0 collections in 0.000130 seconds (updated 0 objects)
[2018.03.31-12.10.03:782][  0]LogInit: Using libcurl 7.47.1
[2018.03.31-12.10.03:782][  0]LogInit:  - built for x86_64-pc-win32
[2018.03.31-12.10.03:782][  0]LogInit:  - supports SSL with OpenSSL/1.0.2g
[2018.03.31-12.10.03:782][  0]LogInit:  - supports HTTP deflate (compression) using libz 1.2.8
[2018.03.31-12.10.03:782][  0]LogInit:  - other features:
[2018.03.31-12.10.03:782][  0]LogInit:      CURL_VERSION_SSL
[2018.03.31-12.10.03:782][  0]LogInit:      CURL_VERSION_LIBZ
[2018.03.31-12.10.03:782][  0]LogInit:      CURL_VERSION_IPV6
[2018.03.31-12.10.03:782][  0]LogInit:      CURL_VERSION_ASYNCHDNS
[2018.03.31-12.10.03:782][  0]LogInit:      CURL_VERSION_LARGEFILE
[2018.03.31-12.10.03:782][  0]LogInit:      CURL_VERSION_IDN
[2018.03.31-12.10.03:784][  0]LogInit:  CurlRequestOptions (configurable via config and command line):
[2018.03.31-12.10.03:784][  0]LogInit:  - bVerifyPeer = false  - Libcurl will NOT verify peer certificate
[2018.03.31-12.10.03:784][  0]LogInit:  - bUseHttpProxy = false  - Libcurl will NOT use HTTP proxy
[2018.03.31-12.10.03:784][  0]LogInit:  - bDontReuseConnections = false  - Libcurl will reuse connections
[2018.03.31-12.10.03:784][  0]LogInit:  - CertBundlePath = nullptr  - Libcurl will use whatever was configured at build time.
[2018.03.31-12.10.03:812][  0]LogTcpMessaging: Initializing TcpMessaging bridge
[2018.03.31-12.10.03:839][  0]LogUdpMessaging: Initializing bridge on interface 0.0.0.0:0 to multicast group 230.0.0.1:6666.
[2018.03.31-12.10.04:131][  0]LogInit: Warning: Passing commandline switches using / instead of - has been deprecated and will be removed in future versions of Unreal Engine.
[2018.03.31-12.10.04:131][  0]SourceControl: Source control is disabled
[2018.03.31-12.10.04:131][  0]SourceControl: Source control is disabled
[2018.03.31-12.10.04:160][  0]SourceControl: Source control is disabled
[2018.03.31-12.10.04:489][  0]LogOcInput: OculusInput pre-init called
[2018.03.31-12.10.04:556][  0]LogUObjectArray: 40664 objects as part of root set at end of initial load.
[2018.03.31-12.10.04:556][  0]LogUObjectAllocator: 8418424 out of 0 bytes used by permanent object pool.
[2018.03.31-12.10.04:556][  0]LogUObjectArray: CloseDisregardForGC: 0/0 objects in disregard for GC pool
[2018.03.31-12.10.04:556][  0]LogLinker: Warning: Can't find file '/Script/OnlineSubsystemUtils'
[2018.03.31-12.10.04:556][  0]LogLinker: Warning: Can't find file '/Script/OnlineSubsystemUtils'
[2018.03.31-12.10.04:635][  0]LogEngine: Initializing Engine...
[2018.03.31-12.10.04:637][  0]LogHMD: Failed to initialize OpenVR with code 110
[2018.03.31-12.10.04:844][  0]LogStats: UGameplayTagsManager::ConstructGameplayTagTree: Construct from data asset -  0.000 s
[2018.03.31-12.10.04:845][  0]LogStats: UGameplayTagsManager::ConstructGameplayTagTree: GameplayTagTreeChangedEvent.Broadcast -  0.000 s
[2018.03.31-12.10.04:856][  0]LogInit: XAudio2 using 'Динамики (Realtek High Definition Audio)' : 2 channels at 44.1 kHz using 32 bits per sample (channel mask 0x3)
[2018.03.31-12.10.04:910][  0]LogInit: FAudioDevice initialized.
[2018.03.31-12.10.04:940][  0]LogInit: Texture streaming: Enabled
[2018.03.31-12.10.04:944][  0]LogMaterial: Missing cached shader map for material BaseColor, compiling. 
[2018.03.31-12.10.04:945][  0]LogMaterial: Warning: F:\Soft\Epic Games\UE_4.18\Engine\Content\BufferVisualization\BaseColor.uasset: Failed to compile Material for platform PCD3D_SM5, Default Material will be used in game.
[2018.03.31-12.10.04:945][  0]LogMaterial: 	(Node SceneTexture) GBuffer scene textures not available with forward shading.
[2018.03.31-12.10.04:956][  0]LogMaterial: Uniform references updated for custom material expression Custom.
[2018.03.31-12.10.04:966][  0]LogMaterial: Missing cached shader map for material LightingModel, compiling. 
[2018.03.31-12.10.04:966][  0]LogMaterial: Warning: F:\Soft\Epic Games\UE_4.18\Engine\Content\BufferVisualization\LightingModel.uasset: Failed to compile Material for platform PCD3D_SM5, Default Material will be used in game.
[2018.03.31-12.10.04:966][  0]LogMaterial: 	(Node SceneTexture) GBuffer scene textures not available with forward shading.
[2018.03.31-12.10.04:968][  0]LogMaterial: Missing cached shader map for material MaterialAO, compiling. 
[2018.03.31-12.10.04:968][  0]LogMaterial: Warning: F:\Soft\Epic Games\UE_4.18\Engine\Content\BufferVisualization\MaterialAO.uasset: Failed to compile Material for platform PCD3D_SM5, Default Material will be used in game.
[2018.03.31-12.10.04:968][  0]LogMaterial: 	(Node SceneTexture) GBuffer scene textures not available with forward shading.
[2018.03.31-12.10.04:971][  0]LogMaterial: Missing cached shader map for material Metallic, compiling. 
[2018.03.31-12.10.04:971][  0]LogMaterial: Warning: F:\Soft\Epic Games\UE_4.18\Engine\Content\BufferVisualization\Metallic.uasset: Failed to compile Material for platform PCD3D_SM5, Default Material will be used in game.
[2018.03.31-12.10.04:971][  0]LogMaterial: 	(Node SceneTexture) GBuffer scene textures not available with forward shading.
[2018.03.31-12.10.04:974][  0]LogMaterial: Missing cached shader map for material Opacity, compiling. 
[2018.03.31-12.10.04:974][  0]LogMaterial: Warning: F:\Soft\Epic Games\UE_4.18\Engine\Content\BufferVisualization\Opacity.uasset: Failed to compile Material for platform PCD3D_SM5, Default Material will be used in game.
[2018.03.31-12.10.04:974][  0]LogMaterial: 	(Node SceneTexture) GBuffer scene textures not available with forward shading.
[2018.03.31-12.10.04:976][  0]LogMaterial: Missing cached shader map for material Roughness, compiling. 
[2018.03.31-12.10.04:977][  0]LogMaterial: Warning: F:\Soft\Epic Games\UE_4.18\Engine\Content\BufferVisualization\Roughness.uasset: Failed to compile Material for platform PCD3D_SM5, Default Material will be used in game.
[2018.03.31-12.10.04:977][  0]LogMaterial: 	(Node SceneTexture) GBuffer scene textures not available with forward shading.
[2018.03.31-12.10.04:993][  0]LogMaterial: Missing cached shader map for material Specular, compiling. 
[2018.03.31-12.10.04:993][  0]LogMaterial: Warning: F:\Soft\Epic Games\UE_4.18\Engine\Content\BufferVisualization\Specular.uasset: Failed to compile Material for platform PCD3D_SM5, Default Material will be used in game.
[2018.03.31-12.10.04:993][  0]LogMaterial: 	(Node SceneTexture) GBuffer scene textures not available with forward shading.
[2018.03.31-12.10.04:995][  0]LogMaterial: Missing cached shader map for material SubsurfaceColor, compiling. 
[2018.03.31-12.10.04:996][  0]LogMaterial: Warning: F:\Soft\Epic Games\UE_4.18\Engine\Content\BufferVisualization\SubsurfaceColor.uasset: Failed to compile Material for platform PCD3D_SM5, Default Material will be used in game.
[2018.03.31-12.10.04:996][  0]LogMaterial: 	(Node SceneTexture) GBuffer scene textures not available with forward shading.
[2018.03.31-12.10.04:998][  0]LogMaterial: Missing cached shader map for material WorldNormal, compiling. 
[2018.03.31-12.10.04:998][  0]LogMaterial: Warning: F:\Soft\Epic Games\UE_4.18\Engine\Content\BufferVisualization\WorldNormal.uasset: Failed to compile Material for platform PCD3D_SM5, Default Material will be used in game.
[2018.03.31-12.10.04:998][  0]LogMaterial: 	(Node SceneTexture) GBuffer scene textures not available with forward shading.
[2018.03.31-12.10.07:261][  0]LogMaterial: Uniform references updated for custom material expression Custom.
[2018.03.31-12.10.07:800][  0]LogInit: Warning: Passing commandline switches using / instead of - has been deprecated and will be removed in future versions of Unreal Engine.
[2018.03.31-12.10.07:805][  0]LogBlueprintUserMessages: [CW_GameInstance_C_0] [ CW_GameInstance_C_0 ]: ( 7:804 ) - Сокет создан
[2018.03.31-12.10.07:805][  0]LogLowEntrySocket: SocketConnection SendBufferSize changed to 5242880
[2018.03.31-12.10.07:805][  0]LogLowEntrySocket: SocketConnection ReceiveBufferSize changed to 5242880
[2018.03.31-12.10.07:829][  0]LogInit: Display: Game Engine Initialized.
[2018.03.31-12.10.07:830][  0]LogGameplayTags: Display: UGameplayTagsManager::DoneAddingNativeTags. DelegateIsBound: 0
[2018.03.31-12.10.07:928][  0]LogInit: Display: Starting Game.
[2018.03.31-12.10.07:928][  0]LogNet: Browse: /Game/Maps/Login?Name=Player?Listen
[2018.03.31-12.10.07:928][  0]LogLoad: LoadMap: /Game/Maps/Login?Name=Player?Listen
[2018.03.31-12.10.08:043][  0]LogAIModule: Creating AISystem for world Login
[2018.03.31-12.10.08:047][  0]LogLoad: Game class is 'CW_Login_GameMode_C'
[2018.03.31-12.10.08:047][  0]LogNet: CreateNamedNetDriver failed to create driver from definition GameNetDriver
[2018.03.31-12.10.08:047][  0]LogNet: CreateNamedNetDriver failed to create driver GameNetDriver from definition GameNetDriver
[2018.03.31-12.10.08:047][  0]LogNet: Warning: Network Failure: NULL[NetDriverCreateFailure]: 
[2018.03.31-12.10.08:047][  0]LogNet: NetworkFailure: NetDriverCreateFailure, Error: ''
[2018.03.31-12.10.08:047][  0]LogNet: Error: LoadMap: failed to Listen(/Game/Maps/Login?Name=Player?Listen)
[2018.03.31-12.10.08:049][  0]LogWorld: Bringing World /Game/Maps/Login.Login up for play (max tick rate 0) at 2018.03.31-15.10.08
[2018.03.31-12.10.08:049][  0]LogWorld: Bringing up level for play took: 0.000608
[2018.03.31-12.10.08:049][  0]LogGameMode: FindPlayerStart: PATHS NOT DEFINED or NO PLAYERSTART with positive rating
[2018.03.31-12.10.08:055][  0]LogLoad: Took 0.126156 seconds to LoadMap(/Game/Maps/Login)
[2018.03.31-12.10.08:204][  0]LogRenderer: Reallocating scene render targets to support 600x300 Format 10 NumSamples 1 (Frame:1).
[2018.03.31-12.10.08:382][  0]LogLoad: (Engine Initialization) Total time: 11.09 seconds
[2018.03.31-12.10.08:382][  0]LogLoad: (Engine Initialization) Total Blueprint compile time: 0.00 seconds
[2018.03.31-12.10.08:382][  0]LogExternalProfiler: Found external profiler: VSPerf
[2018.03.31-12.10.08:382][  0]LogExternalProfiler: Using external profiler: VSPerf
[2018.03.31-12.10.08:403][  0]LogContentStreaming: Texture pool size now 1000 MB
[2018.03.31-12.10.08:423][  1]LogBlueprintUserMessages: [CW_GameInstance_C_0] [ CW_GameInstance_C_0 ]: ( 8:423 ) - Send Package: {"action":"Authentication","data":{"version":"1.0.0.0"}}
[2018.03.31-12.10.08:424][  1]LogBlueprintUserMessages: [CW_GameInstance_C_0] [ CW_GameInstance_C_0 ]: ( 8:423 ) - Соединение с сервером установлено
[2018.03.31-12.10.08:745][  3]LogBlueprintUserMessages: [CW_GameInstance_C_0] [ CW_GameInstance_C_0 ]: ( 8:744 ) - Аутентификация прошла успешно
[2018.03.31-12.10.13:955][326]Closing by request
[2018.03.31-12.10.13:955][326]LogWindows: FPlatformMisc::RequestExit(0)
[2018.03.31-12.10.14:671][327]LogWindowsTextInputMethodSystem: Display: IME system now deactivated.
[2018.03.31-12.10.14:673][327]LogWindowsTextInputMethodSystem: Display: IME system now deactivated.
[2018.03.31-12.10.14:684][327]LogExit: Preparing to exit.
[2018.03.31-12.10.14:684][327]LogMoviePlayer: Shutting down movie player
[2018.03.31-12.10.14:919][327]LogExit: Game engine shut down
[2018.03.31-12.10.14:993][327]LogExit: Object subsystem successfully closed.
[2018.03.31-12.10.15:005][327]LogD3D11RHI: Shutdown
[2018.03.31-12.10.15:005][327]LogD3D11RHI: CleanupD3DDevice
[2018.03.31-12.10.15:006][327]LogD3D11RHI: ~FD3D11DynamicRHI
[2018.03.31-12.10.15:010][327]LogModuleManager: Shutting down and abandoning module SequenceRecorderSections (302)
[2018.03.31-12.10.15:010][327]LogModuleManager: Shutting down and abandoning module SequenceRecorder (300)
[2018.03.31-12.10.15:010][327]LogModuleManager: Shutting down and abandoning module AutomationController (298)
[2018.03.31-12.10.15:010][327]LogModuleManager: Shutting down and abandoning module AutomationWorker (296)
[2018.03.31-12.10.15:010][327]LogModuleManager: Shutting down and abandoning module AIModule (294)
[2018.03.31-12.10.15:010][327]LogModuleManager: Shutting down and abandoning module GameplayDebugger (293)
[2018.03.31-12.10.15:011][327]LogModuleManager: Shutting down and abandoning module AITestSuite (291)
[2018.03.31-12.10.15:011][327]LogModuleManager: Shutting down and abandoning module WmfMediaFactory (288)
[2018.03.31-12.10.15:011][327]LogModuleManager: Shutting down and abandoning module OpenExrWrapper (286)
[2018.03.31-12.10.15:011][327]LogModuleManager: Shutting down and abandoning module ImgMediaFactory (284)
[2018.03.31-12.10.15:011][327]LogModuleManager: Shutting down and abandoning module AvfMediaFactory (282)
[2018.03.31-12.10.15:011][327]LogModuleManager: Shutting down and abandoning module CharacterAI (280)
[2018.03.31-12.10.15:011][327]LogModuleManager: Shutting down and abandoning module SessionServices (278)
[2018.03.31-12.10.15:011][327]LogModuleManager: Shutting down and abandoning module MovieSceneCapture (276)
[2018.03.31-12.10.15:011][327]LogModuleManager: Shutting down and abandoning module MovieSceneTracks (274)
[2018.03.31-12.10.15:011][327]LogModuleManager: Shutting down and abandoning module MovieScene (272)
[2018.03.31-12.10.15:011][327]LogModuleManager: Shutting down and abandoning module GeometryCache (270)
[2018.03.31-12.10.15:011][327]LogModuleManager: Shutting down and abandoning module GeometryCacheEd (269)
[2018.03.31-12.10.15:011][327]LogModuleManager: Shutting down and abandoning module StreamingPauseRendering (266)
[2018.03.31-12.10.15:011][327]LogModuleManager: Shutting down and abandoning module PortalServices (264)
[2018.03.31-12.10.15:011][327]LogModuleManager: Shutting down and abandoning module PortalRpc (262)
[2018.03.31-12.10.15:011][327]LogModuleManager: Shutting down and abandoning module MessagingRpc (260)
[2018.03.31-12.10.15:011][327]LogModuleManager: Shutting down and abandoning module ProfilerService (258)
[2018.03.31-12.10.15:108][327]LogModuleManager: Shutting down and abandoning module TaskGraph (256)
[2018.03.31-12.10.15:108][327]LogModuleManager: Shutting down and abandoning module SteamVRController (254)
[2018.03.31-12.10.15:108][327]LogModuleManager: Shutting down and abandoning module ProceduralMeshComponent (252)
[2018.03.31-12.10.15:108][327]LogModuleManager: Shutting down and abandoning module OculusInput (250)
[2018.03.31-12.10.15:108][327]LogModuleManager: Shutting down and abandoning module CustomMeshComponent (248)
[2018.03.31-12.10.15:108][327]LogModuleManager: Shutting down and abandoning module CableComponent (246)
[2018.03.31-12.10.15:108][327]LogModuleManager: Shutting down and abandoning module ArchVisCharacter (244)
[2018.03.31-12.10.15:108][327]LogModuleManager: Shutting down and abandoning module ActorSequence (242)
[2018.03.31-12.10.15:108][327]LogModuleManager: Shutting down and abandoning module MediaCompositing (240)
[2018.03.31-12.10.15:108][327]LogModuleManager: Shutting down and abandoning module VaRestEditorPlugin (238)
[2018.03.31-12.10.15:108][327]LogModuleManager: Shutting down and abandoning module LowEntryExtendedStandardLibraryEditor (236)
[2018.03.31-12.10.15:108][327]LogModuleManager: Shutting down and abandoning module HTML5Networking (234)
[2018.03.31-12.10.15:108][327]LogModuleManager: Shutting down and abandoning module VisualStudioSourceCodeAccess (232)
[2018.03.31-12.10.15:108][327]LogModuleManager: Shutting down and abandoning module HotReload (231)
[2018.03.31-12.10.15:108][327]LogDirectoryWatcher: A directory notification for 'F:/Development/UnrealProject/Netlex/Cyber-War/CyberWar/Binaries/Win64' was aborted.
[2018.03.31-12.10.15:108][327]LogModuleManager: Shutting down and abandoning module UObjectPlugin (228)
[2018.03.31-12.10.15:108][327]LogModuleManager: Shutting down and abandoning module SubversionSourceControl (226)
[2018.03.31-12.10.15:108][327]LogModuleManager: Shutting down and abandoning module PerforceSourceControl (224)
[2018.03.31-12.10.15:108][327]LogModuleManager: Shutting down and abandoning module SourceControl (223)
[2018.03.31-12.10.15:109][327]LogModuleManager: Shutting down and abandoning module CyberWar (220)
[2018.03.31-12.10.15:109][327]LogModuleManager: Shutting down and abandoning module RuntimePhysXCooking (218)
[2018.03.31-12.10.15:109][327]LogModuleManager: Shutting down and abandoning module PhysXVehiclesEditor (216)
[2018.03.31-12.10.15:109][327]LogModuleManager: Shutting down and abandoning module PhysXVehicles (214)
[2018.03.31-12.10.15:109][327]LogModuleManager: Shutting down and abandoning module ImmediatePhysicsEditor (212)
[2018.03.31-12.10.15:109][327]LogModuleManager: Shutting down and abandoning module ImmediatePhysics (210)
[2018.03.31-12.10.15:109][327]LogModuleManager: Shutting down and abandoning module UdpMessaging (208)
[2018.03.31-12.10.15:209][327]LogModuleManager: Shutting down and abandoning module TcpMessaging (206)
[2018.03.31-12.10.15:816][327]LogModuleManager: Shutting down and abandoning module VaRestPlugin (204)
[2018.03.31-12.10.15:816][327]LogModuleManager: Shutting down and abandoning module HTTP (203)
[2018.03.31-12.10.15:846][327]LogModuleManager: Shutting down and abandoning module SSL (202)
[2018.03.31-12.10.15:847][327]LogModuleManager: Shutting down and abandoning module LowEntrySocketConnection (198)
[2018.03.31-12.10.15:847][327]LogModuleManager: Shutting down and abandoning module LowEntryExtendedStandardLibrary (196)
[2018.03.31-12.10.15:847][327]LogModuleManager: Shutting down and abandoning module GameplayTagsEditor (194)
[2018.03.31-12.10.15:847][327]LogModuleManager: Shutting down and abandoning module FacialAnimation (192)
[2018.03.31-12.10.15:847][327]LogModuleManager: Shutting down and abandoning module AssetManagerEditor (190)
[2018.03.31-12.10.15:847][327]LogModuleManager: Shutting down and abandoning module GraphEditor (189)
[2018.03.31-12.10.15:848][327]LogModuleManager: Shutting down and abandoning module ContentBrowser (187)
[2018.03.31-12.10.15:848][327]LogModuleManager: Shutting down and abandoning module CollectionManager (186)
[2018.03.31-12.10.15:848][327]LogDirectoryWatcher: A directory notification for 'F:/Development/UnrealProject/Netlex/Cyber-War/CyberWar/Content/Collections/' was aborted.
[2018.03.31-12.10.15:848][327]LogDirectoryWatcher: A directory notification for 'F:/Development/UnrealProject/Netlex/Cyber-War/CyberWar/Content/Developers/root/Collections/' was aborted.
[2018.03.31-12.10.15:848][327]LogDirectoryWatcher: A directory notification for 'F:/Development/UnrealProject/Netlex/Cyber-War/CyberWar/Saved/Collections/' was aborted.
[2018.03.31-12.10.15:848][327]LogModuleManager: Shutting down and abandoning module DirectoryWatcher (185)
[2018.03.31-12.10.15:848][327]LogModuleManager: Shutting down and abandoning module LightPropagationVolumeRuntime (180)
[2018.03.31-12.10.15:848][327]LogModuleManager: Shutting down and abandoning module Paper2D (178)
[2018.03.31-12.10.15:848][327]LogModuleManager: Shutting down and abandoning module WindowsMoviePlayer (176)
[2018.03.31-12.10.15:848][327]LogModuleManager: Shutting down and abandoning module WmfMedia (174)
[2018.03.31-12.10.15:849][327]LogModuleManager: Shutting down and abandoning module ImgMedia (172)
[2018.03.31-12.10.15:849][327]LogModuleManager: Shutting down and abandoning module PacketHandler (170)
[2018.03.31-12.10.15:849][327]LogModuleManager: Shutting down and abandoning module ClothingSystemEditor (168)
[2018.03.31-12.10.15:850][327]LogModuleManager: Shutting down and abandoning module ClothingSystemRuntime (166)
[2018.03.31-12.10.15:850][327]LogModuleManager: Shutting down and abandoning module MediaAssets (164)
[2018.03.31-12.10.15:850][327]LogModuleManager: Shutting down and abandoning module Media (163)
[2018.03.31-12.10.15:855][327]LogModuleManager: Shutting down and abandoning module Overlay (160)
[2018.03.31-12.10.15:856][327]LogModuleManager: Shutting down and abandoning module OverlayEditor (159)
[2018.03.31-12.10.15:856][327]LogModuleManager: Shutting down and abandoning module VREditor (156)
[2018.03.31-12.10.15:856][327]LogModuleManager: Shutting down and abandoning module StringTableEditor (154)
[2018.03.31-12.10.15:856][327]LogModuleManager: Shutting down and abandoning module GameplayTasksEditor (152)
[2018.03.31-12.10.15:856][327]LogModuleManager: Shutting down and abandoning module BehaviorTreeEditor (150)
[2018.03.31-12.10.15:856][327]LogModuleManager: Shutting down and abandoning module FunctionalTesting (148)
[2018.03.31-12.10.15:856][327]LogModuleManager: Shutting down and abandoning module CollisionAnalyzer (146)
[2018.03.31-12.10.15:856][327]LogModuleManager: Shutting down and abandoning module WorkspaceMenuStructure (145)
[2018.03.31-12.10.15:856][327]LogModuleManager: Shutting down and abandoning module UMG (142)
[2018.03.31-12.10.15:856][327]LogModuleManager: Shutting down and abandoning module UMGEditor (141)
[2018.03.31-12.10.15:856][327]LogModuleManager: Shutting down and abandoning module Sequencer (140)
[2018.03.31-12.10.15:856][327]LogModuleManager: Shutting down and abandoning module MessageLog (137)
[2018.03.31-12.10.15:856][327]LogModuleManager: Shutting down and abandoning module SlateReflector (132)
[2018.03.31-12.10.15:856][327]LogModuleManager: Shutting down and abandoning module Slate (130)
[2018.03.31-12.10.15:856][327]LogModuleManager: Shutting down and abandoning module EditorStyle (128)
[2018.03.31-12.10.15:857][327]LogModuleManager: Shutting down and abandoning module MRMesh (126)
[2018.03.31-12.10.15:857][327]LogModuleManager: Shutting down and abandoning module Messaging (124)
[2018.03.31-12.10.15:858][327]LogModuleManager: Shutting down and abandoning module SourceCodeAccess (122)
[2018.03.31-12.10.15:858][327]LogModuleManager: Shutting down and abandoning module HeadMountedDisplay (120)
[2018.03.31-12.10.15:858][327]LogModuleManager: Shutting down and abandoning module XAudio2 (118)
[2018.03.31-12.10.15:858][327]LogModuleManager: Shutting down and abandoning module Networking (116)
[2018.03.31-12.10.15:858][327]LogModuleManager: Shutting down and abandoning module Core (112)
[2018.03.31-12.10.15:858][327]LogModuleManager: Shutting down and abandoning module LevelSequence (110)
[2018.03.31-12.10.15:858][327]LogModuleManager: Shutting down and abandoning module KismetCompiler (108)
[2018.03.31-12.10.15:858][327]LogModuleManager: Shutting down and abandoning module MeshUtilities (106)
[2018.03.31-12.10.15:858][327]LogModuleManager: Shutting down and abandoning module MeshMergeUtilities (105)
[2018.03.31-12.10.15:858][327]LogModuleManager: Shutting down and abandoning module MeshReductionInterface (104)
[2018.03.31-12.10.15:858][327]LogModuleManager: Shutting down and abandoning module SimplygonSwarm (103)
[2018.03.31-12.10.15:858][327]LogModuleManager: Shutting down and abandoning module SimplygonMeshReduction (101)
[2018.03.31-12.10.15:858][327]LogModuleManager: Shutting down and abandoning module QuadricMeshReduction (99)
[2018.03.31-12.10.15:858][327]LogModuleManager: Shutting down and abandoning module MaterialBaking (95)
[2018.03.31-12.10.15:858][327]LogModuleManager: Shutting down and abandoning module DerivedDataCache (90)
[2018.03.31-12.10.15:976][327]LogDerivedDataCache: Shutdown
[2018.03.31-12.10.15:976][327]LogModuleManager: Shutting down and abandoning module TargetPlatform (88)
[2018.03.31-12.10.15:976][327]LogModuleManager: Shutting down and abandoning module VulkanShaderFormat (87)
[2018.03.31-12.10.15:976][327]LogModuleManager: Shutting down and abandoning module ShaderFormatVectorVM (85)
[2018.03.31-12.10.15:976][327]LogModuleManager: Shutting down and abandoning module ShaderFormatOpenGL (83)
[2018.03.31-12.10.15:976][327]LogModuleManager: Shutting down and abandoning module ShaderFormatD3D (81)
[2018.03.31-12.10.15:976][327]LogModuleManager: Shutting down and abandoning module MetalShaderFormat (79)
[2018.03.31-12.10.15:976][327]LogModuleManager: Shutting down and abandoning module TextureFormatUncompressed (77)
[2018.03.31-12.10.15:976][327]LogModuleManager: Shutting down and abandoning module TextureFormatPVR (75)
[2018.03.31-12.10.15:976][327]LogModuleManager: Shutting down and abandoning module TextureFormatDXT (73)
[2018.03.31-12.10.15:976][327]LogModuleManager: Shutting down and abandoning module TextureFormatIntelISPCTexComp (71)
[2018.03.31-12.10.15:976][327]LogModuleManager: Shutting down and abandoning module TextureFormatASTC (69)
[2018.03.31-12.10.15:976][327]LogModuleManager: Shutting down and abandoning module ImageWrapper (68)
[2018.03.31-12.10.15:976][327]LogModuleManager: Shutting down and abandoning module TextureFormatAndroid (65)
[2018.03.31-12.10.15:976][327]LogModuleManager: Shutting down and abandoning module AudioFormatOpus (63)
[2018.03.31-12.10.15:976][327]LogModuleManager: Shutting down and abandoning module AudioFormatOgg (61)
[2018.03.31-12.10.15:976][327]LogModuleManager: Shutting down and abandoning module AudioFormatADPCM (59)
[2018.03.31-12.10.15:976][327]LogModuleManager: Shutting down and abandoning module WindowsTargetPlatform (57)
[2018.03.31-12.10.15:976][327]LogModuleManager: Shutting down and abandoning module WindowsServerTargetPlatform (55)
[2018.03.31-12.10.15:976][327]LogModuleManager: Shutting down and abandoning module WindowsNoEditorTargetPlatform (53)
[2018.03.31-12.10.15:976][327]LogModuleManager: Shutting down and abandoning module WindowsClientTargetPlatform (51)
[2018.03.31-12.10.15:976][327]LogModuleManager: Shutting down and abandoning module InputCore (48)
[2018.03.31-12.10.15:976][327]LogModuleManager: Shutting down and abandoning module Settings (46)
[2018.03.31-12.10.15:976][327]LogModuleManager: Shutting down and abandoning module PhysXCooking (44)
[2018.03.31-12.10.15:976][327]LogModuleManager: Shutting down and abandoning module SteamVR (42)
[2018.03.31-12.10.15:976][327]LogModuleManager: Shutting down and abandoning module OculusHMD (40)
[2018.03.31-12.10.15:976][327]LogModuleManager: Shutting down and abandoning module ExampleDeviceProfileSelector (38)
[2018.03.31-12.10.15:976][327]LogModuleManager: Shutting down and abandoning module AnimationModifiers (36)
[2018.03.31-12.10.15:976][327]LogModuleManager: Shutting down and abandoning module PropertyEditor (35)
[2018.03.31-12.10.15:976][327]LogModuleManager: Shutting down and abandoning module AudioEditor (32)
[2018.03.31-12.10.15:976][327]LogModuleManager: Shutting down and abandoning module TextureCompressor (30)
[2018.03.31-12.10.15:977][327]LogModuleManager: Shutting down and abandoning module ShaderCore (28)
[2018.03.31-12.10.15:977][327]LogModuleManager: Shutting down and abandoning module Landscape (26)
[2018.03.31-12.10.15:977][327]LogModuleManager: Shutting down and abandoning module SlateRHIRenderer (24)
[2018.03.31-12.10.15:977][327]LogModuleManager: Shutting down and abandoning module OpenGLDrv (22)
[2018.03.31-12.10.15:977][327]LogModuleManager: Shutting down and abandoning module D3D11RHI (20)
[2018.03.31-12.10.15:977][327]LogModuleManager: Shutting down and abandoning module AnimGraphRuntime (18)
[2018.03.31-12.10.15:977][327]LogModuleManager: Shutting down and abandoning module Renderer (16)
[2018.03.31-12.10.15:977][327]LogModuleManager: Shutting down and abandoning module Engine (14)
[2018.03.31-12.10.15:977][327]LogModuleManager: Shutting down and abandoning module CoreUObject (12)
[2018.03.31-12.10.15:977][327]LogModuleManager: Shutting down and abandoning module NetworkFile (10)
[2018.03.31-12.10.15:977][327]LogModuleManager: Shutting down and abandoning module CookedIterativeFile (8)
[2018.03.31-12.10.15:977][327]LogModuleManager: Shutting down and abandoning module StreamingFile (6)
[2018.03.31-12.10.15:977][327]LogModuleManager: Shutting down and abandoning module SandboxFile (4)
[2018.03.31-12.10.15:977][327]LogModuleManager: Shutting down and abandoning module PakFile (2)
[2018.03.31-12.10.15:978][327]LogExit: Exiting.
[2018.03.31-12.10.15:979][327]Log file closed, 03/31/18 15:10:15
