Log file open, 04/18/18 00:56:51
LogWindows: Failed to load 'aqProf.dll' (GetLastError=126)
LogWindows: File 'aqProf.dll' does not exist
LogWindows: Failed to load 'VtuneApi.dll' (GetLastError=126)
LogWindows: File 'VtuneApi.dll' does not exist
LogWindows: Failed to load 'VtuneApi32e.dll' (GetLastError=126)
LogWindows: File 'VtuneApi32e.dll' does not exist
LogInit: Display: Running engine for game: CyberWar
LogPlatformFile: Not using cached read wrapper
LogInit: Display: RandInit(-651001437) SRandInit(-651001437).
LogInit: Read version file with build ID '3709383'
LogInit: Overriding engine version to CL 3832480, compatible CL 3709383
LogInit: Registered custom module enumerator with build ID '3709383'
LogTaskGraph: Started task graph with 5 named threads and 8 total threads with 3 sets of task threads.
LogStats: Stats thread started at 0.123018
LogD3D11RHI: Aftermath initialized
LogModuleManager: Display: Found up-to-date module file ../../../Engine/Plugins/Marketplace/VaRestPlugin/Binaries/Win64/UE4Editor-VaRestPlugin.dll (API version 3709383).
LogModuleManager: Display: Found up-to-date module file ../../../Engine/Plugins/Marketplace/VaRestPlugin/Binaries/Win64/UE4Editor-VaRestEditorPlugin.dll (API version 3709383).
LogModuleManager: Display: Found up-to-date module file ../../../Engine/Plugins/Marketplace/LowEntrySocketConnection/Binaries/Win64/UE4Editor-LowEntrySocketConnection.dll (API version 3709383).
LogModuleManager: Display: Found up-to-date module file ../../../Engine/Plugins/Marketplace/LowEntryExtStdLib/Binaries/Win64/UE4Editor-LowEntryExtendedStandardLibrary.dll (API version 3709383).
LogModuleManager: Display: Found up-to-date module file ../../../Engine/Plugins/Marketplace/LowEntryExtStdLib/Binaries/Win64/UE4Editor-LowEntryExtendedStandardLibraryEditor.dll (API version 3709383).
LogModuleManager: Display: Found up-to-date module file ../../../Engine/Plugins/Online/OnlineFramework/Binaries/Win64/UE4Editor-Qos.dll (API version 3709383).
LogModuleManager: Display: Found up-to-date module file ../../../Engine/Plugins/Online/OnlineFramework/Binaries/Win64/UE4Editor-Party.dll (API version 3709383).
LogModuleManager: Display: Found up-to-date module file ../../../Engine/Plugins/Online/OnlineFramework/Binaries/Win64/UE4Editor-Lobby.dll (API version 3709383).
LogModuleManager: Display: Found up-to-date module file ../../../Engine/Plugins/Online/OnlineFramework/Binaries/Win64/UE4Editor-Hotfix.dll (API version 3709383).
LogModuleManager: Display: Found up-to-date module file ../../../Engine/Plugins/Online/OnlineFramework/Binaries/Win64/UE4Editor-Rejoin.dll (API version 3709383).
LogModuleManager: Display: Found up-to-date module file ../../../Engine/Plugins/Online/OnlineFramework/Binaries/Win64/UE4Editor-LoginFlow.dll (API version 3709383).
LogModuleManager: Display: Found up-to-date module file ../../../Engine/Plugins/Online/OnlineSubsystem/Binaries/Win64/UE4Editor-OnlineSubsystem.dll (API version 3709383).
LogModuleManager: Display: Found up-to-date module file ../../../Engine/Plugins/Online/OnlineSubsystemUtils/Binaries/Win64/UE4Editor-OnlineSubsystemUtils.dll (API version 3709383).
LogModuleManager: Display: Found up-to-date module file ../../../Engine/Plugins/Online/OnlineSubsystemUtils/Binaries/Win64/UE4Editor-OnlineBlueprintSupport.dll (API version 3709383).
LogModuleManager: Display: Found up-to-date module file ../../../Engine/Plugins/2D/Paper2D/Binaries/Win64/UE4Editor-Paper2D.dll (API version 3709383).
LogModuleManager: Display: Found up-to-date module file ../../../Engine/Plugins/2D/Paper2D/Binaries/Win64/UE4Editor-Paper2DEditor.dll (API version 3709383).
LogModuleManager: Display: Found up-to-date module file ../../../Engine/Plugins/2D/Paper2D/Binaries/Win64/UE4Editor-PaperSpriteSheetImporter.dll (API version 3709383).
LogModuleManager: Display: Found up-to-date module file ../../../Engine/Plugins/2D/Paper2D/Binaries/Win64/UE4Editor-PaperTiledImporter.dll (API version 3709383).
LogModuleManager: Display: Found up-to-date module file ../../../Engine/Plugins/2D/Paper2D/Binaries/Win64/UE4Editor-SmartSnapping.dll (API version 3709383).
LogModuleManager: Display: Found up-to-date module file ../../../Engine/Plugins/Blendables/LightPropagationVolume/Binaries/Win64/UE4Editor-LightPropagationVolumeRuntime.dll (API version 3709383).
LogModuleManager: Display: Found up-to-date module file ../../../Engine/Plugins/Blendables/LightPropagationVolume/Binaries/Win64/UE4Editor-LightPropagationVolumeEditor.dll (API version 3709383).
LogModuleManager: Display: Found up-to-date module file ../../../Engine/Plugins/Developer/GitSourceControl/Binaries/Win64/UE4Editor-GitSourceControl.dll (API version 3709383).
LogModuleManager: Display: Found up-to-date module file ../../../Engine/Plugins/Developer/PerforceSourceControl/Binaries/Win64/UE4Editor-PerforceSourceControl.dll (API version 3709383).
LogModuleManager: Display: Found up-to-date module file ../../../Engine/Plugins/Developer/SubversionSourceControl/Binaries/Win64/UE4Editor-SubversionSourceControl.dll (API version 3709383).
LogModuleManager: Display: Found up-to-date module file ../../../Engine/Plugins/Developer/UObjectPlugin/Binaries/Win64/UE4Editor-UObjectPlugin.dll (API version 3709383).
LogModuleManager: Display: Found up-to-date module file ../../../Engine/Plugins/Developer/VisualStudioSourceCodeAccess/Binaries/Win64/UE4Editor-VisualStudioSourceCodeAccess.dll (API version 3709383).
LogModuleManager: Display: Found up-to-date module file ../../../Engine/Plugins/Editor/AssetManagerEditor/Binaries/Win64/UE4Editor-AssetManagerEditor.dll (API version 3709383).
LogModuleManager: Display: Found up-to-date module file ../../../Engine/Plugins/Editor/AudioCapture/Binaries/Win64/UE4Editor-AudioCapture.dll (API version 3709383).
LogModuleManager: Display: Found up-to-date module file ../../../Engine/Plugins/Editor/FacialAnimation/Binaries/Win64/UE4Editor-FacialAnimation.dll (API version 3709383).
LogModuleManager: Display: Found up-to-date module file ../../../Engine/Plugins/Editor/FacialAnimation/Binaries/Win64/UE4Editor-FacialAnimationEditor.dll (API version 3709383).
LogModuleManager: Display: Found up-to-date module file ../../../Engine/Plugins/Editor/GameplayTagsEditor/Binaries/Win64/UE4Editor-GameplayTagsEditor.dll (API version 3709383).
LogModuleManager: Display: Found up-to-date module file ../../../Engine/Plugins/Editor/MobileLauncherProfileWizard/Binaries/Win64/UE4Editor-MobileLauncherProfileWizard.dll (API version 3709383).
LogModuleManager: Display: Found up-to-date module file ../../../Engine/Plugins/Editor/PluginBrowser/Binaries/Win64/UE4Editor-PluginBrowser.dll (API version 3709383).
LogModuleManager: Display: Found up-to-date module file ../../../Engine/Plugins/Editor/SpeedTreeImporter/Binaries/Win64/UE4Editor-SpeedTreeImporter.dll (API version 3709383).
LogModuleManager: Display: Found up-to-date module file ../../../Engine/Plugins/Experimental/AlembicImporter/Binaries/Win64/UE4Editor-AlembicImporter.dll (API version 3709383).
LogModuleManager: Display: Found up-to-date module file ../../../Engine/Plugins/Experimental/AlembicImporter/Binaries/Win64/UE4Editor-AlembicLibrary.dll (API version 3709383).
LogModuleManager: Display: Found up-to-date module file ../../../Engine/Plugins/Experimental/CharacterAI/Binaries/Win64/UE4Editor-CharacterAI.dll (API version 3709383).
LogModuleManager: Display: Found up-to-date module file ../../../Engine/Plugins/Experimental/HTML5Networking/Binaries/Win64/UE4Editor-HTML5Networking.dll (API version 3709383).
LogModuleManager: Display: Found up-to-date module file ../../../Engine/Plugins/Media/AvfMedia/Binaries/Win64/UE4Editor-AvfMediaEditor.dll (API version 3709383).
LogModuleManager: Display: Found up-to-date module file ../../../Engine/Plugins/Media/AvfMedia/Binaries/Win64/UE4Editor-AvfMediaFactory.dll (API version 3709383).
LogModuleManager: Display: Found up-to-date module file ../../../Engine/Plugins/Media/AvfMedia/Binaries/Win64/UE4Editor-AvfMediaFactory.dll (API version 3709383).
LogModuleManager: Display: Found up-to-date module file ../../../Engine/Plugins/Media/ImgMedia/Binaries/Win64/UE4Editor-ImgMedia.dll (API version 3709383).
LogModuleManager: Display: Found up-to-date module file ../../../Engine/Plugins/Media/ImgMedia/Binaries/Win64/UE4Editor-ImgMediaEditor.dll (API version 3709383).
LogModuleManager: Display: Found up-to-date module file ../../../Engine/Plugins/Media/ImgMedia/Binaries/Win64/UE4Editor-ImgMediaFactory.dll (API version 3709383).
LogModuleManager: Display: Found up-to-date module file ../../../Engine/Plugins/Media/ImgMedia/Binaries/Win64/UE4Editor-ImgMediaFactory.dll (API version 3709383).
LogModuleManager: Display: Found up-to-date module file ../../../Engine/Plugins/Media/ImgMedia/Binaries/Win64/UE4Editor-OpenExrWrapper.dll (API version 3709383).
LogModuleManager: Display: Found up-to-date module file ../../../Engine/Plugins/Media/MediaCompositing/Binaries/Win64/UE4Editor-MediaCompositing.dll (API version 3709383).
LogModuleManager: Display: Found up-to-date module file ../../../Engine/Plugins/Media/MediaCompositing/Binaries/Win64/UE4Editor-MediaCompositingEditor.dll (API version 3709383).
LogModuleManager: Display: Found up-to-date module file ../../../Engine/Plugins/Media/MediaPlayerEditor/Binaries/Win64/UE4Editor-MediaPlayerEditor.dll (API version 3709383).
LogModuleManager: Display: Found up-to-date module file ../../../Engine/Plugins/Media/WmfMedia/Binaries/Win64/UE4Editor-WmfMedia.dll (API version 3709383).
LogModuleManager: Display: Found up-to-date module file ../../../Engine/Plugins/Media/WmfMedia/Binaries/Win64/UE4Editor-WmfMediaEditor.dll (API version 3709383).
LogModuleManager: Display: Found up-to-date module file ../../../Engine/Plugins/Media/WmfMedia/Binaries/Win64/UE4Editor-WmfMediaFactory.dll (API version 3709383).
LogModuleManager: Display: Found up-to-date module file ../../../Engine/Plugins/Media/WmfMedia/Binaries/Win64/UE4Editor-WmfMediaFactory.dll (API version 3709383).
LogModuleManager: Display: Found up-to-date module file ../../../Engine/Plugins/Messaging/TcpMessaging/Binaries/Win64/UE4Editor-TcpMessaging.dll (API version 3709383).
LogModuleManager: Display: Found up-to-date module file ../../../Engine/Plugins/Messaging/UdpMessaging/Binaries/Win64/UE4Editor-UdpMessaging.dll (API version 3709383).
LogModuleManager: Display: Found up-to-date module file ../../../Engine/Plugins/MovieScene/ActorSequence/Binaries/Win64/UE4Editor-ActorSequence.dll (API version 3709383).
LogModuleManager: Display: Found up-to-date module file ../../../Engine/Plugins/MovieScene/LevelSequenceEditor/Binaries/Win64/UE4Editor-LevelSequenceEditor.dll (API version 3709383).
LogModuleManager: Display: Found up-to-date module file ../../../Engine/Plugins/MovieScene/MatineeToLevelSequence/Binaries/Win64/UE4Editor-MatineeToLevelSequence.dll (API version 3709383).
LogModuleManager: Display: Found up-to-date module file ../../../Engine/Plugins/Runtime/AndroidDeviceProfileSelector/Binaries/Win64/UE4Editor-AndroidDeviceProfileSelector.dll (API version 3709383).
LogModuleManager: Display: Found up-to-date module file ../../../Engine/Plugins/Runtime/ArchVisCharacter/Binaries/Win64/UE4Editor-ArchVisCharacter.dll (API version 3709383).
LogModuleManager: Display: Found up-to-date module file ../../../Engine/Plugins/Runtime/CableComponent/Binaries/Win64/UE4Editor-CableComponent.dll (API version 3709383).
LogModuleManager: Display: Found up-to-date module file ../../../Engine/Plugins/Runtime/CustomMeshComponent/Binaries/Win64/UE4Editor-CustomMeshComponent.dll (API version 3709383).
LogModuleManager: Display: Found up-to-date module file ../../../Engine/Plugins/Runtime/ExampleDeviceProfileSelector/Binaries/Win64/UE4Editor-ExampleDeviceProfileSelector.dll (API version 3709383).
LogModuleManager: Display: Found up-to-date module file ../../../Engine/Plugins/Runtime/ImmediatePhysics/Binaries/Win64/UE4Editor-ImmediatePhysics.dll (API version 3709383).
LogModuleManager: Display: Found up-to-date module file ../../../Engine/Plugins/Runtime/ImmediatePhysics/Binaries/Win64/UE4Editor-ImmediatePhysicsEditor.dll (API version 3709383).
LogModuleManager: Display: Found up-to-date module file ../../../Engine/Plugins/Runtime/Oculus/OculusVR/Binaries/Win64/UE4Editor-OculusHMD.dll (API version 3709383).
LogModuleManager: Display: Found up-to-date module file ../../../Engine/Plugins/Runtime/Oculus/OculusVR/Binaries/Win64/UE4Editor-OculusInput.dll (API version 3709383).
LogModuleManager: Display: Found up-to-date module file ../../../Engine/Plugins/Runtime/Oculus/OculusVR/Binaries/Win64/UE4Editor-OculusEditor.dll (API version 3709383).
LogModuleManager: Display: Found up-to-date module file ../../../Engine/Plugins/Runtime/PhysXVehicles/Binaries/Win64/UE4Editor-PhysXVehicles.dll (API version 3709383).
LogModuleManager: Display: Found up-to-date module file ../../../Engine/Plugins/Runtime/PhysXVehicles/Binaries/Win64/UE4Editor-PhysXVehiclesEditor.dll (API version 3709383).
LogModuleManager: Display: Found up-to-date module file ../../../Engine/Plugins/Runtime/ProceduralMeshComponent/Binaries/Win64/UE4Editor-ProceduralMeshComponent.dll (API version 3709383).
LogModuleManager: Display: Found up-to-date module file ../../../Engine/Plugins/Runtime/ProceduralMeshComponent/Binaries/Win64/UE4Editor-ProceduralMeshComponentEditor.dll (API version 3709383).
LogModuleManager: Display: Found up-to-date module file ../../../Engine/Plugins/Runtime/RuntimePhysXCooking/Binaries/Win64/UE4Editor-RuntimePhysXCooking.dll (API version 3709383).
LogModuleManager: Display: Found up-to-date module file ../../../Engine/Plugins/Runtime/Steam/SteamVR/Binaries/Win64/UE4Editor-SteamVR.dll (API version 3709383).
LogModuleManager: Display: Found up-to-date module file ../../../Engine/Plugins/Runtime/Steam/SteamVR/Binaries/Win64/UE4Editor-SteamVRController.dll (API version 3709383).
LogModuleManager: Display: Found up-to-date module file ../../../Engine/Plugins/Runtime/WindowsMoviePlayer/Binaries/Win64/UE4Editor-WindowsMoviePlayer.dll (API version 3709383).
LogPluginManager: Mounting plugin Paper2D
LogPluginManager: Mounting plugin LightPropagationVolume
LogPluginManager: Mounting plugin GitSourceControl
LogPluginManager: Mounting plugin KDevelopSourceCodeAccess
LogPluginManager: Mounting plugin NullSourceCodeAccess
LogPluginManager: Mounting plugin PerforceSourceControl
LogPluginManager: Mounting plugin SubversionSourceControl
LogPluginManager: Mounting plugin UObjectPlugin
LogPluginManager: Mounting plugin VisualStudioSourceCodeAccess
LogPluginManager: Mounting plugin AssetManagerEditor
LogPluginManager: Mounting plugin AudioCapture
LogPluginManager: Mounting plugin FacialAnimation
LogPluginManager: Mounting plugin GameplayTagsEditor
LogPluginManager: Mounting plugin MobileLauncherProfileWizard
LogPluginManager: Mounting plugin PluginBrowser
LogPluginManager: Mounting plugin SpeedTreeImporter
LogPluginManager: Mounting plugin AlembicImporter
LogPluginManager: Mounting plugin CharacterAI
LogPluginManager: Mounting plugin HTML5Networking
LogPluginManager: Mounting plugin LowEntryExtStdLib
LogPluginManager: Mounting plugin LowEntrySocketConnection
LogPluginManager: Mounting plugin VaRestPlugin
LogPluginManager: Mounting plugin AvfMedia
LogPluginManager: Mounting plugin ImgMedia
LogPluginManager: Mounting plugin MediaCompositing
LogPluginManager: Mounting plugin MediaPlayerEditor
LogPluginManager: Mounting plugin WmfMedia
LogPluginManager: Mounting plugin TcpMessaging
LogPluginManager: Mounting plugin UdpMessaging
LogPluginManager: Mounting plugin ActorSequence
LogPluginManager: Mounting plugin LevelSequenceEditor
LogPluginManager: Mounting plugin MatineeToLevelSequence
LogPluginManager: Mounting plugin OnlineFramework
LogPluginManager: Mounting plugin OnlineSubsystem
LogPluginManager: Mounting plugin OnlineSubsystemUtils
LogPluginManager: Mounting plugin AndroidDeviceProfileSelector
LogPluginManager: Mounting plugin ArchVisCharacter
LogPluginManager: Mounting plugin CableComponent
LogPluginManager: Mounting plugin CustomMeshComponent
LogPluginManager: Mounting plugin ExampleDeviceProfileSelector
LogPluginManager: Mounting plugin ImmediatePhysics
LogPluginManager: Mounting plugin IOSDeviceProfileSelector
LogPluginManager: Mounting plugin LinuxDeviceProfileSelector
LogPluginManager: Mounting plugin OculusVR
LogPluginManager: Plugin shader directory ../../../Engine/Plugins/Runtime/Oculus/OculusVR/Shaders found
LogPluginManager: Mapping shader source directory ../../../Engine/Plugins/Runtime/Oculus/OculusVR/Shaders to virtual directory /Plugin/OculusVR
LogPluginManager: Mounting plugin PhysXVehicles
LogPluginManager: Mounting plugin ProceduralMeshComponent
LogPluginManager: Mounting plugin RuntimePhysXCooking
LogPluginManager: Mounting plugin SteamVR
LogPluginManager: Mounting plugin WindowsMoviePlayer
LogInit: Using libcurl 7.47.1
LogInit:  - built for x86_64-pc-win32
LogInit:  - supports SSL with OpenSSL/1.0.2g
LogInit:  - supports HTTP deflate (compression) using libz 1.2.8
LogInit:  - other features:
LogInit:      CURL_VERSION_SSL
LogInit:      CURL_VERSION_LIBZ
LogInit:      CURL_VERSION_IPV6
LogInit:      CURL_VERSION_ASYNCHDNS
LogInit:      CURL_VERSION_LARGEFILE
LogInit:      CURL_VERSION_IDN
LogInit:  CurlRequestOptions (configurable via config and command line):
LogInit:  - bVerifyPeer = false  - Libcurl will NOT verify peer certificate
LogInit:  - bUseHttpProxy = false  - Libcurl will NOT use HTTP proxy
LogInit:  - bDontReuseConnections = false  - Libcurl will reuse connections
LogInit:  - CertBundlePath = nullptr  - Libcurl will use whatever was configured at build time.
LogInit: Build: ++UE4+Release-4.18-CL-3832480
LogInit: Engine Version: 4.18.3-3832480+++UE4+Release-4.18
LogInit: Compatible Engine Version: 4.18.0-3709383+++UE4+Release-4.18
LogInit: Net CL: 3709383
LogDevObjectVersion: Number of dev versions registered: 16
LogDevObjectVersion:   Dev-Blueprints (B0D832E4-1F89-4F0D-ACCF-7EB736FD4AA2): 10
LogDevObjectVersion:   Dev-Build (E1C64328-A22C-4D53-A36C-8E866417BD8C): 0
LogDevObjectVersion:   Dev-Core (375EC13C-06E4-48FB-B500-84F0262A717E): 2
LogDevObjectVersion:   Dev-Editor (E4B068ED-F494-42E9-A231-DA0B2E46BB41): 20
LogDevObjectVersion:   Dev-Framework (CFFC743F-43B0-4480-9391-14DF171D2073): 30
LogDevObjectVersion:   Dev-Mobile (B02B49B5-BB20-44E9-A304-32B752E40360): 0
LogDevObjectVersion:   Dev-Networking (A4E4105C-59A1-49B5-A7C5-40C4547EDFEE): 0
LogDevObjectVersion:   Dev-Online (39C831C9-5AE6-47DC-9A44-9C173E1C8E7C): 0
LogDevObjectVersion:   Dev-Physics (78F01B33-EBEA-4F98-B9B4-84EACCB95AA2): 0
LogDevObjectVersion:   Dev-Platform (6631380F-2D4D-43E0-8009-CF276956A95A): 0
LogDevObjectVersion:   Dev-Rendering (12F88B9F-8875-4AFC-A67C-D90C383ABD29): 20
LogDevObjectVersion:   Dev-Sequencer (7B5AE74C-D270-4C10-A958-57980B212A5A): 4
LogDevObjectVersion:   Dev-VR (D7296918-1DD6-4BDD-9DE2-64A83CC13884): 0
LogDevObjectVersion:   Dev-LoadTimes (C2A15278-BFE7-4AFE-6C17-90FF531DF755): 1
LogDevObjectVersion:   Private-Geometry (6EACA3D4-40EC-4CC1-B786-8BED09428FC5): 1
LogDevObjectVersion:   Dev-AnimPhys (29E575DD-E0A3-4627-9D10-D276232CDCEA): 12
LogInit: Compiled (64-bit): Jan 12 2018 02:04:55
LogInit: Compiled with Visual C++: 19.00.24215.01
LogInit: Build Configuration: Development
LogInit: Branch Name: ++UE4+Release-4.18
LogInit: Command line:  -game
LogInit: Base directory: F:/Soft/Epic Games/UE_4.18/Engine/Binaries/Win64/
LogInit: Installed Engine Build: 1
LogInit: Presizing for max 8388607 objects, including 0 objects not considered by GC, pre-allocating 0 bytes for permanent pool.
LogInit: Object subsystem initialized
[2018.04.17-21.56.52:831][  0]LogInit: Selected Device Profile: [Windows]
[2018.04.17-21.56.52:831][  0]LogInit: Applying CVar settings loaded from the selected device profile: [Windows]
[2018.04.17-21.56.52:842][  0]LogInit: Computer: DESKTOP-38OIRC4
[2018.04.17-21.56.52:842][  0]LogInit: User: root
[2018.04.17-21.56.52:842][  0]LogInit: CPU Page size=4096, Cores=2
[2018.04.17-21.56.52:842][  0]LogInit: High frequency timer resolution =2.825504 MHz
[2018.04.17-21.56.52:843][  0]LogMemory: Memory total: Physical=7.9GB (8GB approx)
[2018.04.17-21.56.52:843][  0]LogMemory: Platform Memory Stats for Windows
[2018.04.17-21.56.52:843][  0]LogMemory: Process Physical Memory: 272.29 MB used, 272.29 MB peak
[2018.04.17-21.56.52:843][  0]LogMemory: Process Virtual Memory: 269.23 MB used, 269.23 MB peak
[2018.04.17-21.56.52:843][  0]LogMemory: Physical Memory: 6121.27 MB used,  1988.02 MB free, 8109.29 MB total
[2018.04.17-21.56.52:843][  0]LogMemory: Virtual Memory: 673.14 MB used,  1988.02 MB free, 134217728.00 MB total
[2018.04.17-21.56.52:956][  0]LogInit: Using OS detected language (ru-RU).
[2018.04.17-21.56.52:956][  0]LogInit: Using OS detected locale (ru-RU).
[2018.04.17-21.56.52:958][  0]LogTextLocalizationManager: No localization for 'ru-RU' exists, so 'en' will be used for the language.
[2018.04.17-21.56.52:959][  0]LogTextLocalizationManager: No localization for 'ru-RU' exists, so 'en' will be used for the locale.
[2018.04.17-21.56.53:585][  0]LogD3D11RHI: D3D11 adapters:
[2018.04.17-21.56.53:648][  0]LogD3D11RHI:    0. 'NVIDIA GeForce 840M' (Feature Level 11_0)
[2018.04.17-21.56.53:648][  0]LogD3D11RHI:       2020/0/4054 MB DedicatedVideo/DedicatedSystem/SharedSystem, Outputs:1, VendorId:0x10de
[2018.04.17-21.56.53:655][  0]LogD3D11RHI:    1. 'Intel(R) HD Graphics 4600' (Feature Level 11_0)
[2018.04.17-21.56.53:655][  0]LogD3D11RHI:       112/0/2048 MB DedicatedVideo/DedicatedSystem/SharedSystem, Outputs:0, VendorId:0x8086
[2018.04.17-21.56.53:657][  0]LogD3D11RHI:    2. 'Microsoft Basic Render Driver' (Feature Level 11_0)
[2018.04.17-21.56.53:657][  0]LogD3D11RHI:       0/0/4054 MB DedicatedVideo/DedicatedSystem/SharedSystem, Outputs:0, VendorId:0x1414
[2018.04.17-21.56.53:657][  0]LogD3D11RHI: Chosen D3D11 Adapter: 0
[2018.04.17-21.56.53:667][  0]LogD3D11RHI: Creating new Direct3DDevice
[2018.04.17-21.56.53:667][  0]LogD3D11RHI:     GPU DeviceId: 0x1341 (for the marketing name, search the web for "GPU Device Id")
[2018.04.17-21.56.53:667][  0]LogWindows: EnumDisplayDevices:
[2018.04.17-21.56.53:667][  0]LogWindows:    0. 'Intel(R) HD Graphics 4600' (P:1 D:1)
[2018.04.17-21.56.53:668][  0]LogWindows:    1. 'Intel(R) HD Graphics 4600' (P:0 D:0)
[2018.04.17-21.56.53:668][  0]LogWindows:    2. 'Intel(R) HD Graphics 4600' (P:0 D:0)
[2018.04.17-21.56.53:668][  0]LogWindows: DebugString: GetVideoDriverDetailsInvalid PrimaryIsNotTheChoosenAdapter GetVideoDriverDetailsInvalid PrimaryIsNotTheChoosenAdapter GetVideoDriverDetailsInvalid PrimaryIsNotTheChoosenAdapter FoundDriverCount:0 
[2018.04.17-21.56.53:668][  0]LogD3D11RHI:     Adapter Name: NVIDIA GeForce 840M
[2018.04.17-21.56.53:668][  0]LogD3D11RHI:   Driver Version: Unknown (internal:Unknown, unified:Unknown)
[2018.04.17-21.56.53:668][  0]LogD3D11RHI:      Driver Date: Unknown
[2018.04.17-21.56.53:668][  0]LogRHI: Texture pool is 1414 MB (70% of 2020 MB)
[2018.04.17-21.56.53:698][  0]LogD3D11RHI: Async texture creation enabled
[2018.04.17-21.56.53:712][  0]LogD3D11RHI: GPU Timing Frequency: 1000.000000 (Debug: 2 1)
[2018.04.17-21.56.53:713][  0]LogShaderCompilers: Guid format shader working directory is -8 characters bigger than the processId version (../../../../../../Development/Mary/Cyber-War/CyberWar/Intermediate/Shaders/WorkingDirectory/5256/).
[2018.04.17-21.56.53:713][  0]LogShaderCompilers: Cleaned the shader compiler working directory 'C:/Users/root/AppData/Local/Temp/UnrealShaderWorkingDir/1F73C5B5404AE08DDF3829A9E5E7EA9C/'.
[2018.04.17-21.56.53:713][  0]LogShaderCompilers: Display: Using Local Shader Compiler.
[2018.04.17-21.56.54:847][  0]LogTemp: Display: Loaded TP WindowsClientTargetPlatform
[2018.04.17-21.56.54:890][  0]LogTemp: Display: Loaded TP WindowsNoEditorTargetPlatform
[2018.04.17-21.56.54:935][  0]LogTemp: Display: Loaded TP WindowsServerTargetPlatform
[2018.04.17-21.56.54:976][  0]LogTemp: Display: Loaded TP WindowsTargetPlatform
[2018.04.17-21.56.54:976][  0]LogTargetPlatformManager: Display: Building Assets For Windows
[2018.04.17-21.56.55:317][  0]LogDerivedDataCache: Display: Max Cache Size: 512 MB
[2018.04.17-21.56.55:425][  0]LogDerivedDataCache: Loaded boot cache 0.11s 84MB C:/Users/root/AppData/Local/UnrealEngine/4.18/DerivedDataCache/Boot.ddc.
[2018.04.17-21.56.55:425][  0]LogDerivedDataCache: Display: Loaded Boot cache: C:/Users/root/AppData/Local/UnrealEngine/4.18/DerivedDataCache/Boot.ddc
[2018.04.17-21.56.55:425][  0]LogDerivedDataCache: FDerivedDataBackendGraph:  Pak pak cache file ../../../../../../Development/Mary/Cyber-War/CyberWar/DerivedDataCache/DDC.ddp not found, will not use a pak cache.
[2018.04.17-21.56.55:425][  0]LogDerivedDataCache: Unable to find inner node Pak for hierarchical cache Hierarchy.
[2018.04.17-21.56.55:425][  0]LogDerivedDataCache: FDerivedDataBackendGraph:  CompressedPak pak cache file ../../../../../../Development/Mary/Cyber-War/CyberWar/DerivedDataCache/Compressed.ddp not found, will not use a pak cache.
[2018.04.17-21.56.55:425][  0]LogDerivedDataCache: Unable to find inner node CompressedPak for hierarchical cache Hierarchy.
[2018.04.17-21.56.55:445][  0]LogDerivedDataCache: Display: Pak cache opened for reading ../../../Engine/DerivedDataCache/Compressed.ddp.
[2018.04.17-21.56.55:459][  0]LogDerivedDataCache: Using Local data cache path C:/Users/root/AppData/Local/UnrealEngine/Common/DerivedDataCache: Writable
[2018.04.17-21.56.55:472][  0]LogMaterial: Verifying Global Shaders for PCD3D_SM5
[2018.04.17-21.56.55:472][  0]LogSlate: Using Freetype 2.6.0
[2018.04.17-21.56.55:472][  0]LogSlate: SlateFontCache - WITH_FREETYPE: 1, WITH_HARFBUZZ: 1
[2018.04.17-21.56.55:472][  0]LogSlate: SlateFontCache - WITH_FREETYPE: 1, WITH_HARFBUZZ: 1
[2018.04.17-21.56.55:807][  0]LogAssetRegistry: FAssetRegistry took 0.0052 seconds to start up
[2018.04.17-21.56.55:843][  0]LogPackageLocalizationCache: Processed 7 localized package path(s) for 1 prioritized culture(s) in 0.035274 seconds
[2018.04.17-21.56.55:977][  0]LogInit: Selected Device Profile: [Windows]
[2018.04.17-21.56.56:274][  0]LogSimplygon: Simplygon DLL not present - disabling.
[2018.04.17-21.56.56:305][  0]LogMeshReduction: Using SimplygonSwarm for distributed automatic mesh merging
[2018.04.17-21.56.56:305][  0]LogMeshReduction: Using QuadricMeshReduction for automatic static mesh reduction
[2018.04.17-21.56.56:305][  0]LogMeshReduction: No automatic skeletal mesh reduction module available
[2018.04.17-21.56.56:305][  0]LogMeshReduction: No automatic mesh merging module available
[2018.04.17-21.56.56:305][  0]LogMeshMerging: No automatic mesh merging module available
[2018.04.17-21.56.56:328][  0]LogNetVersion: CyberWar , NetCL: 3709383, EngineNetVer: 2, GameNetVer: 0 (Checksum: 2311747216)
[2018.04.17-21.56.56:922][  0]LogInit: WinSock: version 1.1 (2.2), MaxSocks=32767, MaxUdp=65467
[2018.04.17-21.56.58:030][  0]LogMoviePlayer: Initializing movie player
[2018.04.17-21.56.58:087][  0]LogWindowsTextInputMethodSystem: Display: IME system now deactivated.
[2018.04.17-21.56.58:336][  0]LogCollectionManager: Loaded 0 collections in 0.000928 seconds
[2018.04.17-21.56.58:379][  0]LogFileCache: Scanning file cache for directory 'F:/Development/Mary/Cyber-War/CyberWar/Saved/Collections/' took 0.01s
[2018.04.17-21.56.58:379][  0]LogFileCache: Scanning file cache for directory 'F:/Development/Mary/Cyber-War/CyberWar/Content/Developers/root/Collections/' took 0.01s
[2018.04.17-21.56.58:379][  0]LogFileCache: Scanning file cache for directory 'F:/Development/Mary/Cyber-War/CyberWar/Content/Collections/' took 0.01s
[2018.04.17-21.56.58:379][  0]LogCollectionManager: Rebuilt the object cache for 0 collections in 0.000000 seconds (found 0 objects)
[2018.04.17-21.56.58:379][  0]LogCollectionManager: Fixed up redirectors for 0 collections in 0.000090 seconds (updated 0 objects)
[2018.04.17-21.56.59:368][  0]SourceControl: Source control is disabled
[2018.04.17-21.56.59:368][  0]SourceControl: Source control is disabled
[2018.04.17-21.56.59:404][  0]SourceControl: Source control is disabled
[2018.04.17-21.57.00:046][  0]LogOcInput: OculusInput pre-init called
[2018.04.17-21.57.00:127][  0]LogUObjectArray: 41277 objects as part of root set at end of initial load.
[2018.04.17-21.57.00:127][  0]LogUObjectAllocator: 8748064 out of 0 bytes used by permanent object pool.
[2018.04.17-21.57.00:127][  0]LogUObjectArray: CloseDisregardForGC: 0/0 objects in disregard for GC pool
[2018.04.17-21.57.00:213][  0]LogEngine: Initializing Engine...
[2018.04.17-21.57.00:216][  0]LogHMD: Failed to initialize OpenVR with code 110
[2018.04.17-21.57.00:454][  0]LogStats: UGameplayTagsManager::ConstructGameplayTagTree: Construct from data asset -  0.000 s
[2018.04.17-21.57.00:454][  0]LogStats: UGameplayTagsManager::ConstructGameplayTagTree: GameplayTagTreeChangedEvent.Broadcast -  0.000 s
[2018.04.17-21.57.00:463][  0]LogInit: XAudio2 using 'Динамики (Realtek High Definition Audio)' : 2 channels at 44.1 kHz using 32 bits per sample (channel mask 0x3)
[2018.04.17-21.57.00:534][  0]LogInit: FAudioDevice initialized.
[2018.04.17-21.57.00:798][  0]LogDerivedDataCache: Saved boot cache 0.25s 83MB C:/Users/root/AppData/Local/UnrealEngine/4.18/DerivedDataCache/Boot.ddc.
[2018.04.17-21.57.00:809][  0]LogInit: Texture streaming: Enabled
[2018.04.17-21.57.00:813][  0]LogMaterial: Missing cached shader map for material BaseColor, compiling. 
[2018.04.17-21.57.00:813][  0]LogMaterial: Warning: F:\Soft\Epic Games\UE_4.18\Engine\Content\BufferVisualization\BaseColor.uasset: Failed to compile Material for platform PCD3D_SM5, Default Material will be used in game.
[2018.04.17-21.57.00:813][  0]LogMaterial: 	(Node SceneTexture) GBuffer scene textures not available with forward shading.
[2018.04.17-21.57.00:833][  0]LogMaterial: Uniform references updated for custom material expression Custom.
[2018.04.17-21.57.00:845][  0]LogMaterial: Missing cached shader map for material LightingModel, compiling. 
[2018.04.17-21.57.00:845][  0]LogMaterial: Warning: F:\Soft\Epic Games\UE_4.18\Engine\Content\BufferVisualization\LightingModel.uasset: Failed to compile Material for platform PCD3D_SM5, Default Material will be used in game.
[2018.04.17-21.57.00:845][  0]LogMaterial: 	(Node SceneTexture) GBuffer scene textures not available with forward shading.
[2018.04.17-21.57.00:847][  0]LogMaterial: Missing cached shader map for material MaterialAO, compiling. 
[2018.04.17-21.57.00:848][  0]LogMaterial: Warning: F:\Soft\Epic Games\UE_4.18\Engine\Content\BufferVisualization\MaterialAO.uasset: Failed to compile Material for platform PCD3D_SM5, Default Material will be used in game.
[2018.04.17-21.57.00:848][  0]LogMaterial: 	(Node SceneTexture) GBuffer scene textures not available with forward shading.
[2018.04.17-21.57.00:849][  0]LogMaterial: Missing cached shader map for material Metallic, compiling. 
[2018.04.17-21.57.00:850][  0]LogMaterial: Warning: F:\Soft\Epic Games\UE_4.18\Engine\Content\BufferVisualization\Metallic.uasset: Failed to compile Material for platform PCD3D_SM5, Default Material will be used in game.
[2018.04.17-21.57.00:850][  0]LogMaterial: 	(Node SceneTexture) GBuffer scene textures not available with forward shading.
[2018.04.17-21.57.00:852][  0]LogMaterial: Missing cached shader map for material Opacity, compiling. 
[2018.04.17-21.57.00:853][  0]LogMaterial: Warning: F:\Soft\Epic Games\UE_4.18\Engine\Content\BufferVisualization\Opacity.uasset: Failed to compile Material for platform PCD3D_SM5, Default Material will be used in game.
[2018.04.17-21.57.00:853][  0]LogMaterial: 	(Node SceneTexture) GBuffer scene textures not available with forward shading.
[2018.04.17-21.57.00:855][  0]LogMaterial: Missing cached shader map for material Roughness, compiling. 
[2018.04.17-21.57.00:855][  0]LogMaterial: Warning: F:\Soft\Epic Games\UE_4.18\Engine\Content\BufferVisualization\Roughness.uasset: Failed to compile Material for platform PCD3D_SM5, Default Material will be used in game.
[2018.04.17-21.57.00:855][  0]LogMaterial: 	(Node SceneTexture) GBuffer scene textures not available with forward shading.
[2018.04.17-21.57.00:871][  0]LogMaterial: Missing cached shader map for material Specular, compiling. 
[2018.04.17-21.57.00:872][  0]LogMaterial: Warning: F:\Soft\Epic Games\UE_4.18\Engine\Content\BufferVisualization\Specular.uasset: Failed to compile Material for platform PCD3D_SM5, Default Material will be used in game.
[2018.04.17-21.57.00:872][  0]LogMaterial: 	(Node SceneTexture) GBuffer scene textures not available with forward shading.
[2018.04.17-21.57.00:875][  0]LogMaterial: Missing cached shader map for material SubsurfaceColor, compiling. 
[2018.04.17-21.57.00:875][  0]LogMaterial: Warning: F:\Soft\Epic Games\UE_4.18\Engine\Content\BufferVisualization\SubsurfaceColor.uasset: Failed to compile Material for platform PCD3D_SM5, Default Material will be used in game.
[2018.04.17-21.57.00:875][  0]LogMaterial: 	(Node SceneTexture) GBuffer scene textures not available with forward shading.
[2018.04.17-21.57.00:879][  0]LogMaterial: Missing cached shader map for material WorldNormal, compiling. 
[2018.04.17-21.57.00:880][  0]LogMaterial: Warning: F:\Soft\Epic Games\UE_4.18\Engine\Content\BufferVisualization\WorldNormal.uasset: Failed to compile Material for platform PCD3D_SM5, Default Material will be used in game.
[2018.04.17-21.57.00:880][  0]LogMaterial: 	(Node SceneTexture) GBuffer scene textures not available with forward shading.
[2018.04.17-21.57.04:690][  0]LogMaterial: Uniform references updated for custom material expression Custom.
[2018.04.17-21.57.05:653][  0]LogPackageName: SearchForPackageOnDisk took   0.076s to resolve Login.umap.
[2018.04.17-21.57.05:684][  0]LogInit: Display: Game Engine Initialized.
[2018.04.17-21.57.05:684][  0]LogGameplayTags: Display: UGameplayTagsManager::DoneAddingNativeTags. DelegateIsBound: 0
[2018.04.17-21.57.05:809][  0]LogInit: Display: Starting Game.
[2018.04.17-21.57.05:809][  0]LogNet: Browse: /Game/Maps/Login?Name=Player
[2018.04.17-21.57.05:809][  0]LogLoad: LoadMap: /Game/Maps/Login?Name=Player
[2018.04.17-21.57.05:969][  0]LogAIModule: Creating AISystem for world Login
[2018.04.17-21.57.05:977][  0]LogLoad: Game class is 'CW_Login_GameMode_C'
[2018.04.17-21.57.05:978][  0]LogWorld: Bringing World /Game/Maps/Login.Login up for play (max tick rate 0) at 2018.04.18-00.57.05
[2018.04.17-21.57.05:979][  0]LogWorld: Bringing up level for play took: 0.000751
[2018.04.17-21.57.05:979][  0]LogGameMode: FindPlayerStart: PATHS NOT DEFINED or NO PLAYERSTART with positive rating
[2018.04.17-21.57.05:990][  0]LogLowEntrySocket: SocketConnection SendBufferSize changed to 5242880
[2018.04.17-21.57.05:990][  0]LogLowEntrySocket: SocketConnection ReceiveBufferSize changed to 5242880
[2018.04.17-21.57.05:990][  0]LogLoad: Took 0.181081 seconds to LoadMap(/Game/Maps/Login)
[2018.04.17-21.57.06:192][  0]LogRenderer: Reallocating scene render targets to support 1920x1080 Format 10 NumSamples 1 (Frame:1).
[2018.04.17-21.57.06:192][  0]LogLoad: (Engine Initialization) Total time: 15.33 seconds
[2018.04.17-21.57.06:192][  0]LogLoad: (Engine Initialization) Total Blueprint compile time: 0.00 seconds
[2018.04.17-21.57.06:192][  0]LogExternalProfiler: Found external profiler: VSPerf
[2018.04.17-21.57.06:192][  0]LogExternalProfiler: Using external profiler: VSPerf
[2018.04.17-21.57.06:212][  0]LogContentStreaming: Texture pool size now 1000 MB
[2018.04.17-21.57.06:243][  1]LogBlueprintUserMessages: [CW_GameInstance_C_0] [ CW_GameInstance_C_0 ]: ( 6:243 ) - Соединение с сервером установлено
[2018.04.17-21.57.06:244][  1]LogBlueprintUserMessages: [CW_GameInstance_C_0] [ CW_GameInstance_C_0 ]: ( 6:244 ) - Send Package: {"action":"Authentication","data":{"version":"1.0.0.0"}}
[2018.04.17-21.57.06:434][  3]LogBlueprintUserMessages: [CW_GameInstance_C_0] [ CW_GameInstance_C_0 ]: ( 6:434 ) - Аутентификация прошла успешно
[2018.04.17-21.57.07:532][ 71]LogBlueprintUserMessages: [CW_GameInstance_C_0] [ CW_GameInstance_C_0 ]: ( 7:532 ) - Send Package: {"action":"Authorization","data":{"login":"test","password":"test","name":""}}
[2018.04.17-21.57.07:596][ 75]LogBlueprintUserMessages: [CW_GameInstance_C_0] [ CW_GameInstance_C_0 ]: ( 7:596 ) - Авторизация прошла успешно
[2018.04.17-21.57.07:600][ 75]LogBlueprintUserMessages: [CW_GameInstance_C_0] [ CW_GameInstance_C_0 ]: ( 7:600 ) - Send Package: {"action":"get_server_list","data":{"type":1}}
[2018.04.17-21.57.07:600][ 75]LogBlueprintUserMessages: [CW_GameInstance_C_0] [ CW_GameInstance_C_0 ]: ( 7:600 ) - Master server: 127.0.0.1:7783
[2018.04.17-21.57.07:614][ 76]LogLowEntrySocket: SocketConnection SendBufferSize changed to 5242880
[2018.04.17-21.57.07:614][ 76]LogLowEntrySocket: SocketConnection ReceiveBufferSize changed to 5242880
[2018.04.17-21.57.07:645][ 78]LogBlueprintUserMessages: [CW_GameInstance_C_0] [ CW_GameInstance_C_0 ]: ( 7:645 ) - Соединение с сервером установлено
[2018.04.17-21.57.07:645][ 78]LogBlueprintUserMessages: [CW_GameInstance_C_0] [ CW_GameInstance_C_0 ]: ( 7:645 ) - Send Package: {"action":"get_server_list","data":{"type":1}}
[2018.04.17-21.57.07:693][ 81]LogVaRest: Warning: No field with name game_mode of type String
[2018.04.17-21.57.07:693][ 81]LogBlueprintUserMessages: [CW_GameInstance_C_0] [ CW_GameInstance_C_0 ]: ( 7:693 ) - Type: 1, IP: 127.0.0.1:9,966 (0/100)
[2018.04.17-21.57.09:219][175]LogLowEntrySocket: SocketConnection SendBufferSize changed to 5242880
[2018.04.17-21.57.09:219][175]LogLowEntrySocket: SocketConnection ReceiveBufferSize changed to 5242880
[2018.04.17-21.57.09:257][177]LogBlueprintUserMessages: [CW_GameInstance_C_0] [ CW_GameInstance_C_0 ]: ( 9:257 ) - Соединение с сервером установлено
[2018.04.17-21.57.09:257][177]LogBlueprintUserMessages: [CW_GameInstance_C_0] [ CW_GameInstance_C_0 ]: ( 9:257 ) - Send Package: {"action":"auth","data":{"session_key":"8418b2da3e4103451828e4701a4c6f0b1a0ac84e8426f2cc2db3e2714031a56a"}}
[2018.04.17-21.57.09:392][180]LogPackageName: SearchForPackageOnDisk took   0.086s to resolve Lobby.umap.
[2018.04.17-21.57.09:492][181]LogPackageName: SearchForPackageOnDisk took   0.098s to resolve Lobby.umap.
[2018.04.17-21.57.09:492][181]LogNet: Browse: /Game/Maps/Lobby
[2018.04.17-21.57.09:493][181]LogLoad: LoadMap: /Game/Maps/Lobby
[2018.04.17-21.57.09:626][181]LogAIModule: Creating AISystem for world Lobby
[2018.04.17-21.57.09:626][181]LogLoad: Game class is 'CW_Lobby_GameMode_C'
[2018.04.17-21.57.09:629][181]LogWorld: Bringing World /Game/Maps/Lobby.Lobby up for play (max tick rate 0) at 2018.04.18-00.57.09
[2018.04.17-21.57.09:630][181]LogWorld: Bringing up level for play took: 0.002482
[2018.04.17-21.57.09:631][181]LogGameMode: Display: Match State Changed from EnteringMap to WaitingToStart
[2018.04.17-21.57.09:632][181]LogBlueprintUserMessages: [CW_GameInstance_C_0] [ CW_GameInstance_C_0 ]: ( 9:632 ) - Send Package: {"action":"get_player","data":{}}
[2018.04.17-21.57.09:632][181]LogGameState: Match State Changed from EnteringMap to WaitingToStart
[2018.04.17-21.57.09:633][181]LogLoad: Took 0.140332 seconds to LoadMap(/Game/Maps/Lobby)
[2018.04.17-21.57.09:800][188]LogBlueprintUserMessages: [CW_GameInstance_C_0] [ CW_GameInstance_C_0 ]: ( 9:800 ) - Send Package: {"action":"get_server_list","data":{"type":2}}
[2018.04.17-21.57.09:801][188]LogGameMode: Display: Match State Changed from WaitingToStart to InProgress
[2018.04.17-21.57.09:804][188]LogSkinnedMeshComp: Warning: GetSocketByName(Weapon): No SkeletalMesh for Component(Arms) Actor(CW_Character_C_0)
[2018.04.17-21.57.09:804][188]LogSkinnedMeshComp: Warning: GetSocketByName(Weapon): No SkeletalMesh for Component(Arms) Actor(CW_Character_C_0)
[2018.04.17-21.57.09:804][188]LogSkinnedMeshComp: Warning: GetSocketByName(Weapon): No SkeletalMesh for Component(CharacterMesh0) Actor(CW_Character_C_0)
[2018.04.17-21.57.09:804][188]LogSkinnedMeshComp: Warning: GetSocketByName(Weapon): No SkeletalMesh for Component(CharacterMesh0) Actor(CW_Character_C_0)
[2018.04.17-21.57.09:804][188]LogBlueprintUserMessages: [Weap_AK47_Blue_C_0] [ Weap_AK47_Blue_C_0 ]: ( 9:804 ) - Оружие прикреплено к владельцу
[2018.04.17-21.57.09:804][188]LogBlueprintUserMessages: [Weap_AK47_Blue_C_0] [ Weap_AK47_Blue_C_0 ]: ( 9:804 ) - Новый владелец
[2018.04.17-21.57.09:805][188]LogSkinnedMeshComp: Warning: GetSocketByName(Weapon): No SkeletalMesh for Component(Arms) Actor(CW_Character_C_0)
[2018.04.17-21.57.09:805][188]LogSkinnedMeshComp: Warning: GetSocketByName(Weapon): No SkeletalMesh for Component(Arms) Actor(CW_Character_C_0)
[2018.04.17-21.57.09:805][188]LogSkinnedMeshComp: Warning: GetSocketByName(Weapon): No SkeletalMesh for Component(CharacterMesh0) Actor(CW_Character_C_0)
[2018.04.17-21.57.09:805][188]LogSkinnedMeshComp: Warning: GetSocketByName(Weapon): No SkeletalMesh for Component(CharacterMesh0) Actor(CW_Character_C_0)
[2018.04.17-21.57.09:805][188]LogBlueprintUserMessages: [Weap_Deagle_C_0] [ Weap_Deagle_C_0 ]: ( 9:805 ) - Оружие прикреплено к владельцу
[2018.04.17-21.57.09:805][188]LogBlueprintUserMessages: [Weap_Deagle_C_0] [ Weap_Deagle_C_0 ]: ( 9:805 ) - Новый владелец
[2018.04.17-21.57.09:806][188]LogSkinnedMeshComp: Warning: GetSocketByName(Weapon): No SkeletalMesh for Component(Arms) Actor(CW_Character_C_0)
[2018.04.17-21.57.09:806][188]LogSkinnedMeshComp: Warning: GetSocketByName(Weapon): No SkeletalMesh for Component(Arms) Actor(CW_Character_C_0)
[2018.04.17-21.57.09:806][188]LogSkinnedMeshComp: Warning: GetSocketByName(Weapon): No SkeletalMesh for Component(CharacterMesh0) Actor(CW_Character_C_0)
[2018.04.17-21.57.09:806][188]LogSkinnedMeshComp: Warning: GetSocketByName(Weapon): No SkeletalMesh for Component(CharacterMesh0) Actor(CW_Character_C_0)
[2018.04.17-21.57.09:806][188]LogBlueprintUserMessages: [Weap_KnifeCombat_C_0] [ Weap_KnifeCombat_C_0 ]: ( 9:806 ) - Оружие прикреплено к владельцу
[2018.04.17-21.57.09:806][188]LogBlueprintUserMessages: [Weap_KnifeCombat_C_0] [ Weap_KnifeCombat_C_0 ]: ( 9:806 ) - Новый владелец
[2018.04.17-21.57.09:806][188]LogBlueprintUserMessages: [Weap_AK47_Blue_C_0] [ Weap_AK47_Blue_C_0 ]: ( 9:806 ) - OnSelectedWeapon
[2018.04.17-21.57.09:806][188]LogSkinnedMeshComp: Warning: GetSocketByName(Weapon): No SkeletalMesh for Component(Arms) Actor(CW_Character_C_0)
[2018.04.17-21.57.09:806][188]LogSkinnedMeshComp: Warning: GetSocketByName(Weapon): No SkeletalMesh for Component(Arms) Actor(CW_Character_C_0)
[2018.04.17-21.57.09:806][188]LogSkinnedMeshComp: Warning: GetSocketByName(Weapon): No SkeletalMesh for Component(Arms) Actor(CW_Character_C_0)
[2018.04.17-21.57.09:807][188]LogSkinnedMeshComp: Warning: GetSocketByName(Weapon): No SkeletalMesh for Component(Arms) Actor(CW_Character_C_0)
[2018.04.17-21.57.09:807][188]LogGameState: Match State Changed from WaitingToStart to InProgress
[2018.04.17-21.57.09:807][188]LogSkinnedMeshComp: Warning: GetSocketByName(Weapon): No SkeletalMesh for Component(Arms) Actor(CW_Character_C_0)
[2018.04.17-21.57.09:807][188]LogSkinnedMeshComp: Warning: GetSocketByName(Weapon): No SkeletalMesh for Component(Arms) Actor(CW_Character_C_0)
[2018.04.17-21.57.09:807][188]LogSkinnedMeshComp: Warning: GetSocketByName(Weapon): No SkeletalMesh for Component(Arms) Actor(CW_Character_C_0)
[2018.04.17-21.57.09:807][188]LogSkinnedMeshComp: Warning: GetSocketByName(Weapon): No SkeletalMesh for Component(Arms) Actor(CW_Character_C_0)
[2018.04.17-21.57.09:807][188]LogSkinnedMeshComp: Warning: GetSocketByName(Weapon): No SkeletalMesh for Component(Arms) Actor(CW_Character_C_0)
[2018.04.17-21.57.09:807][188]LogSkinnedMeshComp: Warning: GetSocketByName(Weapon): No SkeletalMesh for Component(Arms) Actor(CW_Character_C_0)
[2018.04.17-21.57.09:816][189]LogBlueprintUserMessages: [Weap_AK47_Blue_C_0] [ Weap_AK47_Blue_C_0 ]: ( 9:816 ) - Анимации от 3-го лица загружены
[2018.04.17-21.57.09:816][189]LogBlueprintUserMessages: [Weap_AK47_Blue_C_0] [ Weap_AK47_Blue_C_0 ]: ( 9:816 ) - Анимации от 1-го лица загружены
[2018.04.17-21.57.09:817][189]LogBlueprintUserMessages: [Weap_Deagle_C_0] [ Weap_Deagle_C_0 ]: ( 9:817 ) - Анимации от 3-го лица загружены
[2018.04.17-21.57.09:817][189]LogBlueprintUserMessages: [Weap_Deagle_C_0] [ Weap_Deagle_C_0 ]: ( 9:817 ) - Анимации от 1-го лица загружены
[2018.04.17-21.57.09:817][189]LogBlueprintUserMessages: [Weap_KnifeCombat_C_0] [ Weap_KnifeCombat_C_0 ]: ( 9:817 ) - Анимации от 3-го лица загружены
[2018.04.17-21.57.09:817][189]LogBlueprintUserMessages: [Weap_KnifeCombat_C_0] [ Weap_KnifeCombat_C_0 ]: ( 9:817 ) - Анимации от 1-го лица загружены
[2018.04.17-21.57.10:011][201]LogVaRest: Warning: No field with name game_mode of type String
[2018.04.17-21.57.10:011][201]LogBlueprintUserMessages: [CW_GameInstance_C_0] [ CW_GameInstance_C_0 ]: ( 10:11 ) - Type: 2, IP: 127.0.0.1:17,777 (0/12)
[2018.04.17-21.57.25:098][124]Closing by request
[2018.04.17-21.57.25:098][124]LogWindows: FPlatformMisc::RequestExit(0)
[2018.04.17-21.57.25:212][125]LogPackageName: SearchForPackageOnDisk took   0.093s to resolve Login.umap.
[2018.04.17-21.57.25:255][125]LogWindowsTextInputMethodSystem: Display: IME system now deactivated.
[2018.04.17-21.57.25:258][125]LogWindowsTextInputMethodSystem: Display: IME system now deactivated.
[2018.04.17-21.57.25:274][125]LogExit: Preparing to exit.
[2018.04.17-21.57.25:274][125]LogMoviePlayer: Shutting down movie player
[2018.04.17-21.57.25:419][125]LogExit: Game engine shut down
[2018.04.17-21.57.25:581][125]LogExit: Object subsystem successfully closed.
[2018.04.17-21.57.25:596][125]LogD3D11RHI: Shutdown
[2018.04.17-21.57.25:596][125]LogD3D11RHI: CleanupD3DDevice
[2018.04.17-21.57.25:599][125]LogD3D11RHI: ~FD3D11DynamicRHI
[2018.04.17-21.57.25:606][125]LogModuleManager: Shutting down and abandoning module SequenceRecorderSections (320)
[2018.04.17-21.57.25:606][125]LogModuleManager: Shutting down and abandoning module SequenceRecorder (318)
[2018.04.17-21.57.25:606][125]LogModuleManager: Shutting down and abandoning module AutomationController (316)
[2018.04.17-21.57.25:606][125]LogModuleManager: Shutting down and abandoning module AutomationWorker (314)
[2018.04.17-21.57.25:606][125]LogModuleManager: Shutting down and abandoning module AIModule (312)
[2018.04.17-21.57.25:606][125]LogModuleManager: Shutting down and abandoning module GameplayDebugger (311)
[2018.04.17-21.57.25:606][125]LogModuleManager: Shutting down and abandoning module AITestSuite (309)
[2018.04.17-21.57.25:606][125]LogModuleManager: Shutting down and abandoning module WmfMediaFactory (306)
[2018.04.17-21.57.25:606][125]LogModuleManager: Shutting down and abandoning module OpenExrWrapper (304)
[2018.04.17-21.57.25:606][125]LogModuleManager: Shutting down and abandoning module ImgMediaFactory (302)
[2018.04.17-21.57.25:606][125]LogModuleManager: Shutting down and abandoning module AvfMediaFactory (300)
[2018.04.17-21.57.25:606][125]LogModuleManager: Shutting down and abandoning module CharacterAI (298)
[2018.04.17-21.57.25:606][125]LogModuleManager: Shutting down and abandoning module SessionServices (296)
[2018.04.17-21.57.25:606][125]LogModuleManager: Shutting down and abandoning module MovieSceneCapture (294)
[2018.04.17-21.57.25:606][125]LogModuleManager: Shutting down and abandoning module MovieSceneTracks (292)
[2018.04.17-21.57.25:606][125]LogModuleManager: Shutting down and abandoning module MovieScene (290)
[2018.04.17-21.57.25:606][125]LogModuleManager: Shutting down and abandoning module GeometryCache (288)
[2018.04.17-21.57.25:606][125]LogModuleManager: Shutting down and abandoning module GeometryCacheEd (287)
[2018.04.17-21.57.25:606][125]LogModuleManager: Shutting down and abandoning module StreamingPauseRendering (284)
[2018.04.17-21.57.25:606][125]LogModuleManager: Shutting down and abandoning module PortalServices (282)
[2018.04.17-21.57.25:606][125]LogModuleManager: Shutting down and abandoning module PortalRpc (280)
[2018.04.17-21.57.25:606][125]LogModuleManager: Shutting down and abandoning module MessagingRpc (278)
[2018.04.17-21.57.25:606][125]LogModuleManager: Shutting down and abandoning module ProfilerService (276)
[2018.04.17-21.57.25:730][125]LogModuleManager: Shutting down and abandoning module TaskGraph (274)
[2018.04.17-21.57.25:730][125]LogModuleManager: Shutting down and abandoning module SteamVRController (272)
[2018.04.17-21.57.25:730][125]LogModuleManager: Shutting down and abandoning module ProceduralMeshComponent (270)
[2018.04.17-21.57.25:730][125]LogModuleManager: Shutting down and abandoning module OculusInput (268)
[2018.04.17-21.57.25:730][125]LogModuleManager: Shutting down and abandoning module CustomMeshComponent (266)
[2018.04.17-21.57.25:730][125]LogModuleManager: Shutting down and abandoning module CableComponent (264)
[2018.04.17-21.57.25:730][125]LogModuleManager: Shutting down and abandoning module ArchVisCharacter (262)
[2018.04.17-21.57.25:730][125]LogModuleManager: Shutting down and abandoning module LoginFlow (260)
[2018.04.17-21.57.25:730][125]LogModuleManager: Shutting down and abandoning module Rejoin (258)
[2018.04.17-21.57.25:730][125]LogModuleManager: Shutting down and abandoning module Hotfix (256)
[2018.04.17-21.57.25:730][125]LogModuleManager: Shutting down and abandoning module Lobby (254)
[2018.04.17-21.57.25:730][125]LogModuleManager: Shutting down and abandoning module Party (252)
[2018.04.17-21.57.25:730][125]LogModuleManager: Shutting down and abandoning module Qos (250)
[2018.04.17-21.57.25:730][125]LogModuleManager: Shutting down and abandoning module ActorSequence (248)
[2018.04.17-21.57.25:730][125]LogModuleManager: Shutting down and abandoning module MediaCompositing (246)
[2018.04.17-21.57.25:730][125]LogModuleManager: Shutting down and abandoning module VaRestEditorPlugin (244)
[2018.04.17-21.57.25:730][125]LogModuleManager: Shutting down and abandoning module LowEntryExtendedStandardLibraryEditor (242)
[2018.04.17-21.57.25:730][125]LogModuleManager: Shutting down and abandoning module HTML5Networking (240)
[2018.04.17-21.57.25:730][125]LogModuleManager: Shutting down and abandoning module VisualStudioSourceCodeAccess (238)
[2018.04.17-21.57.25:730][125]LogModuleManager: Shutting down and abandoning module HotReload (237)
[2018.04.17-21.57.25:731][125]LogModuleManager: Shutting down and abandoning module UObjectPlugin (234)
[2018.04.17-21.57.25:731][125]LogModuleManager: Shutting down and abandoning module SubversionSourceControl (232)
[2018.04.17-21.57.25:731][125]LogModuleManager: Shutting down and abandoning module PerforceSourceControl (230)
[2018.04.17-21.57.25:731][125]LogModuleManager: Shutting down and abandoning module SourceControl (229)
[2018.04.17-21.57.25:731][125]LogModuleManager: Shutting down and abandoning module RuntimePhysXCooking (226)
[2018.04.17-21.57.25:731][125]LogModuleManager: Shutting down and abandoning module PhysXVehiclesEditor (224)
[2018.04.17-21.57.25:731][125]LogModuleManager: Shutting down and abandoning module PhysXVehicles (222)
[2018.04.17-21.57.25:731][125]LogModuleManager: Shutting down and abandoning module ImmediatePhysicsEditor (220)
[2018.04.17-21.57.25:731][125]LogModuleManager: Shutting down and abandoning module ImmediatePhysics (218)
[2018.04.17-21.57.25:731][125]LogModuleManager: Shutting down and abandoning module UdpMessaging (216)
[2018.04.17-21.57.25:731][125]LogModuleManager: Shutting down and abandoning module TcpMessaging (214)
[2018.04.17-21.57.25:731][125]LogModuleManager: Shutting down and abandoning module VaRestPlugin (212)
[2018.04.17-21.57.25:731][125]LogModuleManager: Shutting down and abandoning module LowEntrySocketConnection (210)
[2018.04.17-21.57.25:731][125]LogModuleManager: Shutting down and abandoning module LowEntryExtendedStandardLibrary (208)
[2018.04.17-21.57.25:731][125]LogModuleManager: Shutting down and abandoning module GameplayTagsEditor (206)
[2018.04.17-21.57.25:731][125]LogModuleManager: Shutting down and abandoning module FacialAnimation (204)
[2018.04.17-21.57.25:731][125]LogModuleManager: Shutting down and abandoning module AssetManagerEditor (202)
[2018.04.17-21.57.25:731][125]LogModuleManager: Shutting down and abandoning module GraphEditor (201)
[2018.04.17-21.57.25:731][125]LogModuleManager: Shutting down and abandoning module ContentBrowser (199)
[2018.04.17-21.57.25:731][125]LogModuleManager: Shutting down and abandoning module CollectionManager (198)
[2018.04.17-21.57.25:731][125]LogDirectoryWatcher: A directory notification for 'F:/Development/Mary/Cyber-War/CyberWar/Content/Collections/' was aborted.
[2018.04.17-21.57.25:731][125]LogDirectoryWatcher: A directory notification for 'F:/Development/Mary/Cyber-War/CyberWar/Content/Developers/root/Collections/' was aborted.
[2018.04.17-21.57.25:731][125]LogDirectoryWatcher: A directory notification for 'F:/Development/Mary/Cyber-War/CyberWar/Saved/Collections/' was aborted.
[2018.04.17-21.57.25:732][125]LogModuleManager: Shutting down and abandoning module DirectoryWatcher (197)
[2018.04.17-21.57.25:732][125]LogModuleManager: Shutting down and abandoning module LightPropagationVolumeRuntime (192)
[2018.04.17-21.57.25:732][125]LogModuleManager: Shutting down and abandoning module Paper2D (190)
[2018.04.17-21.57.25:732][125]LogModuleManager: Shutting down and abandoning module WindowsMoviePlayer (188)
[2018.04.17-21.57.25:732][125]LogModuleManager: Shutting down and abandoning module WmfMedia (186)
[2018.04.17-21.57.25:734][125]LogModuleManager: Shutting down and abandoning module ImgMedia (184)
[2018.04.17-21.57.25:734][125]LogModuleManager: Shutting down and abandoning module PacketHandler (182)
[2018.04.17-21.57.25:734][125]LogModuleManager: Shutting down and abandoning module ClothingSystemEditor (180)
[2018.04.17-21.57.25:734][125]LogModuleManager: Shutting down and abandoning module ClothingSystemRuntime (178)
[2018.04.17-21.57.25:734][125]LogModuleManager: Shutting down and abandoning module MediaAssets (176)
[2018.04.17-21.57.25:734][125]LogModuleManager: Shutting down and abandoning module Media (175)
[2018.04.17-21.57.25:740][125]LogModuleManager: Shutting down and abandoning module Overlay (172)
[2018.04.17-21.57.25:740][125]LogModuleManager: Shutting down and abandoning module OverlayEditor (171)
[2018.04.17-21.57.25:740][125]LogModuleManager: Shutting down and abandoning module VREditor (168)
[2018.04.17-21.57.25:740][125]LogModuleManager: Shutting down and abandoning module StringTableEditor (166)
[2018.04.17-21.57.25:740][125]LogModuleManager: Shutting down and abandoning module GameplayTasksEditor (164)
[2018.04.17-21.57.25:740][125]LogModuleManager: Shutting down and abandoning module BehaviorTreeEditor (162)
[2018.04.17-21.57.25:740][125]LogModuleManager: Shutting down and abandoning module FunctionalTesting (160)
[2018.04.17-21.57.25:740][125]LogModuleManager: Shutting down and abandoning module CollisionAnalyzer (158)
[2018.04.17-21.57.25:740][125]LogModuleManager: Shutting down and abandoning module WorkspaceMenuStructure (157)
[2018.04.17-21.57.25:740][125]LogModuleManager: Shutting down and abandoning module UMG (154)
[2018.04.17-21.57.25:740][125]LogModuleManager: Shutting down and abandoning module UMGEditor (153)
[2018.04.17-21.57.25:740][125]LogModuleManager: Shutting down and abandoning module Sequencer (152)
[2018.04.17-21.57.25:740][125]LogModuleManager: Shutting down and abandoning module MessageLog (149)
[2018.04.17-21.57.25:740][125]LogModuleManager: Shutting down and abandoning module SlateReflector (144)
[2018.04.17-21.57.25:740][125]LogModuleManager: Shutting down and abandoning module Slate (142)
[2018.04.17-21.57.25:740][125]LogModuleManager: Shutting down and abandoning module EditorStyle (140)
[2018.04.17-21.57.25:743][125]LogModuleManager: Shutting down and abandoning module MRMesh (138)
[2018.04.17-21.57.25:743][125]LogModuleManager: Shutting down and abandoning module Messaging (136)
[2018.04.17-21.57.25:743][125]LogModuleManager: Shutting down and abandoning module SourceCodeAccess (134)
[2018.04.17-21.57.25:743][125]LogModuleManager: Shutting down and abandoning module HeadMountedDisplay (132)
[2018.04.17-21.57.25:743][125]LogModuleManager: Shutting down and abandoning module XAudio2 (130)
[2018.04.17-21.57.25:743][125]LogModuleManager: Shutting down and abandoning module Networking (128)
[2018.04.17-21.57.25:743][125]LogModuleManager: Shutting down and abandoning module Core (124)
[2018.04.17-21.57.25:743][125]LogModuleManager: Shutting down and abandoning module LevelSequence (122)
[2018.04.17-21.57.25:743][125]LogModuleManager: Shutting down and abandoning module KismetCompiler (120)
[2018.04.17-21.57.25:743][125]LogModuleManager: Shutting down and abandoning module MeshUtilities (118)
[2018.04.17-21.57.25:743][125]LogModuleManager: Shutting down and abandoning module MeshMergeUtilities (117)
[2018.04.17-21.57.25:743][125]LogModuleManager: Shutting down and abandoning module MeshReductionInterface (116)
[2018.04.17-21.57.25:743][125]LogModuleManager: Shutting down and abandoning module SimplygonSwarm (115)
[2018.04.17-21.57.25:743][125]LogModuleManager: Shutting down and abandoning module SimplygonMeshReduction (113)
[2018.04.17-21.57.25:743][125]LogModuleManager: Shutting down and abandoning module QuadricMeshReduction (111)
[2018.04.17-21.57.25:743][125]LogModuleManager: Shutting down and abandoning module MaterialBaking (107)
[2018.04.17-21.57.25:743][125]LogModuleManager: Shutting down and abandoning module DerivedDataCache (102)
[2018.04.17-21.57.25:993][125]LogDerivedDataCache: Shutdown
[2018.04.17-21.57.25:993][125]LogModuleManager: Shutting down and abandoning module TargetPlatform (100)
[2018.04.17-21.57.25:993][125]LogModuleManager: Shutting down and abandoning module VulkanShaderFormat (99)
[2018.04.17-21.57.25:993][125]LogModuleManager: Shutting down and abandoning module ShaderFormatVectorVM (97)
[2018.04.17-21.57.25:994][125]LogModuleManager: Shutting down and abandoning module ShaderFormatOpenGL (95)
[2018.04.17-21.57.25:994][125]LogModuleManager: Shutting down and abandoning module ShaderFormatD3D (93)
[2018.04.17-21.57.25:994][125]LogModuleManager: Shutting down and abandoning module MetalShaderFormat (91)
[2018.04.17-21.57.25:994][125]LogModuleManager: Shutting down and abandoning module TextureFormatUncompressed (89)
[2018.04.17-21.57.25:994][125]LogModuleManager: Shutting down and abandoning module TextureFormatPVR (87)
[2018.04.17-21.57.25:994][125]LogModuleManager: Shutting down and abandoning module TextureFormatDXT (85)
[2018.04.17-21.57.25:994][125]LogModuleManager: Shutting down and abandoning module TextureFormatIntelISPCTexComp (83)
[2018.04.17-21.57.25:994][125]LogModuleManager: Shutting down and abandoning module TextureFormatASTC (81)
[2018.04.17-21.57.25:994][125]LogModuleManager: Shutting down and abandoning module ImageWrapper (80)
[2018.04.17-21.57.25:994][125]LogModuleManager: Shutting down and abandoning module TextureFormatAndroid (77)
[2018.04.17-21.57.25:994][125]LogModuleManager: Shutting down and abandoning module AudioFormatOpus (75)
[2018.04.17-21.57.25:994][125]LogModuleManager: Shutting down and abandoning module AudioFormatOgg (73)
[2018.04.17-21.57.25:994][125]LogModuleManager: Shutting down and abandoning module AudioFormatADPCM (71)
[2018.04.17-21.57.25:994][125]LogModuleManager: Shutting down and abandoning module WindowsTargetPlatform (69)
[2018.04.17-21.57.25:994][125]LogModuleManager: Shutting down and abandoning module WindowsServerTargetPlatform (67)
[2018.04.17-21.57.25:994][125]LogModuleManager: Shutting down and abandoning module WindowsNoEditorTargetPlatform (65)
[2018.04.17-21.57.25:994][125]LogModuleManager: Shutting down and abandoning module WindowsClientTargetPlatform (63)
[2018.04.17-21.57.25:994][125]LogModuleManager: Shutting down and abandoning module InputCore (60)
[2018.04.17-21.57.25:994][125]LogModuleManager: Shutting down and abandoning module Settings (58)
[2018.04.17-21.57.25:994][125]LogModuleManager: Shutting down and abandoning module PhysXCooking (56)
[2018.04.17-21.57.25:994][125]LogModuleManager: Shutting down and abandoning module SteamVR (54)
[2018.04.17-21.57.25:994][125]LogModuleManager: Shutting down and abandoning module OculusHMD (52)
[2018.04.17-21.57.25:994][125]LogModuleManager: Shutting down and abandoning module ExampleDeviceProfileSelector (50)
[2018.04.17-21.57.25:994][125]LogModuleManager: Shutting down and abandoning module OnlineBlueprintSupport (48)
[2018.04.17-21.57.25:994][125]LogModuleManager: Shutting down and abandoning module OnlineSubsystem (44)
[2018.04.17-21.57.25:994][125]LogModuleManager: Shutting down and abandoning module XMPP (43)
[2018.04.17-21.57.25:995][125]LogModuleManager: Shutting down and abandoning module HTTP (41)
[2018.04.17-21.57.26:024][125]LogModuleManager: Shutting down and abandoning module SSL (40)
[2018.04.17-21.57.26:026][125]LogModuleManager: Shutting down and abandoning module AnimationModifiers (36)
[2018.04.17-21.57.26:026][125]LogModuleManager: Shutting down and abandoning module PropertyEditor (35)
[2018.04.17-21.57.26:026][125]LogModuleManager: Shutting down and abandoning module AudioEditor (32)
[2018.04.17-21.57.26:026][125]LogModuleManager: Shutting down and abandoning module TextureCompressor (30)
[2018.04.17-21.57.26:027][125]LogModuleManager: Shutting down and abandoning module ShaderCore (28)
[2018.04.17-21.57.26:027][125]LogModuleManager: Shutting down and abandoning module Landscape (26)
[2018.04.17-21.57.26:027][125]LogModuleManager: Shutting down and abandoning module SlateRHIRenderer (24)
[2018.04.17-21.57.26:029][125]LogModuleManager: Shutting down and abandoning module OpenGLDrv (22)
[2018.04.17-21.57.26:030][125]LogModuleManager: Shutting down and abandoning module D3D11RHI (20)
[2018.04.17-21.57.26:030][125]LogModuleManager: Shutting down and abandoning module AnimGraphRuntime (18)
[2018.04.17-21.57.26:030][125]LogModuleManager: Shutting down and abandoning module Renderer (16)
[2018.04.17-21.57.26:030][125]LogModuleManager: Shutting down and abandoning module Engine (14)
[2018.04.17-21.57.26:030][125]LogModuleManager: Shutting down and abandoning module CoreUObject (12)
[2018.04.17-21.57.26:030][125]LogModuleManager: Shutting down and abandoning module NetworkFile (10)
[2018.04.17-21.57.26:030][125]LogModuleManager: Shutting down and abandoning module CookedIterativeFile (8)
[2018.04.17-21.57.26:030][125]LogModuleManager: Shutting down and abandoning module StreamingFile (6)
[2018.04.17-21.57.26:030][125]LogModuleManager: Shutting down and abandoning module SandboxFile (4)
[2018.04.17-21.57.26:030][125]LogModuleManager: Shutting down and abandoning module PakFile (2)
[2018.04.17-21.57.26:031][125]LogExit: Exiting.
[2018.04.17-21.57.26:034][125]Log file closed, 04/18/18 00:57:26
