Log file open, 04/02/18 19:58:24
LogWindows: Failed to load 'aqProf.dll' (GetLastError=126)
LogWindows: File 'aqProf.dll' does not exist
LogWindows: Failed to load 'VtuneApi.dll' (GetLastError=126)
LogWindows: File 'VtuneApi.dll' does not exist
LogWindows: Failed to load 'VtuneApi32e.dll' (GetLastError=126)
LogWindows: File 'VtuneApi32e.dll' does not exist
LogInit: Display: Running engine for game: CyberWar
LogPlatformFile: Not using cached read wrapper
LogInit: Display: RandInit(-394546984) SRandInit(-394546984).
LogInit: Read version file with build ID '3709383'
LogInit: Overriding engine version to CL 3832480, compatible CL 3709383
LogInit: Registered custom module enumerator with build ID '3709383'
LogTaskGraph: Started task graph with 5 named threads and 8 total threads with 3 sets of task threads.
LogStats: Stats thread started at 0.103156
LogD3D11RHI: Aftermath initialized
LogModuleManager: Display: Found up-to-date module file ../../../Engine/Plugins/Marketplace/VaRestPlugin/Binaries/Win64/UE4Editor-VaRestPlugin.dll (API version 3709383).
LogModuleManager: Display: Found up-to-date module file ../../../Engine/Plugins/Marketplace/VaRestPlugin/Binaries/Win64/UE4Editor-VaRestEditorPlugin.dll (API version 3709383).
LogModuleManager: Display: Found up-to-date module file ../../../Engine/Plugins/Marketplace/LowEntrySocketConnection/Binaries/Win64/UE4Editor-LowEntrySocketConnection.dll (API version 3709383).
LogModuleManager: Display: Found up-to-date module file ../../../Engine/Plugins/Marketplace/LowEntryExtStdLib/Binaries/Win64/UE4Editor-LowEntryExtendedStandardLibrary.dll (API version 3709383).
LogModuleManager: Display: Found up-to-date module file ../../../Engine/Plugins/Marketplace/LowEntryExtStdLib/Binaries/Win64/UE4Editor-LowEntryExtendedStandardLibraryEditor.dll (API version 3709383).
LogModuleManager: Display: Found up-to-date module file ../../../Engine/Plugins/2D/Paper2D/Binaries/Win64/UE4Editor-Paper2D.dll (API version 3709383).
LogModuleManager: Display: Found up-to-date module file ../../../Engine/Plugins/2D/Paper2D/Binaries/Win64/UE4Editor-Paper2DEditor.dll (API version 3709383).
LogModuleManager: Display: Found up-to-date module file ../../../Engine/Plugins/2D/Paper2D/Binaries/Win64/UE4Editor-PaperSpriteSheetImporter.dll (API version 3709383).
LogModuleManager: Display: Found up-to-date module file ../../../Engine/Plugins/2D/Paper2D/Binaries/Win64/UE4Editor-PaperTiledImporter.dll (API version 3709383).
LogModuleManager: Display: Found up-to-date module file ../../../Engine/Plugins/2D/Paper2D/Binaries/Win64/UE4Editor-SmartSnapping.dll (API version 3709383).
LogModuleManager: Display: Found up-to-date module file ../../../Engine/Plugins/Blendables/LightPropagationVolume/Binaries/Win64/UE4Editor-LightPropagationVolumeRuntime.dll (API version 3709383).
LogModuleManager: Display: Found up-to-date module file ../../../Engine/Plugins/Blendables/LightPropagationVolume/Binaries/Win64/UE4Editor-LightPropagationVolumeEditor.dll (API version 3709383).
LogModuleManager: Display: Found up-to-date module file ../../../Engine/Plugins/Developer/GitSourceControl/Binaries/Win64/UE4Editor-GitSourceControl.dll (API version 3709383).
LogModuleManager: Display: Found up-to-date module file ../../../Engine/Plugins/Developer/PerforceSourceControl/Binaries/Win64/UE4Editor-PerforceSourceControl.dll (API version 3709383).
LogModuleManager: Display: Found up-to-date module file ../../../Engine/Plugins/Developer/SubversionSourceControl/Binaries/Win64/UE4Editor-SubversionSourceControl.dll (API version 3709383).
LogModuleManager: Display: Found up-to-date module file ../../../Engine/Plugins/Developer/UObjectPlugin/Binaries/Win64/UE4Editor-UObjectPlugin.dll (API version 3709383).
LogModuleManager: Display: Found up-to-date module file ../../../Engine/Plugins/Developer/VisualStudioSourceCodeAccess/Binaries/Win64/UE4Editor-VisualStudioSourceCodeAccess.dll (API version 3709383).
LogModuleManager: Display: Found up-to-date module file ../../../Engine/Plugins/Editor/AssetManagerEditor/Binaries/Win64/UE4Editor-AssetManagerEditor.dll (API version 3709383).
LogModuleManager: Display: Found up-to-date module file ../../../Engine/Plugins/Editor/AudioCapture/Binaries/Win64/UE4Editor-AudioCapture.dll (API version 3709383).
LogModuleManager: Display: Found up-to-date module file ../../../Engine/Plugins/Editor/FacialAnimation/Binaries/Win64/UE4Editor-FacialAnimation.dll (API version 3709383).
LogModuleManager: Display: Found up-to-date module file ../../../Engine/Plugins/Editor/FacialAnimation/Binaries/Win64/UE4Editor-FacialAnimationEditor.dll (API version 3709383).
LogModuleManager: Display: Found up-to-date module file ../../../Engine/Plugins/Editor/GameplayTagsEditor/Binaries/Win64/UE4Editor-GameplayTagsEditor.dll (API version 3709383).
LogModuleManager: Display: Found up-to-date module file ../../../Engine/Plugins/Editor/MobileLauncherProfileWizard/Binaries/Win64/UE4Editor-MobileLauncherProfileWizard.dll (API version 3709383).
LogModuleManager: Display: Found up-to-date module file ../../../Engine/Plugins/Editor/PluginBrowser/Binaries/Win64/UE4Editor-PluginBrowser.dll (API version 3709383).
LogModuleManager: Display: Found up-to-date module file ../../../Engine/Plugins/Editor/SpeedTreeImporter/Binaries/Win64/UE4Editor-SpeedTreeImporter.dll (API version 3709383).
LogModuleManager: Display: Found up-to-date module file ../../../Engine/Plugins/Experimental/AlembicImporter/Binaries/Win64/UE4Editor-AlembicImporter.dll (API version 3709383).
LogModuleManager: Display: Found up-to-date module file ../../../Engine/Plugins/Experimental/AlembicImporter/Binaries/Win64/UE4Editor-AlembicLibrary.dll (API version 3709383).
LogModuleManager: Display: Found up-to-date module file ../../../Engine/Plugins/Experimental/CharacterAI/Binaries/Win64/UE4Editor-CharacterAI.dll (API version 3709383).
LogModuleManager: Display: Found up-to-date module file ../../../Engine/Plugins/Experimental/HTML5Networking/Binaries/Win64/UE4Editor-HTML5Networking.dll (API version 3709383).
LogModuleManager: Display: Found up-to-date module file ../../../Engine/Plugins/Media/AvfMedia/Binaries/Win64/UE4Editor-AvfMediaEditor.dll (API version 3709383).
LogModuleManager: Display: Found up-to-date module file ../../../Engine/Plugins/Media/AvfMedia/Binaries/Win64/UE4Editor-AvfMediaFactory.dll (API version 3709383).
LogModuleManager: Display: Found up-to-date module file ../../../Engine/Plugins/Media/AvfMedia/Binaries/Win64/UE4Editor-AvfMediaFactory.dll (API version 3709383).
LogModuleManager: Display: Found up-to-date module file ../../../Engine/Plugins/Media/ImgMedia/Binaries/Win64/UE4Editor-ImgMedia.dll (API version 3709383).
LogModuleManager: Display: Found up-to-date module file ../../../Engine/Plugins/Media/ImgMedia/Binaries/Win64/UE4Editor-ImgMediaEditor.dll (API version 3709383).
LogModuleManager: Display: Found up-to-date module file ../../../Engine/Plugins/Media/ImgMedia/Binaries/Win64/UE4Editor-ImgMediaFactory.dll (API version 3709383).
LogModuleManager: Display: Found up-to-date module file ../../../Engine/Plugins/Media/ImgMedia/Binaries/Win64/UE4Editor-ImgMediaFactory.dll (API version 3709383).
LogModuleManager: Display: Found up-to-date module file ../../../Engine/Plugins/Media/ImgMedia/Binaries/Win64/UE4Editor-OpenExrWrapper.dll (API version 3709383).
LogModuleManager: Display: Found up-to-date module file ../../../Engine/Plugins/Media/MediaCompositing/Binaries/Win64/UE4Editor-MediaCompositing.dll (API version 3709383).
LogModuleManager: Display: Found up-to-date module file ../../../Engine/Plugins/Media/MediaCompositing/Binaries/Win64/UE4Editor-MediaCompositingEditor.dll (API version 3709383).
LogModuleManager: Display: Found up-to-date module file ../../../Engine/Plugins/Media/MediaPlayerEditor/Binaries/Win64/UE4Editor-MediaPlayerEditor.dll (API version 3709383).
LogModuleManager: Display: Found up-to-date module file ../../../Engine/Plugins/Media/WmfMedia/Binaries/Win64/UE4Editor-WmfMedia.dll (API version 3709383).
LogModuleManager: Display: Found up-to-date module file ../../../Engine/Plugins/Media/WmfMedia/Binaries/Win64/UE4Editor-WmfMediaEditor.dll (API version 3709383).
LogModuleManager: Display: Found up-to-date module file ../../../Engine/Plugins/Media/WmfMedia/Binaries/Win64/UE4Editor-WmfMediaFactory.dll (API version 3709383).
LogModuleManager: Display: Found up-to-date module file ../../../Engine/Plugins/Media/WmfMedia/Binaries/Win64/UE4Editor-WmfMediaFactory.dll (API version 3709383).
LogModuleManager: Display: Found up-to-date module file ../../../Engine/Plugins/Messaging/TcpMessaging/Binaries/Win64/UE4Editor-TcpMessaging.dll (API version 3709383).
LogModuleManager: Display: Found up-to-date module file ../../../Engine/Plugins/Messaging/UdpMessaging/Binaries/Win64/UE4Editor-UdpMessaging.dll (API version 3709383).
LogModuleManager: Display: Found up-to-date module file ../../../Engine/Plugins/MovieScene/ActorSequence/Binaries/Win64/UE4Editor-ActorSequence.dll (API version 3709383).
LogModuleManager: Display: Found up-to-date module file ../../../Engine/Plugins/MovieScene/LevelSequenceEditor/Binaries/Win64/UE4Editor-LevelSequenceEditor.dll (API version 3709383).
LogModuleManager: Display: Found up-to-date module file ../../../Engine/Plugins/MovieScene/MatineeToLevelSequence/Binaries/Win64/UE4Editor-MatineeToLevelSequence.dll (API version 3709383).
LogModuleManager: Display: Found up-to-date module file ../../../Engine/Plugins/Runtime/AndroidDeviceProfileSelector/Binaries/Win64/UE4Editor-AndroidDeviceProfileSelector.dll (API version 3709383).
LogModuleManager: Display: Found up-to-date module file ../../../Engine/Plugins/Runtime/ArchVisCharacter/Binaries/Win64/UE4Editor-ArchVisCharacter.dll (API version 3709383).
LogModuleManager: Display: Found up-to-date module file ../../../Engine/Plugins/Runtime/CableComponent/Binaries/Win64/UE4Editor-CableComponent.dll (API version 3709383).
LogModuleManager: Display: Found up-to-date module file ../../../Engine/Plugins/Runtime/CustomMeshComponent/Binaries/Win64/UE4Editor-CustomMeshComponent.dll (API version 3709383).
LogModuleManager: Display: Found up-to-date module file ../../../Engine/Plugins/Runtime/ExampleDeviceProfileSelector/Binaries/Win64/UE4Editor-ExampleDeviceProfileSelector.dll (API version 3709383).
LogModuleManager: Display: Found up-to-date module file ../../../Engine/Plugins/Runtime/ImmediatePhysics/Binaries/Win64/UE4Editor-ImmediatePhysics.dll (API version 3709383).
LogModuleManager: Display: Found up-to-date module file ../../../Engine/Plugins/Runtime/ImmediatePhysics/Binaries/Win64/UE4Editor-ImmediatePhysicsEditor.dll (API version 3709383).
LogModuleManager: Display: Found up-to-date module file ../../../Engine/Plugins/Runtime/Oculus/OculusVR/Binaries/Win64/UE4Editor-OculusHMD.dll (API version 3709383).
LogModuleManager: Display: Found up-to-date module file ../../../Engine/Plugins/Runtime/Oculus/OculusVR/Binaries/Win64/UE4Editor-OculusInput.dll (API version 3709383).
LogModuleManager: Display: Found up-to-date module file ../../../Engine/Plugins/Runtime/Oculus/OculusVR/Binaries/Win64/UE4Editor-OculusEditor.dll (API version 3709383).
LogModuleManager: Display: Found up-to-date module file ../../../Engine/Plugins/Runtime/PhysXVehicles/Binaries/Win64/UE4Editor-PhysXVehicles.dll (API version 3709383).
LogModuleManager: Display: Found up-to-date module file ../../../Engine/Plugins/Runtime/PhysXVehicles/Binaries/Win64/UE4Editor-PhysXVehiclesEditor.dll (API version 3709383).
LogModuleManager: Display: Found up-to-date module file ../../../Engine/Plugins/Runtime/ProceduralMeshComponent/Binaries/Win64/UE4Editor-ProceduralMeshComponent.dll (API version 3709383).
LogModuleManager: Display: Found up-to-date module file ../../../Engine/Plugins/Runtime/ProceduralMeshComponent/Binaries/Win64/UE4Editor-ProceduralMeshComponentEditor.dll (API version 3709383).
LogModuleManager: Display: Found up-to-date module file ../../../Engine/Plugins/Runtime/RuntimePhysXCooking/Binaries/Win64/UE4Editor-RuntimePhysXCooking.dll (API version 3709383).
LogModuleManager: Display: Found up-to-date module file ../../../Engine/Plugins/Runtime/Steam/SteamVR/Binaries/Win64/UE4Editor-SteamVR.dll (API version 3709383).
LogModuleManager: Display: Found up-to-date module file ../../../Engine/Plugins/Runtime/Steam/SteamVR/Binaries/Win64/UE4Editor-SteamVRController.dll (API version 3709383).
LogModuleManager: Display: Found up-to-date module file ../../../Engine/Plugins/Runtime/WindowsMoviePlayer/Binaries/Win64/UE4Editor-WindowsMoviePlayer.dll (API version 3709383).
LogPluginManager: Mounting plugin Paper2D
LogPluginManager: Mounting plugin LightPropagationVolume
LogPluginManager: Mounting plugin GitSourceControl
LogPluginManager: Mounting plugin KDevelopSourceCodeAccess
LogPluginManager: Mounting plugin NullSourceCodeAccess
LogPluginManager: Mounting plugin PerforceSourceControl
LogPluginManager: Mounting plugin SubversionSourceControl
LogPluginManager: Mounting plugin UObjectPlugin
LogPluginManager: Mounting plugin VisualStudioSourceCodeAccess
LogPluginManager: Mounting plugin AssetManagerEditor
LogPluginManager: Mounting plugin AudioCapture
LogPluginManager: Mounting plugin FacialAnimation
LogPluginManager: Mounting plugin GameplayTagsEditor
LogPluginManager: Mounting plugin MobileLauncherProfileWizard
LogPluginManager: Mounting plugin PluginBrowser
LogPluginManager: Mounting plugin SpeedTreeImporter
LogPluginManager: Mounting plugin AlembicImporter
LogPluginManager: Mounting plugin CharacterAI
LogPluginManager: Mounting plugin HTML5Networking
LogPluginManager: Mounting plugin LowEntryExtStdLib
LogPluginManager: Mounting plugin LowEntrySocketConnection
LogPluginManager: Mounting plugin VaRestPlugin
LogPluginManager: Mounting plugin AvfMedia
LogPluginManager: Mounting plugin ImgMedia
LogPluginManager: Mounting plugin MediaCompositing
LogPluginManager: Mounting plugin MediaPlayerEditor
LogPluginManager: Mounting plugin WmfMedia
LogPluginManager: Mounting plugin TcpMessaging
LogPluginManager: Mounting plugin UdpMessaging
LogPluginManager: Mounting plugin ActorSequence
LogPluginManager: Mounting plugin LevelSequenceEditor
LogPluginManager: Mounting plugin MatineeToLevelSequence
LogPluginManager: Mounting plugin AndroidDeviceProfileSelector
LogPluginManager: Mounting plugin ArchVisCharacter
LogPluginManager: Mounting plugin CableComponent
LogPluginManager: Mounting plugin CustomMeshComponent
LogPluginManager: Mounting plugin ExampleDeviceProfileSelector
LogPluginManager: Mounting plugin ImmediatePhysics
LogPluginManager: Mounting plugin IOSDeviceProfileSelector
LogPluginManager: Mounting plugin LinuxDeviceProfileSelector
LogPluginManager: Mounting plugin OculusVR
LogPluginManager: Plugin shader directory ../../../Engine/Plugins/Runtime/Oculus/OculusVR/Shaders found
LogPluginManager: Mapping shader source directory ../../../Engine/Plugins/Runtime/Oculus/OculusVR/Shaders to virtual directory /Plugin/OculusVR
LogPluginManager: Mounting plugin PhysXVehicles
LogPluginManager: Mounting plugin ProceduralMeshComponent
LogPluginManager: Mounting plugin RuntimePhysXCooking
LogPluginManager: Mounting plugin SteamVR
LogPluginManager: Mounting plugin WindowsMoviePlayer
LogInit: Build: ++UE4+Release-4.18-CL-3832480
LogInit: Engine Version: 4.18.3-3832480+++UE4+Release-4.18
LogInit: Compatible Engine Version: 4.18.0-3709383+++UE4+Release-4.18
LogInit: Net CL: 3709383
LogDevObjectVersion: Number of dev versions registered: 16
LogDevObjectVersion:   Dev-Blueprints (B0D832E4-1F89-4F0D-ACCF-7EB736FD4AA2): 10
LogDevObjectVersion:   Dev-Build (E1C64328-A22C-4D53-A36C-8E866417BD8C): 0
LogDevObjectVersion:   Dev-Core (375EC13C-06E4-48FB-B500-84F0262A717E): 2
LogDevObjectVersion:   Dev-Editor (E4B068ED-F494-42E9-A231-DA0B2E46BB41): 20
LogDevObjectVersion:   Dev-Framework (CFFC743F-43B0-4480-9391-14DF171D2073): 30
LogDevObjectVersion:   Dev-Mobile (B02B49B5-BB20-44E9-A304-32B752E40360): 0
LogDevObjectVersion:   Dev-Networking (A4E4105C-59A1-49B5-A7C5-40C4547EDFEE): 0
LogDevObjectVersion:   Dev-Online (39C831C9-5AE6-47DC-9A44-9C173E1C8E7C): 0
LogDevObjectVersion:   Dev-Physics (78F01B33-EBEA-4F98-B9B4-84EACCB95AA2): 0
LogDevObjectVersion:   Dev-Platform (6631380F-2D4D-43E0-8009-CF276956A95A): 0
LogDevObjectVersion:   Dev-Rendering (12F88B9F-8875-4AFC-A67C-D90C383ABD29): 20
LogDevObjectVersion:   Dev-Sequencer (7B5AE74C-D270-4C10-A958-57980B212A5A): 4
LogDevObjectVersion:   Dev-VR (D7296918-1DD6-4BDD-9DE2-64A83CC13884): 0
LogDevObjectVersion:   Dev-LoadTimes (C2A15278-BFE7-4AFE-6C17-90FF531DF755): 1
LogDevObjectVersion:   Private-Geometry (6EACA3D4-40EC-4CC1-B786-8BED09428FC5): 1
LogDevObjectVersion:   Dev-AnimPhys (29E575DD-E0A3-4627-9D10-D276232CDCEA): 12
LogInit: Compiled (64-bit): Jan 12 2018 02:04:55
LogInit: Compiled with Visual C++: 19.00.24215.01
LogInit: Build Configuration: Development
LogInit: Branch Name: ++UE4+Release-4.18
LogInit: Command line:  
LogInit: Base directory: F:/Soft/Epic Games/UE_4.18/Engine/Binaries/Win64/
LogInit: Installed Engine Build: 1
LogInit: Presizing for max 8388607 objects, including 0 objects not considered by GC, pre-allocating 0 bytes for permanent pool.
LogInit: Object subsystem initialized
[2018.04.02-16.58.25:642][  0]LogInit: Selected Device Profile: [Windows]
[2018.04.02-16.58.25:642][  0]LogInit: Applying CVar settings loaded from the selected device profile: [Windows]
[2018.04.02-16.58.25:701][  0]LogInit: Computer: DESKTOP-38OIRC4
[2018.04.02-16.58.25:701][  0]LogInit: User: root
[2018.04.02-16.58.25:701][  0]LogInit: CPU Page size=4096, Cores=2
[2018.04.02-16.58.25:701][  0]LogInit: High frequency timer resolution =2.825500 MHz
[2018.04.02-16.58.25:702][  0]LogMemory: Memory total: Physical=7.9GB (8GB approx)
[2018.04.02-16.58.25:702][  0]LogMemory: Platform Memory Stats for Windows
[2018.04.02-16.58.25:702][  0]LogMemory: Process Physical Memory: 269.34 MB used, 269.34 MB peak
[2018.04.02-16.58.25:702][  0]LogMemory: Process Virtual Memory: 267.17 MB used, 267.17 MB peak
[2018.04.02-16.58.25:702][  0]LogMemory: Physical Memory: 3707.64 MB used,  4401.65 MB free, 8109.29 MB total
[2018.04.02-16.58.25:702][  0]LogMemory: Virtual Memory: 664.10 MB used,  4401.65 MB free, 134217728.00 MB total
[2018.04.02-16.58.26:220][  0]LogInit: Using OS detected language (ru-RU).
[2018.04.02-16.58.26:220][  0]LogInit: Using OS detected locale (ru-RU).
[2018.04.02-16.58.26:476][  0]LogTextLocalizationManager: No localization for 'ru-RU' exists, so 'en' will be used for the language.
[2018.04.02-16.58.26:477][  0]LogTextLocalizationManager: No localization for 'ru-RU' exists, so 'en' will be used for the locale.
[2018.04.02-16.58.27:251][  0]LogInit: Setting process to per monitor DPI aware
[2018.04.02-16.58.35:278][  0]LogD3D11RHI: D3D11 adapters:
[2018.04.02-16.58.35:351][  0]LogD3D11RHI:    0. 'NVIDIA GeForce 840M' (Feature Level 11_0)
[2018.04.02-16.58.35:351][  0]LogD3D11RHI:       2020/0/4054 MB DedicatedVideo/DedicatedSystem/SharedSystem, Outputs:1, VendorId:0x10de
[2018.04.02-16.58.35:357][  0]LogD3D11RHI:    1. 'Intel(R) HD Graphics 4600' (Feature Level 11_0)
[2018.04.02-16.58.35:357][  0]LogD3D11RHI:       112/0/2048 MB DedicatedVideo/DedicatedSystem/SharedSystem, Outputs:0, VendorId:0x8086
[2018.04.02-16.58.35:359][  0]LogD3D11RHI:    2. 'Microsoft Basic Render Driver' (Feature Level 11_0)
[2018.04.02-16.58.35:359][  0]LogD3D11RHI:       0/0/4054 MB DedicatedVideo/DedicatedSystem/SharedSystem, Outputs:0, VendorId:0x1414
[2018.04.02-16.58.35:359][  0]LogD3D11RHI: Chosen D3D11 Adapter: 0
[2018.04.02-16.58.35:366][  0]LogD3D11RHI: Creating new Direct3DDevice
[2018.04.02-16.58.35:366][  0]LogD3D11RHI:     GPU DeviceId: 0x1341 (for the marketing name, search the web for "GPU Device Id")
[2018.04.02-16.58.35:366][  0]LogWindows: EnumDisplayDevices:
[2018.04.02-16.58.35:366][  0]LogWindows:    0. 'Intel(R) HD Graphics 4600' (P:1 D:1)
[2018.04.02-16.58.35:367][  0]LogWindows:    1. 'Intel(R) HD Graphics 4600' (P:0 D:0)
[2018.04.02-16.58.35:367][  0]LogWindows:    2. 'Intel(R) HD Graphics 4600' (P:0 D:0)
[2018.04.02-16.58.35:367][  0]LogWindows: DebugString: GetVideoDriverDetailsInvalid PrimaryIsNotTheChoosenAdapter GetVideoDriverDetailsInvalid PrimaryIsNotTheChoosenAdapter GetVideoDriverDetailsInvalid PrimaryIsNotTheChoosenAdapter FoundDriverCount:0 
[2018.04.02-16.58.35:367][  0]LogD3D11RHI:     Adapter Name: NVIDIA GeForce 840M
[2018.04.02-16.58.35:367][  0]LogD3D11RHI:   Driver Version: Unknown (internal:Unknown, unified:Unknown)
[2018.04.02-16.58.35:367][  0]LogD3D11RHI:      Driver Date: Unknown
[2018.04.02-16.58.35:367][  0]LogRHI: Texture pool is 1414 MB (70% of 2020 MB)
[2018.04.02-16.58.35:393][  0]LogD3D11RHI: Async texture creation enabled
[2018.04.02-16.58.35:406][  0]LogD3D11RHI: GPU Timing Frequency: 1000.000000 (Debug: 2 1)
[2018.04.02-16.58.35:407][  0]LogShaderCompilers: Guid format shader working directory is -8 characters bigger than the processId version (../../../../../../Development/Mary/Cyber-War/CyberWar/Intermediate/Shaders/WorkingDirectory/4880/).
[2018.04.02-16.58.35:407][  0]LogShaderCompilers: Cleaned the shader compiler working directory 'C:/Users/root/AppData/Local/Temp/UnrealShaderWorkingDir/D83BD28C43432EA138CEB588730EDF73/'.
[2018.04.02-16.58.35:407][  0]LogShaderCompilers: Display: Using Local Shader Compiler.
[2018.04.02-16.58.46:728][  0]LogTemp: Display: Loaded TP AllDesktopTargetPlatform
[2018.04.02-16.58.46:807][  0]LogTemp: Display: Loaded TP MacClientTargetPlatform
[2018.04.02-16.58.46:893][  0]LogTemp: Display: Loaded TP MacNoEditorTargetPlatform
[2018.04.02-16.58.47:030][  0]LogTemp: Display: Loaded TP MacServerTargetPlatform
[2018.04.02-16.58.47:231][  0]LogTemp: Display: Loaded TP MacTargetPlatform
[2018.04.02-16.58.47:267][  0]LogTemp: Display: Loaded TP WindowsClientTargetPlatform
[2018.04.02-16.58.47:303][  0]LogTemp: Display: Loaded TP WindowsNoEditorTargetPlatform
[2018.04.02-16.58.47:340][  0]LogTemp: Display: Loaded TP WindowsServerTargetPlatform
[2018.04.02-16.58.47:401][  0]LogTemp: Display: Loaded TP WindowsTargetPlatform
[2018.04.02-16.58.47:456][  0]LogTemp: Display: Loaded TP Android_ASTCTargetPlatform
[2018.04.02-16.58.47:500][  0]LogTemp: Display: Loaded TP Android_ATCTargetPlatform
[2018.04.02-16.58.47:536][  0]LogTemp: Display: Loaded TP Android_DXTTargetPlatform
[2018.04.02-16.58.47:582][  0]LogTemp: Display: Loaded TP Android_ETC1TargetPlatform
[2018.04.02-16.58.47:621][  0]LogTemp: Display: Loaded TP Android_ETC2TargetPlatform
[2018.04.02-16.58.47:717][  0]LogTemp: Display: Loaded TP Android_MultiTargetPlatform
[2018.04.02-16.58.47:717][  0]LogTemp: Display: Loaded TP Android_PVRTCTargetPlatform
[2018.04.02-16.58.47:820][  0]LogTemp: Display: Loaded TP AndroidTargetPlatform
[2018.04.02-16.58.47:879][  0]LogTemp: Display: Loaded TP HTML5TargetPlatform
[2018.04.02-16.58.48:111][  0]LogTemp: Display: Loaded TP IOSTargetPlatform
[2018.04.02-16.58.48:149][  0]LogTemp: Display: Loaded TP TVOSTargetPlatform
[2018.04.02-16.58.48:200][  0]LogTemp: Display: Loaded TP LinuxClientTargetPlatform
[2018.04.02-16.58.48:263][  0]LogTemp: Display: Loaded TP LinuxNoEditorTargetPlatform
[2018.04.02-16.58.48:326][  0]LogTemp: Display: Loaded TP LinuxServerTargetPlatform
[2018.04.02-16.58.48:432][  0]LogTemp: Display: Loaded TP LinuxTargetPlatform
[2018.04.02-16.58.48:432][  0]LogTargetPlatformManager: Display: Building Assets For Windows
[2018.04.02-16.58.48:905][  0]LogDerivedDataCache: Display: Max Cache Size: 512 MB
[2018.04.02-16.58.55:210][  0]LogDerivedDataCache: Loaded boot cache 6.30s 84MB C:/Users/root/AppData/Local/UnrealEngine/4.18/DerivedDataCache/Boot.ddc.
[2018.04.02-16.58.55:210][  0]LogDerivedDataCache: Display: Loaded Boot cache: C:/Users/root/AppData/Local/UnrealEngine/4.18/DerivedDataCache/Boot.ddc
[2018.04.02-16.58.55:210][  0]LogDerivedDataCache: FDerivedDataBackendGraph:  Pak pak cache file ../../../../../../Development/Mary/Cyber-War/CyberWar/DerivedDataCache/DDC.ddp not found, will not use a pak cache.
[2018.04.02-16.58.55:210][  0]LogDerivedDataCache: Unable to find inner node Pak for hierarchical cache Hierarchy.
[2018.04.02-16.58.55:210][  0]LogDerivedDataCache: FDerivedDataBackendGraph:  CompressedPak pak cache file ../../../../../../Development/Mary/Cyber-War/CyberWar/DerivedDataCache/Compressed.ddp not found, will not use a pak cache.
[2018.04.02-16.58.55:210][  0]LogDerivedDataCache: Unable to find inner node CompressedPak for hierarchical cache Hierarchy.
[2018.04.02-16.58.55:845][  0]LogDerivedDataCache: Display: Pak cache opened for reading ../../../Engine/DerivedDataCache/Compressed.ddp.
[2018.04.02-16.58.55:858][  0]LogDerivedDataCache: Using Local data cache path C:/Users/root/AppData/Local/UnrealEngine/Common/DerivedDataCache: Writable
[2018.04.02-16.58.55:869][  0]LogMaterial: Verifying Global Shaders for PCD3D_SM5
[2018.04.02-16.58.55:869][  0]LogSlate: Using Freetype 2.6.0
[2018.04.02-16.58.55:870][  0]LogSlate: SlateFontCache - WITH_FREETYPE: 1, WITH_HARFBUZZ: 1
[2018.04.02-16.58.55:870][  0]LogSlate: SlateFontCache - WITH_FREETYPE: 1, WITH_HARFBUZZ: 1
[2018.04.02-16.58.56:897][  0]LogInit: Selected Device Profile: [Windows]
[2018.04.02-16.58.57:348][  0]LogSimplygon: Simplygon DLL not present - disabling.
[2018.04.02-16.58.57:384][  0]LogMeshReduction: Using SimplygonSwarm for distributed automatic mesh merging
[2018.04.02-16.58.57:384][  0]LogMeshReduction: Using QuadricMeshReduction for automatic static mesh reduction
[2018.04.02-16.58.57:384][  0]LogMeshReduction: No automatic skeletal mesh reduction module available
[2018.04.02-16.58.57:384][  0]LogMeshReduction: No automatic mesh merging module available
[2018.04.02-16.58.57:384][  0]LogMeshMerging: No automatic mesh merging module available
[2018.04.02-16.58.57:415][  0]LogNetVersion: CyberWar , NetCL: 3709383, EngineNetVer: 2, GameNetVer: 0 (Checksum: 2311747216)
[2018.04.02-16.58.57:596][  0]LogAssetRegistry: FAssetRegistry took 0.0320 seconds to start up
[2018.04.02-16.58.58:229][  0]LogPackageLocalizationCache: Processed 7 localized package path(s) for 1 prioritized culture(s) in 0.020468 seconds
[2018.04.02-16.58.58:235][  0]LogUObjectArray: 35346 objects as part of root set at end of initial load.
[2018.04.02-16.58.58:235][  0]LogUObjectAllocator: 7033896 out of 0 bytes used by permanent object pool.
[2018.04.02-16.58.58:235][  0]LogUObjectArray: CloseDisregardForGC: 0/0 objects in disregard for GC pool
[2018.04.02-16.58.58:262][  0]LogInit: WinSock: version 1.1 (2.2), MaxSocks=32767, MaxUdp=65467
[2018.04.02-17.00.58:172][  0]LogInit: Using libcurl 7.47.1
[2018.04.02-17.00.58:172][  0]LogInit:  - built for x86_64-pc-win32
[2018.04.02-17.00.58:172][  0]LogInit:  - supports SSL with OpenSSL/1.0.2g
[2018.04.02-17.00.58:172][  0]LogInit:  - supports HTTP deflate (compression) using libz 1.2.8
[2018.04.02-17.00.58:172][  0]LogInit:  - other features:
[2018.04.02-17.00.58:172][  0]LogInit:      CURL_VERSION_SSL
[2018.04.02-17.00.58:199][  0]LogInit:      CURL_VERSION_LIBZ
[2018.04.02-17.00.58:200][  0]LogInit:      CURL_VERSION_IPV6
[2018.04.02-17.00.58:200][  0]LogInit:      CURL_VERSION_ASYNCHDNS
[2018.04.02-17.00.58:200][  0]LogInit:      CURL_VERSION_LARGEFILE
[2018.04.02-17.00.58:200][  0]LogInit:      CURL_VERSION_IDN
[2018.04.02-17.00.58:205][  0]LogInit:  CurlRequestOptions (configurable via config and command line):
[2018.04.02-17.00.58:205][  0]LogInit:  - bVerifyPeer = false  - Libcurl will NOT verify peer certificate
[2018.04.02-17.00.58:206][  0]LogInit:  - bUseHttpProxy = false  - Libcurl will NOT use HTTP proxy
[2018.04.02-17.00.58:206][  0]LogInit:  - bDontReuseConnections = false  - Libcurl will reuse connections
[2018.04.02-17.00.58:249][  0]LogInit:  - CertBundlePath = nullptr  - Libcurl will use whatever was configured at build time.
[2018.04.02-17.00.59:006][  0]LogTcpMessaging: Initializing TcpMessaging bridge
[2018.04.02-17.00.59:292][  0]LogUdpMessaging: Initializing bridge on interface 0.0.0.0:0 to multicast group 230.0.0.1:6666.
[2018.04.02-17.01.09:560][  0]LogMaterial: Missing cached shader map for material BaseColor, compiling. 
[2018.04.02-17.01.10:919][  0]LogMaterial: Warning: F:\Soft\Epic Games\UE_4.18\Engine\Content\BufferVisualization\BaseColor.uasset: Failed to compile Material for platform PCD3D_SM5, Default Material will be used in game.
[2018.04.02-17.01.10:919][  0]LogMaterial: 	(Node SceneTexture) GBuffer scene textures not available with forward shading.
[2018.04.02-17.01.12:918][  0]LogMaterial: Uniform references updated for custom material expression Custom.
[2018.04.02-17.01.13:261][  0]LogMaterial: Missing cached shader map for material LightingModel, compiling. 
[2018.04.02-17.01.13:262][  0]LogMaterial: Warning: F:\Soft\Epic Games\UE_4.18\Engine\Content\BufferVisualization\LightingModel.uasset: Failed to compile Material for platform PCD3D_SM5, Default Material will be used in game.
[2018.04.02-17.01.13:262][  0]LogMaterial: 	(Node SceneTexture) GBuffer scene textures not available with forward shading.
[2018.04.02-17.01.13:411][  0]LogMaterial: Missing cached shader map for material MaterialAO, compiling. 
[2018.04.02-17.01.13:412][  0]LogMaterial: Warning: F:\Soft\Epic Games\UE_4.18\Engine\Content\BufferVisualization\MaterialAO.uasset: Failed to compile Material for platform PCD3D_SM5, Default Material will be used in game.
[2018.04.02-17.01.13:412][  0]LogMaterial: 	(Node SceneTexture) GBuffer scene textures not available with forward shading.
[2018.04.02-17.01.13:533][  0]LogMaterial: Missing cached shader map for material Metallic, compiling. 
[2018.04.02-17.01.13:533][  0]LogMaterial: Warning: F:\Soft\Epic Games\UE_4.18\Engine\Content\BufferVisualization\Metallic.uasset: Failed to compile Material for platform PCD3D_SM5, Default Material will be used in game.
[2018.04.02-17.01.13:533][  0]LogMaterial: 	(Node SceneTexture) GBuffer scene textures not available with forward shading.
[2018.04.02-17.01.13:633][  0]LogMaterial: Missing cached shader map for material Opacity, compiling. 
[2018.04.02-17.01.13:633][  0]LogMaterial: Warning: F:\Soft\Epic Games\UE_4.18\Engine\Content\BufferVisualization\Opacity.uasset: Failed to compile Material for platform PCD3D_SM5, Default Material will be used in game.
[2018.04.02-17.01.13:633][  0]LogMaterial: 	(Node SceneTexture) GBuffer scene textures not available with forward shading.
[2018.04.02-17.01.13:830][  0]LogMaterial: Missing cached shader map for material Roughness, compiling. 
[2018.04.02-17.01.13:830][  0]LogMaterial: Warning: F:\Soft\Epic Games\UE_4.18\Engine\Content\BufferVisualization\Roughness.uasset: Failed to compile Material for platform PCD3D_SM5, Default Material will be used in game.
[2018.04.02-17.01.13:830][  0]LogMaterial: 	(Node SceneTexture) GBuffer scene textures not available with forward shading.
[2018.04.02-17.01.15:524][  0]LogMaterial: Missing cached shader map for material Specular, compiling. 
[2018.04.02-17.01.15:525][  0]LogMaterial: Warning: F:\Soft\Epic Games\UE_4.18\Engine\Content\BufferVisualization\Specular.uasset: Failed to compile Material for platform PCD3D_SM5, Default Material will be used in game.
[2018.04.02-17.01.15:525][  0]LogMaterial: 	(Node SceneTexture) GBuffer scene textures not available with forward shading.
[2018.04.02-17.01.16:030][  0]LogMaterial: Missing cached shader map for material SubsurfaceColor, compiling. 
[2018.04.02-17.01.16:031][  0]LogMaterial: Warning: F:\Soft\Epic Games\UE_4.18\Engine\Content\BufferVisualization\SubsurfaceColor.uasset: Failed to compile Material for platform PCD3D_SM5, Default Material will be used in game.
[2018.04.02-17.01.16:031][  0]LogMaterial: 	(Node SceneTexture) GBuffer scene textures not available with forward shading.
[2018.04.02-17.01.16:326][  0]LogMaterial: Missing cached shader map for material WorldNormal, compiling. 
[2018.04.02-17.01.16:326][  0]LogMaterial: Warning: F:\Soft\Epic Games\UE_4.18\Engine\Content\BufferVisualization\WorldNormal.uasset: Failed to compile Material for platform PCD3D_SM5, Default Material will be used in game.
[2018.04.02-17.01.16:326][  0]LogMaterial: 	(Node SceneTexture) GBuffer scene textures not available with forward shading.
[2018.04.02-17.01.26:241][  0]SourceControl: Source control is disabled
[2018.04.02-17.01.26:241][  0]SourceControl: Source control is disabled
[2018.04.02-17.01.28:125][  0]SourceControl: Source control is disabled
[2018.04.02-17.01.29:333][  0]SourceControl: Source control is disabled
[2018.04.02-17.01.42:193][  0]LogOcInput: OculusInput pre-init called
[2018.04.02-17.01.43:055][  0]LogLinker: Warning: Can't find file '/Script/OnlineSubsystemUtils'
[2018.04.02-17.01.43:055][  0]LogLinker: Warning: Can't find file '/Script/OnlineSubsystemUtils'
[2018.04.02-17.01.47:128][  0]LogEngine: Initializing Engine...
[2018.04.02-17.01.47:718][  0]LogHMD: Failed to initialize OpenVR with code 110
[2018.04.02-17.01.51:881][  0]LogStats: UGameplayTagsManager::ConstructGameplayTagTree: Construct from data asset -  0.000 s
[2018.04.02-17.01.52:011][  0]LogStats: UGameplayTagsManager::ConstructGameplayTagTree: GameplayTagTreeChangedEvent.Broadcast -  0.032 s
[2018.04.02-17.01.53:936][  0]LogAIModule: Creating AISystem for world Untitled
[2018.04.02-17.01.54:362][  0]LogInit: XAudio2 using 'Динамики (Realtek High Definition Audio)' : 2 channels at 44.1 kHz using 32 bits per sample (channel mask 0x3)
[2018.04.02-17.01.54:480][  0]LogInit: FAudioDevice initialized.
[2018.04.02-17.01.55:334][  0]LogDerivedDataCache: Saved boot cache 0.83s 84MB C:/Users/root/AppData/Local/UnrealEngine/4.18/DerivedDataCache/Boot.ddc.
[2018.04.02-17.01.55:358][  0]LogInit: Texture streaming: Enabled
[2018.04.02-17.01.56:946][  0]LogEngineSessionManager: EngineSessionManager initialized
[2018.04.02-17.01.59:629][  0]LogInit: Transaction tracking system initialized
[2018.04.02-17.02.02:123][  0]BlueprintLog: New page: Editor Load
[2018.04.02-17.02.10:321][  0]LocalizationService: Localization service is disabled
[2018.04.02-17.02.19:169][  0]LogConsoleResponse: Display: 
[2018.04.02-17.02.29:360][  0]LogFileCache: Scanning file cache for directory 'F:/Development/Mary/Cyber-War/CyberWar/Content/' took 0.05s
[2018.04.02-17.02.29:360][  0]LogCook: Display: Max memory allowance for cook 16384mb min free memory 0mb
[2018.04.02-17.02.29:434][  0]LogCook: Display: Mobile HDR setting 1
[2018.04.02-17.02.29:463][  0]LogGameplayTags: Display: UGameplayTagsManager::DoneAddingNativeTags. DelegateIsBound: 0
[2018.04.02-17.02.40:851][  0]SourceControl: Source control is disabled
[2018.04.02-17.02.41:022][  0]Cmd: MAP LOAD FILE="../../../../../../Development/Mary/Cyber-War/CyberWar/Content/Maps/Testing.umap" TEMPLATE=0 SHOWPROGRESS=1 FEATURELEVEL=3
[2018.04.02-17.02.41:141][  0]LightingResults: New page: Lighting Build
[2018.04.02-17.02.41:533][  0]MapCheck: New page: Map Check
[2018.04.02-17.02.41:533][  0]LightingResults: New page: Lighting Build
[2018.04.02-17.04.02:093][  0]LogMaterial: Uniform references updated for custom material expression Custom.
[2018.04.02-17.04.32:954][  0]LogAIModule: Creating AISystem for world Testing
[2018.04.02-17.04.34:073][  0]LogEditorServer: Finished looking for orphan Actors (0.000 secs)
[2018.04.02-17.04.34:351][  0]Cmd: MAP CHECKDEP NOCLEARLOG
[2018.04.02-17.04.34:498][  0]MapCheck: Map check complete: 0 Error(s), 0 Warning(s), took 138.38ms to complete.
[2018.04.02-17.04.34:521][  0]LogFileHelpers: Loading map 'Testing' took 113.507
[2018.04.02-17.04.35:606][  0]LogWindowsTextInputMethodSystem: Display: IME system now deactivated.
[2018.04.02-17.04.35:606][  0]LogWindowsTextInputMethodSystem: Display: IME system now deactivated.
[2018.04.02-17.04.36:587][  0]LogCollectionManager: Loaded 0 collections in 0.001224 seconds
[2018.04.02-17.04.36:793][  0]LogFileCache: Scanning file cache for directory 'F:/Development/Mary/Cyber-War/CyberWar/Saved/Collections/' took 0.01s
[2018.04.02-17.04.36:793][  0]LogFileCache: Scanning file cache for directory 'F:/Development/Mary/Cyber-War/CyberWar/Content/Developers/root/Collections/' took 0.01s
[2018.04.02-17.04.36:793][  0]LogFileCache: Scanning file cache for directory 'F:/Development/Mary/Cyber-War/CyberWar/Content/Collections/' took 0.01s
[2018.04.02-17.04.36:793][  0]LogCollectionManager: Rebuilt the GUID cache for 0 collections in 0.000000 seconds
[2018.04.02-17.04.36:812][  0]LogContentBrowser: Native class hierarchy populated in 0.0122 seconds. Added 2340 classes and 507 folders.
[2018.04.02-17.04.37:010][  0]LogContentBrowser: Native class hierarchy updated for 'WidgetCarousel' in 0.0003 seconds. Added 0 classes and 0 folders.
[2018.04.02-17.04.38:301][  0]LogContentBrowser: Native class hierarchy updated for 'AddContentDialog' in 0.0003 seconds. Added 0 classes and 0 folders.
[2018.04.02-17.04.38:381][  0]LogContentBrowser: Native class hierarchy updated for 'SceneOutliner' in 0.0003 seconds. Added 1 classes and 2 folders.
[2018.04.02-17.04.38:606][  0]LogContentBrowser: Native class hierarchy updated for 'WorldBrowser' in 0.0004 seconds. Added 2 classes and 3 folders.
[2018.04.02-17.04.39:431][  0]LogSlate: Took 0.017654 seconds to synchronously load lazily loaded font '../../../Engine/Content/Slate/Fonts/Roboto-Regular.ttf' (155K)
[2018.04.02-17.04.39:446][  0]LogSlate: Took 0.013414 seconds to synchronously load lazily loaded font '../../../Engine/Content/Slate/Fonts/Roboto-Bold.ttf' (160K)
[2018.04.02-17.04.39:456][  0]LogSlate: Took 0.006809 seconds to synchronously load lazily loaded font '../../../Engine/Content/Editor/Slate/Fonts/FontAwesome.ttf' (139K)
[2018.04.02-17.04.39:954][  0]LogContentBrowser: Native class hierarchy updated for 'HierarchicalLODOutliner' in 0.0003 seconds. Added 1 classes and 2 folders.
[2018.04.02-17.04.39:954][  0]LogLoad: (Engine Initialization) Total time: 380.51 seconds
[2018.04.02-17.04.39:954][  0]LogLoad: (Engine Initialization) Total Blueprint compile time: 0.00 seconds
[2018.04.02-17.04.39:954][  0]LogExternalProfiler: Found external profiler: VSPerf
[2018.04.02-17.04.39:954][  0]LogExternalProfiler: Using external profiler: VSPerf
[2018.04.02-17.04.40:132][  0]LogContentStreaming: Texture pool size now 1000 MB
[2018.04.02-17.04.40:544][  1]LogSlate: Took 0.011698 seconds to synchronously load lazily loaded font '../../../Engine/Content/Slate/Fonts/Roboto-Light.ttf' (159K)
[2018.04.02-17.04.40:767][  3]LogRenderer: Reallocating scene render targets to support 128x128 Format 10 NumSamples 1 (Frame:0).
[2018.04.02-17.04.41:373][  4]LogSlate: Took 0.000148 seconds to synchronously load lazily loaded font '../../../Engine/Content/Slate/Fonts/Roboto-Light.ttf' (159K)
[2018.04.02-17.04.42:298][  4]LogContentBrowser: Native class hierarchy updated for 'BlueprintGraph' in 0.0144 seconds. Added 116 classes and 0 folders.
[2018.04.02-17.04.47:513][  4]LogSlate: Took 0.000195 seconds to synchronously load lazily loaded font '../../../Engine/Content/Slate/Fonts/Roboto-Light.ttf' (159K)
[2018.04.02-17.04.47:521][  4]LogSlate: Took 0.007323 seconds to synchronously load lazily loaded font '../../../Engine/Content/Editor/Slate/Fonts/Roboto-BoldCondensed.ttf' (158K)
[2018.04.02-17.04.47:681][  7]LogAssetRegistry: Asset discovery search completed in 350.1093 seconds
[2018.04.02-17.04.47:726][  7]LogCollectionManager: Rebuilt the object cache for 0 collections in 0.000000 seconds (found 0 objects)
[2018.04.02-17.04.47:799][  7]LogCollectionManager: Fixed up redirectors for 0 collections in 0.050187 seconds (updated 0 objects)
[2018.04.02-17.13.53:940][579]LogRenderer: Reallocating scene render targets to support 1148x584 Format 10 NumSamples 1 (Frame:1).
[2018.04.02-17.13.57:731][729]LogTemp: Repeating last play command: New Editor Window (PIE)
[2018.04.02-17.14.22:994][729]LogPlayLevel: PlayLevel: No blueprints needed recompiling
[2018.04.02-17.14.23:289][729]PIE: New page: PIE session: Testing (Apr 2, 2018, 11:14:23 PM)
[2018.04.02-17.14.23:302][729]LogPlayLevel: Creating play world package: /Game/Maps/UEDPIE_0_Testing
[2018.04.02-17.14.23:360][729]LogPlayLevel: PIE: StaticDuplicateObject took: (0.057917s)
[2018.04.02-17.14.23:361][729]LogAIModule: Creating AISystem for world Testing
[2018.04.02-17.14.23:384][729]LogPlayLevel: PIE: World Init took: (0.024327s)
[2018.04.02-17.14.23:394][729]LogPlayLevel: PIE: Created PIE world by copying editor world from /Game/Maps/Testing.Testing to /Game/Maps/UEDPIE_0_Testing.Testing (0.092080s)
[2018.04.02-17.14.23:561][729]LogInit: XAudio2 using 'Динамики (Realtek High Definition Audio)' : 2 channels at 44.1 kHz using 32 bits per sample (channel mask 0x3)
[2018.04.02-17.14.23:603][729]LogInit: FAudioDevice initialized.
[2018.04.02-17.14.23:747][729]LogLoad: Game class is 'CW_GameMode_C'
[2018.04.02-17.14.23:761][729]LogWorld: Bringing World /Game/Maps/UEDPIE_0_Testing.Testing up for play (max tick rate 60) at 2018.04.02-20.14.23
[2018.04.02-17.14.23:886][729]LogWorld: Bringing up level for play took: 0.126669
[2018.04.02-17.14.23:997][729]LogScriptCore: Warning: Script Msg: Attempted to access index 0 from array 'PlayerStarts' of length 0 in '/Game/Blueprints/Online/CW_GameMode.CW_GameMode_C:GetPlayerStart'!
[2018.04.02-17.14.23:997][729]LogScriptCore: Warning: Script Msg: Attempted to access index 0 from array 'PlayerStarts' of length 0 in '/Game/Blueprints/Online/CW_GameMode.CW_GameMode_C:GetPlayerStart'!
[2018.04.02-17.14.27:195][729]LogContentBrowser: Native class hierarchy updated for 'MovieSceneCapture' in 0.0004 seconds. Added 11 classes and 0 folders.
[2018.04.02-17.14.27:232][729]LogGameMode: Display: Match State Changed from EnteringMap to WaitingToStart
[2018.04.02-17.14.27:232][729]LogGameState: Match State Changed from EnteringMap to WaitingToStart
[2018.04.02-17.14.27:232][729]LogGameMode: Display: Match State Changed from WaitingToStart to InProgress
[2018.04.02-17.14.27:263][729]LogScriptCore: Warning: Script Msg: Attempted to access index 0 from array 'PlayerStarts' of length 0 in '/Game/Blueprints/Online/CW_GameMode.CW_GameMode_C:GetPlayerStart'!
[2018.04.02-17.14.27:374][729]LogSkinnedMeshComp: Warning: GetSocketByName(Weapon): No SkeletalMesh for Component(Arms) Actor(CW_Character_C_0)
[2018.04.02-17.14.27:374][729]LogSkinnedMeshComp: Warning: GetSocketByName(Weapon): No SkeletalMesh for Component(Arms) Actor(CW_Character_C_0)
[2018.04.02-17.14.27:374][729]LogSkinnedMeshComp: Warning: GetSocketByName(Weapon): No SkeletalMesh for Component(CharacterMesh0) Actor(CW_Character_C_0)
[2018.04.02-17.14.27:374][729]LogSkinnedMeshComp: Warning: GetSocketByName(Weapon): No SkeletalMesh for Component(CharacterMesh0) Actor(CW_Character_C_0)
[2018.04.02-17.14.27:412][729]LogBlueprintUserMessages: [Weap_KnifeCombat_C_0] [ Weap_KnifeCombat_C_0 ]: ( 27:374 ) - Оружие прикреплено к владельцу
[2018.04.02-17.14.27:422][729]LogBlueprintUserMessages: [Weap_KnifeCombat_C_0] [ Weap_KnifeCombat_C_0 ]: ( 27:422 ) - OnSelectedWeapon
[2018.04.02-17.14.27:541][729]LogSkinnedMeshComp: Warning: GetSocketByName(Weapon): No SkeletalMesh for Component(Arms) Actor(CW_Character_C_0)
[2018.04.02-17.14.27:563][729]LogBlueprintUserMessages: [Weap_KnifeCombat_C_0] [ Weap_KnifeCombat_C_0 ]: ( 27:563 ) - Новый владелец
[2018.04.02-17.14.27:698][729]LogSkinnedMeshComp: Warning: GetSocketByName(Weapon): No SkeletalMesh for Component(CharacterMesh0) Actor(CW_Character_C_0)
[2018.04.02-17.14.27:698][729]LogSkinnedMeshComp: Warning: GetSocketByName(Weapon): No SkeletalMesh for Component(Arms) Actor(CW_Character_C_0)
[2018.04.02-17.14.27:698][729]LogSkinnedMeshComp: Warning: GetSocketByName(Weapon): No SkeletalMesh for Component(CharacterMesh0) Actor(CW_Character_C_0)
[2018.04.02-17.14.27:698][729]LogSkinnedMeshComp: Warning: GetSocketByName(Weapon): No SkeletalMesh for Component(Arms) Actor(CW_Character_C_0)
[2018.04.02-17.14.27:791][729]LogGameState: Match State Changed from WaitingToStart to InProgress
[2018.04.02-17.14.27:819][729]PIE: Play in editor start time for /Game/Maps/UEDPIE_0_Testing 4.064
[2018.04.02-17.14.27:864][729]LogSkinnedMeshComp: Warning: GetSocketByName(Weapon): No SkeletalMesh for Component(Arms) Actor(CW_Character_C_0)
[2018.04.02-17.14.28:616][729]LogRenderer: Reallocating scene render targets to support 1292x756 Format 10 NumSamples 1 (Frame:1).
[2018.04.02-17.14.28:705][730]LogBlueprintUserMessages: [Weap_KnifeCombat_C_0] [ Weap_KnifeCombat_C_0 ]: ( 28:705 ) - Анимации от 3-го лица загружены
[2018.04.02-17.14.28:705][730]LogBlueprintUserMessages: [Weap_KnifeCombat_C_0] [ Weap_KnifeCombat_C_0 ]: ( 28:705 ) - Анимации от 1-го лица загружены
[2018.04.02-17.14.45:713][618]LogTemp: Repeating last play command: New Editor Window (PIE)
[2018.04.02-17.14.45:766][618]LogPlayLevel: PlayLevel: No blueprints needed recompiling
[2018.04.02-17.14.45:795][618]PIE: New page: PIE session: Testing (Apr 2, 2018, 11:14:45 PM)
[2018.04.02-17.14.45:795][618]LogPlayLevel: Creating play world package: /Game/Maps/UEDPIE_1_Testing
[2018.04.02-17.14.45:800][618]LogPlayLevel: PIE: StaticDuplicateObject took: (0.004312s)
[2018.04.02-17.14.45:800][618]LogAIModule: Creating AISystem for world Testing
[2018.04.02-17.14.45:800][618]LogPlayLevel: PIE: World Init took: (0.000865s)
[2018.04.02-17.14.45:801][618]LogPlayLevel: PIE: Created PIE world by copying editor world from /Game/Maps/Testing.Testing to /Game/Maps/UEDPIE_1_Testing.Testing (0.005580s)
[2018.04.02-17.14.45:834][618]LogLoad: Game class is 'CW_GameMode_C'
[2018.04.02-17.14.45:836][618]LogWorld: Bringing World /Game/Maps/UEDPIE_1_Testing.Testing up for play (max tick rate 60) at 2018.04.02-20.14.45
[2018.04.02-17.14.45:837][618]LogWorld: Bringing up level for play took: 0.001701
[2018.04.02-17.14.45:927][618]LogNet: CreateNamedNetDriver failed to create driver from definition GameNetDriver
[2018.04.02-17.14.45:927][618]LogNet: CreateNamedNetDriver failed to create driver GameNetDriver from definition GameNetDriver
[2018.04.02-17.14.45:960][618]LogNet: NetworkFailure: NetDriverCreateFailure, Error: ''
[2018.04.02-17.14.45:961][618]LogGameMode: Display: Match State Changed from EnteringMap to WaitingToStart
[2018.04.02-17.14.45:961][618]LogGameState: Match State Changed from EnteringMap to WaitingToStart
[2018.04.02-17.14.45:961][618]PIE: Play in editor start time for /Game/Maps/UEDPIE_1_Testing 0.207
[2018.04.02-17.14.45:995][618]PIE: New page: PIE session: Testing (Apr 2, 2018, 11:14:45 PM)
[2018.04.02-17.14.45:998][618]LogInit: XAudio2 using 'Динамики (Realtek High Definition Audio)' : 2 channels at 44.1 kHz using 32 bits per sample (channel mask 0x3)
[2018.04.02-17.14.46:039][618]LogInit: FAudioDevice initialized.
[2018.04.02-17.14.46:149][618]LogNet: Browse: 127.0.0.1:17777//Game/Maps/Testing
[2018.04.02-17.14.46:149][618]LogNet: CreateNamedNetDriver failed to create driver from definition GameNetDriver
[2018.04.02-17.14.46:149][618]LogNet: CreateNamedNetDriver failed to create driver PendingNetDriver from definition GameNetDriver
[2018.04.02-17.14.46:149][618]LogWindows: Windows GetLastError: Операция успешно завершена. (0)
[2018.04.02-17.15.01:715][618]LogWindows: Error: === Critical error: ===
[2018.04.02-17.15.01:715][618]LogWindows: Error: 
[2018.04.02-17.15.01:715][618]LogWindows: Error: Assertion failed: NetDriver [File:D:\Build\++UE4+Release-4.18+Compile\Sync\Engine\Source\Runtime\Engine\Private\PendingNetGame.cpp] [Line: 43] 
[2018.04.02-17.15.01:715][618]LogWindows: Error: 
[2018.04.02-17.15.01:715][618]LogWindows: Error: 
[2018.04.02-17.15.01:715][618]LogWindows: Error: 
[2018.04.02-17.15.01:715][618]LogWindows: Error: [Callstack] 0x0000000039584008 KERNELBASE.dll!UnknownFunction []
[2018.04.02-17.15.01:715][618]LogWindows: Error: [Callstack] 0x000000000DE576D4 UE4Editor-ApplicationCore.dll!UnknownFunction []
[2018.04.02-17.15.01:715][618]LogWindows: Error: [Callstack] 0x00000000059B330B UE4Editor-Core.dll!UnknownFunction []
[2018.04.02-17.15.01:715][618]LogWindows: Error: [Callstack] 0x00000000059447F9 UE4Editor-Core.dll!UnknownFunction []
[2018.04.02-17.15.01:715][618]LogWindows: Error: [Callstack] 0x00000000FE993218 UE4Editor-Engine.dll!UnknownFunction []
[2018.04.02-17.15.01:715][618]LogWindows: Error: [Callstack] 0x00000000FEDE404F UE4Editor-Engine.dll!UnknownFunction []
[2018.04.02-17.15.01:715][618]LogWindows: Error: [Callstack] 0x00000000FE49FEDB UE4Editor-Engine.dll!UnknownFunction []
[2018.04.02-17.15.01:715][618]LogWindows: Error: [Callstack] 0x00000000F69CB235 UE4Editor-UnrealEd.dll!UnknownFunction []
[2018.04.02-17.15.01:715][618]LogWindows: Error: [Callstack] 0x00000000F6A1120D UE4Editor-UnrealEd.dll!UnknownFunction []
[2018.04.02-17.15.01:715][618]LogWindows: Error: [Callstack] 0x00000000F69F551B UE4Editor-UnrealEd.dll!UnknownFunction []
[2018.04.02-17.15.01:715][618]LogWindows: Error: [Callstack] 0x00000000F6A1192F UE4Editor-UnrealEd.dll!UnknownFunction []
[2018.04.02-17.15.01:715][618]LogWindows: Error: [Callstack] 0x00000000F6466024 UE4Editor-UnrealEd.dll!UnknownFunction []
[2018.04.02-17.15.01:715][618]LogWindows: Error: [Callstack] 0x00000000F6D14AC6 UE4Editor-UnrealEd.dll!UnknownFunction []
[2018.04.02-17.15.01:715][618]LogWindows: Error: [Callstack] 0x0000000021CA5A26 UE4Editor.exe!UnknownFunction []
[2018.04.02-17.15.01:715][618]LogWindows: Error: [Callstack] 0x0000000021CB5430 UE4Editor.exe!UnknownFunction []
[2018.04.02-17.15.01:715][618]LogWindows: Error: [Callstack] 0x0000000021CB54AA UE4Editor.exe!UnknownFunction []
[2018.04.02-17.15.01:715][618]LogWindows: Error: [Callstack] 0x0000000021CC2379 UE4Editor.exe!UnknownFunction []
[2018.04.02-17.15.01:715][618]LogWindows: Error: [Callstack] 0x0000000021CC3D57 UE4Editor.exe!UnknownFunction []
[2018.04.02-17.15.01:715][618]LogWindows: Error: [Callstack] 0x000000003CCC1FE4 KERNEL32.DLL!UnknownFunction []
[2018.04.02-17.15.01:715][618]LogWindows: Error: [Callstack] 0x000000003D17EFC1 ntdll.dll!UnknownFunction []
[2018.04.02-17.15.01:715][618]LogWindows: Error: [Callstack] 0x000000003D17EFC1 ntdll.dll!UnknownFunction []
[2018.04.02-17.15.01:715][618]LogWindows: Error: 
[2018.04.02-17.15.01:750][618]LogExit: Executing StaticShutdownAfterError
[2018.04.02-17.15.02:374][618]LogWindows: FPlatformMisc::RequestExit(1)
[2018.04.02-17.15.02:417][618]Log file closed, 04/02/18 20:15:02
