Log file open, 04/18/18 01:33:35
LogWindows: Failed to load 'aqProf.dll' (GetLastError=126)
LogWindows: File 'aqProf.dll' does not exist
LogWindows: Failed to load 'VtuneApi.dll' (GetLastError=126)
LogWindows: File 'VtuneApi.dll' does not exist
LogWindows: Failed to load 'VtuneApi32e.dll' (GetLastError=126)
LogWindows: File 'VtuneApi32e.dll' does not exist
LogInit: Display: Running engine for game: CyberWar
LogPlatformFile: Not using cached read wrapper
LogInit: Display: RandInit(1279308896) SRandInit(1279308896).
LogInit: Read version file with build ID '3709383'
LogInit: Overriding engine version to CL 3832480, compatible CL 3709383
LogInit: Registered custom module enumerator with build ID '3709383'
LogTaskGraph: Started task graph with 5 named threads and 8 total threads with 3 sets of task threads.
LogStats: Stats thread started at 0.131231
LogD3D11RHI: Aftermath initialized
LogModuleManager: Display: Found up-to-date module file ../../../Engine/Plugins/Marketplace/VaRestPlugin/Binaries/Win64/UE4Editor-VaRestPlugin.dll (API version 3709383).
LogModuleManager: Display: Found up-to-date module file ../../../Engine/Plugins/Marketplace/VaRestPlugin/Binaries/Win64/UE4Editor-VaRestEditorPlugin.dll (API version 3709383).
LogModuleManager: Display: Found up-to-date module file ../../../Engine/Plugins/Marketplace/LowEntrySocketConnection/Binaries/Win64/UE4Editor-LowEntrySocketConnection.dll (API version 3709383).
LogModuleManager: Display: Found up-to-date module file ../../../Engine/Plugins/Marketplace/LowEntryExtStdLib/Binaries/Win64/UE4Editor-LowEntryExtendedStandardLibrary.dll (API version 3709383).
LogModuleManager: Display: Found up-to-date module file ../../../Engine/Plugins/Marketplace/LowEntryExtStdLib/Binaries/Win64/UE4Editor-LowEntryExtendedStandardLibraryEditor.dll (API version 3709383).
LogModuleManager: Display: Found up-to-date module file ../../../Engine/Plugins/Online/OnlineFramework/Binaries/Win64/UE4Editor-Qos.dll (API version 3709383).
LogModuleManager: Display: Found up-to-date module file ../../../Engine/Plugins/Online/OnlineFramework/Binaries/Win64/UE4Editor-Party.dll (API version 3709383).
LogModuleManager: Display: Found up-to-date module file ../../../Engine/Plugins/Online/OnlineFramework/Binaries/Win64/UE4Editor-Lobby.dll (API version 3709383).
LogModuleManager: Display: Found up-to-date module file ../../../Engine/Plugins/Online/OnlineFramework/Binaries/Win64/UE4Editor-Hotfix.dll (API version 3709383).
LogModuleManager: Display: Found up-to-date module file ../../../Engine/Plugins/Online/OnlineFramework/Binaries/Win64/UE4Editor-Rejoin.dll (API version 3709383).
LogModuleManager: Display: Found up-to-date module file ../../../Engine/Plugins/Online/OnlineFramework/Binaries/Win64/UE4Editor-LoginFlow.dll (API version 3709383).
LogModuleManager: Display: Found up-to-date module file ../../../Engine/Plugins/Online/OnlineSubsystem/Binaries/Win64/UE4Editor-OnlineSubsystem.dll (API version 3709383).
LogModuleManager: Display: Found up-to-date module file ../../../Engine/Plugins/Online/OnlineSubsystemUtils/Binaries/Win64/UE4Editor-OnlineSubsystemUtils.dll (API version 3709383).
LogModuleManager: Display: Found up-to-date module file ../../../Engine/Plugins/Online/OnlineSubsystemUtils/Binaries/Win64/UE4Editor-OnlineBlueprintSupport.dll (API version 3709383).
LogModuleManager: Display: Found up-to-date module file ../../../Engine/Plugins/2D/Paper2D/Binaries/Win64/UE4Editor-Paper2D.dll (API version 3709383).
LogModuleManager: Display: Found up-to-date module file ../../../Engine/Plugins/2D/Paper2D/Binaries/Win64/UE4Editor-Paper2DEditor.dll (API version 3709383).
LogModuleManager: Display: Found up-to-date module file ../../../Engine/Plugins/2D/Paper2D/Binaries/Win64/UE4Editor-PaperSpriteSheetImporter.dll (API version 3709383).
LogModuleManager: Display: Found up-to-date module file ../../../Engine/Plugins/2D/Paper2D/Binaries/Win64/UE4Editor-PaperTiledImporter.dll (API version 3709383).
LogModuleManager: Display: Found up-to-date module file ../../../Engine/Plugins/2D/Paper2D/Binaries/Win64/UE4Editor-SmartSnapping.dll (API version 3709383).
LogModuleManager: Display: Found up-to-date module file ../../../Engine/Plugins/Blendables/LightPropagationVolume/Binaries/Win64/UE4Editor-LightPropagationVolumeRuntime.dll (API version 3709383).
LogModuleManager: Display: Found up-to-date module file ../../../Engine/Plugins/Blendables/LightPropagationVolume/Binaries/Win64/UE4Editor-LightPropagationVolumeEditor.dll (API version 3709383).
LogModuleManager: Display: Found up-to-date module file ../../../Engine/Plugins/Developer/GitSourceControl/Binaries/Win64/UE4Editor-GitSourceControl.dll (API version 3709383).
LogModuleManager: Display: Found up-to-date module file ../../../Engine/Plugins/Developer/PerforceSourceControl/Binaries/Win64/UE4Editor-PerforceSourceControl.dll (API version 3709383).
LogModuleManager: Display: Found up-to-date module file ../../../Engine/Plugins/Developer/SubversionSourceControl/Binaries/Win64/UE4Editor-SubversionSourceControl.dll (API version 3709383).
LogModuleManager: Display: Found up-to-date module file ../../../Engine/Plugins/Developer/UObjectPlugin/Binaries/Win64/UE4Editor-UObjectPlugin.dll (API version 3709383).
LogModuleManager: Display: Found up-to-date module file ../../../Engine/Plugins/Developer/VisualStudioSourceCodeAccess/Binaries/Win64/UE4Editor-VisualStudioSourceCodeAccess.dll (API version 3709383).
LogModuleManager: Display: Found up-to-date module file ../../../Engine/Plugins/Editor/AssetManagerEditor/Binaries/Win64/UE4Editor-AssetManagerEditor.dll (API version 3709383).
LogModuleManager: Display: Found up-to-date module file ../../../Engine/Plugins/Editor/AudioCapture/Binaries/Win64/UE4Editor-AudioCapture.dll (API version 3709383).
LogModuleManager: Display: Found up-to-date module file ../../../Engine/Plugins/Editor/FacialAnimation/Binaries/Win64/UE4Editor-FacialAnimation.dll (API version 3709383).
LogModuleManager: Display: Found up-to-date module file ../../../Engine/Plugins/Editor/FacialAnimation/Binaries/Win64/UE4Editor-FacialAnimationEditor.dll (API version 3709383).
LogModuleManager: Display: Found up-to-date module file ../../../Engine/Plugins/Editor/GameplayTagsEditor/Binaries/Win64/UE4Editor-GameplayTagsEditor.dll (API version 3709383).
LogModuleManager: Display: Found up-to-date module file ../../../Engine/Plugins/Editor/MobileLauncherProfileWizard/Binaries/Win64/UE4Editor-MobileLauncherProfileWizard.dll (API version 3709383).
LogModuleManager: Display: Found up-to-date module file ../../../Engine/Plugins/Editor/PluginBrowser/Binaries/Win64/UE4Editor-PluginBrowser.dll (API version 3709383).
LogModuleManager: Display: Found up-to-date module file ../../../Engine/Plugins/Editor/SpeedTreeImporter/Binaries/Win64/UE4Editor-SpeedTreeImporter.dll (API version 3709383).
LogModuleManager: Display: Found up-to-date module file ../../../Engine/Plugins/Experimental/AlembicImporter/Binaries/Win64/UE4Editor-AlembicImporter.dll (API version 3709383).
LogModuleManager: Display: Found up-to-date module file ../../../Engine/Plugins/Experimental/AlembicImporter/Binaries/Win64/UE4Editor-AlembicLibrary.dll (API version 3709383).
LogModuleManager: Display: Found up-to-date module file ../../../Engine/Plugins/Experimental/CharacterAI/Binaries/Win64/UE4Editor-CharacterAI.dll (API version 3709383).
LogModuleManager: Display: Found up-to-date module file ../../../Engine/Plugins/Experimental/HTML5Networking/Binaries/Win64/UE4Editor-HTML5Networking.dll (API version 3709383).
LogModuleManager: Display: Found up-to-date module file ../../../Engine/Plugins/Media/AvfMedia/Binaries/Win64/UE4Editor-AvfMediaEditor.dll (API version 3709383).
LogModuleManager: Display: Found up-to-date module file ../../../Engine/Plugins/Media/AvfMedia/Binaries/Win64/UE4Editor-AvfMediaFactory.dll (API version 3709383).
LogModuleManager: Display: Found up-to-date module file ../../../Engine/Plugins/Media/AvfMedia/Binaries/Win64/UE4Editor-AvfMediaFactory.dll (API version 3709383).
LogModuleManager: Display: Found up-to-date module file ../../../Engine/Plugins/Media/ImgMedia/Binaries/Win64/UE4Editor-ImgMedia.dll (API version 3709383).
LogModuleManager: Display: Found up-to-date module file ../../../Engine/Plugins/Media/ImgMedia/Binaries/Win64/UE4Editor-ImgMediaEditor.dll (API version 3709383).
LogModuleManager: Display: Found up-to-date module file ../../../Engine/Plugins/Media/ImgMedia/Binaries/Win64/UE4Editor-ImgMediaFactory.dll (API version 3709383).
LogModuleManager: Display: Found up-to-date module file ../../../Engine/Plugins/Media/ImgMedia/Binaries/Win64/UE4Editor-ImgMediaFactory.dll (API version 3709383).
LogModuleManager: Display: Found up-to-date module file ../../../Engine/Plugins/Media/ImgMedia/Binaries/Win64/UE4Editor-OpenExrWrapper.dll (API version 3709383).
LogModuleManager: Display: Found up-to-date module file ../../../Engine/Plugins/Media/MediaCompositing/Binaries/Win64/UE4Editor-MediaCompositing.dll (API version 3709383).
LogModuleManager: Display: Found up-to-date module file ../../../Engine/Plugins/Media/MediaCompositing/Binaries/Win64/UE4Editor-MediaCompositingEditor.dll (API version 3709383).
LogModuleManager: Display: Found up-to-date module file ../../../Engine/Plugins/Media/MediaPlayerEditor/Binaries/Win64/UE4Editor-MediaPlayerEditor.dll (API version 3709383).
LogModuleManager: Display: Found up-to-date module file ../../../Engine/Plugins/Media/WmfMedia/Binaries/Win64/UE4Editor-WmfMedia.dll (API version 3709383).
LogModuleManager: Display: Found up-to-date module file ../../../Engine/Plugins/Media/WmfMedia/Binaries/Win64/UE4Editor-WmfMediaEditor.dll (API version 3709383).
LogModuleManager: Display: Found up-to-date module file ../../../Engine/Plugins/Media/WmfMedia/Binaries/Win64/UE4Editor-WmfMediaFactory.dll (API version 3709383).
LogModuleManager: Display: Found up-to-date module file ../../../Engine/Plugins/Media/WmfMedia/Binaries/Win64/UE4Editor-WmfMediaFactory.dll (API version 3709383).
LogModuleManager: Display: Found up-to-date module file ../../../Engine/Plugins/Messaging/TcpMessaging/Binaries/Win64/UE4Editor-TcpMessaging.dll (API version 3709383).
LogModuleManager: Display: Found up-to-date module file ../../../Engine/Plugins/Messaging/UdpMessaging/Binaries/Win64/UE4Editor-UdpMessaging.dll (API version 3709383).
LogModuleManager: Display: Found up-to-date module file ../../../Engine/Plugins/MovieScene/ActorSequence/Binaries/Win64/UE4Editor-ActorSequence.dll (API version 3709383).
LogModuleManager: Display: Found up-to-date module file ../../../Engine/Plugins/MovieScene/LevelSequenceEditor/Binaries/Win64/UE4Editor-LevelSequenceEditor.dll (API version 3709383).
LogModuleManager: Display: Found up-to-date module file ../../../Engine/Plugins/MovieScene/MatineeToLevelSequence/Binaries/Win64/UE4Editor-MatineeToLevelSequence.dll (API version 3709383).
LogModuleManager: Display: Found up-to-date module file ../../../Engine/Plugins/Runtime/AndroidDeviceProfileSelector/Binaries/Win64/UE4Editor-AndroidDeviceProfileSelector.dll (API version 3709383).
LogModuleManager: Display: Found up-to-date module file ../../../Engine/Plugins/Runtime/ArchVisCharacter/Binaries/Win64/UE4Editor-ArchVisCharacter.dll (API version 3709383).
LogModuleManager: Display: Found up-to-date module file ../../../Engine/Plugins/Runtime/CableComponent/Binaries/Win64/UE4Editor-CableComponent.dll (API version 3709383).
LogModuleManager: Display: Found up-to-date module file ../../../Engine/Plugins/Runtime/CustomMeshComponent/Binaries/Win64/UE4Editor-CustomMeshComponent.dll (API version 3709383).
LogModuleManager: Display: Found up-to-date module file ../../../Engine/Plugins/Runtime/ExampleDeviceProfileSelector/Binaries/Win64/UE4Editor-ExampleDeviceProfileSelector.dll (API version 3709383).
LogModuleManager: Display: Found up-to-date module file ../../../Engine/Plugins/Runtime/ImmediatePhysics/Binaries/Win64/UE4Editor-ImmediatePhysics.dll (API version 3709383).
LogModuleManager: Display: Found up-to-date module file ../../../Engine/Plugins/Runtime/ImmediatePhysics/Binaries/Win64/UE4Editor-ImmediatePhysicsEditor.dll (API version 3709383).
LogModuleManager: Display: Found up-to-date module file ../../../Engine/Plugins/Runtime/Oculus/OculusVR/Binaries/Win64/UE4Editor-OculusHMD.dll (API version 3709383).
LogModuleManager: Display: Found up-to-date module file ../../../Engine/Plugins/Runtime/Oculus/OculusVR/Binaries/Win64/UE4Editor-OculusInput.dll (API version 3709383).
LogModuleManager: Display: Found up-to-date module file ../../../Engine/Plugins/Runtime/Oculus/OculusVR/Binaries/Win64/UE4Editor-OculusEditor.dll (API version 3709383).
LogModuleManager: Display: Found up-to-date module file ../../../Engine/Plugins/Runtime/PhysXVehicles/Binaries/Win64/UE4Editor-PhysXVehicles.dll (API version 3709383).
LogModuleManager: Display: Found up-to-date module file ../../../Engine/Plugins/Runtime/PhysXVehicles/Binaries/Win64/UE4Editor-PhysXVehiclesEditor.dll (API version 3709383).
LogModuleManager: Display: Found up-to-date module file ../../../Engine/Plugins/Runtime/ProceduralMeshComponent/Binaries/Win64/UE4Editor-ProceduralMeshComponent.dll (API version 3709383).
LogModuleManager: Display: Found up-to-date module file ../../../Engine/Plugins/Runtime/ProceduralMeshComponent/Binaries/Win64/UE4Editor-ProceduralMeshComponentEditor.dll (API version 3709383).
LogModuleManager: Display: Found up-to-date module file ../../../Engine/Plugins/Runtime/RuntimePhysXCooking/Binaries/Win64/UE4Editor-RuntimePhysXCooking.dll (API version 3709383).
LogModuleManager: Display: Found up-to-date module file ../../../Engine/Plugins/Runtime/Steam/SteamVR/Binaries/Win64/UE4Editor-SteamVR.dll (API version 3709383).
LogModuleManager: Display: Found up-to-date module file ../../../Engine/Plugins/Runtime/Steam/SteamVR/Binaries/Win64/UE4Editor-SteamVRController.dll (API version 3709383).
LogModuleManager: Display: Found up-to-date module file ../../../Engine/Plugins/Runtime/WindowsMoviePlayer/Binaries/Win64/UE4Editor-WindowsMoviePlayer.dll (API version 3709383).
LogPluginManager: Mounting plugin Paper2D
LogPluginManager: Mounting plugin LightPropagationVolume
LogPluginManager: Mounting plugin GitSourceControl
LogPluginManager: Mounting plugin KDevelopSourceCodeAccess
LogPluginManager: Mounting plugin NullSourceCodeAccess
LogPluginManager: Mounting plugin PerforceSourceControl
LogPluginManager: Mounting plugin SubversionSourceControl
LogPluginManager: Mounting plugin UObjectPlugin
LogPluginManager: Mounting plugin VisualStudioSourceCodeAccess
LogPluginManager: Mounting plugin AssetManagerEditor
LogPluginManager: Mounting plugin AudioCapture
LogPluginManager: Mounting plugin FacialAnimation
LogPluginManager: Mounting plugin GameplayTagsEditor
LogPluginManager: Mounting plugin MobileLauncherProfileWizard
LogPluginManager: Mounting plugin PluginBrowser
LogPluginManager: Mounting plugin SpeedTreeImporter
LogPluginManager: Mounting plugin AlembicImporter
LogPluginManager: Mounting plugin CharacterAI
LogPluginManager: Mounting plugin HTML5Networking
LogPluginManager: Mounting plugin LowEntryExtStdLib
LogPluginManager: Mounting plugin LowEntrySocketConnection
LogPluginManager: Mounting plugin VaRestPlugin
LogPluginManager: Mounting plugin AvfMedia
LogPluginManager: Mounting plugin ImgMedia
LogPluginManager: Mounting plugin MediaCompositing
LogPluginManager: Mounting plugin MediaPlayerEditor
LogPluginManager: Mounting plugin WmfMedia
LogPluginManager: Mounting plugin TcpMessaging
LogPluginManager: Mounting plugin UdpMessaging
LogPluginManager: Mounting plugin ActorSequence
LogPluginManager: Mounting plugin LevelSequenceEditor
LogPluginManager: Mounting plugin MatineeToLevelSequence
LogPluginManager: Mounting plugin OnlineFramework
LogPluginManager: Mounting plugin OnlineSubsystem
LogPluginManager: Mounting plugin OnlineSubsystemUtils
LogPluginManager: Mounting plugin AndroidDeviceProfileSelector
LogPluginManager: Mounting plugin ArchVisCharacter
LogPluginManager: Mounting plugin CableComponent
LogPluginManager: Mounting plugin CustomMeshComponent
LogPluginManager: Mounting plugin ExampleDeviceProfileSelector
LogPluginManager: Mounting plugin ImmediatePhysics
LogPluginManager: Mounting plugin IOSDeviceProfileSelector
LogPluginManager: Mounting plugin LinuxDeviceProfileSelector
LogPluginManager: Mounting plugin OculusVR
LogPluginManager: Plugin shader directory ../../../Engine/Plugins/Runtime/Oculus/OculusVR/Shaders found
LogPluginManager: Mapping shader source directory ../../../Engine/Plugins/Runtime/Oculus/OculusVR/Shaders to virtual directory /Plugin/OculusVR
LogPluginManager: Mounting plugin PhysXVehicles
LogPluginManager: Mounting plugin ProceduralMeshComponent
LogPluginManager: Mounting plugin RuntimePhysXCooking
LogPluginManager: Mounting plugin SteamVR
LogPluginManager: Mounting plugin WindowsMoviePlayer
LogInit: Using libcurl 7.47.1
LogInit:  - built for x86_64-pc-win32
LogInit:  - supports SSL with OpenSSL/1.0.2g
LogInit:  - supports HTTP deflate (compression) using libz 1.2.8
LogInit:  - other features:
LogInit:      CURL_VERSION_SSL
LogInit:      CURL_VERSION_LIBZ
LogInit:      CURL_VERSION_IPV6
LogInit:      CURL_VERSION_ASYNCHDNS
LogInit:      CURL_VERSION_LARGEFILE
LogInit:      CURL_VERSION_IDN
LogInit:  CurlRequestOptions (configurable via config and command line):
LogInit:  - bVerifyPeer = false  - Libcurl will NOT verify peer certificate
LogInit:  - bUseHttpProxy = false  - Libcurl will NOT use HTTP proxy
LogInit:  - bDontReuseConnections = false  - Libcurl will reuse connections
LogInit:  - CertBundlePath = nullptr  - Libcurl will use whatever was configured at build time.
LogInit: Build: ++UE4+Release-4.18-CL-3832480
LogInit: Engine Version: 4.18.3-3832480+++UE4+Release-4.18
LogInit: Compatible Engine Version: 4.18.0-3709383+++UE4+Release-4.18
LogInit: Net CL: 3709383
LogDevObjectVersion: Number of dev versions registered: 16
LogDevObjectVersion:   Dev-Blueprints (B0D832E4-1F89-4F0D-ACCF-7EB736FD4AA2): 10
LogDevObjectVersion:   Dev-Build (E1C64328-A22C-4D53-A36C-8E866417BD8C): 0
LogDevObjectVersion:   Dev-Core (375EC13C-06E4-48FB-B500-84F0262A717E): 2
LogDevObjectVersion:   Dev-Editor (E4B068ED-F494-42E9-A231-DA0B2E46BB41): 20
LogDevObjectVersion:   Dev-Framework (CFFC743F-43B0-4480-9391-14DF171D2073): 30
LogDevObjectVersion:   Dev-Mobile (B02B49B5-BB20-44E9-A304-32B752E40360): 0
LogDevObjectVersion:   Dev-Networking (A4E4105C-59A1-49B5-A7C5-40C4547EDFEE): 0
LogDevObjectVersion:   Dev-Online (39C831C9-5AE6-47DC-9A44-9C173E1C8E7C): 0
LogDevObjectVersion:   Dev-Physics (78F01B33-EBEA-4F98-B9B4-84EACCB95AA2): 0
LogDevObjectVersion:   Dev-Platform (6631380F-2D4D-43E0-8009-CF276956A95A): 0
LogDevObjectVersion:   Dev-Rendering (12F88B9F-8875-4AFC-A67C-D90C383ABD29): 20
LogDevObjectVersion:   Dev-Sequencer (7B5AE74C-D270-4C10-A958-57980B212A5A): 4
LogDevObjectVersion:   Dev-VR (D7296918-1DD6-4BDD-9DE2-64A83CC13884): 0
LogDevObjectVersion:   Dev-LoadTimes (C2A15278-BFE7-4AFE-6C17-90FF531DF755): 1
LogDevObjectVersion:   Private-Geometry (6EACA3D4-40EC-4CC1-B786-8BED09428FC5): 1
LogDevObjectVersion:   Dev-AnimPhys (29E575DD-E0A3-4627-9D10-D276232CDCEA): 12
LogInit: Compiled (64-bit): Jan 12 2018 02:04:55
LogInit: Compiled with Visual C++: 19.00.24215.01
LogInit: Build Configuration: Development
LogInit: Branch Name: ++UE4+Release-4.18
LogInit: Command line:  
LogInit: Base directory: F:/Soft/Epic Games/UE_4.18/Engine/Binaries/Win64/
LogInit: Installed Engine Build: 1
LogInit: Presizing for max 8388607 objects, including 0 objects not considered by GC, pre-allocating 0 bytes for permanent pool.
LogInit: Object subsystem initialized
[2018.04.17-22.33.36:225][  0]LogInit: Selected Device Profile: [Windows]
[2018.04.17-22.33.36:225][  0]LogInit: Applying CVar settings loaded from the selected device profile: [Windows]
[2018.04.17-22.33.36:239][  0]LogInit: Computer: DESKTOP-38OIRC4
[2018.04.17-22.33.36:239][  0]LogInit: User: root
[2018.04.17-22.33.36:239][  0]LogInit: CPU Page size=4096, Cores=2
[2018.04.17-22.33.36:239][  0]LogInit: High frequency timer resolution =2.825504 MHz
[2018.04.17-22.33.36:239][  0]LogMemory: Memory total: Physical=7.9GB (8GB approx)
[2018.04.17-22.33.36:239][  0]LogMemory: Platform Memory Stats for Windows
[2018.04.17-22.33.36:239][  0]LogMemory: Process Physical Memory: 272.39 MB used, 272.39 MB peak
[2018.04.17-22.33.36:239][  0]LogMemory: Process Virtual Memory: 269.41 MB used, 269.41 MB peak
[2018.04.17-22.33.36:239][  0]LogMemory: Physical Memory: 5751.45 MB used,  2357.85 MB free, 8109.29 MB total
[2018.04.17-22.33.36:239][  0]LogMemory: Virtual Memory: 673.14 MB used,  2357.85 MB free, 134217728.00 MB total
[2018.04.17-22.33.36:357][  0]LogInit: Using OS detected language (ru-RU).
[2018.04.17-22.33.36:357][  0]LogInit: Using OS detected locale (ru-RU).
[2018.04.17-22.33.36:360][  0]LogTextLocalizationManager: No localization for 'ru-RU' exists, so 'en' will be used for the language.
[2018.04.17-22.33.36:360][  0]LogTextLocalizationManager: No localization for 'ru-RU' exists, so 'en' will be used for the locale.
[2018.04.17-22.33.36:896][  0]LogInit: Setting process to per monitor DPI aware
[2018.04.17-22.33.39:106][  0]LogD3D11RHI: D3D11 adapters:
[2018.04.17-22.33.39:172][  0]LogD3D11RHI:    0. 'NVIDIA GeForce 840M' (Feature Level 11_0)
[2018.04.17-22.33.39:172][  0]LogD3D11RHI:       2020/0/4054 MB DedicatedVideo/DedicatedSystem/SharedSystem, Outputs:1, VendorId:0x10de
[2018.04.17-22.33.39:177][  0]LogD3D11RHI:    1. 'Intel(R) HD Graphics 4600' (Feature Level 11_0)
[2018.04.17-22.33.39:177][  0]LogD3D11RHI:       112/0/2048 MB DedicatedVideo/DedicatedSystem/SharedSystem, Outputs:0, VendorId:0x8086
[2018.04.17-22.33.39:179][  0]LogD3D11RHI:    2. 'Microsoft Basic Render Driver' (Feature Level 11_0)
[2018.04.17-22.33.39:179][  0]LogD3D11RHI:       0/0/4054 MB DedicatedVideo/DedicatedSystem/SharedSystem, Outputs:0, VendorId:0x1414
[2018.04.17-22.33.39:179][  0]LogD3D11RHI: Chosen D3D11 Adapter: 0
[2018.04.17-22.33.39:190][  0]LogD3D11RHI: Creating new Direct3DDevice
[2018.04.17-22.33.39:190][  0]LogD3D11RHI:     GPU DeviceId: 0x1341 (for the marketing name, search the web for "GPU Device Id")
[2018.04.17-22.33.39:190][  0]LogWindows: EnumDisplayDevices:
[2018.04.17-22.33.39:190][  0]LogWindows:    0. 'Intel(R) HD Graphics 4600' (P:1 D:1)
[2018.04.17-22.33.39:190][  0]LogWindows:    1. 'Intel(R) HD Graphics 4600' (P:0 D:0)
[2018.04.17-22.33.39:190][  0]LogWindows:    2. 'Intel(R) HD Graphics 4600' (P:0 D:0)
[2018.04.17-22.33.39:190][  0]LogWindows: DebugString: GetVideoDriverDetailsInvalid PrimaryIsNotTheChoosenAdapter GetVideoDriverDetailsInvalid PrimaryIsNotTheChoosenAdapter GetVideoDriverDetailsInvalid PrimaryIsNotTheChoosenAdapter FoundDriverCount:0 
[2018.04.17-22.33.39:190][  0]LogD3D11RHI:     Adapter Name: NVIDIA GeForce 840M
[2018.04.17-22.33.39:190][  0]LogD3D11RHI:   Driver Version: Unknown (internal:Unknown, unified:Unknown)
[2018.04.17-22.33.39:190][  0]LogD3D11RHI:      Driver Date: Unknown
[2018.04.17-22.33.39:190][  0]LogRHI: Texture pool is 1414 MB (70% of 2020 MB)
[2018.04.17-22.33.39:214][  0]LogD3D11RHI: Async texture creation enabled
[2018.04.17-22.33.39:227][  0]LogD3D11RHI: GPU Timing Frequency: 1000.000000 (Debug: 2 1)
[2018.04.17-22.33.39:228][  0]LogShaderCompilers: Guid format shader working directory is -8 characters bigger than the processId version (../../../../../../Development/Mary/Cyber-War/CyberWar/Intermediate/Shaders/WorkingDirectory/5660/).
[2018.04.17-22.33.39:228][  0]LogShaderCompilers: Cleaned the shader compiler working directory 'C:/Users/root/AppData/Local/Temp/UnrealShaderWorkingDir/594B8B2743BF974A0E6E9BBC41C2B0B6/'.
[2018.04.17-22.33.39:228][  0]LogShaderCompilers: Display: Using Local Shader Compiler.
[2018.04.17-22.33.40:580][  0]LogTemp: Display: Loaded TP AllDesktopTargetPlatform
[2018.04.17-22.33.40:635][  0]LogTemp: Display: Loaded TP MacClientTargetPlatform
[2018.04.17-22.33.40:686][  0]LogTemp: Display: Loaded TP MacNoEditorTargetPlatform
[2018.04.17-22.33.40:755][  0]LogTemp: Display: Loaded TP MacServerTargetPlatform
[2018.04.17-22.33.40:855][  0]LogTemp: Display: Loaded TP MacTargetPlatform
[2018.04.17-22.33.40:903][  0]LogTemp: Display: Loaded TP WindowsClientTargetPlatform
[2018.04.17-22.33.40:947][  0]LogTemp: Display: Loaded TP WindowsNoEditorTargetPlatform
[2018.04.17-22.33.40:992][  0]LogTemp: Display: Loaded TP WindowsServerTargetPlatform
[2018.04.17-22.33.41:034][  0]LogTemp: Display: Loaded TP WindowsTargetPlatform
[2018.04.17-22.33.41:137][  0]LogTemp: Display: Loaded TP Android_ASTCTargetPlatform
[2018.04.17-22.33.41:246][  0]LogTemp: Display: Loaded TP Android_ATCTargetPlatform
[2018.04.17-22.33.41:308][  0]LogTemp: Display: Loaded TP Android_DXTTargetPlatform
[2018.04.17-22.33.41:423][  0]LogTemp: Display: Loaded TP Android_ETC1TargetPlatform
[2018.04.17-22.33.41:509][  0]LogTemp: Display: Loaded TP Android_ETC2TargetPlatform
[2018.04.17-22.33.41:623][  0]LogTemp: Display: Loaded TP Android_MultiTargetPlatform
[2018.04.17-22.33.41:623][  0]LogTemp: Display: Loaded TP Android_PVRTCTargetPlatform
[2018.04.17-22.33.41:767][  0]LogTemp: Display: Loaded TP AndroidTargetPlatform
[2018.04.17-22.33.41:857][  0]LogTemp: Display: Loaded TP HTML5TargetPlatform
[2018.04.17-22.33.41:988][  0]LogTemp: Display: Loaded TP IOSTargetPlatform
[2018.04.17-22.33.42:012][  0]LogTemp: Display: Loaded TP TVOSTargetPlatform
[2018.04.17-22.33.42:092][  0]LogTemp: Display: Loaded TP LinuxClientTargetPlatform
[2018.04.17-22.33.42:161][  0]LogTemp: Display: Loaded TP LinuxNoEditorTargetPlatform
[2018.04.17-22.33.42:240][  0]LogTemp: Display: Loaded TP LinuxServerTargetPlatform
[2018.04.17-22.33.42:317][  0]LogTemp: Display: Loaded TP LinuxTargetPlatform
[2018.04.17-22.33.42:317][  0]LogTargetPlatformManager: Display: Building Assets For Windows
[2018.04.17-22.33.42:694][  0]LogDerivedDataCache: Display: Max Cache Size: 512 MB
[2018.04.17-22.33.42:833][  0]LogDerivedDataCache: Loaded boot cache 0.14s 83MB C:/Users/root/AppData/Local/UnrealEngine/4.18/DerivedDataCache/Boot.ddc.
[2018.04.17-22.33.42:833][  0]LogDerivedDataCache: Display: Loaded Boot cache: C:/Users/root/AppData/Local/UnrealEngine/4.18/DerivedDataCache/Boot.ddc
[2018.04.17-22.33.42:833][  0]LogDerivedDataCache: FDerivedDataBackendGraph:  Pak pak cache file ../../../../../../Development/Mary/Cyber-War/CyberWar/DerivedDataCache/DDC.ddp not found, will not use a pak cache.
[2018.04.17-22.33.42:834][  0]LogDerivedDataCache: Unable to find inner node Pak for hierarchical cache Hierarchy.
[2018.04.17-22.33.42:834][  0]LogDerivedDataCache: FDerivedDataBackendGraph:  CompressedPak pak cache file ../../../../../../Development/Mary/Cyber-War/CyberWar/DerivedDataCache/Compressed.ddp not found, will not use a pak cache.
[2018.04.17-22.33.42:834][  0]LogDerivedDataCache: Unable to find inner node CompressedPak for hierarchical cache Hierarchy.
[2018.04.17-22.33.42:855][  0]LogDerivedDataCache: Display: Pak cache opened for reading ../../../Engine/DerivedDataCache/Compressed.ddp.
[2018.04.17-22.33.42:869][  0]LogDerivedDataCache: Using Local data cache path C:/Users/root/AppData/Local/UnrealEngine/Common/DerivedDataCache: Writable
[2018.04.17-22.33.42:883][  0]LogMaterial: Verifying Global Shaders for PCD3D_SM5
[2018.04.17-22.33.42:883][  0]LogSlate: Using Freetype 2.6.0
[2018.04.17-22.33.42:884][  0]LogSlate: SlateFontCache - WITH_FREETYPE: 1, WITH_HARFBUZZ: 1
[2018.04.17-22.33.42:884][  0]LogSlate: SlateFontCache - WITH_FREETYPE: 1, WITH_HARFBUZZ: 1
[2018.04.17-22.33.43:335][  0]LogInit: Selected Device Profile: [Windows]
[2018.04.17-22.33.43:689][  0]LogSimplygon: Simplygon DLL not present - disabling.
[2018.04.17-22.33.43:726][  0]LogMeshReduction: Using SimplygonSwarm for distributed automatic mesh merging
[2018.04.17-22.33.43:726][  0]LogMeshReduction: Using QuadricMeshReduction for automatic static mesh reduction
[2018.04.17-22.33.43:726][  0]LogMeshReduction: No automatic skeletal mesh reduction module available
[2018.04.17-22.33.43:726][  0]LogMeshReduction: No automatic mesh merging module available
[2018.04.17-22.33.43:726][  0]LogMeshMerging: No automatic mesh merging module available
[2018.04.17-22.33.43:802][  0]LogNetVersion: CyberWar , NetCL: 3709383, EngineNetVer: 2, GameNetVer: 0 (Checksum: 2311747216)
[2018.04.17-22.33.44:087][  0]LogAssetRegistry: FAssetRegistry took 0.0287 seconds to start up
[2018.04.17-22.33.44:733][  0]LogPackageLocalizationCache: Processed 7 localized package path(s) for 1 prioritized culture(s) in 0.056343 seconds
[2018.04.17-22.33.44:742][  0]LogUObjectArray: 35775 objects as part of root set at end of initial load.
[2018.04.17-22.33.44:742][  0]LogUObjectAllocator: 7340536 out of 0 bytes used by permanent object pool.
[2018.04.17-22.33.44:742][  0]LogUObjectArray: CloseDisregardForGC: 0/0 objects in disregard for GC pool
[2018.04.17-22.33.44:777][  0]LogInit: WinSock: version 1.1 (2.2), MaxSocks=32767, MaxUdp=65467
[2018.04.17-22.34.11:347][  0]LogTcpMessaging: Initializing TcpMessaging bridge
[2018.04.17-22.34.11:381][  0]LogUdpMessaging: Initializing bridge on interface 0.0.0.0:0 to multicast group 230.0.0.1:6666.
[2018.04.17-22.34.12:494][  0]LogMaterial: Missing cached shader map for material BaseColor, compiling. 
[2018.04.17-22.34.12:495][  0]LogMaterial: Warning: F:\Soft\Epic Games\UE_4.18\Engine\Content\BufferVisualization\BaseColor.uasset: Failed to compile Material for platform PCD3D_SM5, Default Material will be used in game.
[2018.04.17-22.34.12:495][  0]LogMaterial: 	(Node SceneTexture) GBuffer scene textures not available with forward shading.
[2018.04.17-22.34.12:516][  0]LogMaterial: Uniform references updated for custom material expression Custom.
[2018.04.17-22.34.12:529][  0]LogMaterial: Missing cached shader map for material LightingModel, compiling. 
[2018.04.17-22.34.12:529][  0]LogMaterial: Warning: F:\Soft\Epic Games\UE_4.18\Engine\Content\BufferVisualization\LightingModel.uasset: Failed to compile Material for platform PCD3D_SM5, Default Material will be used in game.
[2018.04.17-22.34.12:529][  0]LogMaterial: 	(Node SceneTexture) GBuffer scene textures not available with forward shading.
[2018.04.17-22.34.12:533][  0]LogMaterial: Missing cached shader map for material MaterialAO, compiling. 
[2018.04.17-22.34.12:534][  0]LogMaterial: Warning: F:\Soft\Epic Games\UE_4.18\Engine\Content\BufferVisualization\MaterialAO.uasset: Failed to compile Material for platform PCD3D_SM5, Default Material will be used in game.
[2018.04.17-22.34.12:534][  0]LogMaterial: 	(Node SceneTexture) GBuffer scene textures not available with forward shading.
[2018.04.17-22.34.12:536][  0]LogMaterial: Missing cached shader map for material Metallic, compiling. 
[2018.04.17-22.34.12:537][  0]LogMaterial: Warning: F:\Soft\Epic Games\UE_4.18\Engine\Content\BufferVisualization\Metallic.uasset: Failed to compile Material for platform PCD3D_SM5, Default Material will be used in game.
[2018.04.17-22.34.12:537][  0]LogMaterial: 	(Node SceneTexture) GBuffer scene textures not available with forward shading.
[2018.04.17-22.34.12:539][  0]LogMaterial: Missing cached shader map for material Opacity, compiling. 
[2018.04.17-22.34.12:540][  0]LogMaterial: Warning: F:\Soft\Epic Games\UE_4.18\Engine\Content\BufferVisualization\Opacity.uasset: Failed to compile Material for platform PCD3D_SM5, Default Material will be used in game.
[2018.04.17-22.34.12:540][  0]LogMaterial: 	(Node SceneTexture) GBuffer scene textures not available with forward shading.
[2018.04.17-22.34.12:543][  0]LogMaterial: Missing cached shader map for material Roughness, compiling. 
[2018.04.17-22.34.12:543][  0]LogMaterial: Warning: F:\Soft\Epic Games\UE_4.18\Engine\Content\BufferVisualization\Roughness.uasset: Failed to compile Material for platform PCD3D_SM5, Default Material will be used in game.
[2018.04.17-22.34.12:543][  0]LogMaterial: 	(Node SceneTexture) GBuffer scene textures not available with forward shading.
[2018.04.17-22.34.12:563][  0]LogMaterial: Missing cached shader map for material Specular, compiling. 
[2018.04.17-22.34.12:563][  0]LogMaterial: Warning: F:\Soft\Epic Games\UE_4.18\Engine\Content\BufferVisualization\Specular.uasset: Failed to compile Material for platform PCD3D_SM5, Default Material will be used in game.
[2018.04.17-22.34.12:563][  0]LogMaterial: 	(Node SceneTexture) GBuffer scene textures not available with forward shading.
[2018.04.17-22.34.12:567][  0]LogMaterial: Missing cached shader map for material SubsurfaceColor, compiling. 
[2018.04.17-22.34.12:568][  0]LogMaterial: Warning: F:\Soft\Epic Games\UE_4.18\Engine\Content\BufferVisualization\SubsurfaceColor.uasset: Failed to compile Material for platform PCD3D_SM5, Default Material will be used in game.
[2018.04.17-22.34.12:568][  0]LogMaterial: 	(Node SceneTexture) GBuffer scene textures not available with forward shading.
[2018.04.17-22.34.12:570][  0]LogMaterial: Missing cached shader map for material WorldNormal, compiling. 
[2018.04.17-22.34.12:571][  0]LogMaterial: Warning: F:\Soft\Epic Games\UE_4.18\Engine\Content\BufferVisualization\WorldNormal.uasset: Failed to compile Material for platform PCD3D_SM5, Default Material will be used in game.
[2018.04.17-22.34.12:571][  0]LogMaterial: 	(Node SceneTexture) GBuffer scene textures not available with forward shading.
[2018.04.17-22.34.12:935][  0]SourceControl: Source control is disabled
[2018.04.17-22.34.12:935][  0]SourceControl: Source control is disabled
[2018.04.17-22.34.12:978][  0]SourceControl: Source control is disabled
[2018.04.17-22.34.13:018][  0]SourceControl: Source control is disabled
[2018.04.17-22.34.14:502][  0]LogOcInput: OculusInput pre-init called
[2018.04.17-22.34.14:761][  0]LogEngine: Initializing Engine...
[2018.04.17-22.34.14:764][  0]LogHMD: Failed to initialize OpenVR with code 110
[2018.04.17-22.34.15:271][  0]LogStats: UGameplayTagsManager::ConstructGameplayTagTree: Construct from data asset -  0.000 s
[2018.04.17-22.34.15:271][  0]LogStats: UGameplayTagsManager::ConstructGameplayTagTree: GameplayTagTreeChangedEvent.Broadcast -  0.000 s
[2018.04.17-22.34.15:378][  0]LogAIModule: Creating AISystem for world Untitled
[2018.04.17-22.34.15:384][  0]LogInit: XAudio2 using 'Динамики (Realtek High Definition Audio)' : 2 channels at 44.1 kHz using 32 bits per sample (channel mask 0x3)
[2018.04.17-22.34.15:437][  0]LogInit: FAudioDevice initialized.
[2018.04.17-22.34.15:934][  0]LogDerivedDataCache: Saved boot cache 0.50s 84MB C:/Users/root/AppData/Local/UnrealEngine/4.18/DerivedDataCache/Boot.ddc.
[2018.04.17-22.34.15:954][  0]LogInit: Texture streaming: Enabled
[2018.04.17-22.34.16:052][  0]LogEngineSessionManager: EngineSessionManager initialized
[2018.04.17-22.34.16:158][  0]LogInit: Transaction tracking system initialized
[2018.04.17-22.34.16:485][  0]BlueprintLog: New page: Editor Load
[2018.04.17-22.34.17:629][  0]LocalizationService: Localization service is disabled
[2018.04.17-22.34.18:818][  0]LogConsoleResponse: Display: 
[2018.04.17-22.34.20:207][  0]LogCook: Display: Max memory allowance for cook 16384mb min free memory 0mb
[2018.04.17-22.34.20:207][  0]LogCook: Display: Mobile HDR setting 1
[2018.04.17-22.34.20:207][  0]LogGameplayTags: Display: UGameplayTagsManager::DoneAddingNativeTags. DelegateIsBound: 0
[2018.04.17-22.34.20:616][  0]LogFileCache: Scanning file cache for directory 'F:/Development/Mary/Cyber-War/CyberWar/Content/' took 0.05s
[2018.04.17-22.34.22:434][  0]SourceControl: Source control is disabled
[2018.04.17-22.34.22:434][  0]Cmd: MAP LOAD FILE="../../../../../../Development/Mary/Cyber-War/CyberWar/Content/Maps/Testing.umap" TEMPLATE=0 SHOWPROGRESS=1 FEATURELEVEL=3
[2018.04.17-22.34.22:434][  0]LightingResults: New page: Lighting Build
[2018.04.17-22.34.22:467][  0]MapCheck: New page: Map Check
[2018.04.17-22.34.22:467][  0]LightingResults: New page: Lighting Build
[2018.04.17-22.34.27:885][  0]LogMaterial: Uniform references updated for custom material expression Custom.
[2018.04.17-22.34.30:189][  0]LogAIModule: Creating AISystem for world Testing
[2018.04.17-22.34.30:195][  0]LogEditorServer: Finished looking for orphan Actors (0.000 secs)
[2018.04.17-22.34.30:265][  0]Cmd: MAP CHECKDEP NOCLEARLOG
[2018.04.17-22.34.30:456][  0]MapCheck: Map check complete: 0 Error(s), 0 Warning(s), took 191.431ms to complete.
[2018.04.17-22.34.30:457][  0]LogFileHelpers: Loading map 'Testing' took 8.023
[2018.04.17-22.34.30:530][  0]LogWindowsTextInputMethodSystem: Display: IME system now deactivated.
[2018.04.17-22.34.30:815][  0]LogCollectionManager: Loaded 0 collections in 0.000822 seconds
[2018.04.17-22.34.30:885][  0]LogFileCache: Scanning file cache for directory 'F:/Development/Mary/Cyber-War/CyberWar/Saved/Collections/' took 0.01s
[2018.04.17-22.34.30:885][  0]LogFileCache: Scanning file cache for directory 'F:/Development/Mary/Cyber-War/CyberWar/Content/Developers/root/Collections/' took 0.01s
[2018.04.17-22.34.30:885][  0]LogFileCache: Scanning file cache for directory 'F:/Development/Mary/Cyber-War/CyberWar/Content/Collections/' took 0.01s
[2018.04.17-22.34.30:885][  0]LogCollectionManager: Rebuilt the GUID cache for 0 collections in 0.000001 seconds
[2018.04.17-22.34.30:899][  0]LogContentBrowser: Native class hierarchy populated in 0.0128 seconds. Added 2398 classes and 530 folders.
[2018.04.17-22.34.30:949][  0]LogContentBrowser: Native class hierarchy updated for 'WidgetCarousel' in 0.0003 seconds. Added 0 classes and 0 folders.
[2018.04.17-22.34.32:063][  0]LogContentBrowser: Native class hierarchy updated for 'AddContentDialog' in 0.0004 seconds. Added 0 classes and 0 folders.
[2018.04.17-22.34.32:133][  0]LogContentBrowser: Native class hierarchy updated for 'SceneOutliner' in 0.0003 seconds. Added 1 classes and 2 folders.
[2018.04.17-22.34.32:227][  0]LogContentBrowser: Native class hierarchy updated for 'WorldBrowser' in 0.0003 seconds. Added 2 classes and 3 folders.
[2018.04.17-22.34.32:434][  0]LogSlate: Took 0.023275 seconds to synchronously load lazily loaded font '../../../Engine/Content/Slate/Fonts/Roboto-Regular.ttf' (155K)
[2018.04.17-22.34.32:456][  0]LogSlate: Took 0.017419 seconds to synchronously load lazily loaded font '../../../Engine/Content/Slate/Fonts/Roboto-Bold.ttf' (160K)
[2018.04.17-22.34.32:465][  0]LogSlate: Took 0.006963 seconds to synchronously load lazily loaded font '../../../Engine/Content/Editor/Slate/Fonts/FontAwesome.ttf' (139K)
[2018.04.17-22.34.32:757][  0]LogContentBrowser: Native class hierarchy updated for 'HierarchicalLODOutliner' in 0.0004 seconds. Added 1 classes and 2 folders.
[2018.04.17-22.34.32:758][  0]LogLoad: (Engine Initialization) Total time: 58.66 seconds
[2018.04.17-22.34.32:758][  0]LogLoad: (Engine Initialization) Total Blueprint compile time: 0.00 seconds
[2018.04.17-22.34.32:758][  0]LogExternalProfiler: Found external profiler: VSPerf
[2018.04.17-22.34.32:758][  0]LogExternalProfiler: Using external profiler: VSPerf
[2018.04.17-22.34.32:806][  0]LogContentStreaming: Texture pool size now 1000 MB
[2018.04.17-22.34.32:882][  0]LogSlate: Took 0.000956 seconds to synchronously load lazily loaded font '../../../Engine/Content/Slate/Fonts/Roboto-Light.ttf' (159K)
[2018.04.17-22.34.33:361][  3]LogRenderer: Reallocating scene render targets to support 128x128 Format 10 NumSamples 1 (Frame:0).
[2018.04.17-22.34.33:483][  4]LogAssetRegistry: Asset discovery search completed in 49.4184 seconds
[2018.04.17-22.34.33:491][  4]LogCollectionManager: Rebuilt the object cache for 0 collections in 0.000000 seconds (found 0 objects)
[2018.04.17-22.34.33:491][  4]LogCollectionManager: Fixed up redirectors for 0 collections in 0.000130 seconds (updated 0 objects)
[2018.04.17-22.34.33:834][ 18]LogSlate: Took 0.000215 seconds to synchronously load lazily loaded font '../../../Engine/Content/Slate/Fonts/Roboto-Light.ttf' (159K)
[2018.04.17-22.34.37:362][210]LogWindowsTextInputMethodSystem: Display: IME system now deactivated.
[2018.04.17-22.34.37:364][210]LogWindowsTextInputMethodSystem: Display: IME system now deactivated.
[2018.04.17-22.34.37:854][211]Cmd: QUIT_EDITOR
[2018.04.17-22.34.38:148][211]LogExit: Preparing to exit.
[2018.04.17-22.34.38:506][211]LogDirectoryWatcher: A directory notification for 'F:/Development/Mary/Cyber-War/CyberWar/Content/' was aborted.
[2018.04.17-22.34.38:629][211]LogExit: Editor shut down
[2018.04.17-22.34.38:635][211]LogExit: Transaction tracking system shut down
[2018.04.17-22.34.38:940][211]LogDirectoryWatcher: A directory notification for '../../../Engine/Plugins/2D/Paper2D/Content/' was aborted.
[2018.04.17-22.34.38:941][211]LogDirectoryWatcher: A directory notification for '../../../Engine/Plugins/Marketplace/LowEntryExtStdLib/Content/' was aborted.
[2018.04.17-22.34.38:941][211]LogDirectoryWatcher: A directory notification for '../../../Engine/Plugins/Media/MediaCompositing/Content/' was aborted.
[2018.04.17-22.34.38:941][211]LogDirectoryWatcher: A directory notification for '../../../Engine/Plugins/Runtime/Oculus/OculusVR/Content/' was aborted.
[2018.04.17-22.34.38:941][211]LogDirectoryWatcher: A directory notification for '../../../Engine/Plugins/Runtime/Steam/SteamVR/Content/' was aborted.
[2018.04.17-22.34.39:406][211]LogExit: Object subsystem successfully closed.
[2018.04.17-22.34.39:430][211]LogD3D11RHI: Shutdown
[2018.04.17-22.34.39:430][211]LogD3D11RHI: CleanupD3DDevice
[2018.04.17-22.34.39:432][211]LogD3D11RHI: ~FD3D11DynamicRHI
[2018.04.17-22.34.39:995][211]LogModuleManager: Shutting down and abandoning module HierarchicalLODOutliner (554)
[2018.04.17-22.34.39:995][211]LogModuleManager: Shutting down and abandoning module WorldBrowser (552)
[2018.04.17-22.34.40:012][211]LogModuleManager: Shutting down and abandoning module SceneOutliner (550)
[2018.04.17-22.34.40:021][211]LogModuleManager: Shutting down and abandoning module AddContentDialog (548)
[2018.04.17-22.34.40:035][211]LogDirectoryWatcher: A directory notification for 'F:/Soft/Epic Games/UE_4.18/FeaturePacks/' was aborted.
[2018.04.17-22.34.40:036][211]LogModuleManager: Shutting down and abandoning module WidgetCarousel (547)
[2018.04.17-22.34.40:036][211]LogModuleManager: Shutting down and abandoning module EditorWidgets (544)
[2018.04.17-22.34.40:036][211]LogModuleManager: Shutting down and abandoning module CollectionManager (542)
[2018.04.17-22.34.40:037][211]LogDirectoryWatcher: A directory notification for 'F:/Development/Mary/Cyber-War/CyberWar/Content/Collections/' was aborted.
[2018.04.17-22.34.40:037][211]LogDirectoryWatcher: A directory notification for 'F:/Development/Mary/Cyber-War/CyberWar/Content/Developers/root/Collections/' was aborted.
[2018.04.17-22.34.40:037][211]LogDirectoryWatcher: A directory notification for 'F:/Development/Mary/Cyber-War/CyberWar/Saved/Collections/' was aborted.
[2018.04.17-22.34.40:037][211]LogModuleManager: Shutting down and abandoning module StatsViewer (540)
[2018.04.17-22.34.40:062][211]LogModuleManager: Shutting down and abandoning module FoliageEdit (538)
[2018.04.17-22.34.40:076][211]LogModuleManager: Shutting down and abandoning module LandscapeEditor (536)
[2018.04.17-22.34.40:093][211]LogModuleManager: Shutting down and abandoning module MeshPaintMode (534)
[2018.04.17-22.34.40:106][211]LogModuleManager: Shutting down and abandoning module SceneDepthPickerMode (532)
[2018.04.17-22.34.40:106][211]LogModuleManager: Shutting down and abandoning module ActorPickerMode (530)
[2018.04.17-22.34.40:106][211]LogModuleManager: Shutting down and abandoning module GeometryMode (528)
[2018.04.17-22.34.40:106][211]LogModuleManager: Shutting down and abandoning module TextureAlignMode (526)
[2018.04.17-22.34.40:106][211]LogModuleManager: Shutting down and abandoning module BspMode (524)
[2018.04.17-22.34.40:106][211]LogModuleManager: Shutting down and abandoning module PIEPreviewDeviceProfileSelector (522)
[2018.04.17-22.34.40:106][211]LogModuleManager: Shutting down and abandoning module HardwareSurvey (520)
[2018.04.17-22.34.40:106][211]LogModuleManager: Shutting down and abandoning module SequenceRecorderSections (518)
[2018.04.17-22.34.40:106][211]LogModuleManager: Shutting down and abandoning module AutomationWorker (516)
[2018.04.17-22.34.40:106][211]LogModuleManager: Shutting down and abandoning module MatineeToLevelSequence (514)
[2018.04.17-22.34.40:119][211]LogModuleManager: Shutting down and abandoning module LevelSequenceEditor (512)
[2018.04.17-22.34.40:145][211]LogModuleManager: Shutting down and abandoning module PlacementMode (511)
[2018.04.17-22.34.40:145][211]LogModuleManager: Shutting down and abandoning module WmfMediaFactory (508)
[2018.04.17-22.34.40:145][211]LogModuleManager: Shutting down and abandoning module WmfMediaEditor (506)
[2018.04.17-22.34.40:145][211]LogModuleManager: Shutting down and abandoning module OpenExrWrapper (504)
[2018.04.17-22.34.40:145][211]LogModuleManager: Shutting down and abandoning module ImgMediaFactory (502)
[2018.04.17-22.34.40:145][211]LogModuleManager: Shutting down and abandoning module ImgMediaEditor (500)
[2018.04.17-22.34.40:145][211]LogModuleManager: Shutting down and abandoning module AvfMediaFactory (498)
[2018.04.17-22.34.40:145][211]LogModuleManager: Shutting down and abandoning module AvfMediaEditor (496)
[2018.04.17-22.34.40:145][211]LogModuleManager: Shutting down and abandoning module CharacterAI (494)
[2018.04.17-22.34.40:145][211]LogModuleManager: Shutting down and abandoning module AudioCapture (492)
[2018.04.17-22.34.40:145][211]LogModuleManager: Shutting down and abandoning module SequenceRecorder (491)
[2018.04.17-22.34.40:145][211]LogModuleManager: Shutting down and abandoning module SmartSnapping (488)
[2018.04.17-22.34.40:145][211]LogModuleManager: Shutting down and abandoning module SessionServices (486)
[2018.04.17-22.34.40:145][211]LogModuleManager: Shutting down and abandoning module ViewportSnapping (484)
[2018.04.17-22.34.40:145][211]LogModuleManager: Shutting down and abandoning module ViewportInteraction (482)
[2018.04.17-22.34.40:145][211]LogModuleManager: Shutting down and abandoning module ClothPainter (480)
[2018.04.17-22.34.40:159][211]LogModuleManager: Shutting down and abandoning module SkeletalMeshEditor (479)
[2018.04.17-22.34.40:294][211]LogModuleManager: Shutting down and abandoning module LogVisualizer (476)
[2018.04.17-22.34.40:317][211]LogModuleManager: Shutting down and abandoning module IntroTutorials (474)
[2018.04.17-22.34.40:364][211]LogModuleManager: Shutting down and abandoning module GameProjectGeneration (473)
[2018.04.17-22.34.40:388][211]LogModuleManager: Shutting down and abandoning module IOSPlatformEditor (470)
[2018.04.17-22.34.40:388][211]LogModuleManager: Shutting down and abandoning module HTML5PlatformEditor (468)
[2018.04.17-22.34.40:388][211]LogModuleManager: Shutting down and abandoning module AndroidPlatformEditor (466)
[2018.04.17-22.34.40:388][211]LogModuleManager: Shutting down and abandoning module AndroidDeviceDetection (465)
[2018.04.17-22.34.41:365][211]LogModuleManager: Shutting down and abandoning module WindowsPlatformEditor (462)
[2018.04.17-22.34.41:365][211]LogModuleManager: Shutting down and abandoning module IOSRuntimeSettings (460)
[2018.04.17-22.34.41:365][211]LogModuleManager: Shutting down and abandoning module AndroidRuntimeSettings (458)
[2018.04.17-22.34.41:365][211]LogModuleManager: Shutting down and abandoning module InputBindingEditor (456)
[2018.04.17-22.34.41:391][211]LogModuleManager: Shutting down and abandoning module MergeActors (454)
[2018.04.17-22.34.41:402][211]LogModuleManager: Shutting down and abandoning module SizeMap (452)
[2018.04.17-22.34.41:403][211]LogModuleManager: Shutting down and abandoning module TreeMap (450)
[2018.04.17-22.34.41:411][211]LogModuleManager: Shutting down and abandoning module ReferenceViewer (448)
[2018.04.17-22.34.41:411][211]LogModuleManager: Shutting down and abandoning module LocalizationDashboard (446)
[2018.04.17-22.34.41:469][211]LogModuleManager: Shutting down and abandoning module LocalizationService (445)
[2018.04.17-22.34.41:478][211]LogModuleManager: Shutting down and abandoning module HardwareTargeting (442)
[2018.04.17-22.34.41:478][211]LogModuleManager: Shutting down and abandoning module DeviceProfileEditor (440)
[2018.04.17-22.34.41:478][211]LogModuleManager: Shutting down and abandoning module UndoHistory (438)
[2018.04.17-22.34.41:478][211]LogModuleManager: Shutting down and abandoning module XmlParser (436)
[2018.04.17-22.34.41:478][211]LogModuleManager: Shutting down and abandoning module Blutility (434)
[2018.04.17-22.34.41:478][211]LogModuleManager: Shutting down and abandoning module ProjectSettingsViewer (432)
[2018.04.17-22.34.41:478][211]LogModuleManager: Shutting down and abandoning module ProjectTargetPlatformEditor (431)
[2018.04.17-22.34.41:478][211]LogModuleManager: Shutting down and abandoning module EditorSettingsViewer (428)
[2018.04.17-22.34.41:478][211]LogModuleManager: Shutting down and abandoning module SettingsEditor (426)
[2018.04.17-22.34.41:507][211]LogModuleManager: Shutting down and abandoning module ProjectLauncher (424)
[2018.04.17-22.34.41:544][211]LogModuleManager: Shutting down and abandoning module SessionFrontend (422)
[2018.04.17-22.34.41:580][211]LogModuleManager: Shutting down and abandoning module ProfilerClient (420)
[2018.04.17-22.34.41:591][211]LogModuleManager: Shutting down and abandoning module DeviceManager (418)
[2018.04.17-22.34.41:619][211]LogModuleManager: Shutting down and abandoning module TargetDeviceServices (417)
[2018.04.17-22.34.41:662][211]LogModuleManager: Shutting down and abandoning module AutomationController (414)
[2018.04.17-22.34.41:662][211]LogModuleManager: Shutting down and abandoning module AutomationWindow (412)
[2018.04.17-22.34.41:691][211]LogModuleManager: Shutting down and abandoning module Layers (410)
[2018.04.17-22.34.41:729][211]LogModuleManager: Shutting down and abandoning module ComponentVisualizers (408)
[2018.04.17-22.34.41:729][211]LogModuleManager: Shutting down and abandoning module DetailCustomizations (406)
[2018.04.17-22.34.41:746][211]LogModuleManager: Shutting down and abandoning module PackagesDialog (404)
[2018.04.17-22.34.41:775][211]LogModuleManager: Shutting down and abandoning module Persona (402)
[2018.04.17-22.34.41:845][211]LogModuleManager: Shutting down and abandoning module AdvancedPreviewScene (401)
[2018.04.17-22.34.41:845][211]LogModuleManager: Shutting down and abandoning module AnimGraph (399)
[2018.04.17-22.34.41:845][211]LogModuleManager: Shutting down and abandoning module Kismet (396)
[2018.04.17-22.34.41:889][211]LogModuleManager: Shutting down and abandoning module ClassViewer (394)
[2018.04.17-22.34.41:889][211]LogModuleManager: Shutting down and abandoning module Toolbox (392)
[2018.04.17-22.34.41:889][211]LogModuleManager: Shutting down and abandoning module ModuleUI (390)
[2018.04.17-22.34.41:929][211]LogModuleManager: Shutting down and abandoning module MovieSceneTools (388)
[2018.04.17-22.34.42:269][211]LogModuleManager: Shutting down and abandoning module OutputLog (386)
[2018.04.17-22.34.42:269][211]LogModuleManager: Shutting down and abandoning module GammaUI (384)
[2018.04.17-22.34.42:318][211]LogModuleManager: Shutting down and abandoning module Documentation (382)
[2018.04.17-22.34.42:318][211]LogModuleManager: Shutting down and abandoning module MovieSceneTracks (380)
[2018.04.17-22.34.42:318][211]LogModuleManager: Shutting down and abandoning module MovieScene (378)
[2018.04.17-22.34.42:318][211]LogModuleManager: Shutting down and abandoning module StreamingPauseRendering (376)
[2018.04.17-22.34.42:318][211]LogModuleManager: Shutting down and abandoning module LauncherPlatform (374)
[2018.04.17-22.34.42:318][211]LogModuleManager: Shutting down and abandoning module AnalyticsET (372)
[2018.04.17-22.34.42:318][211]LogModuleManager: Shutting down and abandoning module PortalServices (370)
[2018.04.17-22.34.42:318][211]LogModuleManager: Shutting down and abandoning module PortalRpc (368)
[2018.04.17-22.34.42:318][211]LogModuleManager: Shutting down and abandoning module MessagingRpc (366)
[2018.04.17-22.34.42:318][211]LogModuleManager: Shutting down and abandoning module AIModule (364)
[2018.04.17-22.34.42:318][211]LogModuleManager: Shutting down and abandoning module GameplayDebugger (363)
[2018.04.17-22.34.42:318][211]LogModuleManager: Shutting down and abandoning module AITestSuite (361)
[2018.04.17-22.34.42:318][211]LogModuleManager: Shutting down and abandoning module DesktopPlatform (358)
[2018.04.17-22.34.42:318][211]LogModuleManager: Shutting down and abandoning module ProfilerService (356)
[2018.04.17-22.34.42:514][211]LogModuleManager: Shutting down and abandoning module TaskGraph (354)
[2018.04.17-22.34.42:514][211]LogModuleManager: Shutting down and abandoning module SteamVRController (352)
[2018.04.17-22.34.42:514][211]LogModuleManager: Shutting down and abandoning module ProceduralMeshComponentEditor (350)
[2018.04.17-22.34.42:514][211]LogModuleManager: Shutting down and abandoning module ProceduralMeshComponent (348)
[2018.04.17-22.34.42:514][211]LogModuleManager: Shutting down and abandoning module OculusInput (346)
[2018.04.17-22.34.42:514][211]LogModuleManager: Shutting down and abandoning module CustomMeshComponent (344)
[2018.04.17-22.34.42:514][211]LogModuleManager: Shutting down and abandoning module CableComponent (342)
[2018.04.17-22.34.42:514][211]LogModuleManager: Shutting down and abandoning module ArchVisCharacter (340)
[2018.04.17-22.34.42:514][211]LogModuleManager: Shutting down and abandoning module LoginFlow (338)
[2018.04.17-22.34.42:515][211]LogModuleManager: Shutting down and abandoning module Rejoin (336)
[2018.04.17-22.34.42:515][211]LogModuleManager: Shutting down and abandoning module Hotfix (334)
[2018.04.17-22.34.42:515][211]LogModuleManager: Shutting down and abandoning module Lobby (332)
[2018.04.17-22.34.42:515][211]LogModuleManager: Shutting down and abandoning module Party (330)
[2018.04.17-22.34.42:515][211]LogModuleManager: Shutting down and abandoning module Qos (328)
[2018.04.17-22.34.42:515][211]LogModuleManager: Shutting down and abandoning module ActorSequence (326)
[2018.04.17-22.34.42:515][211]LogModuleManager: Shutting down and abandoning module MediaPlayerEditor (324)
[2018.04.17-22.34.42:584][211]LogModuleManager: Shutting down and abandoning module MediaCompositingEditor (322)
[2018.04.17-22.34.42:585][211]LogModuleManager: Shutting down and abandoning module MediaCompositing (320)
[2018.04.17-22.34.42:585][211]LogModuleManager: Shutting down and abandoning module VaRestEditorPlugin (318)
[2018.04.17-22.34.42:585][211]LogModuleManager: Shutting down and abandoning module LowEntryExtendedStandardLibraryEditor (316)
[2018.04.17-22.34.42:585][211]LogModuleManager: Shutting down and abandoning module HTML5Networking (314)
[2018.04.17-22.34.42:585][211]LogModuleManager: Shutting down and abandoning module AlembicImporter (312)
[2018.04.17-22.34.42:591][211]LogModuleManager: Shutting down and abandoning module AlembicLibrary (311)
[2018.04.17-22.34.42:592][211]LogModuleManager: Shutting down and abandoning module GeometryCache (310)
[2018.04.17-22.34.42:592][211]LogModuleManager: Shutting down and abandoning module GeometryCacheEd (309)
[2018.04.17-22.34.42:592][211]LogModuleManager: Shutting down and abandoning module SpeedTreeImporter (304)
[2018.04.17-22.34.42:592][211]LogModuleManager: Shutting down and abandoning module PluginBrowser (302)
[2018.04.17-22.34.42:686][211]LogModuleManager: Shutting down and abandoning module MobileLauncherProfileWizard (300)
[2018.04.17-22.34.42:713][211]LogModuleManager: Shutting down and abandoning module VisualStudioSourceCodeAccess (298)
[2018.04.17-22.34.42:713][211]LogModuleManager: Shutting down and abandoning module UObjectPlugin (296)
[2018.04.17-22.34.42:713][211]LogModuleManager: Shutting down and abandoning module SubversionSourceControl (294)
[2018.04.17-22.34.42:713][211]LogModuleManager: Shutting down and abandoning module PerforceSourceControl (292)
[2018.04.17-22.34.42:713][211]LogModuleManager: Shutting down and abandoning module GitSourceControl (290)
[2018.04.17-22.34.42:737][211]LogModuleManager: Shutting down and abandoning module SourceControl (289)
[2018.04.17-22.34.42:737][211]LogModuleManager: Shutting down and abandoning module LightPropagationVolumeEditor (286)
[2018.04.17-22.34.42:737][211]LogModuleManager: Shutting down and abandoning module PaperTiledImporter (284)
[2018.04.17-22.34.42:737][211]LogModuleManager: Shutting down and abandoning module PaperSpriteSheetImporter (282)
[2018.04.17-22.34.42:737][211]LogModuleManager: Shutting down and abandoning module Paper2DEditor (280)
[2018.04.17-22.34.42:754][211]LogModuleManager: Shutting down and abandoning module MeshPaint (279)
[2018.04.17-22.34.42:762][211]LogModuleManager: Shutting down and abandoning module LevelEditor (277)
[2018.04.17-22.34.42:771][211]LogModuleManager: Shutting down and abandoning module PixelInspectorModule (276)
[2018.04.17-22.34.42:783][211]LogModuleManager: Shutting down and abandoning module MainFrame (274)
[2018.04.17-22.34.42:784][211]LogModuleManager: Shutting down and abandoning module HotReload (273)
[2018.04.17-22.34.42:787][211]LogModuleManager: Shutting down and abandoning module RuntimePhysXCooking (268)
[2018.04.17-22.34.42:787][211]LogModuleManager: Shutting down and abandoning module PhysXVehiclesEditor (266)
[2018.04.17-22.34.42:787][211]LogModuleManager: Shutting down and abandoning module PhysXVehicles (264)
[2018.04.17-22.34.42:787][211]LogModuleManager: Shutting down and abandoning module OculusEditor (262)
[2018.04.17-22.34.42:787][211]LogModuleManager: Shutting down and abandoning module ImmediatePhysicsEditor (260)
[2018.04.17-22.34.42:787][211]LogModuleManager: Shutting down and abandoning module ImmediatePhysics (258)
[2018.04.17-22.34.42:787][211]LogModuleManager: Shutting down and abandoning module UdpMessaging (256)
[2018.04.17-22.34.42:908][211]LogModuleManager: Shutting down and abandoning module TcpMessaging (254)
[2018.04.17-22.34.43:013][211]LogModuleManager: Shutting down and abandoning module VaRestPlugin (252)
[2018.04.17-22.34.43:013][211]LogModuleManager: Shutting down and abandoning module LowEntrySocketConnection (250)
[2018.04.17-22.34.43:013][211]LogModuleManager: Shutting down and abandoning module LowEntryExtendedStandardLibrary (248)
[2018.04.17-22.34.43:013][211]LogModuleManager: Shutting down and abandoning module GameplayTagsEditor (246)
[2018.04.17-22.34.43:057][211]LogModuleManager: Shutting down and abandoning module FacialAnimationEditor (244)
[2018.04.17-22.34.43:057][211]LogModuleManager: Shutting down and abandoning module FacialAnimation (242)
[2018.04.17-22.34.43:057][211]LogModuleManager: Shutting down and abandoning module AssetManagerEditor (240)
[2018.04.17-22.34.43:057][211]LogModuleManager: Shutting down and abandoning module GraphEditor (239)
[2018.04.17-22.34.43:057][211]LogModuleManager: Shutting down and abandoning module ContentBrowser (237)
[2018.04.17-22.34.43:059][211]LogModuleManager: Shutting down and abandoning module LightPropagationVolumeRuntime (234)
[2018.04.17-22.34.43:059][211]LogModuleManager: Shutting down and abandoning module Paper2D (232)
[2018.04.17-22.34.43:059][211]LogModuleManager: Shutting down and abandoning module WindowsMoviePlayer (230)
[2018.04.17-22.34.43:059][211]LogModuleManager: Shutting down and abandoning module WmfMedia (228)
[2018.04.17-22.34.43:070][211]LogModuleManager: Shutting down and abandoning module ImgMedia (226)
[2018.04.17-22.34.43:070][211]LogModuleManager: Shutting down and abandoning module PacketHandler (224)
[2018.04.17-22.34.43:070][211]LogModuleManager: Shutting down and abandoning module ClothingSystemEditor (222)
[2018.04.17-22.34.43:070][211]LogModuleManager: Shutting down and abandoning module ClothingSystemRuntime (220)
[2018.04.17-22.34.43:070][211]LogModuleManager: Shutting down and abandoning module MediaAssets (218)
[2018.04.17-22.34.43:070][211]LogModuleManager: Shutting down and abandoning module Media (217)
[2018.04.17-22.34.43:076][211]LogModuleManager: Shutting down and abandoning module Overlay (214)
[2018.04.17-22.34.43:077][211]LogModuleManager: Shutting down and abandoning module OverlayEditor (213)
[2018.04.17-22.34.43:077][211]LogModuleManager: Shutting down and abandoning module VREditor (210)
[2018.04.17-22.34.43:092][211]LogModuleManager: Shutting down and abandoning module StringTableEditor (208)
[2018.04.17-22.34.43:092][211]LogModuleManager: Shutting down and abandoning module GameplayTasksEditor (206)
[2018.04.17-22.34.43:092][211]LogModuleManager: Shutting down and abandoning module BehaviorTreeEditor (204)
[2018.04.17-22.34.43:092][211]LogModuleManager: Shutting down and abandoning module FunctionalTesting (202)
[2018.04.17-22.34.43:092][211]LogModuleManager: Shutting down and abandoning module CollisionAnalyzer (200)
[2018.04.17-22.34.43:092][211]LogModuleManager: Shutting down and abandoning module WorkspaceMenuStructure (199)
[2018.04.17-22.34.43:092][211]LogModuleManager: Shutting down and abandoning module UMG (196)
[2018.04.17-22.34.43:092][211]LogModuleManager: Shutting down and abandoning module UMGEditor (195)
[2018.04.17-22.34.43:092][211]LogModuleManager: Shutting down and abandoning module Sequencer (194)
[2018.04.17-22.34.43:092][211]LogModuleManager: Shutting down and abandoning module MessageLog (191)
[2018.04.17-22.34.43:092][211]LogModuleManager: Shutting down and abandoning module SlateReflector (186)
[2018.04.17-22.34.43:092][211]LogModuleManager: Shutting down and abandoning module Slate (184)
[2018.04.17-22.34.43:092][211]LogModuleManager: Shutting down and abandoning module EditorStyle (182)
[2018.04.17-22.34.43:095][211]LogModuleManager: Shutting down and abandoning module MRMesh (180)
[2018.04.17-22.34.43:096][211]LogModuleManager: Shutting down and abandoning module SourceCodeAccess (178)
[2018.04.17-22.34.43:096][211]LogModuleManager: Shutting down and abandoning module HeadMountedDisplay (176)
[2018.04.17-22.34.43:096][211]LogModuleManager: Shutting down and abandoning module XAudio2 (174)
[2018.04.17-22.34.43:096][211]LogModuleManager: Shutting down and abandoning module Networking (172)
[2018.04.17-22.34.43:096][211]LogModuleManager: Shutting down and abandoning module Core (168)
[2018.04.17-22.34.43:096][211]LogModuleManager: Shutting down and abandoning module LevelSequence (164)
[2018.04.17-22.34.43:096][211]LogModuleManager: Shutting down and abandoning module DirectoryWatcher (162)
[2018.04.17-22.34.43:096][211]LogDirectoryWatcher: A directory notification for '../../../Engine/Content/' was aborted.
[2018.04.17-22.34.43:096][211]LogDirectoryWatcher: A directory notification for '../../../../../../Development/Mary/Cyber-War/CyberWar/Content/' was aborted.
[2018.04.17-22.34.43:097][211]LogModuleManager: Shutting down and abandoning module KismetCompiler (160)
[2018.04.17-22.34.43:097][211]LogModuleManager: Shutting down and abandoning module MeshUtilities (158)
[2018.04.17-22.34.43:097][211]LogModuleManager: Shutting down and abandoning module MeshMergeUtilities (157)
[2018.04.17-22.34.43:097][211]LogModuleManager: Shutting down and abandoning module MeshReductionInterface (156)
[2018.04.17-22.34.43:097][211]LogModuleManager: Shutting down and abandoning module SimplygonSwarm (155)
[2018.04.17-22.34.43:097][211]LogModuleManager: Shutting down and abandoning module SimplygonMeshReduction (153)
[2018.04.17-22.34.43:097][211]LogModuleManager: Shutting down and abandoning module QuadricMeshReduction (151)
[2018.04.17-22.34.43:097][211]LogModuleManager: Shutting down and abandoning module MaterialBaking (147)
[2018.04.17-22.34.43:097][211]LogModuleManager: Shutting down and abandoning module DerivedDataCache (144)
[2018.04.17-22.34.43:439][211]LogDerivedDataCache: Shutdown
[2018.04.17-22.34.43:439][211]LogModuleManager: Shutting down and abandoning module TargetPlatform (142)
[2018.04.17-22.34.43:439][211]LogModuleManager: Shutting down and abandoning module VulkanShaderFormat (141)
[2018.04.17-22.34.43:439][211]LogModuleManager: Shutting down and abandoning module ShaderFormatVectorVM (139)
[2018.04.17-22.34.43:439][211]LogModuleManager: Shutting down and abandoning module ShaderFormatOpenGL (137)
[2018.04.17-22.34.43:439][211]LogModuleManager: Shutting down and abandoning module ShaderFormatD3D (135)
[2018.04.17-22.34.43:439][211]LogModuleManager: Shutting down and abandoning module MetalShaderFormat (133)
[2018.04.17-22.34.43:439][211]LogModuleManager: Shutting down and abandoning module TextureFormatUncompressed (131)
[2018.04.17-22.34.43:439][211]LogModuleManager: Shutting down and abandoning module TextureFormatPVR (129)
[2018.04.17-22.34.43:439][211]LogModuleManager: Shutting down and abandoning module TextureFormatDXT (127)
[2018.04.17-22.34.43:439][211]LogModuleManager: Shutting down and abandoning module TextureFormatIntelISPCTexComp (125)
[2018.04.17-22.34.43:439][211]LogModuleManager: Shutting down and abandoning module TextureFormatASTC (123)
[2018.04.17-22.34.43:439][211]LogModuleManager: Shutting down and abandoning module ImageWrapper (122)
[2018.04.17-22.34.43:439][211]LogModuleManager: Shutting down and abandoning module TextureFormatAndroid (119)
[2018.04.17-22.34.43:439][211]LogModuleManager: Shutting down and abandoning module AudioFormatOpus (117)
[2018.04.17-22.34.43:439][211]LogModuleManager: Shutting down and abandoning module AudioFormatOgg (115)
[2018.04.17-22.34.43:439][211]LogModuleManager: Shutting down and abandoning module AudioFormatADPCM (113)
[2018.04.17-22.34.43:439][211]LogModuleManager: Shutting down and abandoning module LinuxTargetPlatform (111)
[2018.04.17-22.34.43:439][211]LogModuleManager: Shutting down and abandoning module LinuxServerTargetPlatform (109)
[2018.04.17-22.34.43:439][211]LogModuleManager: Shutting down and abandoning module LinuxNoEditorTargetPlatform (107)
[2018.04.17-22.34.43:439][211]LogModuleManager: Shutting down and abandoning module LinuxClientTargetPlatform (105)
[2018.04.17-22.34.43:439][211]LogModuleManager: Shutting down and abandoning module TVOSTargetPlatform (103)
[2018.04.17-22.34.43:439][211]LogModuleManager: Shutting down and abandoning module Messaging (101)
[2018.04.17-22.34.43:439][211]LogModuleManager: Shutting down and abandoning module IOSTargetPlatform (99)
[2018.04.17-22.34.43:439][211]LogModuleManager: Shutting down and abandoning module HTML5TargetPlatform (97)
[2018.04.17-22.34.43:439][211]LogModuleManager: Shutting down and abandoning module AndroidTargetPlatform (95)
[2018.04.17-22.34.43:439][211]LogModuleManager: Shutting down and abandoning module Android_PVRTCTargetPlatform (93)
[2018.04.17-22.34.43:439][211]LogModuleManager: Shutting down and abandoning module Android_MultiTargetPlatform (91)
[2018.04.17-22.34.43:439][211]LogModuleManager: Shutting down and abandoning module Android_ETC2TargetPlatform (89)
[2018.04.17-22.34.43:439][211]LogModuleManager: Shutting down and abandoning module Android_ETC1TargetPlatform (87)
[2018.04.17-22.34.43:439][211]LogModuleManager: Shutting down and abandoning module Android_DXTTargetPlatform (85)
[2018.04.17-22.34.43:439][211]LogModuleManager: Shutting down and abandoning module Android_ATCTargetPlatform (83)
[2018.04.17-22.34.43:439][211]LogModuleManager: Shutting down and abandoning module Android_ASTCTargetPlatform (81)
[2018.04.17-22.34.43:439][211]LogModuleManager: Shutting down and abandoning module WindowsTargetPlatform (79)
[2018.04.17-22.34.43:439][211]LogModuleManager: Shutting down and abandoning module WindowsServerTargetPlatform (77)
[2018.04.17-22.34.43:439][211]LogModuleManager: Shutting down and abandoning module WindowsNoEditorTargetPlatform (75)
[2018.04.17-22.34.43:439][211]LogModuleManager: Shutting down and abandoning module WindowsClientTargetPlatform (73)
[2018.04.17-22.34.43:439][211]LogModuleManager: Shutting down and abandoning module MacTargetPlatform (71)
[2018.04.17-22.34.43:439][211]LogModuleManager: Shutting down and abandoning module MacServerTargetPlatform (69)
[2018.04.17-22.34.43:439][211]LogModuleManager: Shutting down and abandoning module MacNoEditorTargetPlatform (67)
[2018.04.17-22.34.43:439][211]LogModuleManager: Shutting down and abandoning module MacClientTargetPlatform (65)
[2018.04.17-22.34.43:439][211]LogModuleManager: Shutting down and abandoning module AllDesktopTargetPlatform (63)
[2018.04.17-22.34.43:439][211]LogModuleManager: Shutting down and abandoning module InputCore (60)
[2018.04.17-22.34.43:439][211]LogModuleManager: Shutting down and abandoning module Settings (58)
[2018.04.17-22.34.43:440][211]LogModuleManager: Shutting down and abandoning module PhysXCooking (56)
[2018.04.17-22.34.43:440][211]LogModuleManager: Shutting down and abandoning module SteamVR (54)
[2018.04.17-22.34.43:440][211]LogModuleManager: Shutting down and abandoning module OculusHMD (52)
[2018.04.17-22.34.43:440][211]LogModuleManager: Shutting down and abandoning module ExampleDeviceProfileSelector (50)
[2018.04.17-22.34.43:440][211]LogModuleManager: Shutting down and abandoning module OnlineBlueprintSupport (48)
[2018.04.17-22.34.43:440][211]LogModuleManager: Shutting down and abandoning module OnlineSubsystem (44)
[2018.04.17-22.34.43:440][211]LogModuleManager: Shutting down and abandoning module XMPP (43)
[2018.04.17-22.34.43:440][211]LogModuleManager: Shutting down and abandoning module HTTP (41)
[2018.04.17-22.34.43:440][211]LogHttp: Display: Http module shutting down, but needs to wait on 1 outstanding Http requests:
[2018.04.17-22.34.43:454][211]LogHttp: Display: 	verb=[POST] url=[https://datarouter.ol.epicgames.com/datarouter/api/v1/public/data?SessionID=%7B2EBA4BCE-4015-F42E-2FA1-96822AA949FD%7D&AppID=UEEditor.Rocket.Release&AppVersion=4.18.3-3832480%2B%2B%2BUE4%2BRelease-4.18&UserID=2c6610f74f8cdf95741746a9d3e8185a%7C8167cdcf23284d0f90b0e1e46bc72afd%7C057141d7-b98d-4be3-b125-df727f93db6b&AppEnvironment=datacollector-binary&UploadType=eteventstream] status=Processing
[2018.04.17-22.34.43:464][211]LogModuleManager: Shutting down and abandoning module SSL (40)
[2018.04.17-22.34.43:470][211]LogModuleManager: Shutting down and abandoning module AnimationModifiers (36)
[2018.04.17-22.34.43:470][211]LogModuleManager: Shutting down and abandoning module PropertyEditor (35)
[2018.04.17-22.34.43:470][211]LogModuleManager: Shutting down and abandoning module AudioEditor (32)
[2018.04.17-22.34.43:470][211]LogModuleManager: Shutting down and abandoning module TextureCompressor (30)
[2018.04.17-22.34.43:470][211]LogModuleManager: Shutting down and abandoning module ShaderCore (28)
[2018.04.17-22.34.43:470][211]LogModuleManager: Shutting down and abandoning module Landscape (26)
[2018.04.17-22.34.43:470][211]LogModuleManager: Shutting down and abandoning module SlateRHIRenderer (24)
[2018.04.17-22.34.43:472][211]LogModuleManager: Shutting down and abandoning module OpenGLDrv (22)
[2018.04.17-22.34.43:473][211]LogModuleManager: Shutting down and abandoning module D3D11RHI (20)
[2018.04.17-22.34.43:473][211]LogModuleManager: Shutting down and abandoning module AnimGraphRuntime (18)
[2018.04.17-22.34.43:473][211]LogModuleManager: Shutting down and abandoning module Renderer (16)
[2018.04.17-22.34.43:473][211]LogModuleManager: Shutting down and abandoning module Engine (14)
[2018.04.17-22.34.43:473][211]LogModuleManager: Shutting down and abandoning module CoreUObject (12)
[2018.04.17-22.34.43:473][211]LogModuleManager: Shutting down and abandoning module NetworkFile (10)
[2018.04.17-22.34.43:473][211]LogModuleManager: Shutting down and abandoning module CookedIterativeFile (8)
[2018.04.17-22.34.43:473][211]LogModuleManager: Shutting down and abandoning module StreamingFile (6)
[2018.04.17-22.34.43:473][211]LogModuleManager: Shutting down and abandoning module SandboxFile (4)
[2018.04.17-22.34.43:473][211]LogModuleManager: Shutting down and abandoning module PakFile (2)
[2018.04.17-22.34.43:494][211]LogExit: Exiting.
[2018.04.17-22.34.43:555][211]Log file closed, 04/18/18 01:34:43
