Log file open, 04/18/18 15:03:42
LogWindows: Failed to load 'aqProf.dll' (GetLastError=126)
LogWindows: File 'aqProf.dll' does not exist
LogWindows: Failed to load 'VtuneApi.dll' (GetLastError=126)
LogWindows: File 'VtuneApi.dll' does not exist
LogWindows: Failed to load 'VtuneApi32e.dll' (GetLastError=126)
LogWindows: File 'VtuneApi32e.dll' does not exist
LogInit: Display: Running engine for game: CyberWar
LogPlatformFile: Not using cached read wrapper
LogInit: Display: RandInit(1198607768) SRandInit(1198607768).
LogInit: Read version file with build ID '3709383'
LogInit: Overriding engine version to CL 3832480, compatible CL 3709383
LogInit: Registered custom module enumerator with build ID '3709383'
LogInit: Warning: Passing commandline switches using / instead of - has been deprecated and will be removed in future versions of Unreal Engine.
LogTaskGraph: Started task graph with 5 named threads and 8 total threads with 3 sets of task threads.
LogStats: Stats thread started at 0.107951
LogD3D11RHI: Aftermath initialized
LogInit: Warning: Passing commandline switches using / instead of - has been deprecated and will be removed in future versions of Unreal Engine.
LogModuleManager: Display: Found up-to-date module file ../../../Engine/Plugins/Marketplace/VaRestPlugin/Binaries/Win64/UE4Editor-VaRestPlugin.dll (API version 3709383).
LogModuleManager: Display: Found up-to-date module file ../../../Engine/Plugins/Marketplace/VaRestPlugin/Binaries/Win64/UE4Editor-VaRestEditorPlugin.dll (API version 3709383).
LogModuleManager: Display: Found up-to-date module file ../../../Engine/Plugins/Marketplace/LowEntrySocketConnection/Binaries/Win64/UE4Editor-LowEntrySocketConnection.dll (API version 3709383).
LogModuleManager: Display: Found up-to-date module file ../../../Engine/Plugins/Marketplace/LowEntryExtStdLib/Binaries/Win64/UE4Editor-LowEntryExtendedStandardLibrary.dll (API version 3709383).
LogModuleManager: Display: Found up-to-date module file ../../../Engine/Plugins/Marketplace/LowEntryExtStdLib/Binaries/Win64/UE4Editor-LowEntryExtendedStandardLibraryEditor.dll (API version 3709383).
LogModuleManager: Display: Found up-to-date module file ../../../Engine/Plugins/Online/OnlineFramework/Binaries/Win64/UE4Editor-Qos.dll (API version 3709383).
LogModuleManager: Display: Found up-to-date module file ../../../Engine/Plugins/Online/OnlineFramework/Binaries/Win64/UE4Editor-Party.dll (API version 3709383).
LogModuleManager: Display: Found up-to-date module file ../../../Engine/Plugins/Online/OnlineFramework/Binaries/Win64/UE4Editor-Lobby.dll (API version 3709383).
LogModuleManager: Display: Found up-to-date module file ../../../Engine/Plugins/Online/OnlineFramework/Binaries/Win64/UE4Editor-Hotfix.dll (API version 3709383).
LogModuleManager: Display: Found up-to-date module file ../../../Engine/Plugins/Online/OnlineFramework/Binaries/Win64/UE4Editor-Rejoin.dll (API version 3709383).
LogModuleManager: Display: Found up-to-date module file ../../../Engine/Plugins/Online/OnlineFramework/Binaries/Win64/UE4Editor-LoginFlow.dll (API version 3709383).
LogModuleManager: Display: Found up-to-date module file ../../../Engine/Plugins/Online/OnlineSubsystem/Binaries/Win64/UE4Editor-OnlineSubsystem.dll (API version 3709383).
LogModuleManager: Display: Found up-to-date module file ../../../Engine/Plugins/Online/OnlineSubsystemUtils/Binaries/Win64/UE4Editor-OnlineSubsystemUtils.dll (API version 3709383).
LogModuleManager: Display: Found up-to-date module file ../../../Engine/Plugins/Online/OnlineSubsystemUtils/Binaries/Win64/UE4Editor-OnlineBlueprintSupport.dll (API version 3709383).
LogModuleManager: Display: Found up-to-date module file ../../../Engine/Plugins/2D/Paper2D/Binaries/Win64/UE4Editor-Paper2D.dll (API version 3709383).
LogModuleManager: Display: Found up-to-date module file ../../../Engine/Plugins/2D/Paper2D/Binaries/Win64/UE4Editor-Paper2DEditor.dll (API version 3709383).
LogModuleManager: Display: Found up-to-date module file ../../../Engine/Plugins/2D/Paper2D/Binaries/Win64/UE4Editor-PaperSpriteSheetImporter.dll (API version 3709383).
LogModuleManager: Display: Found up-to-date module file ../../../Engine/Plugins/2D/Paper2D/Binaries/Win64/UE4Editor-PaperTiledImporter.dll (API version 3709383).
LogModuleManager: Display: Found up-to-date module file ../../../Engine/Plugins/2D/Paper2D/Binaries/Win64/UE4Editor-SmartSnapping.dll (API version 3709383).
LogModuleManager: Display: Found up-to-date module file ../../../Engine/Plugins/Blendables/LightPropagationVolume/Binaries/Win64/UE4Editor-LightPropagationVolumeRuntime.dll (API version 3709383).
LogModuleManager: Display: Found up-to-date module file ../../../Engine/Plugins/Blendables/LightPropagationVolume/Binaries/Win64/UE4Editor-LightPropagationVolumeEditor.dll (API version 3709383).
LogModuleManager: Display: Found up-to-date module file ../../../Engine/Plugins/Developer/GitSourceControl/Binaries/Win64/UE4Editor-GitSourceControl.dll (API version 3709383).
LogModuleManager: Display: Found up-to-date module file ../../../Engine/Plugins/Developer/PerforceSourceControl/Binaries/Win64/UE4Editor-PerforceSourceControl.dll (API version 3709383).
LogModuleManager: Display: Found up-to-date module file ../../../Engine/Plugins/Developer/SubversionSourceControl/Binaries/Win64/UE4Editor-SubversionSourceControl.dll (API version 3709383).
LogModuleManager: Display: Found up-to-date module file ../../../Engine/Plugins/Developer/UObjectPlugin/Binaries/Win64/UE4Editor-UObjectPlugin.dll (API version 3709383).
LogModuleManager: Display: Found up-to-date module file ../../../Engine/Plugins/Developer/VisualStudioSourceCodeAccess/Binaries/Win64/UE4Editor-VisualStudioSourceCodeAccess.dll (API version 3709383).
LogModuleManager: Display: Found up-to-date module file ../../../Engine/Plugins/Editor/AssetManagerEditor/Binaries/Win64/UE4Editor-AssetManagerEditor.dll (API version 3709383).
LogModuleManager: Display: Found up-to-date module file ../../../Engine/Plugins/Editor/AudioCapture/Binaries/Win64/UE4Editor-AudioCapture.dll (API version 3709383).
LogModuleManager: Display: Found up-to-date module file ../../../Engine/Plugins/Editor/FacialAnimation/Binaries/Win64/UE4Editor-FacialAnimation.dll (API version 3709383).
LogModuleManager: Display: Found up-to-date module file ../../../Engine/Plugins/Editor/FacialAnimation/Binaries/Win64/UE4Editor-FacialAnimationEditor.dll (API version 3709383).
LogModuleManager: Display: Found up-to-date module file ../../../Engine/Plugins/Editor/GameplayTagsEditor/Binaries/Win64/UE4Editor-GameplayTagsEditor.dll (API version 3709383).
LogModuleManager: Display: Found up-to-date module file ../../../Engine/Plugins/Editor/MobileLauncherProfileWizard/Binaries/Win64/UE4Editor-MobileLauncherProfileWizard.dll (API version 3709383).
LogModuleManager: Display: Found up-to-date module file ../../../Engine/Plugins/Editor/PluginBrowser/Binaries/Win64/UE4Editor-PluginBrowser.dll (API version 3709383).
LogModuleManager: Display: Found up-to-date module file ../../../Engine/Plugins/Editor/SpeedTreeImporter/Binaries/Win64/UE4Editor-SpeedTreeImporter.dll (API version 3709383).
LogModuleManager: Display: Found up-to-date module file ../../../Engine/Plugins/Experimental/AlembicImporter/Binaries/Win64/UE4Editor-AlembicImporter.dll (API version 3709383).
LogModuleManager: Display: Found up-to-date module file ../../../Engine/Plugins/Experimental/AlembicImporter/Binaries/Win64/UE4Editor-AlembicLibrary.dll (API version 3709383).
LogModuleManager: Display: Found up-to-date module file ../../../Engine/Plugins/Experimental/CharacterAI/Binaries/Win64/UE4Editor-CharacterAI.dll (API version 3709383).
LogModuleManager: Display: Found up-to-date module file ../../../Engine/Plugins/Experimental/HTML5Networking/Binaries/Win64/UE4Editor-HTML5Networking.dll (API version 3709383).
LogModuleManager: Display: Found up-to-date module file ../../../Engine/Plugins/Media/AvfMedia/Binaries/Win64/UE4Editor-AvfMediaEditor.dll (API version 3709383).
LogModuleManager: Display: Found up-to-date module file ../../../Engine/Plugins/Media/AvfMedia/Binaries/Win64/UE4Editor-AvfMediaFactory.dll (API version 3709383).
LogModuleManager: Display: Found up-to-date module file ../../../Engine/Plugins/Media/AvfMedia/Binaries/Win64/UE4Editor-AvfMediaFactory.dll (API version 3709383).
LogModuleManager: Display: Found up-to-date module file ../../../Engine/Plugins/Media/ImgMedia/Binaries/Win64/UE4Editor-ImgMedia.dll (API version 3709383).
LogModuleManager: Display: Found up-to-date module file ../../../Engine/Plugins/Media/ImgMedia/Binaries/Win64/UE4Editor-ImgMediaEditor.dll (API version 3709383).
LogModuleManager: Display: Found up-to-date module file ../../../Engine/Plugins/Media/ImgMedia/Binaries/Win64/UE4Editor-ImgMediaFactory.dll (API version 3709383).
LogModuleManager: Display: Found up-to-date module file ../../../Engine/Plugins/Media/ImgMedia/Binaries/Win64/UE4Editor-ImgMediaFactory.dll (API version 3709383).
LogModuleManager: Display: Found up-to-date module file ../../../Engine/Plugins/Media/ImgMedia/Binaries/Win64/UE4Editor-OpenExrWrapper.dll (API version 3709383).
LogModuleManager: Display: Found up-to-date module file ../../../Engine/Plugins/Media/MediaCompositing/Binaries/Win64/UE4Editor-MediaCompositing.dll (API version 3709383).
LogModuleManager: Display: Found up-to-date module file ../../../Engine/Plugins/Media/MediaCompositing/Binaries/Win64/UE4Editor-MediaCompositingEditor.dll (API version 3709383).
LogModuleManager: Display: Found up-to-date module file ../../../Engine/Plugins/Media/MediaPlayerEditor/Binaries/Win64/UE4Editor-MediaPlayerEditor.dll (API version 3709383).
LogModuleManager: Display: Found up-to-date module file ../../../Engine/Plugins/Media/WmfMedia/Binaries/Win64/UE4Editor-WmfMedia.dll (API version 3709383).
LogModuleManager: Display: Found up-to-date module file ../../../Engine/Plugins/Media/WmfMedia/Binaries/Win64/UE4Editor-WmfMediaEditor.dll (API version 3709383).
LogModuleManager: Display: Found up-to-date module file ../../../Engine/Plugins/Media/WmfMedia/Binaries/Win64/UE4Editor-WmfMediaFactory.dll (API version 3709383).
LogModuleManager: Display: Found up-to-date module file ../../../Engine/Plugins/Media/WmfMedia/Binaries/Win64/UE4Editor-WmfMediaFactory.dll (API version 3709383).
LogModuleManager: Display: Found up-to-date module file ../../../Engine/Plugins/Messaging/TcpMessaging/Binaries/Win64/UE4Editor-TcpMessaging.dll (API version 3709383).
LogModuleManager: Display: Found up-to-date module file ../../../Engine/Plugins/Messaging/UdpMessaging/Binaries/Win64/UE4Editor-UdpMessaging.dll (API version 3709383).
LogModuleManager: Display: Found up-to-date module file ../../../Engine/Plugins/MovieScene/ActorSequence/Binaries/Win64/UE4Editor-ActorSequence.dll (API version 3709383).
LogModuleManager: Display: Found up-to-date module file ../../../Engine/Plugins/MovieScene/LevelSequenceEditor/Binaries/Win64/UE4Editor-LevelSequenceEditor.dll (API version 3709383).
LogModuleManager: Display: Found up-to-date module file ../../../Engine/Plugins/MovieScene/MatineeToLevelSequence/Binaries/Win64/UE4Editor-MatineeToLevelSequence.dll (API version 3709383).
LogModuleManager: Display: Found up-to-date module file ../../../Engine/Plugins/Runtime/AndroidDeviceProfileSelector/Binaries/Win64/UE4Editor-AndroidDeviceProfileSelector.dll (API version 3709383).
LogModuleManager: Display: Found up-to-date module file ../../../Engine/Plugins/Runtime/ArchVisCharacter/Binaries/Win64/UE4Editor-ArchVisCharacter.dll (API version 3709383).
LogModuleManager: Display: Found up-to-date module file ../../../Engine/Plugins/Runtime/CableComponent/Binaries/Win64/UE4Editor-CableComponent.dll (API version 3709383).
LogModuleManager: Display: Found up-to-date module file ../../../Engine/Plugins/Runtime/CustomMeshComponent/Binaries/Win64/UE4Editor-CustomMeshComponent.dll (API version 3709383).
LogModuleManager: Display: Found up-to-date module file ../../../Engine/Plugins/Runtime/ExampleDeviceProfileSelector/Binaries/Win64/UE4Editor-ExampleDeviceProfileSelector.dll (API version 3709383).
LogModuleManager: Display: Found up-to-date module file ../../../Engine/Plugins/Runtime/ImmediatePhysics/Binaries/Win64/UE4Editor-ImmediatePhysics.dll (API version 3709383).
LogModuleManager: Display: Found up-to-date module file ../../../Engine/Plugins/Runtime/ImmediatePhysics/Binaries/Win64/UE4Editor-ImmediatePhysicsEditor.dll (API version 3709383).
LogModuleManager: Display: Found up-to-date module file ../../../Engine/Plugins/Runtime/Oculus/OculusVR/Binaries/Win64/UE4Editor-OculusHMD.dll (API version 3709383).
LogModuleManager: Display: Found up-to-date module file ../../../Engine/Plugins/Runtime/Oculus/OculusVR/Binaries/Win64/UE4Editor-OculusInput.dll (API version 3709383).
LogModuleManager: Display: Found up-to-date module file ../../../Engine/Plugins/Runtime/Oculus/OculusVR/Binaries/Win64/UE4Editor-OculusEditor.dll (API version 3709383).
LogModuleManager: Display: Found up-to-date module file ../../../Engine/Plugins/Runtime/PhysXVehicles/Binaries/Win64/UE4Editor-PhysXVehicles.dll (API version 3709383).
LogModuleManager: Display: Found up-to-date module file ../../../Engine/Plugins/Runtime/PhysXVehicles/Binaries/Win64/UE4Editor-PhysXVehiclesEditor.dll (API version 3709383).
LogModuleManager: Display: Found up-to-date module file ../../../Engine/Plugins/Runtime/ProceduralMeshComponent/Binaries/Win64/UE4Editor-ProceduralMeshComponent.dll (API version 3709383).
LogModuleManager: Display: Found up-to-date module file ../../../Engine/Plugins/Runtime/ProceduralMeshComponent/Binaries/Win64/UE4Editor-ProceduralMeshComponentEditor.dll (API version 3709383).
LogModuleManager: Display: Found up-to-date module file ../../../Engine/Plugins/Runtime/RuntimePhysXCooking/Binaries/Win64/UE4Editor-RuntimePhysXCooking.dll (API version 3709383).
LogModuleManager: Display: Found up-to-date module file ../../../Engine/Plugins/Runtime/Steam/SteamVR/Binaries/Win64/UE4Editor-SteamVR.dll (API version 3709383).
LogModuleManager: Display: Found up-to-date module file ../../../Engine/Plugins/Runtime/Steam/SteamVR/Binaries/Win64/UE4Editor-SteamVRController.dll (API version 3709383).
LogModuleManager: Display: Found up-to-date module file ../../../Engine/Plugins/Runtime/WindowsMoviePlayer/Binaries/Win64/UE4Editor-WindowsMoviePlayer.dll (API version 3709383).
LogPluginManager: Mounting plugin Paper2D
LogPluginManager: Mounting plugin LightPropagationVolume
LogPluginManager: Mounting plugin GitSourceControl
LogPluginManager: Mounting plugin KDevelopSourceCodeAccess
LogPluginManager: Mounting plugin NullSourceCodeAccess
LogPluginManager: Mounting plugin PerforceSourceControl
LogPluginManager: Mounting plugin SubversionSourceControl
LogPluginManager: Mounting plugin UObjectPlugin
LogPluginManager: Mounting plugin VisualStudioSourceCodeAccess
LogPluginManager: Mounting plugin AssetManagerEditor
LogPluginManager: Mounting plugin AudioCapture
LogPluginManager: Mounting plugin FacialAnimation
LogPluginManager: Mounting plugin GameplayTagsEditor
LogPluginManager: Mounting plugin MobileLauncherProfileWizard
LogPluginManager: Mounting plugin PluginBrowser
LogPluginManager: Mounting plugin SpeedTreeImporter
LogPluginManager: Mounting plugin AlembicImporter
LogPluginManager: Mounting plugin CharacterAI
LogPluginManager: Mounting plugin HTML5Networking
LogPluginManager: Mounting plugin LowEntryExtStdLib
LogPluginManager: Mounting plugin LowEntrySocketConnection
LogPluginManager: Mounting plugin VaRestPlugin
LogPluginManager: Mounting plugin AvfMedia
LogPluginManager: Mounting plugin ImgMedia
LogPluginManager: Mounting plugin MediaCompositing
LogPluginManager: Mounting plugin MediaPlayerEditor
LogPluginManager: Mounting plugin WmfMedia
LogPluginManager: Mounting plugin TcpMessaging
LogPluginManager: Mounting plugin UdpMessaging
LogPluginManager: Mounting plugin ActorSequence
LogPluginManager: Mounting plugin LevelSequenceEditor
LogPluginManager: Mounting plugin MatineeToLevelSequence
LogPluginManager: Mounting plugin OnlineFramework
LogPluginManager: Mounting plugin OnlineSubsystem
LogPluginManager: Mounting plugin OnlineSubsystemUtils
LogPluginManager: Mounting plugin AndroidDeviceProfileSelector
LogPluginManager: Mounting plugin ArchVisCharacter
LogPluginManager: Mounting plugin CableComponent
LogPluginManager: Mounting plugin CustomMeshComponent
LogPluginManager: Mounting plugin ExampleDeviceProfileSelector
LogPluginManager: Mounting plugin ImmediatePhysics
LogPluginManager: Mounting plugin IOSDeviceProfileSelector
LogPluginManager: Mounting plugin LinuxDeviceProfileSelector
LogPluginManager: Mounting plugin OculusVR
LogPluginManager: Plugin shader directory ../../../Engine/Plugins/Runtime/Oculus/OculusVR/Shaders found
LogPluginManager: Mapping shader source directory ../../../Engine/Plugins/Runtime/Oculus/OculusVR/Shaders to virtual directory /Plugin/OculusVR
LogPluginManager: Mounting plugin PhysXVehicles
LogPluginManager: Mounting plugin ProceduralMeshComponent
LogPluginManager: Mounting plugin RuntimePhysXCooking
LogPluginManager: Mounting plugin SteamVR
LogPluginManager: Mounting plugin WindowsMoviePlayer
LogInit: Using libcurl 7.47.1
LogInit:  - built for x86_64-pc-win32
LogInit:  - supports SSL with OpenSSL/1.0.2g
LogInit:  - supports HTTP deflate (compression) using libz 1.2.8
LogInit:  - other features:
LogInit:      CURL_VERSION_SSL
LogInit:      CURL_VERSION_LIBZ
LogInit:      CURL_VERSION_IPV6
LogInit:      CURL_VERSION_ASYNCHDNS
LogInit:      CURL_VERSION_LARGEFILE
LogInit:      CURL_VERSION_IDN
LogInit:  CurlRequestOptions (configurable via config and command line):
LogInit:  - bVerifyPeer = false  - Libcurl will NOT verify peer certificate
LogInit:  - bUseHttpProxy = false  - Libcurl will NOT use HTTP proxy
LogInit:  - bDontReuseConnections = false  - Libcurl will reuse connections
LogInit:  - CertBundlePath = nullptr  - Libcurl will use whatever was configured at build time.
LogInit: Build: ++UE4+Release-4.18-CL-3832480
LogInit: Engine Version: 4.18.3-3832480+++UE4+Release-4.18
LogInit: Compatible Engine Version: 4.18.0-3709383+++UE4+Release-4.18
LogInit: Net CL: 3709383
LogDevObjectVersion: Number of dev versions registered: 16
LogDevObjectVersion:   Dev-Blueprints (B0D832E4-1F89-4F0D-ACCF-7EB736FD4AA2): 10
LogDevObjectVersion:   Dev-Build (E1C64328-A22C-4D53-A36C-8E866417BD8C): 0
LogDevObjectVersion:   Dev-Core (375EC13C-06E4-48FB-B500-84F0262A717E): 2
LogDevObjectVersion:   Dev-Editor (E4B068ED-F494-42E9-A231-DA0B2E46BB41): 20
LogDevObjectVersion:   Dev-Framework (CFFC743F-43B0-4480-9391-14DF171D2073): 30
LogDevObjectVersion:   Dev-Mobile (B02B49B5-BB20-44E9-A304-32B752E40360): 0
LogDevObjectVersion:   Dev-Networking (A4E4105C-59A1-49B5-A7C5-40C4547EDFEE): 0
LogDevObjectVersion:   Dev-Online (39C831C9-5AE6-47DC-9A44-9C173E1C8E7C): 0
LogDevObjectVersion:   Dev-Physics (78F01B33-EBEA-4F98-B9B4-84EACCB95AA2): 0
LogDevObjectVersion:   Dev-Platform (6631380F-2D4D-43E0-8009-CF276956A95A): 0
LogDevObjectVersion:   Dev-Rendering (12F88B9F-8875-4AFC-A67C-D90C383ABD29): 20
LogDevObjectVersion:   Dev-Sequencer (7B5AE74C-D270-4C10-A958-57980B212A5A): 4
LogDevObjectVersion:   Dev-VR (D7296918-1DD6-4BDD-9DE2-64A83CC13884): 0
LogDevObjectVersion:   Dev-LoadTimes (C2A15278-BFE7-4AFE-6C17-90FF531DF755): 1
LogDevObjectVersion:   Private-Geometry (6EACA3D4-40EC-4CC1-B786-8BED09428FC5): 1
LogDevObjectVersion:   Dev-AnimPhys (29E575DD-E0A3-4627-9D10-D276232CDCEA): 12
LogInit: Compiled (64-bit): Jan 12 2018 02:04:55
LogInit: Compiled with Visual C++: 19.00.24215.01
LogInit: Build Configuration: Development
LogInit: Branch Name: ++UE4+Release-4.18
LogInit: Command line:  /Game/Maps/Testing -game -PIEVIACONSOLE -ResX=640 -ResY=480  -Multiprocess -messaging -SessionName="Play in Standalone Game" -port=17777 -windowed GameUserSettingsINI="F:/Development/Mary/Cyber-War/CyberWar/Saved/Config/Windows/PIEGameUserSettings0.ini" -MultiprocessSaveConfig  -MultiprocessOSS -server -log 
LogInit: Base directory: F:/Soft/Epic Games/UE_4.18/Engine/Binaries/Win64/
LogInit: Installed Engine Build: 1
LogInit: Presizing for max 8388607 objects, including 0 objects not considered by GC, pre-allocating 0 bytes for permanent pool.
LogInit: Object subsystem initialized
[2018.04.18-12.03.43:607][  0]LogInit: Selected Device Profile: [Windows]
[2018.04.18-12.03.43:607][  0]LogInit: Applying CVar settings loaded from the selected device profile: [Windows]
[2018.04.18-12.03.43:615][  0]LogInit: Computer: DESKTOP-38OIRC4
[2018.04.18-12.03.43:615][  0]LogInit: User: root
[2018.04.18-12.03.43:615][  0]LogInit: CPU Page size=4096, Cores=2
[2018.04.18-12.03.43:616][  0]LogInit: High frequency timer resolution =2.825504 MHz
[2018.04.18-12.03.43:616][  0]LogMemory: Memory total: Physical=7.9GB (8GB approx)
[2018.04.18-12.03.43:617][  0]LogMemory: Platform Memory Stats for Windows
[2018.04.18-12.03.43:617][  0]LogMemory: Process Physical Memory: 275.49 MB used, 275.49 MB peak
[2018.04.18-12.03.43:618][  0]LogMemory: Process Virtual Memory: 271.35 MB used, 271.35 MB peak
[2018.04.18-12.03.43:618][  0]LogMemory: Physical Memory: 6761.81 MB used,  1347.48 MB free, 8109.29 MB total
[2018.04.18-12.03.43:618][  0]LogMemory: Virtual Memory: 674.89 MB used,  1347.48 MB free, 134217728.00 MB total
[2018.04.18-12.03.43:749][  0]LogInit: Using OS detected language (ru-RU).
[2018.04.18-12.03.43:749][  0]LogInit: Using OS detected locale (ru-RU).
[2018.04.18-12.03.43:753][  0]LogTextLocalizationManager: No localization for 'ru-RU' exists, so 'en' will be used for the language.
[2018.04.18-12.03.43:754][  0]LogTextLocalizationManager: No localization for 'ru-RU' exists, so 'en' will be used for the locale.
[2018.04.18-12.03.44:381][  0]LogShaderCompilers: Guid format shader working directory is -8 characters bigger than the processId version (../../../../../../Development/Mary/Cyber-War/CyberWar/Intermediate/Shaders/WorkingDirectory/1384/).
[2018.04.18-12.03.44:382][  0]LogShaderCompilers: Cleaned the shader compiler working directory 'C:/Users/root/AppData/Local/Temp/UnrealShaderWorkingDir/4F3B75654C5F6F4441E743AAFA18C468/'.
[2018.04.18-12.03.44:384][  0]LogShaderCompilers: Display: Using Local Shader Compiler.
[2018.04.18-12.03.46:996][  0]LogDerivedDataCache: Display: Max Cache Size: 512 MB
[2018.04.18-12.03.47:124][  0]LogDerivedDataCache: Loaded boot cache 0.13s 84MB C:/Users/root/AppData/Local/UnrealEngine/4.18/DerivedDataCache/Boot.ddc.
[2018.04.18-12.03.47:124][  0]LogDerivedDataCache: Display: Loaded Boot cache: C:/Users/root/AppData/Local/UnrealEngine/4.18/DerivedDataCache/Boot.ddc
[2018.04.18-12.03.47:126][  0]LogDerivedDataCache: FDerivedDataBackendGraph:  Pak pak cache file ../../../../../../Development/Mary/Cyber-War/CyberWar/DerivedDataCache/DDC.ddp not found, will not use a pak cache.
[2018.04.18-12.03.47:126][  0]LogDerivedDataCache: Unable to find inner node Pak for hierarchical cache Hierarchy.
[2018.04.18-12.03.47:126][  0]LogDerivedDataCache: FDerivedDataBackendGraph:  CompressedPak pak cache file ../../../../../../Development/Mary/Cyber-War/CyberWar/DerivedDataCache/Compressed.ddp not found, will not use a pak cache.
[2018.04.18-12.03.47:127][  0]LogDerivedDataCache: Unable to find inner node CompressedPak for hierarchical cache Hierarchy.
[2018.04.18-12.03.47:146][  0]LogDerivedDataCache: Display: Pak cache opened for reading ../../../Engine/DerivedDataCache/Compressed.ddp.
[2018.04.18-12.03.47:161][  0]LogDerivedDataCache: Using Local data cache path C:/Users/root/AppData/Local/UnrealEngine/Common/DerivedDataCache: Writable
[2018.04.18-12.03.49:888][  0]LogAssetRegistry: FAssetRegistry took 0.0133 seconds to start up
[2018.04.18-12.03.49:899][  0]LogPackageLocalizationCache: Processed 7 localized package path(s) for 1 prioritized culture(s) in 0.010739 seconds
[2018.04.18-12.03.51:559][  0]LogTemp: Display: Loaded TP WindowsClientTargetPlatform
[2018.04.18-12.03.51:607][  0]LogTemp: Display: Loaded TP WindowsNoEditorTargetPlatform
[2018.04.18-12.03.51:658][  0]LogTemp: Display: Loaded TP WindowsServerTargetPlatform
[2018.04.18-12.03.51:706][  0]LogTemp: Display: Loaded TP WindowsTargetPlatform
[2018.04.18-12.03.51:706][  0]LogTargetPlatformManager: Display: Building Assets For Windows
[2018.04.18-12.03.52:424][  0]LogInit: Selected Device Profile: [Windows]
[2018.04.18-12.03.52:833][  0]LogSimplygon: Simplygon DLL not present - disabling.
[2018.04.18-12.03.52:884][  0]LogMeshReduction: Using SimplygonSwarm for distributed automatic mesh merging
[2018.04.18-12.03.52:885][  0]LogMeshReduction: Using QuadricMeshReduction for automatic static mesh reduction
[2018.04.18-12.03.52:886][  0]LogMeshReduction: No automatic skeletal mesh reduction module available
[2018.04.18-12.03.52:886][  0]LogMeshReduction: No automatic mesh merging module available
[2018.04.18-12.03.52:886][  0]LogMeshMerging: No automatic mesh merging module available
[2018.04.18-12.03.52:906][  0]LogNetVersion: CyberWar , NetCL: 3709383, EngineNetVer: 2, GameNetVer: 0 (Checksum: 2311747216)
[2018.04.18-12.03.53:056][  0]LogInit: Warning: Passing commandline switches using / instead of - has been deprecated and will be removed in future versions of Unreal Engine.
[2018.04.18-12.03.53:121][  0]LogInit: Warning: Passing commandline switches using / instead of - has been deprecated and will be removed in future versions of Unreal Engine.
[2018.04.18-12.03.53:123][  0]LogInit: Warning: Passing commandline switches using / instead of - has been deprecated and will be removed in future versions of Unreal Engine.
[2018.04.18-12.03.53:298][  0]LogInit: WinSock: version 1.1 (2.2), MaxSocks=32767, MaxUdp=65467
[2018.04.18-12.03.54:184][  0]LogCollectionManager: Loaded 0 collections in 0.000827 seconds
[2018.04.18-12.03.54:227][  0]LogFileCache: Scanning file cache for directory 'F:/Development/Mary/Cyber-War/CyberWar/Saved/Collections/' took 0.01s
[2018.04.18-12.03.54:227][  0]LogFileCache: Scanning file cache for directory 'F:/Development/Mary/Cyber-War/CyberWar/Content/Developers/root/Collections/' took 0.01s
[2018.04.18-12.03.54:228][  0]LogFileCache: Scanning file cache for directory 'F:/Development/Mary/Cyber-War/CyberWar/Content/Collections/' took 0.01s
[2018.04.18-12.03.54:229][  0]LogCollectionManager: Rebuilt the object cache for 0 collections in 0.000000 seconds (found 0 objects)
[2018.04.18-12.03.54:229][  0]LogCollectionManager: Fixed up redirectors for 0 collections in 0.002392 seconds (updated 0 objects)
[2018.04.18-12.03.54:928][  0]LogTcpMessaging: Initializing TcpMessaging bridge
[2018.04.18-12.03.54:958][  0]LogUdpMessaging: Initializing bridge on interface 0.0.0.0:0 to multicast group 230.0.0.1:6666.
[2018.04.18-12.03.55:247][  0]LogInit: Warning: Passing commandline switches using / instead of - has been deprecated and will be removed in future versions of Unreal Engine.
[2018.04.18-12.03.55:294][  0]SourceControl: Source control is disabled
[2018.04.18-12.03.55:296][  0]SourceControl: Source control is disabled
[2018.04.18-12.03.55:333][  0]SourceControl: Source control is disabled
[2018.04.18-12.03.55:914][  0]LogOcInput: OculusInput pre-init called
[2018.04.18-12.03.55:995][  0]LogUObjectArray: 40224 objects as part of root set at end of initial load.
[2018.04.18-12.03.55:995][  0]LogUObjectAllocator: 8345080 out of 0 bytes used by permanent object pool.
[2018.04.18-12.03.55:997][  0]LogUObjectArray: CloseDisregardForGC: 0/0 objects in disregard for GC pool
[2018.04.18-12.03.56:143][  0]LogEngine: Initializing Engine...
[2018.04.18-12.03.56:176][  0]LogStats: UGameplayTagsManager::ConstructGameplayTagTree: Construct from data asset -  0.000 s
[2018.04.18-12.03.56:176][  0]LogStats: UGameplayTagsManager::ConstructGameplayTagTree: GameplayTagTreeChangedEvent.Broadcast -  0.000 s
[2018.04.18-12.03.56:196][  0]LogInit: Texture streaming: Disabled
[2018.04.18-12.03.56:207][  0]LogMaterial: Uniform references updated for custom material expression Custom.
[2018.04.18-12.03.59:523][  0]LogMaterial: Uniform references updated for custom material expression Custom.
[2018.04.18-12.04.02:395][  0]LogLowEntrySocket: SocketConnection SendBufferSize changed to 5242880
[2018.04.18-12.04.02:395][  0]LogLowEntrySocket: SocketConnection ReceiveBufferSize changed to 5242880
[2018.04.18-12.04.02:399][  0]LogInit: Display: Game Engine Initialized.
[2018.04.18-12.04.02:399][  0]LogGameplayTags: Display: UGameplayTagsManager::DoneAddingNativeTags. DelegateIsBound: 0
[2018.04.18-12.04.02:764][  0]LogInit: Display: Starting Game.
[2018.04.18-12.04.02:903][  0]LogNet: Browse: /Game/Maps/Testing?Name=Player
[2018.04.18-12.04.03:023][  0]LogLoad: LoadMap: /Game/Maps/Testing?Name=Player
[2018.04.18-12.04.04:296][  0]LogAIModule: Creating AISystem for world Testing
[2018.04.18-12.04.04:352][  0]LogLoad: Game class is 'CW_GameMode_C'
[2018.04.18-12.04.04:353][  0]LogTemp: Display: ParseSettings for GameNetDriver
[2018.04.18-12.04.04:353][  0]LogTemp: Display: ParseSettings for IpNetDriver_0
[2018.04.18-12.04.04:354][  0]LogTemp: Display: ParseSettings for GameNetDriver
[2018.04.18-12.04.04:527][  0]LogInit: WinSock: Socket queue 131072 / 131072
[2018.04.18-12.04.04:531][  0]LogInit: WinSock: I am DESKTOP-38OIRC4 (192.168.1.100:0)
[2018.04.18-12.04.04:552][  0]PacketHandlerLog: Loaded PacketHandler component: Engine.EngineHandlerComponentFactory (StatelessConnectHandlerComponent)
[2018.04.18-12.04.04:684][  0]LogNet: GameNetDriver IpNetDriver_0 IpNetDriver listening on port 17777
[2018.04.18-12.04.04:744][  0]LogWorld: Bringing World /Game/Maps/Testing.Testing up for play (max tick rate 30) at 2018.04.18-15.04.04
[2018.04.18-12.04.06:307][  0]LogWorld: Bringing up level for play took: 1.622612
[2018.04.18-12.04.06:308][  0]LogGameMode: Display: Match State Changed from EnteringMap to WaitingToStart
[2018.04.18-12.04.06:622][  0]LogGameState: Match State Changed from EnteringMap to WaitingToStart
[2018.04.18-12.04.06:775][  0]LogLoad: Took 3.752792 seconds to LoadMap(/Game/Maps/Testing)
[2018.04.18-12.04.07:697][  0]LogLoad: (Engine Initialization) Total time: 25.90 seconds
[2018.04.18-12.04.07:697][  0]LogLoad: (Engine Initialization) Total Blueprint compile time: 0.00 seconds
[2018.04.18-12.04.07:699][  0]LogExternalProfiler: Found external profiler: VSPerf
[2018.04.18-12.04.07:701][  0]LogExternalProfiler: Using external profiler: VSPerf
[2018.04.18-12.04.08:350][  0]LogNet: NotifyAcceptingConnection accepted from: 127.0.0.1:1036
[2018.04.18-12.04.08:395][  0]LogHandshake: SendConnectChallenge. Timestamp: 0.033372, Cookie: 204024137190238081196225246107090183081178068048109087097207
[2018.04.18-12.04.08:407][  0]LogNet: NotifyAcceptingConnection accepted from: 127.0.0.1:1036
[2018.04.18-12.04.08:407][  0]LogHandshake: SendConnectChallenge. Timestamp: 0.033372, Cookie: 204024137190238081196225246107090183081178068048109087097207
[2018.04.18-12.04.08:408][  0]LogNet: NotifyAcceptingConnection accepted from: 127.0.0.1:1036
[2018.04.18-12.04.08:408][  0]LogHandshake: SendConnectChallenge. Timestamp: 0.033372, Cookie: 204024137190238081196225246107090183081178068048109087097207
[2018.04.18-12.04.08:571][  1]LogBlueprintUserMessages: [CW_GameInstance_C_0] :( 8:545 ) - Соединение с сервером установлено
[2018.04.18-12.04.08:663][  1]LogBlueprintUserMessages: [CW_GameInstance_C_0] :( 8:663 ) - Send Package: {"action":"add","data":{"name":"Russian Public","type":2,"ip":"127.0.0.1","port":17777,"max_players":12,"mode":"CW_GameMode"}}
[2018.04.18-12.04.08:697][  2]LogNet: NotifyAcceptingConnection accepted from: 127.0.0.1:1036
[2018.04.18-12.04.08:697][  2]LogHandshake: SendChallengeAck. InCookie: 204024137190238081196225246107090183081178068048109087097207
[2018.04.18-12.04.08:699][  2]LogNet: Server accepting post-challenge connection from: 127.0.0.1:1036
[2018.04.18-12.04.08:713][  2]PacketHandlerLog: Loaded PacketHandler component: Engine.EngineHandlerComponentFactory (StatelessConnectHandlerComponent)
[2018.04.18-12.04.08:714][  2]LogNet: NotifyAcceptedConnection: Name: Testing, TimeStamp: 04/18/18 15:04:08, [UNetConnection] RemoteAddr: 127.0.0.1:1036, Name: IpConnection_0, Driver: GameNetDriver IpNetDriver_0, IsServer: YES, PC: NULL, Owner: NULL
[2018.04.18-12.04.08:725][  2]LogNet: AddClientConnection: Added client connection: [UNetConnection] RemoteAddr: 127.0.0.1:1036, Name: IpConnection_0, Driver: GameNetDriver IpNetDriver_0, IsServer: YES, PC: NULL, Owner: NULL
[2018.04.18-12.04.08:734][  2]LogHandshake: Received unexpected post-connect handshake packet - resending ack.
[2018.04.18-12.04.08:735][  2]LogHandshake: SendChallengeAck. InCookie: 204024137190238081196225246107090183081178068048109087097207
[2018.04.18-12.04.08:735][  2]LogHandshake: Received unexpected post-connect handshake packet - resending ack.
[2018.04.18-12.04.08:740][  2]LogHandshake: SendChallengeAck. InCookie: 204024137190238081196225246107090183081178068048109087097207
[2018.04.18-12.04.09:370][ 15]LogNet: NotifyAcceptingChannel Control 0 server World /Game/Maps/Testing.Testing: Accepted
[2018.04.18-12.04.09:372][ 15]LogNet: Remote platform little endian=1
[2018.04.18-12.04.09:372][ 15]LogNet: This platform little endian=1
[2018.04.18-12.04.09:372][ 15]LogNetVersion: CyberWar 1.0.0.0, NetCL: 3709383, EngineNetVer: 2, GameNetVer: 0 (Checksum: 2574365049)
[2018.04.18-12.04.09:671][ 25]LogNet: Login request: /Game/Maps/Login userId: Invalid
[2018.04.18-12.04.09:999][ 35]LogNet: Client netspeed is 10000
[2018.04.18-12.04.10:230][ 42]LogNet: Join request: /Game/Maps/Login?SplitscreenCount=1
[2018.04.18-12.04.10:696][ 42]LogScriptCore: Warning: Script Msg: Attempted to access index 0 from array 'PlayerStarts' of length 0 in '/Game/Blueprints/Online/CW_GameMode.CW_GameMode_C:GetPlayerStart'!
[2018.04.18-12.04.10:697][ 42]LogScriptCore: Warning: Script Msg: Attempted to access index 0 from array 'PlayerStarts' of length 0 in '/Game/Blueprints/Online/CW_GameMode.CW_GameMode_C:GetPlayerStart'!
[2018.04.18-12.04.11:247][ 42]LogGameMode: Display: Match State Changed from WaitingToStart to InProgress
[2018.04.18-12.04.11:347][ 42]LogScriptCore: Warning: Script Msg: Attempted to access index 0 from array 'PlayerStarts' of length 0 in '/Game/Blueprints/Online/CW_GameMode.CW_GameMode_C:GetPlayerStart'!
[2018.04.18-12.04.12:203][ 42]LogBlueprintUserMessages: [Weap_AK47_Blue_C_0] :( 12:203 ) - Новый владелец
[2018.04.18-12.04.12:205][ 42]LogBlueprintUserMessages: [Weap_Deagle_C_0] :( 12:205 ) - Новый владелец
[2018.04.18-12.04.12:207][ 42]LogBlueprintUserMessages: [Weap_KnifeCombat_C_0] :( 12:207 ) - Новый владелец
[2018.04.18-12.04.12:207][ 42]LogBlueprintUserMessages: [Weap_AK47_Blue_C_0] :( 12:207 ) - OnSelectedWeapon
[2018.04.18-12.04.12:337][ 42]LogGameState: Match State Changed from WaitingToStart to InProgress
[2018.04.18-12.04.12:337][ 42]LogNet: Join succeeded: 256
[2018.04.18-12.04.12:909][ 44]LogNetPackageMap: Warning: FNetGUIDCache::SupportsObject: Red_Male_01_C /Game/Maps/Testing.Testing:PersistentLevel.CW_Character_C_0.Red_Male_01_C_0 NOT Supported.
[2018.04.18-12.04.13:419][ 59]LogNetPackageMap: Warning: FNetGUIDCache::SupportsObject: Red_Male_01_C /Game/Maps/Testing.Testing:PersistentLevel.CW_Character_C_0.Red_Male_01_C_0 NOT Supported.
[2018.04.18-12.08.12:285][970]LogNet: NotifyAcceptingConnection accepted from: 127.0.0.1:1051
[2018.04.18-12.08.12:286][970]LogHandshake: SendConnectChallenge. Timestamp: 244.582275, Cookie: 143193224094031164009184056142122218169187145203216167255206
[2018.04.18-12.08.12:357][972]LogNet: NotifyAcceptingConnection accepted from: 127.0.0.1:1051
[2018.04.18-12.08.12:359][972]LogHandshake: SendChallengeAck. InCookie: 143193224094031164009184056142122218169187145203216167255206
[2018.04.18-12.08.12:361][972]LogNet: Server accepting post-challenge connection from: 127.0.0.1:1051
[2018.04.18-12.08.12:371][972]PacketHandlerLog: Loaded PacketHandler component: Engine.EngineHandlerComponentFactory (StatelessConnectHandlerComponent)
[2018.04.18-12.08.12:394][972]LogNet: NotifyAcceptedConnection: Name: Testing, TimeStamp: 04/18/18 15:08:12, [UNetConnection] RemoteAddr: 127.0.0.1:1051, Name: IpConnection_1, Driver: GameNetDriver IpNetDriver_0, IsServer: YES, PC: NULL, Owner: NULL
[2018.04.18-12.08.12:394][972]LogNet: AddClientConnection: Added client connection: [UNetConnection] RemoteAddr: 127.0.0.1:1051, Name: IpConnection_1, Driver: GameNetDriver IpNetDriver_0, IsServer: YES, PC: NULL, Owner: NULL
[2018.04.18-12.08.12:411][972]LogNet: NotifyAcceptingChannel Control 0 server World /Game/Maps/Testing.Testing: Accepted
[2018.04.18-12.08.12:424][972]LogNet: Remote platform little endian=1
[2018.04.18-12.08.12:428][972]LogNet: This platform little endian=1
[2018.04.18-12.08.12:530][974]LogNet: Login request: /Game/Maps/Login userId: Invalid
[2018.04.18-12.08.12:578][976]LogNet: Client netspeed is 10000
[2018.04.18-12.08.13:315][998]LogNet: Join request: /Game/Maps/Login?SplitscreenCount=1
[2018.04.18-12.08.13:344][998]LogScriptCore: Warning: Script Msg: Attempted to access index 0 from array 'PlayerStarts' of length 0 in '/Game/Blueprints/Online/CW_GameMode.CW_GameMode_C:GetPlayerStart'!
[2018.04.18-12.08.13:345][998]LogScriptCore: Warning: Script Msg: Attempted to access index 0 from array 'PlayerStarts' of length 0 in '/Game/Blueprints/Online/CW_GameMode.CW_GameMode_C:GetPlayerStart'!
[2018.04.18-12.08.13:346][998]LogScriptCore: Warning: Script Msg: Attempted to access index 0 from array 'PlayerStarts' of length 0 in '/Game/Blueprints/Online/CW_GameMode.CW_GameMode_C:GetPlayerStart'!
[2018.04.18-12.08.13:383][998]LogBlueprintUserMessages: [Weap_AK47_Blue_C_0] :( 13:383 ) - Новый владелец
[2018.04.18-12.08.13:384][998]LogBlueprintUserMessages: [Weap_Deagle_C_0] :( 13:384 ) - Новый владелец
[2018.04.18-12.08.13:388][998]LogBlueprintUserMessages: [Weap_AK47_Blue_C_1] :( 13:388 ) - Новый владелец
[2018.04.18-12.08.13:389][998]LogBlueprintUserMessages: [Weap_Deagle_C_1] :( 13:389 ) - Новый владелец
[2018.04.18-12.08.13:390][998]LogBlueprintUserMessages: [Weap_KnifeCombat_C_1] :( 13:390 ) - Новый владелец
[2018.04.18-12.08.13:390][998]LogBlueprintUserMessages: [Weap_AK47_Blue_C_1] :( 13:390 ) - OnSelectedWeapon
[2018.04.18-12.08.13:408][998]LogNet: Join succeeded: 257
[2018.04.18-12.08.13:421][998]LogNetPackageMap: Warning: FNetGUIDCache::SupportsObject: Red_Male_01_C /Game/Maps/Testing.Testing:PersistentLevel.CW_Character_C_1.Red_Male_01_C_1 NOT Supported.
[2018.04.18-12.08.13:464][  0]LogNetPackageMap: Warning: FNetGUIDCache::SupportsObject: Red_Male_01_C /Game/Maps/Testing.Testing:PersistentLevel.CW_Character_C_0.Red_Male_01_C_0 NOT Supported.
[2018.04.18-12.08.13:498][  1]LogNetPackageMap: Warning: FNetGUIDCache::SupportsObject: Red_Male_01_C /Game/Maps/Testing.Testing:PersistentLevel.CW_Character_C_1.Red_Male_01_C_1 NOT Supported.
[2018.04.18-12.08.13:581][  3]LogNetPackageMap: Warning: FNetGUIDCache::SupportsObject: Red_Male_01_C /Game/Maps/Testing.Testing:PersistentLevel.CW_Character_C_1.Red_Male_01_C_1 NOT Supported.
[2018.04.18-12.08.14:309][ 21]LogNetPackageMap: Warning: FNetGUIDCache::SupportsObject: Red_Male_01_C /Game/Maps/Testing.Testing:PersistentLevel.CW_Character_C_1.Red_Male_01_C_1 NOT Supported.
[2018.04.18-12.08.21:340][212]LogNet: UChannel::ReceivedSequencedBunch: Bunch.bClose == true. ChIndex == 0. Calling ConditionalCleanUp.
[2018.04.18-12.08.21:340][212]LogNet: UChannel::CleanUp: ChIndex == 0. Closing connection. [UChannel] ChIndex: 0, Closing: 0 [UNetConnection] RemoteAddr: 127.0.0.1:1051, Name: IpConnection_1, Driver: GameNetDriver IpNetDriver_0, IsServer: YES, PC: CW_PlayerController_C_1, Owner: CW_PlayerController_C_1
[2018.04.18-12.08.21:342][212]LogNet: UNetConnection::Close: [UNetConnection] RemoteAddr: 127.0.0.1:1051, Name: IpConnection_1, Driver: GameNetDriver IpNetDriver_0, IsServer: YES, PC: CW_PlayerController_C_1, Owner: CW_PlayerController_C_1, Channels: 16, Time: 2018.04.18-12.08.21
[2018.04.18-12.08.21:343][212]LogNet: UChannel::Close: Sending CloseBunch. ChIndex == 0. Name: [UChannel] ChIndex: 0, Closing: 0 [UNetConnection] RemoteAddr: 127.0.0.1:1051, Name: IpConnection_1, Driver: GameNetDriver IpNetDriver_0, IsServer: YES, PC: CW_PlayerController_C_1, Owner: CW_PlayerController_C_1
