Log file open, 04/18/18 01:14:24
LogWindows: Failed to load 'aqProf.dll' (GetLastError=126)
LogWindows: File 'aqProf.dll' does not exist
LogWindows: Failed to load 'VtuneApi.dll' (GetLastError=126)
LogWindows: File 'VtuneApi.dll' does not exist
LogWindows: Failed to load 'VtuneApi32e.dll' (GetLastError=126)
LogWindows: File 'VtuneApi32e.dll' does not exist
LogInit: Display: Running engine for game: CyberWar
LogPlatformFile: Not using cached read wrapper
LogInit: Display: RandInit(-1972849788) SRandInit(-1972849788).
LogInit: Read version file with build ID '3709383'
LogInit: Overriding engine version to CL 3832480, compatible CL 3709383
LogInit: Registered custom module enumerator with build ID '3709383'
LogTaskGraph: Started task graph with 5 named threads and 8 total threads with 3 sets of task threads.
LogStats: Stats thread started at 0.114565
LogD3D11RHI: Aftermath initialized
LogModuleManager: Display: Found up-to-date module file ../../../Engine/Plugins/Marketplace/VaRestPlugin/Binaries/Win64/UE4Editor-VaRestPlugin.dll (API version 3709383).
LogModuleManager: Display: Found up-to-date module file ../../../Engine/Plugins/Marketplace/VaRestPlugin/Binaries/Win64/UE4Editor-VaRestEditorPlugin.dll (API version 3709383).
LogModuleManager: Display: Found up-to-date module file ../../../Engine/Plugins/Marketplace/LowEntrySocketConnection/Binaries/Win64/UE4Editor-LowEntrySocketConnection.dll (API version 3709383).
LogModuleManager: Display: Found up-to-date module file ../../../Engine/Plugins/Marketplace/LowEntryExtStdLib/Binaries/Win64/UE4Editor-LowEntryExtendedStandardLibrary.dll (API version 3709383).
LogModuleManager: Display: Found up-to-date module file ../../../Engine/Plugins/Marketplace/LowEntryExtStdLib/Binaries/Win64/UE4Editor-LowEntryExtendedStandardLibraryEditor.dll (API version 3709383).
LogModuleManager: Display: Found up-to-date module file ../../../Engine/Plugins/Online/OnlineFramework/Binaries/Win64/UE4Editor-Qos.dll (API version 3709383).
LogModuleManager: Display: Found up-to-date module file ../../../Engine/Plugins/Online/OnlineFramework/Binaries/Win64/UE4Editor-Party.dll (API version 3709383).
LogModuleManager: Display: Found up-to-date module file ../../../Engine/Plugins/Online/OnlineFramework/Binaries/Win64/UE4Editor-Lobby.dll (API version 3709383).
LogModuleManager: Display: Found up-to-date module file ../../../Engine/Plugins/Online/OnlineFramework/Binaries/Win64/UE4Editor-Hotfix.dll (API version 3709383).
LogModuleManager: Display: Found up-to-date module file ../../../Engine/Plugins/Online/OnlineFramework/Binaries/Win64/UE4Editor-Rejoin.dll (API version 3709383).
LogModuleManager: Display: Found up-to-date module file ../../../Engine/Plugins/Online/OnlineFramework/Binaries/Win64/UE4Editor-LoginFlow.dll (API version 3709383).
LogModuleManager: Display: Found up-to-date module file ../../../Engine/Plugins/Online/OnlineSubsystem/Binaries/Win64/UE4Editor-OnlineSubsystem.dll (API version 3709383).
LogModuleManager: Display: Found up-to-date module file ../../../Engine/Plugins/Online/OnlineSubsystemUtils/Binaries/Win64/UE4Editor-OnlineSubsystemUtils.dll (API version 3709383).
LogModuleManager: Display: Found up-to-date module file ../../../Engine/Plugins/Online/OnlineSubsystemUtils/Binaries/Win64/UE4Editor-OnlineBlueprintSupport.dll (API version 3709383).
LogModuleManager: Display: Found up-to-date module file ../../../Engine/Plugins/2D/Paper2D/Binaries/Win64/UE4Editor-Paper2D.dll (API version 3709383).
LogModuleManager: Display: Found up-to-date module file ../../../Engine/Plugins/2D/Paper2D/Binaries/Win64/UE4Editor-Paper2DEditor.dll (API version 3709383).
LogModuleManager: Display: Found up-to-date module file ../../../Engine/Plugins/2D/Paper2D/Binaries/Win64/UE4Editor-PaperSpriteSheetImporter.dll (API version 3709383).
LogModuleManager: Display: Found up-to-date module file ../../../Engine/Plugins/2D/Paper2D/Binaries/Win64/UE4Editor-PaperTiledImporter.dll (API version 3709383).
LogModuleManager: Display: Found up-to-date module file ../../../Engine/Plugins/2D/Paper2D/Binaries/Win64/UE4Editor-SmartSnapping.dll (API version 3709383).
LogModuleManager: Display: Found up-to-date module file ../../../Engine/Plugins/Blendables/LightPropagationVolume/Binaries/Win64/UE4Editor-LightPropagationVolumeRuntime.dll (API version 3709383).
LogModuleManager: Display: Found up-to-date module file ../../../Engine/Plugins/Blendables/LightPropagationVolume/Binaries/Win64/UE4Editor-LightPropagationVolumeEditor.dll (API version 3709383).
LogModuleManager: Display: Found up-to-date module file ../../../Engine/Plugins/Developer/GitSourceControl/Binaries/Win64/UE4Editor-GitSourceControl.dll (API version 3709383).
LogModuleManager: Display: Found up-to-date module file ../../../Engine/Plugins/Developer/PerforceSourceControl/Binaries/Win64/UE4Editor-PerforceSourceControl.dll (API version 3709383).
LogModuleManager: Display: Found up-to-date module file ../../../Engine/Plugins/Developer/SubversionSourceControl/Binaries/Win64/UE4Editor-SubversionSourceControl.dll (API version 3709383).
LogModuleManager: Display: Found up-to-date module file ../../../Engine/Plugins/Developer/UObjectPlugin/Binaries/Win64/UE4Editor-UObjectPlugin.dll (API version 3709383).
LogModuleManager: Display: Found up-to-date module file ../../../Engine/Plugins/Developer/VisualStudioSourceCodeAccess/Binaries/Win64/UE4Editor-VisualStudioSourceCodeAccess.dll (API version 3709383).
LogModuleManager: Display: Found up-to-date module file ../../../Engine/Plugins/Editor/AssetManagerEditor/Binaries/Win64/UE4Editor-AssetManagerEditor.dll (API version 3709383).
LogModuleManager: Display: Found up-to-date module file ../../../Engine/Plugins/Editor/AudioCapture/Binaries/Win64/UE4Editor-AudioCapture.dll (API version 3709383).
LogModuleManager: Display: Found up-to-date module file ../../../Engine/Plugins/Editor/FacialAnimation/Binaries/Win64/UE4Editor-FacialAnimation.dll (API version 3709383).
LogModuleManager: Display: Found up-to-date module file ../../../Engine/Plugins/Editor/FacialAnimation/Binaries/Win64/UE4Editor-FacialAnimationEditor.dll (API version 3709383).
LogModuleManager: Display: Found up-to-date module file ../../../Engine/Plugins/Editor/GameplayTagsEditor/Binaries/Win64/UE4Editor-GameplayTagsEditor.dll (API version 3709383).
LogModuleManager: Display: Found up-to-date module file ../../../Engine/Plugins/Editor/MobileLauncherProfileWizard/Binaries/Win64/UE4Editor-MobileLauncherProfileWizard.dll (API version 3709383).
LogModuleManager: Display: Found up-to-date module file ../../../Engine/Plugins/Editor/PluginBrowser/Binaries/Win64/UE4Editor-PluginBrowser.dll (API version 3709383).
LogModuleManager: Display: Found up-to-date module file ../../../Engine/Plugins/Editor/SpeedTreeImporter/Binaries/Win64/UE4Editor-SpeedTreeImporter.dll (API version 3709383).
LogModuleManager: Display: Found up-to-date module file ../../../Engine/Plugins/Experimental/AlembicImporter/Binaries/Win64/UE4Editor-AlembicImporter.dll (API version 3709383).
LogModuleManager: Display: Found up-to-date module file ../../../Engine/Plugins/Experimental/AlembicImporter/Binaries/Win64/UE4Editor-AlembicLibrary.dll (API version 3709383).
LogModuleManager: Display: Found up-to-date module file ../../../Engine/Plugins/Experimental/CharacterAI/Binaries/Win64/UE4Editor-CharacterAI.dll (API version 3709383).
LogModuleManager: Display: Found up-to-date module file ../../../Engine/Plugins/Experimental/HTML5Networking/Binaries/Win64/UE4Editor-HTML5Networking.dll (API version 3709383).
LogModuleManager: Display: Found up-to-date module file ../../../Engine/Plugins/Media/AvfMedia/Binaries/Win64/UE4Editor-AvfMediaEditor.dll (API version 3709383).
LogModuleManager: Display: Found up-to-date module file ../../../Engine/Plugins/Media/AvfMedia/Binaries/Win64/UE4Editor-AvfMediaFactory.dll (API version 3709383).
LogModuleManager: Display: Found up-to-date module file ../../../Engine/Plugins/Media/AvfMedia/Binaries/Win64/UE4Editor-AvfMediaFactory.dll (API version 3709383).
LogModuleManager: Display: Found up-to-date module file ../../../Engine/Plugins/Media/ImgMedia/Binaries/Win64/UE4Editor-ImgMedia.dll (API version 3709383).
LogModuleManager: Display: Found up-to-date module file ../../../Engine/Plugins/Media/ImgMedia/Binaries/Win64/UE4Editor-ImgMediaEditor.dll (API version 3709383).
LogModuleManager: Display: Found up-to-date module file ../../../Engine/Plugins/Media/ImgMedia/Binaries/Win64/UE4Editor-ImgMediaFactory.dll (API version 3709383).
LogModuleManager: Display: Found up-to-date module file ../../../Engine/Plugins/Media/ImgMedia/Binaries/Win64/UE4Editor-ImgMediaFactory.dll (API version 3709383).
LogModuleManager: Display: Found up-to-date module file ../../../Engine/Plugins/Media/ImgMedia/Binaries/Win64/UE4Editor-OpenExrWrapper.dll (API version 3709383).
LogModuleManager: Display: Found up-to-date module file ../../../Engine/Plugins/Media/MediaCompositing/Binaries/Win64/UE4Editor-MediaCompositing.dll (API version 3709383).
LogModuleManager: Display: Found up-to-date module file ../../../Engine/Plugins/Media/MediaCompositing/Binaries/Win64/UE4Editor-MediaCompositingEditor.dll (API version 3709383).
LogModuleManager: Display: Found up-to-date module file ../../../Engine/Plugins/Media/MediaPlayerEditor/Binaries/Win64/UE4Editor-MediaPlayerEditor.dll (API version 3709383).
LogModuleManager: Display: Found up-to-date module file ../../../Engine/Plugins/Media/WmfMedia/Binaries/Win64/UE4Editor-WmfMedia.dll (API version 3709383).
LogModuleManager: Display: Found up-to-date module file ../../../Engine/Plugins/Media/WmfMedia/Binaries/Win64/UE4Editor-WmfMediaEditor.dll (API version 3709383).
LogModuleManager: Display: Found up-to-date module file ../../../Engine/Plugins/Media/WmfMedia/Binaries/Win64/UE4Editor-WmfMediaFactory.dll (API version 3709383).
LogModuleManager: Display: Found up-to-date module file ../../../Engine/Plugins/Media/WmfMedia/Binaries/Win64/UE4Editor-WmfMediaFactory.dll (API version 3709383).
LogModuleManager: Display: Found up-to-date module file ../../../Engine/Plugins/Messaging/TcpMessaging/Binaries/Win64/UE4Editor-TcpMessaging.dll (API version 3709383).
LogModuleManager: Display: Found up-to-date module file ../../../Engine/Plugins/Messaging/UdpMessaging/Binaries/Win64/UE4Editor-UdpMessaging.dll (API version 3709383).
LogModuleManager: Display: Found up-to-date module file ../../../Engine/Plugins/MovieScene/ActorSequence/Binaries/Win64/UE4Editor-ActorSequence.dll (API version 3709383).
LogModuleManager: Display: Found up-to-date module file ../../../Engine/Plugins/MovieScene/LevelSequenceEditor/Binaries/Win64/UE4Editor-LevelSequenceEditor.dll (API version 3709383).
LogModuleManager: Display: Found up-to-date module file ../../../Engine/Plugins/MovieScene/MatineeToLevelSequence/Binaries/Win64/UE4Editor-MatineeToLevelSequence.dll (API version 3709383).
LogModuleManager: Display: Found up-to-date module file ../../../Engine/Plugins/Runtime/AndroidDeviceProfileSelector/Binaries/Win64/UE4Editor-AndroidDeviceProfileSelector.dll (API version 3709383).
LogModuleManager: Display: Found up-to-date module file ../../../Engine/Plugins/Runtime/ArchVisCharacter/Binaries/Win64/UE4Editor-ArchVisCharacter.dll (API version 3709383).
LogModuleManager: Display: Found up-to-date module file ../../../Engine/Plugins/Runtime/CableComponent/Binaries/Win64/UE4Editor-CableComponent.dll (API version 3709383).
LogModuleManager: Display: Found up-to-date module file ../../../Engine/Plugins/Runtime/CustomMeshComponent/Binaries/Win64/UE4Editor-CustomMeshComponent.dll (API version 3709383).
LogModuleManager: Display: Found up-to-date module file ../../../Engine/Plugins/Runtime/ExampleDeviceProfileSelector/Binaries/Win64/UE4Editor-ExampleDeviceProfileSelector.dll (API version 3709383).
LogModuleManager: Display: Found up-to-date module file ../../../Engine/Plugins/Runtime/ImmediatePhysics/Binaries/Win64/UE4Editor-ImmediatePhysics.dll (API version 3709383).
LogModuleManager: Display: Found up-to-date module file ../../../Engine/Plugins/Runtime/ImmediatePhysics/Binaries/Win64/UE4Editor-ImmediatePhysicsEditor.dll (API version 3709383).
LogModuleManager: Display: Found up-to-date module file ../../../Engine/Plugins/Runtime/Oculus/OculusVR/Binaries/Win64/UE4Editor-OculusHMD.dll (API version 3709383).
LogModuleManager: Display: Found up-to-date module file ../../../Engine/Plugins/Runtime/Oculus/OculusVR/Binaries/Win64/UE4Editor-OculusInput.dll (API version 3709383).
LogModuleManager: Display: Found up-to-date module file ../../../Engine/Plugins/Runtime/Oculus/OculusVR/Binaries/Win64/UE4Editor-OculusEditor.dll (API version 3709383).
LogModuleManager: Display: Found up-to-date module file ../../../Engine/Plugins/Runtime/PhysXVehicles/Binaries/Win64/UE4Editor-PhysXVehicles.dll (API version 3709383).
LogModuleManager: Display: Found up-to-date module file ../../../Engine/Plugins/Runtime/PhysXVehicles/Binaries/Win64/UE4Editor-PhysXVehiclesEditor.dll (API version 3709383).
LogModuleManager: Display: Found up-to-date module file ../../../Engine/Plugins/Runtime/ProceduralMeshComponent/Binaries/Win64/UE4Editor-ProceduralMeshComponent.dll (API version 3709383).
LogModuleManager: Display: Found up-to-date module file ../../../Engine/Plugins/Runtime/ProceduralMeshComponent/Binaries/Win64/UE4Editor-ProceduralMeshComponentEditor.dll (API version 3709383).
LogModuleManager: Display: Found up-to-date module file ../../../Engine/Plugins/Runtime/RuntimePhysXCooking/Binaries/Win64/UE4Editor-RuntimePhysXCooking.dll (API version 3709383).
LogModuleManager: Display: Found up-to-date module file ../../../Engine/Plugins/Runtime/Steam/SteamVR/Binaries/Win64/UE4Editor-SteamVR.dll (API version 3709383).
LogModuleManager: Display: Found up-to-date module file ../../../Engine/Plugins/Runtime/Steam/SteamVR/Binaries/Win64/UE4Editor-SteamVRController.dll (API version 3709383).
LogModuleManager: Display: Found up-to-date module file ../../../Engine/Plugins/Runtime/WindowsMoviePlayer/Binaries/Win64/UE4Editor-WindowsMoviePlayer.dll (API version 3709383).
LogPluginManager: Mounting plugin Paper2D
LogPluginManager: Mounting plugin LightPropagationVolume
LogPluginManager: Mounting plugin GitSourceControl
LogPluginManager: Mounting plugin KDevelopSourceCodeAccess
LogPluginManager: Mounting plugin NullSourceCodeAccess
LogPluginManager: Mounting plugin PerforceSourceControl
LogPluginManager: Mounting plugin SubversionSourceControl
LogPluginManager: Mounting plugin UObjectPlugin
LogPluginManager: Mounting plugin VisualStudioSourceCodeAccess
LogPluginManager: Mounting plugin AssetManagerEditor
LogPluginManager: Mounting plugin AudioCapture
LogPluginManager: Mounting plugin FacialAnimation
LogPluginManager: Mounting plugin GameplayTagsEditor
LogPluginManager: Mounting plugin MobileLauncherProfileWizard
LogPluginManager: Mounting plugin PluginBrowser
LogPluginManager: Mounting plugin SpeedTreeImporter
LogPluginManager: Mounting plugin AlembicImporter
LogPluginManager: Mounting plugin CharacterAI
LogPluginManager: Mounting plugin HTML5Networking
LogPluginManager: Mounting plugin LowEntryExtStdLib
LogPluginManager: Mounting plugin LowEntrySocketConnection
LogPluginManager: Mounting plugin VaRestPlugin
LogPluginManager: Mounting plugin AvfMedia
LogPluginManager: Mounting plugin ImgMedia
LogPluginManager: Mounting plugin MediaCompositing
LogPluginManager: Mounting plugin MediaPlayerEditor
LogPluginManager: Mounting plugin WmfMedia
LogPluginManager: Mounting plugin TcpMessaging
LogPluginManager: Mounting plugin UdpMessaging
LogPluginManager: Mounting plugin ActorSequence
LogPluginManager: Mounting plugin LevelSequenceEditor
LogPluginManager: Mounting plugin MatineeToLevelSequence
LogPluginManager: Mounting plugin OnlineFramework
LogPluginManager: Mounting plugin OnlineSubsystem
LogPluginManager: Mounting plugin OnlineSubsystemUtils
LogPluginManager: Mounting plugin AndroidDeviceProfileSelector
LogPluginManager: Mounting plugin ArchVisCharacter
LogPluginManager: Mounting plugin CableComponent
LogPluginManager: Mounting plugin CustomMeshComponent
LogPluginManager: Mounting plugin ExampleDeviceProfileSelector
LogPluginManager: Mounting plugin ImmediatePhysics
LogPluginManager: Mounting plugin IOSDeviceProfileSelector
LogPluginManager: Mounting plugin LinuxDeviceProfileSelector
LogPluginManager: Mounting plugin OculusVR
LogPluginManager: Plugin shader directory ../../../Engine/Plugins/Runtime/Oculus/OculusVR/Shaders found
LogPluginManager: Mapping shader source directory ../../../Engine/Plugins/Runtime/Oculus/OculusVR/Shaders to virtual directory /Plugin/OculusVR
LogPluginManager: Mounting plugin PhysXVehicles
LogPluginManager: Mounting plugin ProceduralMeshComponent
LogPluginManager: Mounting plugin RuntimePhysXCooking
LogPluginManager: Mounting plugin SteamVR
LogPluginManager: Mounting plugin WindowsMoviePlayer
LogInit: Using libcurl 7.47.1
LogInit:  - built for x86_64-pc-win32
LogInit:  - supports SSL with OpenSSL/1.0.2g
LogInit:  - supports HTTP deflate (compression) using libz 1.2.8
LogInit:  - other features:
LogInit:      CURL_VERSION_SSL
LogInit:      CURL_VERSION_LIBZ
LogInit:      CURL_VERSION_IPV6
LogInit:      CURL_VERSION_ASYNCHDNS
LogInit:      CURL_VERSION_LARGEFILE
LogInit:      CURL_VERSION_IDN
LogInit:  CurlRequestOptions (configurable via config and command line):
LogInit:  - bVerifyPeer = false  - Libcurl will NOT verify peer certificate
LogInit:  - bUseHttpProxy = false  - Libcurl will NOT use HTTP proxy
LogInit:  - bDontReuseConnections = false  - Libcurl will reuse connections
LogInit:  - CertBundlePath = nullptr  - Libcurl will use whatever was configured at build time.
LogInit: Build: ++UE4+Release-4.18-CL-3832480
LogInit: Engine Version: 4.18.3-3832480+++UE4+Release-4.18
LogInit: Compatible Engine Version: 4.18.0-3709383+++UE4+Release-4.18
LogInit: Net CL: 3709383
LogDevObjectVersion: Number of dev versions registered: 16
LogDevObjectVersion:   Dev-Blueprints (B0D832E4-1F89-4F0D-ACCF-7EB736FD4AA2): 10
LogDevObjectVersion:   Dev-Build (E1C64328-A22C-4D53-A36C-8E866417BD8C): 0
LogDevObjectVersion:   Dev-Core (375EC13C-06E4-48FB-B500-84F0262A717E): 2
LogDevObjectVersion:   Dev-Editor (E4B068ED-F494-42E9-A231-DA0B2E46BB41): 20
LogDevObjectVersion:   Dev-Framework (CFFC743F-43B0-4480-9391-14DF171D2073): 30
LogDevObjectVersion:   Dev-Mobile (B02B49B5-BB20-44E9-A304-32B752E40360): 0
LogDevObjectVersion:   Dev-Networking (A4E4105C-59A1-49B5-A7C5-40C4547EDFEE): 0
LogDevObjectVersion:   Dev-Online (39C831C9-5AE6-47DC-9A44-9C173E1C8E7C): 0
LogDevObjectVersion:   Dev-Physics (78F01B33-EBEA-4F98-B9B4-84EACCB95AA2): 0
LogDevObjectVersion:   Dev-Platform (6631380F-2D4D-43E0-8009-CF276956A95A): 0
LogDevObjectVersion:   Dev-Rendering (12F88B9F-8875-4AFC-A67C-D90C383ABD29): 20
LogDevObjectVersion:   Dev-Sequencer (7B5AE74C-D270-4C10-A958-57980B212A5A): 4
LogDevObjectVersion:   Dev-VR (D7296918-1DD6-4BDD-9DE2-64A83CC13884): 0
LogDevObjectVersion:   Dev-LoadTimes (C2A15278-BFE7-4AFE-6C17-90FF531DF755): 1
LogDevObjectVersion:   Private-Geometry (6EACA3D4-40EC-4CC1-B786-8BED09428FC5): 1
LogDevObjectVersion:   Dev-AnimPhys (29E575DD-E0A3-4627-9D10-D276232CDCEA): 12
LogInit: Compiled (64-bit): Jan 12 2018 02:04:55
LogInit: Compiled with Visual C++: 19.00.24215.01
LogInit: Build Configuration: Development
LogInit: Branch Name: ++UE4+Release-4.18
LogInit: Command line:  -game
LogInit: Base directory: F:/Soft/Epic Games/UE_4.18/Engine/Binaries/Win64/
LogInit: Installed Engine Build: 1
LogInit: Presizing for max 8388607 objects, including 0 objects not considered by GC, pre-allocating 0 bytes for permanent pool.
LogInit: Object subsystem initialized
[2018.04.17-22.14.25:229][  0]LogInit: Selected Device Profile: [Windows]
[2018.04.17-22.14.25:229][  0]LogInit: Applying CVar settings loaded from the selected device profile: [Windows]
[2018.04.17-22.14.25:244][  0]LogInit: Computer: DESKTOP-38OIRC4
[2018.04.17-22.14.25:244][  0]LogInit: User: root
[2018.04.17-22.14.25:245][  0]LogInit: CPU Page size=4096, Cores=2
[2018.04.17-22.14.25:245][  0]LogInit: High frequency timer resolution =2.825504 MHz
[2018.04.17-22.14.25:245][  0]LogMemory: Memory total: Physical=7.9GB (8GB approx)
[2018.04.17-22.14.25:245][  0]LogMemory: Platform Memory Stats for Windows
[2018.04.17-22.14.25:245][  0]LogMemory: Process Physical Memory: 272.32 MB used, 272.32 MB peak
[2018.04.17-22.14.25:245][  0]LogMemory: Process Virtual Memory: 269.30 MB used, 269.30 MB peak
[2018.04.17-22.14.25:245][  0]LogMemory: Physical Memory: 5852.99 MB used,  2256.30 MB free, 8109.29 MB total
[2018.04.17-22.14.25:245][  0]LogMemory: Virtual Memory: 673.14 MB used,  2256.30 MB free, 134217728.00 MB total
[2018.04.17-22.14.25:363][  0]LogInit: Using OS detected language (ru-RU).
[2018.04.17-22.14.25:363][  0]LogInit: Using OS detected locale (ru-RU).
[2018.04.17-22.14.25:366][  0]LogTextLocalizationManager: No localization for 'ru-RU' exists, so 'en' will be used for the language.
[2018.04.17-22.14.25:366][  0]LogTextLocalizationManager: No localization for 'ru-RU' exists, so 'en' will be used for the locale.
[2018.04.17-22.14.26:051][  0]LogD3D11RHI: D3D11 adapters:
[2018.04.17-22.14.26:111][  0]LogD3D11RHI:    0. 'NVIDIA GeForce 840M' (Feature Level 11_0)
[2018.04.17-22.14.26:111][  0]LogD3D11RHI:       2020/0/4054 MB DedicatedVideo/DedicatedSystem/SharedSystem, Outputs:1, VendorId:0x10de
[2018.04.17-22.14.26:118][  0]LogD3D11RHI:    1. 'Intel(R) HD Graphics 4600' (Feature Level 11_0)
[2018.04.17-22.14.26:118][  0]LogD3D11RHI:       112/0/2048 MB DedicatedVideo/DedicatedSystem/SharedSystem, Outputs:0, VendorId:0x8086
[2018.04.17-22.14.26:120][  0]LogD3D11RHI:    2. 'Microsoft Basic Render Driver' (Feature Level 11_0)
[2018.04.17-22.14.26:121][  0]LogD3D11RHI:       0/0/4054 MB DedicatedVideo/DedicatedSystem/SharedSystem, Outputs:0, VendorId:0x1414
[2018.04.17-22.14.26:121][  0]LogD3D11RHI: Chosen D3D11 Adapter: 0
[2018.04.17-22.14.26:132][  0]LogD3D11RHI: Creating new Direct3DDevice
[2018.04.17-22.14.26:132][  0]LogD3D11RHI:     GPU DeviceId: 0x1341 (for the marketing name, search the web for "GPU Device Id")
[2018.04.17-22.14.26:132][  0]LogWindows: EnumDisplayDevices:
[2018.04.17-22.14.26:132][  0]LogWindows:    0. 'Intel(R) HD Graphics 4600' (P:1 D:1)
[2018.04.17-22.14.26:133][  0]LogWindows:    1. 'Intel(R) HD Graphics 4600' (P:0 D:0)
[2018.04.17-22.14.26:133][  0]LogWindows:    2. 'Intel(R) HD Graphics 4600' (P:0 D:0)
[2018.04.17-22.14.26:133][  0]LogWindows: DebugString: GetVideoDriverDetailsInvalid PrimaryIsNotTheChoosenAdapter GetVideoDriverDetailsInvalid PrimaryIsNotTheChoosenAdapter GetVideoDriverDetailsInvalid PrimaryIsNotTheChoosenAdapter FoundDriverCount:0 
[2018.04.17-22.14.26:133][  0]LogD3D11RHI:     Adapter Name: NVIDIA GeForce 840M
[2018.04.17-22.14.26:133][  0]LogD3D11RHI:   Driver Version: Unknown (internal:Unknown, unified:Unknown)
[2018.04.17-22.14.26:133][  0]LogD3D11RHI:      Driver Date: Unknown
[2018.04.17-22.14.26:133][  0]LogRHI: Texture pool is 1414 MB (70% of 2020 MB)
[2018.04.17-22.14.26:163][  0]LogD3D11RHI: Async texture creation enabled
[2018.04.17-22.14.26:179][  0]LogD3D11RHI: GPU Timing Frequency: 1000.000000 (Debug: 2 1)
[2018.04.17-22.14.26:180][  0]LogShaderCompilers: Guid format shader working directory is -8 characters bigger than the processId version (../../../../../../Development/Mary/Cyber-War/CyberWar/Intermediate/Shaders/WorkingDirectory/6644/).
[2018.04.17-22.14.26:180][  0]LogShaderCompilers: Cleaned the shader compiler working directory 'C:/Users/root/AppData/Local/Temp/UnrealShaderWorkingDir/A43315104FDEC6EEE50372868D01BA1D/'.
[2018.04.17-22.14.26:180][  0]LogShaderCompilers: Display: Using Local Shader Compiler.
[2018.04.17-22.14.27:556][  0]LogTemp: Display: Loaded TP WindowsClientTargetPlatform
[2018.04.17-22.14.27:604][  0]LogTemp: Display: Loaded TP WindowsNoEditorTargetPlatform
[2018.04.17-22.14.27:662][  0]LogTemp: Display: Loaded TP WindowsServerTargetPlatform
[2018.04.17-22.14.27:708][  0]LogTemp: Display: Loaded TP WindowsTargetPlatform
[2018.04.17-22.14.27:708][  0]LogTargetPlatformManager: Display: Building Assets For Windows
[2018.04.17-22.14.28:123][  0]LogDerivedDataCache: Display: Max Cache Size: 512 MB
[2018.04.17-22.14.28:267][  0]LogDerivedDataCache: Loaded boot cache 0.14s 83MB C:/Users/root/AppData/Local/UnrealEngine/4.18/DerivedDataCache/Boot.ddc.
[2018.04.17-22.14.28:267][  0]LogDerivedDataCache: Display: Loaded Boot cache: C:/Users/root/AppData/Local/UnrealEngine/4.18/DerivedDataCache/Boot.ddc
[2018.04.17-22.14.28:268][  0]LogDerivedDataCache: FDerivedDataBackendGraph:  Pak pak cache file ../../../../../../Development/Mary/Cyber-War/CyberWar/DerivedDataCache/DDC.ddp not found, will not use a pak cache.
[2018.04.17-22.14.28:268][  0]LogDerivedDataCache: Unable to find inner node Pak for hierarchical cache Hierarchy.
[2018.04.17-22.14.28:268][  0]LogDerivedDataCache: FDerivedDataBackendGraph:  CompressedPak pak cache file ../../../../../../Development/Mary/Cyber-War/CyberWar/DerivedDataCache/Compressed.ddp not found, will not use a pak cache.
[2018.04.17-22.14.28:268][  0]LogDerivedDataCache: Unable to find inner node CompressedPak for hierarchical cache Hierarchy.
[2018.04.17-22.14.28:295][  0]LogDerivedDataCache: Display: Pak cache opened for reading ../../../Engine/DerivedDataCache/Compressed.ddp.
[2018.04.17-22.14.28:309][  0]LogDerivedDataCache: Using Local data cache path C:/Users/root/AppData/Local/UnrealEngine/Common/DerivedDataCache: Writable
[2018.04.17-22.14.28:330][  0]LogMaterial: Verifying Global Shaders for PCD3D_SM5
[2018.04.17-22.14.28:331][  0]LogSlate: Using Freetype 2.6.0
[2018.04.17-22.14.28:331][  0]LogSlate: SlateFontCache - WITH_FREETYPE: 1, WITH_HARFBUZZ: 1
[2018.04.17-22.14.28:331][  0]LogSlate: SlateFontCache - WITH_FREETYPE: 1, WITH_HARFBUZZ: 1
[2018.04.17-22.14.28:701][  0]LogAssetRegistry: FAssetRegistry took 0.0052 seconds to start up
[2018.04.17-22.14.28:754][  0]LogPackageLocalizationCache: Processed 7 localized package path(s) for 1 prioritized culture(s) in 0.053270 seconds
[2018.04.17-22.14.28:872][  0]LogInit: Selected Device Profile: [Windows]
[2018.04.17-22.14.29:226][  0]LogSimplygon: Simplygon DLL not present - disabling.
[2018.04.17-22.14.29:259][  0]LogMeshReduction: Using SimplygonSwarm for distributed automatic mesh merging
[2018.04.17-22.14.29:259][  0]LogMeshReduction: Using QuadricMeshReduction for automatic static mesh reduction
[2018.04.17-22.14.29:259][  0]LogMeshReduction: No automatic skeletal mesh reduction module available
[2018.04.17-22.14.29:259][  0]LogMeshReduction: No automatic mesh merging module available
[2018.04.17-22.14.29:259][  0]LogMeshMerging: No automatic mesh merging module available
[2018.04.17-22.14.29:283][  0]LogNetVersion: CyberWar , NetCL: 3709383, EngineNetVer: 2, GameNetVer: 0 (Checksum: 2311747216)
[2018.04.17-22.14.29:894][  0]LogInit: WinSock: version 1.1 (2.2), MaxSocks=32767, MaxUdp=65467
[2018.04.17-22.14.31:060][  0]LogMoviePlayer: Initializing movie player
[2018.04.17-22.14.31:124][  0]LogWindowsTextInputMethodSystem: Display: IME system now deactivated.
[2018.04.17-22.14.31:405][  0]LogCollectionManager: Loaded 0 collections in 0.001119 seconds
[2018.04.17-22.14.31:452][  0]LogFileCache: Scanning file cache for directory 'F:/Development/Mary/Cyber-War/CyberWar/Saved/Collections/' took 0.01s
[2018.04.17-22.14.31:452][  0]LogFileCache: Scanning file cache for directory 'F:/Development/Mary/Cyber-War/CyberWar/Content/Developers/root/Collections/' took 0.01s
[2018.04.17-22.14.31:452][  0]LogFileCache: Scanning file cache for directory 'F:/Development/Mary/Cyber-War/CyberWar/Content/Collections/' took 0.01s
[2018.04.17-22.14.31:452][  0]LogCollectionManager: Rebuilt the object cache for 0 collections in 0.000001 seconds (found 0 objects)
[2018.04.17-22.14.31:452][  0]LogCollectionManager: Fixed up redirectors for 0 collections in 0.000142 seconds (updated 0 objects)
[2018.04.17-22.14.32:541][  0]SourceControl: Source control is disabled
[2018.04.17-22.14.32:541][  0]SourceControl: Source control is disabled
[2018.04.17-22.14.32:582][  0]SourceControl: Source control is disabled
[2018.04.17-22.14.33:259][  0]LogOcInput: OculusInput pre-init called
[2018.04.17-22.14.33:351][  0]LogUObjectArray: 41277 objects as part of root set at end of initial load.
[2018.04.17-22.14.33:351][  0]LogUObjectAllocator: 8748064 out of 0 bytes used by permanent object pool.
[2018.04.17-22.14.33:351][  0]LogUObjectArray: CloseDisregardForGC: 0/0 objects in disregard for GC pool
[2018.04.17-22.14.33:441][  0]LogEngine: Initializing Engine...
[2018.04.17-22.14.33:443][  0]LogHMD: Failed to initialize OpenVR with code 110
[2018.04.17-22.14.33:705][  0]LogStats: UGameplayTagsManager::ConstructGameplayTagTree: Construct from data asset -  0.000 s
[2018.04.17-22.14.33:705][  0]LogStats: UGameplayTagsManager::ConstructGameplayTagTree: GameplayTagTreeChangedEvent.Broadcast -  0.000 s
[2018.04.17-22.14.33:723][  0]LogInit: XAudio2 using 'Динамики (Realtek High Definition Audio)' : 2 channels at 44.1 kHz using 32 bits per sample (channel mask 0x3)
[2018.04.17-22.14.33:782][  0]LogInit: FAudioDevice initialized.
[2018.04.17-22.14.34:067][  0]LogDerivedDataCache: Saved boot cache 0.27s 83MB C:/Users/root/AppData/Local/UnrealEngine/4.18/DerivedDataCache/Boot.ddc.
[2018.04.17-22.14.34:080][  0]LogInit: Texture streaming: Enabled
[2018.04.17-22.14.34:082][  0]LogMaterial: Missing cached shader map for material BaseColor, compiling. 
[2018.04.17-22.14.34:083][  0]LogMaterial: Warning: F:\Soft\Epic Games\UE_4.18\Engine\Content\BufferVisualization\BaseColor.uasset: Failed to compile Material for platform PCD3D_SM5, Default Material will be used in game.
[2018.04.17-22.14.34:083][  0]LogMaterial: 	(Node SceneTexture) GBuffer scene textures not available with forward shading.
[2018.04.17-22.14.34:110][  0]LogMaterial: Uniform references updated for custom material expression Custom.
[2018.04.17-22.14.34:120][  0]LogMaterial: Missing cached shader map for material LightingModel, compiling. 
[2018.04.17-22.14.34:120][  0]LogMaterial: Warning: F:\Soft\Epic Games\UE_4.18\Engine\Content\BufferVisualization\LightingModel.uasset: Failed to compile Material for platform PCD3D_SM5, Default Material will be used in game.
[2018.04.17-22.14.34:120][  0]LogMaterial: 	(Node SceneTexture) GBuffer scene textures not available with forward shading.
[2018.04.17-22.14.34:123][  0]LogMaterial: Missing cached shader map for material MaterialAO, compiling. 
[2018.04.17-22.14.34:123][  0]LogMaterial: Warning: F:\Soft\Epic Games\UE_4.18\Engine\Content\BufferVisualization\MaterialAO.uasset: Failed to compile Material for platform PCD3D_SM5, Default Material will be used in game.
[2018.04.17-22.14.34:123][  0]LogMaterial: 	(Node SceneTexture) GBuffer scene textures not available with forward shading.
[2018.04.17-22.14.34:126][  0]LogMaterial: Missing cached shader map for material Metallic, compiling. 
[2018.04.17-22.14.34:126][  0]LogMaterial: Warning: F:\Soft\Epic Games\UE_4.18\Engine\Content\BufferVisualization\Metallic.uasset: Failed to compile Material for platform PCD3D_SM5, Default Material will be used in game.
[2018.04.17-22.14.34:126][  0]LogMaterial: 	(Node SceneTexture) GBuffer scene textures not available with forward shading.
[2018.04.17-22.14.34:129][  0]LogMaterial: Missing cached shader map for material Opacity, compiling. 
[2018.04.17-22.14.34:129][  0]LogMaterial: Warning: F:\Soft\Epic Games\UE_4.18\Engine\Content\BufferVisualization\Opacity.uasset: Failed to compile Material for platform PCD3D_SM5, Default Material will be used in game.
[2018.04.17-22.14.34:129][  0]LogMaterial: 	(Node SceneTexture) GBuffer scene textures not available with forward shading.
[2018.04.17-22.14.34:131][  0]LogMaterial: Missing cached shader map for material Roughness, compiling. 
[2018.04.17-22.14.34:132][  0]LogMaterial: Warning: F:\Soft\Epic Games\UE_4.18\Engine\Content\BufferVisualization\Roughness.uasset: Failed to compile Material for platform PCD3D_SM5, Default Material will be used in game.
[2018.04.17-22.14.34:132][  0]LogMaterial: 	(Node SceneTexture) GBuffer scene textures not available with forward shading.
[2018.04.17-22.14.34:149][  0]LogMaterial: Missing cached shader map for material Specular, compiling. 
[2018.04.17-22.14.34:150][  0]LogMaterial: Warning: F:\Soft\Epic Games\UE_4.18\Engine\Content\BufferVisualization\Specular.uasset: Failed to compile Material for platform PCD3D_SM5, Default Material will be used in game.
[2018.04.17-22.14.34:150][  0]LogMaterial: 	(Node SceneTexture) GBuffer scene textures not available with forward shading.
[2018.04.17-22.14.34:153][  0]LogMaterial: Missing cached shader map for material SubsurfaceColor, compiling. 
[2018.04.17-22.14.34:153][  0]LogMaterial: Warning: F:\Soft\Epic Games\UE_4.18\Engine\Content\BufferVisualization\SubsurfaceColor.uasset: Failed to compile Material for platform PCD3D_SM5, Default Material will be used in game.
[2018.04.17-22.14.34:153][  0]LogMaterial: 	(Node SceneTexture) GBuffer scene textures not available with forward shading.
[2018.04.17-22.14.34:156][  0]LogMaterial: Missing cached shader map for material WorldNormal, compiling. 
[2018.04.17-22.14.34:157][  0]LogMaterial: Warning: F:\Soft\Epic Games\UE_4.18\Engine\Content\BufferVisualization\WorldNormal.uasset: Failed to compile Material for platform PCD3D_SM5, Default Material will be used in game.
[2018.04.17-22.14.34:157][  0]LogMaterial: 	(Node SceneTexture) GBuffer scene textures not available with forward shading.
[2018.04.17-22.14.38:251][  0]LogMaterial: Uniform references updated for custom material expression Custom.
[2018.04.17-22.14.39:331][  0]LogPackageName: SearchForPackageOnDisk took   0.080s to resolve Login.umap.
[2018.04.17-22.14.39:368][  0]LogInit: Display: Game Engine Initialized.
[2018.04.17-22.14.39:368][  0]LogGameplayTags: Display: UGameplayTagsManager::DoneAddingNativeTags. DelegateIsBound: 0
[2018.04.17-22.14.39:508][  0]LogInit: Display: Starting Game.
[2018.04.17-22.14.39:509][  0]LogNet: Browse: /Game/Maps/Login?Name=Player
[2018.04.17-22.14.39:509][  0]LogLoad: LoadMap: /Game/Maps/Login?Name=Player
[2018.04.17-22.14.39:685][  0]LogAIModule: Creating AISystem for world Login
[2018.04.17-22.14.39:693][  0]LogLoad: Game class is 'CW_Login_GameMode_C'
[2018.04.17-22.14.39:694][  0]LogWorld: Bringing World /Game/Maps/Login.Login up for play (max tick rate 0) at 2018.04.18-01.14.39
[2018.04.17-22.14.39:694][  0]LogWorld: Bringing up level for play took: 0.000978
[2018.04.17-22.14.39:695][  0]LogGameMode: FindPlayerStart: PATHS NOT DEFINED or NO PLAYERSTART with positive rating
[2018.04.17-22.14.39:705][  0]LogLowEntrySocket: SocketConnection SendBufferSize changed to 5242880
[2018.04.17-22.14.39:705][  0]LogLowEntrySocket: SocketConnection ReceiveBufferSize changed to 5242880
[2018.04.17-22.14.39:705][  0]LogLoad: Took 0.196784 seconds to LoadMap(/Game/Maps/Login)
[2018.04.17-22.14.39:892][  0]LogRenderer: Reallocating scene render targets to support 1920x1080 Format 10 NumSamples 1 (Frame:1).
[2018.04.17-22.14.39:892][  0]LogLoad: (Engine Initialization) Total time: 16.78 seconds
[2018.04.17-22.14.39:892][  0]LogLoad: (Engine Initialization) Total Blueprint compile time: 0.00 seconds
[2018.04.17-22.14.39:892][  0]LogExternalProfiler: Found external profiler: VSPerf
[2018.04.17-22.14.39:892][  0]LogExternalProfiler: Using external profiler: VSPerf
[2018.04.17-22.14.39:912][  0]LogContentStreaming: Texture pool size now 1000 MB
[2018.04.17-22.14.39:942][  1]LogBlueprintUserMessages: [CW_GameInstance_C_0] [ CW_GameInstance_C_0 ]: ( 39:942 ) - Соединение с сервером установлено
[2018.04.17-22.14.39:942][  1]LogBlueprintUserMessages: [CW_GameInstance_C_0] [ CW_GameInstance_C_0 ]: ( 39:942 ) - Send Package: {"action":"Authentication","data":{"version":"1.0.0.0"}}
[2018.04.17-22.14.40:140][  3]LogBlueprintUserMessages: [CW_GameInstance_C_0] [ CW_GameInstance_C_0 ]: ( 40:140 ) - Аутентификация прошла успешно
[2018.04.17-22.14.42:221][131]LogBlueprintUserMessages: [CW_GameInstance_C_0] [ CW_GameInstance_C_0 ]: ( 42:220 ) - Send Package: {"action":"Authorization","data":{"login":"test","password":"test","name":""}}
[2018.04.17-22.14.42:285][135]LogBlueprintUserMessages: [CW_GameInstance_C_0] [ CW_GameInstance_C_0 ]: ( 42:285 ) - Авторизация прошла успешно
[2018.04.17-22.14.42:287][135]LogBlueprintUserMessages: [CW_GameInstance_C_0] [ CW_GameInstance_C_0 ]: ( 42:287 ) - Send Package: {"action":"get_server_list","data":{"type":1}}
[2018.04.17-22.14.42:288][135]LogBlueprintUserMessages: [CW_GameInstance_C_0] [ CW_GameInstance_C_0 ]: ( 42:288 ) - Master server: 127.0.0.1:7783
[2018.04.17-22.14.42:303][136]LogLowEntrySocket: SocketConnection SendBufferSize changed to 5242880
[2018.04.17-22.14.42:303][136]LogLowEntrySocket: SocketConnection ReceiveBufferSize changed to 5242880
[2018.04.17-22.14.42:334][138]LogBlueprintUserMessages: [CW_GameInstance_C_0] [ CW_GameInstance_C_0 ]: ( 42:334 ) - Соединение с сервером установлено
[2018.04.17-22.14.42:334][138]LogBlueprintUserMessages: [CW_GameInstance_C_0] [ CW_GameInstance_C_0 ]: ( 42:334 ) - Send Package: {"action":"get_server_list","data":{"type":1}}
[2018.04.17-22.14.42:382][141]LogVaRest: Warning: No field with name mode of type String
[2018.04.17-22.14.42:382][141]LogBlueprintUserMessages: [CW_GameInstance_C_0] [ CW_GameInstance_C_0 ]: ( 42:382 ) - Type: 1, IP: 127.0.0.1:9,348 (0/100)
[2018.04.17-22.14.44:834][292]LogLowEntrySocket: SocketConnection SendBufferSize changed to 5242880
[2018.04.17-22.14.44:834][292]LogLowEntrySocket: SocketConnection ReceiveBufferSize changed to 5242880
[2018.04.17-22.14.44:869][294]LogBlueprintUserMessages: [CW_GameInstance_C_0] [ CW_GameInstance_C_0 ]: ( 44:869 ) - Соединение с сервером установлено
[2018.04.17-22.14.44:869][294]LogBlueprintUserMessages: [CW_GameInstance_C_0] [ CW_GameInstance_C_0 ]: ( 44:869 ) - Send Package: {"action":"auth","data":{"session_key":"bbad004d6ad27fcf630f963de1bf1f7e9418840ad0a9b9656fab0a8f9229161c"}}
[2018.04.17-22.14.45:010][297]LogPackageName: SearchForPackageOnDisk took   0.093s to resolve Lobby.umap.
[2018.04.17-22.14.45:104][298]LogPackageName: SearchForPackageOnDisk took   0.089s to resolve Lobby.umap.
[2018.04.17-22.14.45:104][298]LogNet: Browse: /Game/Maps/Lobby
[2018.04.17-22.14.45:104][298]LogLoad: LoadMap: /Game/Maps/Lobby
[2018.04.17-22.14.45:269][298]LogAIModule: Creating AISystem for world Lobby
[2018.04.17-22.14.45:270][298]LogLoad: Game class is 'CW_Lobby_GameMode_C'
[2018.04.17-22.14.45:273][298]LogWorld: Bringing World /Game/Maps/Lobby.Lobby up for play (max tick rate 0) at 2018.04.18-01.14.45
[2018.04.17-22.14.45:274][298]LogWorld: Bringing up level for play took: 0.003153
[2018.04.17-22.14.45:275][298]LogGameMode: Display: Match State Changed from EnteringMap to WaitingToStart
[2018.04.17-22.14.45:276][298]LogBlueprintUserMessages: [CW_GameInstance_C_0] [ CW_GameInstance_C_0 ]: ( 45:276 ) - Send Package: {"action":"get_player","data":{}}
[2018.04.17-22.14.45:276][298]LogGameState: Match State Changed from EnteringMap to WaitingToStart
[2018.04.17-22.14.45:276][298]LogLoad: Took 0.172441 seconds to LoadMap(/Game/Maps/Lobby)
[2018.04.17-22.14.45:503][311]LogBlueprintUserMessages: [CW_GameInstance_C_0] [ CW_GameInstance_C_0 ]: ( 45:503 ) - Send Package: {"action":"get_server_list","data":{"type":2}}
[2018.04.17-22.14.45:503][311]LogGameMode: Display: Match State Changed from WaitingToStart to InProgress
[2018.04.17-22.14.45:506][311]LogSkinnedMeshComp: Warning: GetSocketByName(Weapon): No SkeletalMesh for Component(Arms) Actor(CW_Character_C_0)
[2018.04.17-22.14.45:506][311]LogSkinnedMeshComp: Warning: GetSocketByName(Weapon): No SkeletalMesh for Component(Arms) Actor(CW_Character_C_0)
[2018.04.17-22.14.45:506][311]LogSkinnedMeshComp: Warning: GetSocketByName(Weapon): No SkeletalMesh for Component(CharacterMesh0) Actor(CW_Character_C_0)
[2018.04.17-22.14.45:506][311]LogSkinnedMeshComp: Warning: GetSocketByName(Weapon): No SkeletalMesh for Component(CharacterMesh0) Actor(CW_Character_C_0)
[2018.04.17-22.14.45:506][311]LogBlueprintUserMessages: [Weap_AK47_Blue_C_0] [ Weap_AK47_Blue_C_0 ]: ( 45:506 ) - Оружие прикреплено к владельцу
[2018.04.17-22.14.45:507][311]LogBlueprintUserMessages: [Weap_AK47_Blue_C_0] [ Weap_AK47_Blue_C_0 ]: ( 45:507 ) - Новый владелец
[2018.04.17-22.14.45:507][311]LogSkinnedMeshComp: Warning: GetSocketByName(Weapon): No SkeletalMesh for Component(Arms) Actor(CW_Character_C_0)
[2018.04.17-22.14.45:507][311]LogSkinnedMeshComp: Warning: GetSocketByName(Weapon): No SkeletalMesh for Component(Arms) Actor(CW_Character_C_0)
[2018.04.17-22.14.45:507][311]LogSkinnedMeshComp: Warning: GetSocketByName(Weapon): No SkeletalMesh for Component(CharacterMesh0) Actor(CW_Character_C_0)
[2018.04.17-22.14.45:507][311]LogSkinnedMeshComp: Warning: GetSocketByName(Weapon): No SkeletalMesh for Component(CharacterMesh0) Actor(CW_Character_C_0)
[2018.04.17-22.14.45:507][311]LogBlueprintUserMessages: [Weap_Deagle_C_0] [ Weap_Deagle_C_0 ]: ( 45:507 ) - Оружие прикреплено к владельцу
[2018.04.17-22.14.45:507][311]LogBlueprintUserMessages: [Weap_Deagle_C_0] [ Weap_Deagle_C_0 ]: ( 45:507 ) - Новый владелец
[2018.04.17-22.14.45:508][311]LogSkinnedMeshComp: Warning: GetSocketByName(Weapon): No SkeletalMesh for Component(Arms) Actor(CW_Character_C_0)
[2018.04.17-22.14.45:508][311]LogSkinnedMeshComp: Warning: GetSocketByName(Weapon): No SkeletalMesh for Component(Arms) Actor(CW_Character_C_0)
[2018.04.17-22.14.45:508][311]LogSkinnedMeshComp: Warning: GetSocketByName(Weapon): No SkeletalMesh for Component(CharacterMesh0) Actor(CW_Character_C_0)
[2018.04.17-22.14.45:508][311]LogSkinnedMeshComp: Warning: GetSocketByName(Weapon): No SkeletalMesh for Component(CharacterMesh0) Actor(CW_Character_C_0)
[2018.04.17-22.14.45:508][311]LogBlueprintUserMessages: [Weap_KnifeCombat_C_0] [ Weap_KnifeCombat_C_0 ]: ( 45:508 ) - Оружие прикреплено к владельцу
[2018.04.17-22.14.45:508][311]LogBlueprintUserMessages: [Weap_KnifeCombat_C_0] [ Weap_KnifeCombat_C_0 ]: ( 45:508 ) - Новый владелец
[2018.04.17-22.14.45:508][311]LogBlueprintUserMessages: [Weap_AK47_Blue_C_0] [ Weap_AK47_Blue_C_0 ]: ( 45:508 ) - OnSelectedWeapon
[2018.04.17-22.14.45:509][311]LogSkinnedMeshComp: Warning: GetSocketByName(Weapon): No SkeletalMesh for Component(Arms) Actor(CW_Character_C_0)
[2018.04.17-22.14.45:509][311]LogSkinnedMeshComp: Warning: GetSocketByName(Weapon): No SkeletalMesh for Component(Arms) Actor(CW_Character_C_0)
[2018.04.17-22.14.45:509][311]LogSkinnedMeshComp: Warning: GetSocketByName(Weapon): No SkeletalMesh for Component(Arms) Actor(CW_Character_C_0)
[2018.04.17-22.14.45:509][311]LogSkinnedMeshComp: Warning: GetSocketByName(Weapon): No SkeletalMesh for Component(Arms) Actor(CW_Character_C_0)
[2018.04.17-22.14.45:509][311]LogGameState: Match State Changed from WaitingToStart to InProgress
[2018.04.17-22.14.45:510][311]LogSkinnedMeshComp: Warning: GetSocketByName(Weapon): No SkeletalMesh for Component(Arms) Actor(CW_Character_C_0)
[2018.04.17-22.14.45:510][311]LogSkinnedMeshComp: Warning: GetSocketByName(Weapon): No SkeletalMesh for Component(Arms) Actor(CW_Character_C_0)
[2018.04.17-22.14.45:510][311]LogSkinnedMeshComp: Warning: GetSocketByName(Weapon): No SkeletalMesh for Component(Arms) Actor(CW_Character_C_0)
[2018.04.17-22.14.45:510][311]LogSkinnedMeshComp: Warning: GetSocketByName(Weapon): No SkeletalMesh for Component(Arms) Actor(CW_Character_C_0)
[2018.04.17-22.14.45:510][311]LogSkinnedMeshComp: Warning: GetSocketByName(Weapon): No SkeletalMesh for Component(Arms) Actor(CW_Character_C_0)
[2018.04.17-22.14.45:510][311]LogSkinnedMeshComp: Warning: GetSocketByName(Weapon): No SkeletalMesh for Component(Arms) Actor(CW_Character_C_0)
[2018.04.17-22.14.45:522][312]LogBlueprintUserMessages: [Weap_AK47_Blue_C_0] [ Weap_AK47_Blue_C_0 ]: ( 45:522 ) - Анимации от 3-го лица загружены
[2018.04.17-22.14.45:523][312]LogBlueprintUserMessages: [Weap_AK47_Blue_C_0] [ Weap_AK47_Blue_C_0 ]: ( 45:523 ) - Анимации от 1-го лица загружены
[2018.04.17-22.14.45:523][312]LogBlueprintUserMessages: [Weap_Deagle_C_0] [ Weap_Deagle_C_0 ]: ( 45:523 ) - Анимации от 3-го лица загружены
[2018.04.17-22.14.45:524][312]LogBlueprintUserMessages: [Weap_Deagle_C_0] [ Weap_Deagle_C_0 ]: ( 45:524 ) - Анимации от 1-го лица загружены
[2018.04.17-22.14.45:524][312]LogBlueprintUserMessages: [Weap_KnifeCombat_C_0] [ Weap_KnifeCombat_C_0 ]: ( 45:524 ) - Анимации от 3-го лица загружены
[2018.04.17-22.14.45:525][312]LogBlueprintUserMessages: [Weap_KnifeCombat_C_0] [ Weap_KnifeCombat_C_0 ]: ( 45:525 ) - Анимации от 1-го лица загружены
[2018.04.17-22.14.45:735][325]LogVaRest: Warning: No field with name mode of type String
[2018.04.17-22.14.45:735][325]LogBlueprintUserMessages: [CW_GameInstance_C_0] [ CW_GameInstance_C_0 ]: ( 45:735 ) - Type: 2, IP: 127.0.0.1:17,777 (0/12)
[2018.04.17-22.14.54:863][879]LogGameMode: Display: Match State Changed from InProgress to LeavingMap
[2018.04.17-22.14.54:875][879]LogGameState: Match State Changed from InProgress to LeavingMap
[2018.04.17-22.14.54:876][879]LogNet: Browse: 127.0.0.1:17777//Game/Maps/Login
[2018.04.17-22.14.54:876][879]LogTemp: Display: ParseSettings for GameNetDriver
[2018.04.17-22.14.54:876][879]LogTemp: Display: ParseSettings for IpNetDriver_0
[2018.04.17-22.14.54:876][879]LogTemp: Display: ParseSettings for PendingNetDriver
[2018.04.17-22.14.54:876][879]LogInit: WinSock: Socket queue 32768 / 32768
[2018.04.17-22.14.54:927][879]LogInit: WinSock: I am DESKTOP-38OIRC4 (192.168.1.100:0)
[2018.04.17-22.14.54:927][879]PacketHandlerLog: Loaded PacketHandler component: Engine.EngineHandlerComponentFactory (StatelessConnectHandlerComponent)
[2018.04.17-22.14.54:927][879]LogNet: Game client on port 17777, rate 10000
[2018.04.17-22.14.54:995][884]LogHandshake: SendChallengeResponse. Timestamp: 38.748455, Cookie: 182041071150163071141060208086111104038211253180121068020234
[2018.04.17-22.14.55:326][904]LogNetVersion: CyberWar 1.0.0.0, NetCL: 3709383, EngineNetVer: 2, GameNetVer: 0 (Checksum: 2574365049)
[2018.04.17-22.14.55:326][904]LogNet: UPendingNetGame::SendInitialJoin: Sending hello. [UNetConnection] RemoteAddr: 127.0.0.1:17777, Name: IpConnection_0, Driver: PendingNetDriver IpNetDriver_0, IsServer: NO, PC: NULL, Owner: NULL
[2018.04.17-22.14.55:992][944]LogNet: Welcomed by server (Level: /Game/Maps/UEDPIE_1_Testing, Game: /Game/Blueprints/Online/CW_GameMode.CW_GameMode_C)
[2018.04.17-22.14.55:993][944]LogLoad: LoadMap: 127.0.0.1:17777//Game/Maps/Testing?game=/Game/Blueprints/Online/CW_GameMode.CW_GameMode_C
[2018.04.17-22.14.56:635][944]LogAIModule: Creating AISystem for world Testing
[2018.04.17-22.14.56:635][944]LogTemp: Display: ParseSettings for GameNetDriver
[2018.04.17-22.14.56:639][944]LogWorld: Bringing World /Game/Maps/Testing.Testing up for play (max tick rate 0) at 2018.04.18-01.14.56
[2018.04.17-22.14.56:640][944]LogWorld: Bringing up level for play took: 0.004026
[2018.04.17-22.14.56:659][944]LogLoad: Took 0.665516 seconds to LoadMap(/Game/Maps/Testing)
[2018.04.17-22.14.56:984][951]LogSkinnedMeshComp: Warning: GetSocketByName(Weapon): No SkeletalMesh for Component(Arms) Actor(CW_Character_C_0)
[2018.04.17-22.14.56:984][951]LogSkinnedMeshComp: Warning: GetSocketByName(Weapon): No SkeletalMesh for Component(Arms) Actor(CW_Character_C_0)
[2018.04.17-22.14.56:985][951]LogSkinnedMeshComp: Warning: GetSocketByName(Weapon): No SkeletalMesh for Component(CharacterMesh0) Actor(CW_Character_C_0)
[2018.04.17-22.14.56:985][951]LogSkinnedMeshComp: Warning: GetSocketByName(Weapon): No SkeletalMesh for Component(CharacterMesh0) Actor(CW_Character_C_0)
[2018.04.17-22.14.56:985][951]LogBlueprintUserMessages: [Weap_Deagle_C_0] [ Weap_Deagle_C_0 ]: ( 56:985 ) - Оружие прикреплено к владельцу
[2018.04.17-22.14.56:986][951]LogSkinnedMeshComp: Warning: GetSocketByName(Weapon): No SkeletalMesh for Component(Arms) Actor(CW_Character_C_0)
[2018.04.17-22.14.56:986][951]LogSkinnedMeshComp: Warning: GetSocketByName(Weapon): No SkeletalMesh for Component(Arms) Actor(CW_Character_C_0)
[2018.04.17-22.14.56:986][951]LogSkinnedMeshComp: Warning: GetSocketByName(Weapon): No SkeletalMesh for Component(CharacterMesh0) Actor(CW_Character_C_0)
[2018.04.17-22.14.56:986][951]LogSkinnedMeshComp: Warning: GetSocketByName(Weapon): No SkeletalMesh for Component(CharacterMesh0) Actor(CW_Character_C_0)
[2018.04.17-22.14.56:986][951]LogBlueprintUserMessages: [Weap_KnifeCombat_C_0] [ Weap_KnifeCombat_C_0 ]: ( 56:986 ) - Оружие прикреплено к владельцу
[2018.04.17-22.14.56:988][951]LogSkinnedMeshComp: Warning: GetSocketByName(Weapon): No SkeletalMesh for Component(Arms) Actor(CW_Character_C_0)
[2018.04.17-22.14.56:988][951]LogSkinnedMeshComp: Warning: GetSocketByName(Weapon): No SkeletalMesh for Component(Arms) Actor(CW_Character_C_0)
[2018.04.17-22.14.56:988][951]LogSkinnedMeshComp: Warning: GetSocketByName(Weapon): No SkeletalMesh for Component(CharacterMesh0) Actor(CW_Character_C_0)
[2018.04.17-22.14.56:988][951]LogSkinnedMeshComp: Warning: GetSocketByName(Weapon): No SkeletalMesh for Component(CharacterMesh0) Actor(CW_Character_C_0)
[2018.04.17-22.14.56:989][951]LogBlueprintUserMessages: [Weap_Deagle_C_1] [ Weap_Deagle_C_1 ]: ( 56:988 ) - Оружие прикреплено к владельцу
[2018.04.17-22.14.56:993][951]LogSkinnedMeshComp: Warning: GetSocketByName(Weapon): No SkeletalMesh for Component(Arms) Actor(CW_Character_C_0)
[2018.04.17-22.14.56:994][951]LogSkinnedMeshComp: Warning: GetSocketByName(Weapon): No SkeletalMesh for Component(Arms) Actor(CW_Character_C_0)
[2018.04.17-22.14.56:994][951]LogSkinnedMeshComp: Warning: GetSocketByName(Weapon): No SkeletalMesh for Component(CharacterMesh0) Actor(CW_Character_C_0)
[2018.04.17-22.14.56:994][951]LogSkinnedMeshComp: Warning: GetSocketByName(Weapon): No SkeletalMesh for Component(CharacterMesh0) Actor(CW_Character_C_0)
[2018.04.17-22.14.56:994][951]LogBlueprintUserMessages: [Weap_AK47_Blue_C_0] [ Weap_AK47_Blue_C_0 ]: ( 56:994 ) - Оружие прикреплено к владельцу
[2018.04.17-22.14.56:996][951]LogSkinnedMeshComp: Warning: GetSocketByName(Weapon): No SkeletalMesh for Component(Arms) Actor(CW_Character_C_0)
[2018.04.17-22.14.56:997][951]LogSkinnedMeshComp: Warning: GetSocketByName(Weapon): No SkeletalMesh for Component(Arms) Actor(CW_Character_C_0)
[2018.04.17-22.14.56:997][951]LogSkinnedMeshComp: Warning: GetSocketByName(Weapon): No SkeletalMesh for Component(CharacterMesh0) Actor(CW_Character_C_0)
[2018.04.17-22.14.56:997][951]LogSkinnedMeshComp: Warning: GetSocketByName(Weapon): No SkeletalMesh for Component(CharacterMesh0) Actor(CW_Character_C_0)
[2018.04.17-22.14.56:997][951]LogBlueprintUserMessages: [Weap_AK47_Blue_C_1] [ Weap_AK47_Blue_C_1 ]: ( 56:997 ) - Оружие прикреплено к владельцу
[2018.04.17-22.14.57:002][951]LogSkinnedMeshComp: Warning: GetSocketByName(Weapon): No SkeletalMesh for Component(Arms) Actor(CW_Character_C_0)
[2018.04.17-22.14.57:003][951]LogSkinnedMeshComp: Warning: GetSocketByName(Weapon): No SkeletalMesh for Component(Arms) Actor(CW_Character_C_0)
[2018.04.17-22.14.57:003][951]LogSkinnedMeshComp: Warning: GetSocketByName(Weapon): No SkeletalMesh for Component(Arms) Actor(CW_Character_C_0)
[2018.04.17-22.14.57:003][951]LogSkinnedMeshComp: Warning: GetSocketByName(Weapon): No SkeletalMesh for Component(Arms) Actor(CW_Character_C_0)
[2018.04.17-22.14.57:003][951]LogSkinnedMeshComp: Warning: GetSocketByName(Weapon): No SkeletalMesh for Component(Arms) Actor(CW_Character_C_0)
[2018.04.17-22.14.57:004][951]LogSkinnedMeshComp: Warning: GetSocketByName(Weapon): No SkeletalMesh for Component(Arms) Actor(CW_Character_C_0)
[2018.04.17-22.14.57:004][951]LogSkinnedMeshComp: Warning: GetSocketByName(Weapon): No SkeletalMesh for Component(Arms) Actor(CW_Character_C_0)
[2018.04.17-22.14.57:004][951]LogSkinnedMeshComp: Warning: GetSocketByName(Weapon): No SkeletalMesh for Component(Arms) Actor(CW_Character_C_0)
[2018.04.17-22.14.57:004][951]LogSkinnedMeshComp: Warning: GetSocketByName(Weapon): No SkeletalMesh for Component(Arms) Actor(CW_Character_C_0)
[2018.04.17-22.14.57:004][951]LogSkinnedMeshComp: Warning: GetSocketByName(Weapon): No SkeletalMesh for Component(Arms) Actor(CW_Character_C_0)
[2018.04.17-22.14.57:005][951]LogBlueprintUserMessages: [Weap_AK47_Blue_C_1] [ Weap_AK47_Blue_C_1 ]: ( 57:5 ) - OnSelectedWeapon
[2018.04.17-22.14.57:006][951]LogSkinnedMeshComp: Warning: GetSocketByName(Weapon): No SkeletalMesh for Component(Arms) Actor(CW_Character_C_0)
[2018.04.17-22.14.57:006][951]LogSkinnedMeshComp: Warning: GetSocketByName(Weapon): No SkeletalMesh for Component(Arms) Actor(CW_Character_C_0)
[2018.04.17-22.14.57:006][951]LogSkinnedMeshComp: Warning: GetSocketByName(Weapon): No SkeletalMesh for Component(Arms) Actor(CW_Character_C_0)
[2018.04.17-22.14.57:006][951]LogSkinnedMeshComp: Warning: GetSocketByName(Weapon): No SkeletalMesh for Component(Arms) Actor(CW_Character_C_0)
[2018.04.17-22.14.57:006][951]LogSkinnedMeshComp: Warning: GetSocketByName(Weapon): No SkeletalMesh for Component(Arms) Actor(CW_Character_C_0)
[2018.04.17-22.14.57:006][951]LogSkinnedMeshComp: Warning: GetSocketByName(Weapon): No SkeletalMesh for Component(Arms) Actor(CW_Character_C_0)
[2018.04.17-22.14.57:011][952]LogSkinnedMeshComp: Warning: GetSocketByName(Weapon): No SkeletalMesh for Component(Arms) Actor(CW_Character_C_0)
[2018.04.17-22.14.57:011][952]LogSkinnedMeshComp: Warning: GetSocketByName(Weapon): No SkeletalMesh for Component(Arms) Actor(CW_Character_C_0)
[2018.04.17-22.14.57:011][952]LogSkinnedMeshComp: Warning: GetSocketByName(Weapon): No SkeletalMesh for Component(Arms) Actor(CW_Character_C_0)
[2018.04.17-22.14.57:012][952]LogSkinnedMeshComp: Warning: GetSocketByName(Weapon): No SkeletalMesh for Component(Arms) Actor(CW_Character_C_0)
[2018.04.17-22.14.57:012][952]LogSkinnedMeshComp: Warning: GetSocketByName(Weapon): No SkeletalMesh for Component(Arms) Actor(CW_Character_C_0)
[2018.04.17-22.14.57:039][953]LogBlueprintUserMessages: [Weap_Deagle_C_0] [ Weap_Deagle_C_0 ]: ( 57:38 ) - Анимации от 3-го лица загружены
[2018.04.17-22.14.57:042][953]LogBlueprintUserMessages: [Weap_Deagle_C_0] [ Weap_Deagle_C_0 ]: ( 57:42 ) - Анимации от 1-го лица загружены
[2018.04.17-22.14.57:043][953]LogBlueprintUserMessages: [Weap_Deagle_C_1] [ Weap_Deagle_C_1 ]: ( 57:43 ) - Анимации от 3-го лица загружены
[2018.04.17-22.14.57:043][953]LogBlueprintUserMessages: [Weap_Deagle_C_1] [ Weap_Deagle_C_1 ]: ( 57:43 ) - Анимации от 1-го лица загружены
[2018.04.17-22.14.57:044][953]LogBlueprintUserMessages: [Weap_KnifeCombat_C_0] [ Weap_KnifeCombat_C_0 ]: ( 57:44 ) - Анимации от 3-го лица загружены
[2018.04.17-22.14.57:044][953]LogBlueprintUserMessages: [Weap_KnifeCombat_C_0] [ Weap_KnifeCombat_C_0 ]: ( 57:44 ) - Анимации от 1-го лица загружены
[2018.04.17-22.14.57:044][953]LogBlueprintUserMessages: [Weap_AK47_Blue_C_0] [ Weap_AK47_Blue_C_0 ]: ( 57:44 ) - Анимации от 3-го лица загружены
[2018.04.17-22.14.57:045][953]LogBlueprintUserMessages: [Weap_AK47_Blue_C_0] [ Weap_AK47_Blue_C_0 ]: ( 57:45 ) - Анимации от 1-го лица загружены
[2018.04.17-22.14.57:045][953]LogBlueprintUserMessages: [Weap_AK47_Blue_C_1] [ Weap_AK47_Blue_C_1 ]: ( 57:45 ) - Анимации от 3-го лица загружены
[2018.04.17-22.14.57:045][953]LogBlueprintUserMessages: [Weap_AK47_Blue_C_1] [ Weap_AK47_Blue_C_1 ]: ( 57:45 ) - Анимации от 1-го лица загружены
[2018.04.17-22.14.57:331][970]LogBlueprintUserMessages: [Weap_AK47_Blue_C_0] [ Weap_AK47_Blue_C_0 ]: ( 57:331 ) - OnSelectedWeapon
[2018.04.17-22.14.57:332][970]LogBlueprintUserMessages: [Weap_AK47_Blue_C_0] [ Weap_AK47_Blue_C_0 ]: ( 57:332 ) - Анимации от 1-го лица загружены
[2018.04.17-22.14.57:332][970]LogSkinnedMeshComp: Warning: GetSocketByName(Weapon): No SkeletalMesh for Component(Arms) Actor(CW_Character_C_1)
[2018.04.17-22.14.57:332][970]LogSkinnedMeshComp: Warning: GetSocketByName(Weapon): No SkeletalMesh for Component(Arms) Actor(CW_Character_C_1)
[2018.04.17-22.14.57:333][970]LogSkinnedMeshComp: Warning: GetSocketByName(Weapon): No SkeletalMesh for Component(CharacterMesh0) Actor(CW_Character_C_1)
[2018.04.17-22.14.57:333][970]LogSkinnedMeshComp: Warning: GetSocketByName(Weapon): No SkeletalMesh for Component(CharacterMesh0) Actor(CW_Character_C_1)
[2018.04.17-22.14.57:333][970]LogBlueprintUserMessages: [Weap_KnifeCombat_C_1] [ Weap_KnifeCombat_C_1 ]: ( 57:333 ) - Оружие прикреплено к владельцу
[2018.04.17-22.14.57:333][970]LogBlueprintUserMessages: [Weap_KnifeCombat_C_1] [ Weap_KnifeCombat_C_1 ]: ( 57:333 ) - Новый владелец
[2018.04.17-22.14.57:335][970]LogSkinnedMeshComp: Warning: GetSocketByName(Weapon): No SkeletalMesh for Component(Arms) Actor(CW_Character_C_1)
[2018.04.17-22.14.57:335][970]LogSkinnedMeshComp: Warning: GetSocketByName(Weapon): No SkeletalMesh for Component(CharacterMesh0) Actor(CW_Character_C_1)
[2018.04.17-22.14.57:336][970]LogSkinnedMeshComp: Warning: GetSocketByName(Weapon): No SkeletalMesh for Component(Arms) Actor(CW_Character_C_1)
[2018.04.17-22.14.57:346][971]LogSkinnedMeshComp: Warning: GetSocketByName(Weapon): No SkeletalMesh for Component(CharacterMesh0) Actor(CW_Character_C_1)
[2018.04.17-22.14.57:346][971]LogSkinnedMeshComp: Warning: GetSocketByName(Weapon): No SkeletalMesh for Component(Arms) Actor(CW_Character_C_1)
[2018.04.17-22.14.57:346][971]LogSkinnedMeshComp: Warning: GetSocketByName(Weapon): No SkeletalMesh for Component(Arms) Actor(CW_Character_C_1)
[2018.04.17-22.14.57:362][972]LogSkinnedMeshComp: Warning: GetSocketByName(Weapon): No SkeletalMesh for Component(CharacterMesh0) Actor(CW_Character_C_1)
[2018.04.17-22.14.57:363][972]LogSkinnedMeshComp: Warning: GetSocketByName(Weapon): No SkeletalMesh for Component(Arms) Actor(CW_Character_C_1)
[2018.04.17-22.14.57:363][972]LogSkinnedMeshComp: Warning: GetSocketByName(Weapon): No SkeletalMesh for Component(Arms) Actor(CW_Character_C_1)
[2018.04.17-22.14.57:378][973]LogSkinnedMeshComp: Warning: GetSocketByName(Weapon): No SkeletalMesh for Component(CharacterMesh0) Actor(CW_Character_C_1)
[2018.04.17-22.14.57:379][973]LogSkinnedMeshComp: Warning: GetSocketByName(Weapon): No SkeletalMesh for Component(Arms) Actor(CW_Character_C_1)
[2018.04.17-22.14.57:379][973]LogSkinnedMeshComp: Warning: GetSocketByName(Weapon): No SkeletalMesh for Component(Arms) Actor(CW_Character_C_1)
[2018.04.17-22.14.57:394][974]LogSkinnedMeshComp: Warning: GetSocketByName(Weapon): No SkeletalMesh for Component(CharacterMesh0) Actor(CW_Character_C_1)
[2018.04.17-22.14.57:395][974]LogSkinnedMeshComp: Warning: GetSocketByName(Weapon): No SkeletalMesh for Component(Arms) Actor(CW_Character_C_1)
[2018.04.17-22.14.57:395][974]LogSkinnedMeshComp: Warning: GetSocketByName(Weapon): No SkeletalMesh for Component(Arms) Actor(CW_Character_C_1)
[2018.04.17-22.14.57:412][975]LogSkinnedMeshComp: Warning: GetSocketByName(Weapon): No SkeletalMesh for Component(CharacterMesh0) Actor(CW_Character_C_1)
[2018.04.17-22.14.57:412][975]LogSkinnedMeshComp: Warning: GetSocketByName(Weapon): No SkeletalMesh for Component(Arms) Actor(CW_Character_C_1)
[2018.04.17-22.14.57:413][975]LogSkinnedMeshComp: Warning: GetSocketByName(Weapon): No SkeletalMesh for Component(Arms) Actor(CW_Character_C_1)
[2018.04.17-22.14.57:428][976]LogSkinnedMeshComp: Warning: GetSocketByName(Weapon): No SkeletalMesh for Component(CharacterMesh0) Actor(CW_Character_C_1)
[2018.04.17-22.14.57:428][976]LogSkinnedMeshComp: Warning: GetSocketByName(Weapon): No SkeletalMesh for Component(Arms) Actor(CW_Character_C_1)
[2018.04.17-22.14.57:429][976]LogSkinnedMeshComp: Warning: GetSocketByName(Weapon): No SkeletalMesh for Component(Arms) Actor(CW_Character_C_1)
[2018.04.17-22.14.57:444][977]LogSkinnedMeshComp: Warning: GetSocketByName(Weapon): No SkeletalMesh for Component(CharacterMesh0) Actor(CW_Character_C_1)
[2018.04.17-22.14.57:445][977]LogSkinnedMeshComp: Warning: GetSocketByName(Weapon): No SkeletalMesh for Component(Arms) Actor(CW_Character_C_1)
[2018.04.17-22.14.57:445][977]LogSkinnedMeshComp: Warning: GetSocketByName(Weapon): No SkeletalMesh for Component(Arms) Actor(CW_Character_C_1)
[2018.04.17-22.14.57:460][978]LogSkinnedMeshComp: Warning: GetSocketByName(Weapon): No SkeletalMesh for Component(CharacterMesh0) Actor(CW_Character_C_1)
[2018.04.17-22.14.57:461][978]LogSkinnedMeshComp: Warning: GetSocketByName(Weapon): No SkeletalMesh for Component(Arms) Actor(CW_Character_C_1)
[2018.04.17-22.14.57:461][978]LogSkinnedMeshComp: Warning: GetSocketByName(Weapon): No SkeletalMesh for Component(Arms) Actor(CW_Character_C_1)
[2018.04.17-22.14.57:478][979]LogSkinnedMeshComp: Warning: GetSocketByName(Weapon): No SkeletalMesh for Component(Arms) Actor(CW_Character_C_1)
[2018.04.17-22.14.57:479][979]LogSkinnedMeshComp: Warning: GetSocketByName(Weapon): No SkeletalMesh for Component(Arms) Actor(CW_Character_C_1)
[2018.04.17-22.14.57:495][980]LogSkinnedMeshComp: Warning: GetSocketByName(Weapon): No SkeletalMesh for Component(Arms) Actor(CW_Character_C_1)
[2018.04.17-22.14.57:496][980]LogSkinnedMeshComp: Warning: GetSocketByName(Weapon): No SkeletalMesh for Component(Arms) Actor(CW_Character_C_1)
[2018.04.17-22.14.57:515][981]LogSkinnedMeshComp: Warning: GetSocketByName(Weapon): No SkeletalMesh for Component(Arms) Actor(CW_Character_C_1)
[2018.04.17-22.14.57:517][981]LogSkinnedMeshComp: Warning: GetSocketByName(Weapon): No SkeletalMesh for Component(Arms) Actor(CW_Character_C_1)
[2018.04.17-22.14.57:527][982]LogSkinnedMeshComp: Warning: GetSocketByName(Weapon): No SkeletalMesh for Component(Arms) Actor(CW_Character_C_1)
[2018.04.17-22.14.57:528][982]LogSkinnedMeshComp: Warning: GetSocketByName(Weapon): No SkeletalMesh for Component(Arms) Actor(CW_Character_C_1)
[2018.04.17-22.14.57:544][983]LogSkinnedMeshComp: Warning: GetSocketByName(Weapon): No SkeletalMesh for Component(Arms) Actor(CW_Character_C_1)
[2018.04.17-22.14.57:544][983]LogSkinnedMeshComp: Warning: GetSocketByName(Weapon): No SkeletalMesh for Component(Arms) Actor(CW_Character_C_1)
[2018.04.17-22.14.57:560][984]LogSkinnedMeshComp: Warning: GetSocketByName(Weapon): No SkeletalMesh for Component(Arms) Actor(CW_Character_C_1)
[2018.04.17-22.14.57:561][984]LogSkinnedMeshComp: Warning: GetSocketByName(Weapon): No SkeletalMesh for Component(Arms) Actor(CW_Character_C_1)
[2018.04.17-22.14.57:578][985]LogSkinnedMeshComp: Warning: GetSocketByName(Weapon): No SkeletalMesh for Component(Arms) Actor(CW_Character_C_1)
[2018.04.17-22.14.57:578][985]LogSkinnedMeshComp: Warning: GetSocketByName(Weapon): No SkeletalMesh for Component(Arms) Actor(CW_Character_C_1)
[2018.04.17-22.14.57:593][986]LogSkinnedMeshComp: Warning: GetSocketByName(Weapon): No SkeletalMesh for Component(Arms) Actor(CW_Character_C_1)
[2018.04.17-22.14.57:593][986]LogSkinnedMeshComp: Warning: GetSocketByName(Weapon): No SkeletalMesh for Component(Arms) Actor(CW_Character_C_1)
[2018.04.17-22.14.57:611][987]LogSkinnedMeshComp: Warning: GetSocketByName(Weapon): No SkeletalMesh for Component(Arms) Actor(CW_Character_C_1)
[2018.04.17-22.14.57:612][987]LogSkinnedMeshComp: Warning: GetSocketByName(Weapon): No SkeletalMesh for Component(Arms) Actor(CW_Character_C_1)
[2018.04.17-22.14.57:625][988]LogSkinnedMeshComp: Warning: GetSocketByName(Weapon): No SkeletalMesh for Component(Arms) Actor(CW_Character_C_1)
[2018.04.17-22.14.57:626][988]LogSkinnedMeshComp: Warning: GetSocketByName(Weapon): No SkeletalMesh for Component(Arms) Actor(CW_Character_C_1)
[2018.04.17-22.14.57:644][989]LogSkinnedMeshComp: Warning: GetSocketByName(Weapon): No SkeletalMesh for Component(Arms) Actor(CW_Character_C_1)
[2018.04.17-22.14.57:645][989]LogSkinnedMeshComp: Warning: GetSocketByName(Weapon): No SkeletalMesh for Component(Arms) Actor(CW_Character_C_1)
[2018.04.17-22.14.57:659][990]LogSkinnedMeshComp: Warning: GetSocketByName(Weapon): No SkeletalMesh for Component(Arms) Actor(CW_Character_C_1)
[2018.04.17-22.14.57:659][990]LogSkinnedMeshComp: Warning: GetSocketByName(Weapon): No SkeletalMesh for Component(Arms) Actor(CW_Character_C_1)
[2018.04.17-22.14.57:679][991]LogSkinnedMeshComp: Warning: GetSocketByName(Weapon): No SkeletalMesh for Component(Arms) Actor(CW_Character_C_1)
[2018.04.17-22.14.57:698][992]LogBlueprintUserMessages: [Weap_KnifeCombat_C_1] [ Weap_KnifeCombat_C_1 ]: ( 57:698 ) - Анимации от 3-го лица загружены
[2018.04.17-22.14.57:699][992]LogBlueprintUserMessages: [Weap_KnifeCombat_C_1] [ Weap_KnifeCombat_C_1 ]: ( 57:698 ) - Анимации от 1-го лица загружены
[2018.04.17-22.15.02:950][312]LogWindowsTextInputMethodSystem: Display: IME system now deactivated.
[2018.04.17-22.15.02:957][312]LogWindowsTextInputMethodSystem: Display: IME system now deactivated.
[2018.04.17-22.15.02:962][312]LogEngine: All Windows Closed
[2018.04.17-22.15.02:962][312]LogWindows: FPlatformMisc::RequestExit(0)
[2018.04.17-22.15.02:968][313]LogNet: World NetDriver shutdown IpNetDriver_0 [GameNetDriver]
[2018.04.17-22.15.02:968][313]LogNet: DestroyNamedNetDriver IpNetDriver_0 [GameNetDriver]
[2018.04.17-22.15.02:969][313]LogNet: UNetConnection::Close: [UNetConnection] RemoteAddr: 127.0.0.1:17777, Name: IpConnection_0, Driver: GameNetDriver IpNetDriver_0, IsServer: NO, PC: CW_PlayerController_C_0, Owner: CW_PlayerController_C_0, Channels: 16, Time: 2018.04.17-22.15.02
[2018.04.17-22.15.02:969][313]LogNet: UChannel::Close: Sending CloseBunch. ChIndex == 0. Name: [UChannel] ChIndex: 0, Closing: 0 [UNetConnection] RemoteAddr: 127.0.0.1:17777, Name: IpConnection_0, Driver: GameNetDriver IpNetDriver_0, IsServer: NO, PC: CW_PlayerController_C_0, Owner: CW_PlayerController_C_0
[2018.04.17-22.15.02:971][313]LogExit: GameNetDriver IpNetDriver_0 shut down
[2018.04.17-22.15.03:059][313]LogPackageName: SearchForPackageOnDisk took   0.087s to resolve Login.umap.
[2018.04.17-22.15.03:468][313]LogExit: Preparing to exit.
[2018.04.17-22.15.03:468][313]LogMoviePlayer: Shutting down movie player
[2018.04.17-22.15.03:607][313]LogExit: Game engine shut down
[2018.04.17-22.15.03:760][313]LogExit: Object subsystem successfully closed.
[2018.04.17-22.15.03:782][313]LogD3D11RHI: Shutdown
[2018.04.17-22.15.03:782][313]LogD3D11RHI: CleanupD3DDevice
[2018.04.17-22.15.03:784][313]LogD3D11RHI: ~FD3D11DynamicRHI
[2018.04.17-22.15.03:789][313]LogModuleManager: Shutting down and abandoning module SequenceRecorderSections (320)
[2018.04.17-22.15.03:789][313]LogModuleManager: Shutting down and abandoning module SequenceRecorder (318)
[2018.04.17-22.15.03:789][313]LogModuleManager: Shutting down and abandoning module AutomationController (316)
[2018.04.17-22.15.03:789][313]LogModuleManager: Shutting down and abandoning module AutomationWorker (314)
[2018.04.17-22.15.03:789][313]LogModuleManager: Shutting down and abandoning module AIModule (312)
[2018.04.17-22.15.03:789][313]LogModuleManager: Shutting down and abandoning module GameplayDebugger (311)
[2018.04.17-22.15.03:789][313]LogModuleManager: Shutting down and abandoning module AITestSuite (309)
[2018.04.17-22.15.03:789][313]LogModuleManager: Shutting down and abandoning module WmfMediaFactory (306)
[2018.04.17-22.15.03:789][313]LogModuleManager: Shutting down and abandoning module OpenExrWrapper (304)
[2018.04.17-22.15.03:789][313]LogModuleManager: Shutting down and abandoning module ImgMediaFactory (302)
[2018.04.17-22.15.03:789][313]LogModuleManager: Shutting down and abandoning module AvfMediaFactory (300)
[2018.04.17-22.15.03:789][313]LogModuleManager: Shutting down and abandoning module CharacterAI (298)
[2018.04.17-22.15.03:789][313]LogModuleManager: Shutting down and abandoning module SessionServices (296)
[2018.04.17-22.15.03:789][313]LogModuleManager: Shutting down and abandoning module MovieSceneCapture (294)
[2018.04.17-22.15.03:789][313]LogModuleManager: Shutting down and abandoning module MovieSceneTracks (292)
[2018.04.17-22.15.03:789][313]LogModuleManager: Shutting down and abandoning module MovieScene (290)
[2018.04.17-22.15.03:789][313]LogModuleManager: Shutting down and abandoning module GeometryCache (288)
[2018.04.17-22.15.03:789][313]LogModuleManager: Shutting down and abandoning module GeometryCacheEd (287)
[2018.04.17-22.15.03:789][313]LogModuleManager: Shutting down and abandoning module StreamingPauseRendering (284)
[2018.04.17-22.15.03:789][313]LogModuleManager: Shutting down and abandoning module PortalServices (282)
[2018.04.17-22.15.03:789][313]LogModuleManager: Shutting down and abandoning module PortalRpc (280)
[2018.04.17-22.15.03:789][313]LogModuleManager: Shutting down and abandoning module MessagingRpc (278)
[2018.04.17-22.15.03:789][313]LogModuleManager: Shutting down and abandoning module ProfilerService (276)
[2018.04.17-22.15.03:938][313]LogModuleManager: Shutting down and abandoning module TaskGraph (274)
[2018.04.17-22.15.03:938][313]LogModuleManager: Shutting down and abandoning module SteamVRController (272)
[2018.04.17-22.15.03:938][313]LogModuleManager: Shutting down and abandoning module ProceduralMeshComponent (270)
[2018.04.17-22.15.03:938][313]LogModuleManager: Shutting down and abandoning module OculusInput (268)
[2018.04.17-22.15.03:938][313]LogModuleManager: Shutting down and abandoning module CustomMeshComponent (266)
[2018.04.17-22.15.03:938][313]LogModuleManager: Shutting down and abandoning module CableComponent (264)
[2018.04.17-22.15.03:938][313]LogModuleManager: Shutting down and abandoning module ArchVisCharacter (262)
[2018.04.17-22.15.03:938][313]LogModuleManager: Shutting down and abandoning module LoginFlow (260)
[2018.04.17-22.15.03:938][313]LogModuleManager: Shutting down and abandoning module Rejoin (258)
[2018.04.17-22.15.03:938][313]LogModuleManager: Shutting down and abandoning module Hotfix (256)
[2018.04.17-22.15.03:938][313]LogModuleManager: Shutting down and abandoning module Lobby (254)
[2018.04.17-22.15.03:938][313]LogModuleManager: Shutting down and abandoning module Party (252)
[2018.04.17-22.15.03:938][313]LogModuleManager: Shutting down and abandoning module Qos (250)
[2018.04.17-22.15.03:938][313]LogModuleManager: Shutting down and abandoning module ActorSequence (248)
[2018.04.17-22.15.03:938][313]LogModuleManager: Shutting down and abandoning module MediaCompositing (246)
[2018.04.17-22.15.03:938][313]LogModuleManager: Shutting down and abandoning module VaRestEditorPlugin (244)
[2018.04.17-22.15.03:938][313]LogModuleManager: Shutting down and abandoning module LowEntryExtendedStandardLibraryEditor (242)
[2018.04.17-22.15.03:938][313]LogModuleManager: Shutting down and abandoning module HTML5Networking (240)
[2018.04.17-22.15.03:938][313]LogModuleManager: Shutting down and abandoning module VisualStudioSourceCodeAccess (238)
[2018.04.17-22.15.03:938][313]LogModuleManager: Shutting down and abandoning module HotReload (237)
[2018.04.17-22.15.03:938][313]LogModuleManager: Shutting down and abandoning module UObjectPlugin (234)
[2018.04.17-22.15.03:938][313]LogModuleManager: Shutting down and abandoning module SubversionSourceControl (232)
[2018.04.17-22.15.03:938][313]LogModuleManager: Shutting down and abandoning module PerforceSourceControl (230)
[2018.04.17-22.15.03:938][313]LogModuleManager: Shutting down and abandoning module SourceControl (229)
[2018.04.17-22.15.03:938][313]LogModuleManager: Shutting down and abandoning module RuntimePhysXCooking (226)
[2018.04.17-22.15.03:938][313]LogModuleManager: Shutting down and abandoning module PhysXVehiclesEditor (224)
[2018.04.17-22.15.03:939][313]LogModuleManager: Shutting down and abandoning module PhysXVehicles (222)
[2018.04.17-22.15.03:939][313]LogModuleManager: Shutting down and abandoning module ImmediatePhysicsEditor (220)
[2018.04.17-22.15.03:939][313]LogModuleManager: Shutting down and abandoning module ImmediatePhysics (218)
[2018.04.17-22.15.03:939][313]LogModuleManager: Shutting down and abandoning module UdpMessaging (216)
[2018.04.17-22.15.03:939][313]LogModuleManager: Shutting down and abandoning module TcpMessaging (214)
[2018.04.17-22.15.03:939][313]LogModuleManager: Shutting down and abandoning module VaRestPlugin (212)
[2018.04.17-22.15.03:939][313]LogModuleManager: Shutting down and abandoning module LowEntrySocketConnection (210)
[2018.04.17-22.15.03:939][313]LogModuleManager: Shutting down and abandoning module LowEntryExtendedStandardLibrary (208)
[2018.04.17-22.15.03:939][313]LogModuleManager: Shutting down and abandoning module GameplayTagsEditor (206)
[2018.04.17-22.15.03:939][313]LogModuleManager: Shutting down and abandoning module FacialAnimation (204)
[2018.04.17-22.15.03:939][313]LogModuleManager: Shutting down and abandoning module AssetManagerEditor (202)
[2018.04.17-22.15.03:939][313]LogModuleManager: Shutting down and abandoning module GraphEditor (201)
[2018.04.17-22.15.03:939][313]LogModuleManager: Shutting down and abandoning module ContentBrowser (199)
[2018.04.17-22.15.03:939][313]LogModuleManager: Shutting down and abandoning module CollectionManager (198)
[2018.04.17-22.15.03:939][313]LogDirectoryWatcher: A directory notification for 'F:/Development/Mary/Cyber-War/CyberWar/Content/Collections/' was aborted.
[2018.04.17-22.15.03:939][313]LogDirectoryWatcher: A directory notification for 'F:/Development/Mary/Cyber-War/CyberWar/Content/Developers/root/Collections/' was aborted.
[2018.04.17-22.15.03:939][313]LogDirectoryWatcher: A directory notification for 'F:/Development/Mary/Cyber-War/CyberWar/Saved/Collections/' was aborted.
[2018.04.17-22.15.03:939][313]LogModuleManager: Shutting down and abandoning module DirectoryWatcher (197)
[2018.04.17-22.15.03:939][313]LogModuleManager: Shutting down and abandoning module LightPropagationVolumeRuntime (192)
[2018.04.17-22.15.03:939][313]LogModuleManager: Shutting down and abandoning module Paper2D (190)
[2018.04.17-22.15.03:939][313]LogModuleManager: Shutting down and abandoning module WindowsMoviePlayer (188)
[2018.04.17-22.15.03:939][313]LogModuleManager: Shutting down and abandoning module WmfMedia (186)
[2018.04.17-22.15.03:941][313]LogModuleManager: Shutting down and abandoning module ImgMedia (184)
[2018.04.17-22.15.03:941][313]LogModuleManager: Shutting down and abandoning module PacketHandler (182)
[2018.04.17-22.15.03:941][313]LogModuleManager: Shutting down and abandoning module ClothingSystemEditor (180)
[2018.04.17-22.15.03:941][313]LogModuleManager: Shutting down and abandoning module ClothingSystemRuntime (178)
[2018.04.17-22.15.03:941][313]LogModuleManager: Shutting down and abandoning module MediaAssets (176)
[2018.04.17-22.15.03:941][313]LogModuleManager: Shutting down and abandoning module Media (175)
[2018.04.17-22.15.03:948][313]LogModuleManager: Shutting down and abandoning module Overlay (172)
[2018.04.17-22.15.03:948][313]LogModuleManager: Shutting down and abandoning module OverlayEditor (171)
[2018.04.17-22.15.03:948][313]LogModuleManager: Shutting down and abandoning module VREditor (168)
[2018.04.17-22.15.03:948][313]LogModuleManager: Shutting down and abandoning module StringTableEditor (166)
[2018.04.17-22.15.03:948][313]LogModuleManager: Shutting down and abandoning module GameplayTasksEditor (164)
[2018.04.17-22.15.03:948][313]LogModuleManager: Shutting down and abandoning module BehaviorTreeEditor (162)
[2018.04.17-22.15.03:948][313]LogModuleManager: Shutting down and abandoning module FunctionalTesting (160)
[2018.04.17-22.15.03:948][313]LogModuleManager: Shutting down and abandoning module CollisionAnalyzer (158)
[2018.04.17-22.15.03:948][313]LogModuleManager: Shutting down and abandoning module WorkspaceMenuStructure (157)
[2018.04.17-22.15.03:948][313]LogModuleManager: Shutting down and abandoning module UMG (154)
[2018.04.17-22.15.03:948][313]LogModuleManager: Shutting down and abandoning module UMGEditor (153)
[2018.04.17-22.15.03:948][313]LogModuleManager: Shutting down and abandoning module Sequencer (152)
[2018.04.17-22.15.03:948][313]LogModuleManager: Shutting down and abandoning module MessageLog (149)
[2018.04.17-22.15.03:948][313]LogModuleManager: Shutting down and abandoning module SlateReflector (144)
[2018.04.17-22.15.03:948][313]LogModuleManager: Shutting down and abandoning module Slate (142)
[2018.04.17-22.15.03:948][313]LogModuleManager: Shutting down and abandoning module EditorStyle (140)
[2018.04.17-22.15.03:950][313]LogModuleManager: Shutting down and abandoning module MRMesh (138)
[2018.04.17-22.15.03:950][313]LogModuleManager: Shutting down and abandoning module Messaging (136)
[2018.04.17-22.15.03:950][313]LogModuleManager: Shutting down and abandoning module SourceCodeAccess (134)
[2018.04.17-22.15.03:950][313]LogModuleManager: Shutting down and abandoning module HeadMountedDisplay (132)
[2018.04.17-22.15.03:950][313]LogModuleManager: Shutting down and abandoning module XAudio2 (130)
[2018.04.17-22.15.03:950][313]LogModuleManager: Shutting down and abandoning module Networking (128)
[2018.04.17-22.15.03:950][313]LogModuleManager: Shutting down and abandoning module Core (124)
[2018.04.17-22.15.03:950][313]LogModuleManager: Shutting down and abandoning module LevelSequence (122)
[2018.04.17-22.15.03:950][313]LogModuleManager: Shutting down and abandoning module KismetCompiler (120)
[2018.04.17-22.15.03:950][313]LogModuleManager: Shutting down and abandoning module MeshUtilities (118)
[2018.04.17-22.15.03:950][313]LogModuleManager: Shutting down and abandoning module MeshMergeUtilities (117)
[2018.04.17-22.15.03:950][313]LogModuleManager: Shutting down and abandoning module MeshReductionInterface (116)
[2018.04.17-22.15.03:950][313]LogModuleManager: Shutting down and abandoning module SimplygonSwarm (115)
[2018.04.17-22.15.03:950][313]LogModuleManager: Shutting down and abandoning module SimplygonMeshReduction (113)
[2018.04.17-22.15.03:950][313]LogModuleManager: Shutting down and abandoning module QuadricMeshReduction (111)
[2018.04.17-22.15.03:950][313]LogModuleManager: Shutting down and abandoning module MaterialBaking (107)
[2018.04.17-22.15.03:951][313]LogModuleManager: Shutting down and abandoning module DerivedDataCache (102)
[2018.04.17-22.15.04:339][313]LogDerivedDataCache: Shutdown
[2018.04.17-22.15.04:339][313]LogModuleManager: Shutting down and abandoning module TargetPlatform (100)
[2018.04.17-22.15.04:339][313]LogModuleManager: Shutting down and abandoning module VulkanShaderFormat (99)
[2018.04.17-22.15.04:339][313]LogModuleManager: Shutting down and abandoning module ShaderFormatVectorVM (97)
[2018.04.17-22.15.04:339][313]LogModuleManager: Shutting down and abandoning module ShaderFormatOpenGL (95)
[2018.04.17-22.15.04:340][313]LogModuleManager: Shutting down and abandoning module ShaderFormatD3D (93)
[2018.04.17-22.15.04:340][313]LogModuleManager: Shutting down and abandoning module MetalShaderFormat (91)
[2018.04.17-22.15.04:340][313]LogModuleManager: Shutting down and abandoning module TextureFormatUncompressed (89)
[2018.04.17-22.15.04:340][313]LogModuleManager: Shutting down and abandoning module TextureFormatPVR (87)
[2018.04.17-22.15.04:340][313]LogModuleManager: Shutting down and abandoning module TextureFormatDXT (85)
[2018.04.17-22.15.04:340][313]LogModuleManager: Shutting down and abandoning module TextureFormatIntelISPCTexComp (83)
[2018.04.17-22.15.04:340][313]LogModuleManager: Shutting down and abandoning module TextureFormatASTC (81)
[2018.04.17-22.15.04:340][313]LogModuleManager: Shutting down and abandoning module ImageWrapper (80)
[2018.04.17-22.15.04:340][313]LogModuleManager: Shutting down and abandoning module TextureFormatAndroid (77)
[2018.04.17-22.15.04:340][313]LogModuleManager: Shutting down and abandoning module AudioFormatOpus (75)
[2018.04.17-22.15.04:340][313]LogModuleManager: Shutting down and abandoning module AudioFormatOgg (73)
[2018.04.17-22.15.04:340][313]LogModuleManager: Shutting down and abandoning module AudioFormatADPCM (71)
[2018.04.17-22.15.04:340][313]LogModuleManager: Shutting down and abandoning module WindowsTargetPlatform (69)
[2018.04.17-22.15.04:340][313]LogModuleManager: Shutting down and abandoning module WindowsServerTargetPlatform (67)
[2018.04.17-22.15.04:340][313]LogModuleManager: Shutting down and abandoning module WindowsNoEditorTargetPlatform (65)
[2018.04.17-22.15.04:340][313]LogModuleManager: Shutting down and abandoning module WindowsClientTargetPlatform (63)
[2018.04.17-22.15.04:340][313]LogModuleManager: Shutting down and abandoning module InputCore (60)
[2018.04.17-22.15.04:340][313]LogModuleManager: Shutting down and abandoning module Settings (58)
[2018.04.17-22.15.04:340][313]LogModuleManager: Shutting down and abandoning module PhysXCooking (56)
[2018.04.17-22.15.04:340][313]LogModuleManager: Shutting down and abandoning module SteamVR (54)
[2018.04.17-22.15.04:340][313]LogModuleManager: Shutting down and abandoning module OculusHMD (52)
[2018.04.17-22.15.04:340][313]LogModuleManager: Shutting down and abandoning module ExampleDeviceProfileSelector (50)
[2018.04.17-22.15.04:340][313]LogModuleManager: Shutting down and abandoning module OnlineBlueprintSupport (48)
[2018.04.17-22.15.04:340][313]LogModuleManager: Shutting down and abandoning module OnlineSubsystem (44)
[2018.04.17-22.15.04:340][313]LogModuleManager: Shutting down and abandoning module XMPP (43)
[2018.04.17-22.15.04:340][313]LogModuleManager: Shutting down and abandoning module HTTP (41)
[2018.04.17-22.15.04:373][313]LogModuleManager: Shutting down and abandoning module SSL (40)
[2018.04.17-22.15.04:375][313]LogModuleManager: Shutting down and abandoning module AnimationModifiers (36)
[2018.04.17-22.15.04:375][313]LogModuleManager: Shutting down and abandoning module PropertyEditor (35)
[2018.04.17-22.15.04:375][313]LogModuleManager: Shutting down and abandoning module AudioEditor (32)
[2018.04.17-22.15.04:375][313]LogModuleManager: Shutting down and abandoning module TextureCompressor (30)
[2018.04.17-22.15.04:375][313]LogModuleManager: Shutting down and abandoning module ShaderCore (28)
[2018.04.17-22.15.04:375][313]LogModuleManager: Shutting down and abandoning module Landscape (26)
[2018.04.17-22.15.04:375][313]LogModuleManager: Shutting down and abandoning module SlateRHIRenderer (24)
[2018.04.17-22.15.04:375][313]LogModuleManager: Shutting down and abandoning module OpenGLDrv (22)
[2018.04.17-22.15.04:376][313]LogModuleManager: Shutting down and abandoning module D3D11RHI (20)
[2018.04.17-22.15.04:376][313]LogModuleManager: Shutting down and abandoning module AnimGraphRuntime (18)
[2018.04.17-22.15.04:376][313]LogModuleManager: Shutting down and abandoning module Renderer (16)
[2018.04.17-22.15.04:376][313]LogModuleManager: Shutting down and abandoning module Engine (14)
[2018.04.17-22.15.04:376][313]LogModuleManager: Shutting down and abandoning module CoreUObject (12)
[2018.04.17-22.15.04:376][313]LogModuleManager: Shutting down and abandoning module NetworkFile (10)
[2018.04.17-22.15.04:376][313]LogModuleManager: Shutting down and abandoning module CookedIterativeFile (8)
[2018.04.17-22.15.04:376][313]LogModuleManager: Shutting down and abandoning module StreamingFile (6)
[2018.04.17-22.15.04:376][313]LogModuleManager: Shutting down and abandoning module SandboxFile (4)
[2018.04.17-22.15.04:376][313]LogModuleManager: Shutting down and abandoning module PakFile (2)
[2018.04.17-22.15.04:422][313]LogExit: Exiting.
[2018.04.17-22.15.04:425][313]Log file closed, 04/18/18 01:15:04
